[0.049s] Invoking command in '/home/mayudong/ros2_ws/build/examples_rclcpp_minimal_composition': CMAKE_PREFIX_PATH=/opt/ros/foxy /usr/bin/cmake /home/mayudong/ros2_ws/src/examples/rclcpp/composition/minimal_composition -DAMENT_CMAKE_SYMLINK_INSTALL=1 -DCMAKE_INSTALL_PREFIX=/home/mayudong/ros2_ws/install/examples_rclcpp_minimal_composition
[0.165s] -- The C compiler identification is GNU 9.4.0
[0.258s] -- The CXX compiler identification is GNU 9.4.0
[0.260s] -- Check for working C compiler: /usr/bin/cc
[0.345s] -- Check for working C compiler: /usr/bin/cc -- works
[0.346s] -- Detecting C compiler ABI info
[0.432s] -- Detecting C compiler ABI info - done
[0.442s] -- Detecting C compile features
[0.442s] -- Detecting C compile features - done
[0.445s] -- Check for working CXX compiler: /usr/bin/c++
[0.535s] -- Check for working CXX compiler: /usr/bin/c++ -- works
[0.536s] -- Detecting CXX compiler ABI info
[0.634s] -- Detecting CXX compiler ABI info - done
[0.646s] -- Detecting CXX compile features
[0.646s] -- Detecting CXX compile features - done
[0.646s] -- Found ament_cmake: 0.9.11 (/opt/ros/foxy/share/ament_cmake/cmake)
[0.673s] -- Found PythonInterp: /usr/bin/python3 (found suitable version "3.8.10", minimum required is "3") 
[0.673s] -- Using PYTHON_EXECUTABLE: /usr/bin/python3
[0.846s] -- Override CMake install command with custom implementation using symlinks instead of copying resources
[0.868s] -- Found rclcpp: 2.4.2 (/opt/ros/foxy/share/rclcpp/cmake)
[0.905s] -- Using all available rosidl_typesupport_c: rosidl_typesupport_fastrtps_c;rosidl_typesupport_introspection_c
[0.913s] -- Found rosidl_adapter: 1.3.0 (/opt/ros/foxy/share/rosidl_adapter/cmake)
[0.990s] -- Found OpenSSL: /usr/lib/x86_64-linux-gnu/libcrypto.so (found version "1.1.1f")  
[1.017s] -- Found FastRTPS: /opt/ros/foxy/include  
[1.088s] -- Using all available rosidl_typesupport_cpp: rosidl_typesupport_fastrtps_cpp;rosidl_typesupport_introspection_cpp
[1.141s] -- Found rmw_implementation_cmake: 1.0.3 (/opt/ros/foxy/share/rmw_implementation_cmake/cmake)
[1.143s] -- Using RMW implementation 'rmw_fastrtps_cpp' as default
[1.144s] -- Looking for pthread.h
[1.224s] -- Looking for pthread.h - found
[1.225s] -- Performing Test CMAKE_HAVE_LIBC_PTHREAD
[1.322s] -- Performing Test CMAKE_HAVE_LIBC_PTHREAD - Failed
[1.322s] -- Looking for pthread_create in pthreads
[1.406s] -- Looking for pthread_create in pthreads - not found
[1.406s] -- Looking for pthread_create in pthread
[1.502s] -- Looking for pthread_create in pthread - found
[1.503s] -- Found Threads: TRUE  
[1.672s] -- Found rclcpp_components: 2.4.2 (/opt/ros/foxy/share/rclcpp_components/cmake)
[1.739s] -- Found ament_lint_auto: 0.9.7 (/opt/ros/foxy/share/ament_lint_auto/cmake)
[1.823s] -- Added test 'copyright' to check source files copyright and LICENSE
[1.824s] -- Added test 'cppcheck' to perform static code analysis on C / C++ code
[1.825s] -- Configured cppcheck include dirs: /home/mayudong/ros2_ws/src/examples/rclcpp/composition/minimal_composition/include
[1.825s] -- Configured cppcheck exclude dirs and/or files: 
[1.826s] -- Added test 'cpplint' to check C / C++ code against the Google style
[1.826s] -- Configured cpplint exclude dirs and/or files: 
[1.827s] -- Added test 'lint_cmake' to check CMake code style
[1.828s] -- Added test 'uncrustify' to check C / C++ code style
[1.828s] -- Configured uncrustify additional arguments: 
[1.828s] -- Added test 'xmllint' to check XML markup files
[1.832s] -- Configuring done
[1.859s] -- Generating done
[1.862s] -- Build files have been written to: /home/mayudong/ros2_ws/build/examples_rclcpp_minimal_composition
[1.877s] Invoked command in '/home/mayudong/ros2_ws/build/examples_rclcpp_minimal_composition' returned '0': CMAKE_PREFIX_PATH=/opt/ros/foxy /usr/bin/cmake /home/mayudong/ros2_ws/src/examples/rclcpp/composition/minimal_composition -DAMENT_CMAKE_SYMLINK_INSTALL=1 -DCMAKE_INSTALL_PREFIX=/home/mayudong/ros2_ws/install/examples_rclcpp_minimal_composition
[1.878s] Invoking command in '/home/mayudong/ros2_ws/build/examples_rclcpp_minimal_composition': CMAKE_PREFIX_PATH=/opt/ros/foxy /usr/bin/cmake --build /home/mayudong/ros2_ws/build/examples_rclcpp_minimal_composition -- -j6 -l6
[1.978s] [35m[1mScanning dependencies of target composition_nodes[0m
[2.050s] [ 11%] [32mBuilding CXX object CMakeFiles/composition_nodes.dir/src/publisher_node.cpp.o[0m
[2.052s] [ 22%] [32mBuilding CXX object CMakeFiles/composition_nodes.dir/src/subscriber_node.cpp.o[0m
[19.988s] [ 33%] [32m[1mLinking CXX shared library libcomposition_nodes.so[0m
[20.413s] [ 33%] Built target composition_nodes
[20.490s] [35m[1mScanning dependencies of target composition_composed[0m
[20.510s] [35m[1mScanning dependencies of target composition_subscriber[0m
[20.510s] [35m[1mScanning dependencies of target composition_publisher[0m
[20.638s] [ 44%] [32mBuilding CXX object CMakeFiles/composition_publisher.dir/src/standalone_publisher.cpp.o[0m
[20.638s] [ 55%] [32mBuilding CXX object CMakeFiles/composition_subscriber.dir/src/standalone_subscriber.cpp.o[0m
[20.639s] [ 66%] [32mBuilding CXX object CMakeFiles/composition_composed.dir/src/composed.cpp.o[0m
[23.963s] [ 77%] [32m[1mLinking CXX executable composition_publisher[0m
[24.275s] [ 77%] Built target composition_publisher
[24.386s] [ 88%] [32m[1mLinking CXX executable composition_composed[0m
[24.582s] [100%] [32m[1mLinking CXX executable composition_subscriber[0m
[24.686s] [100%] Built target composition_composed
[24.938s] [100%] Built target composition_subscriber
[24.972s] Invoked command in '/home/mayudong/ros2_ws/build/examples_rclcpp_minimal_composition' returned '0': CMAKE_PREFIX_PATH=/opt/ros/foxy /usr/bin/cmake --build /home/mayudong/ros2_ws/build/examples_rclcpp_minimal_composition -- -j6 -l6
[25.256s] Invoking command in '/home/mayudong/ros2_ws/build/examples_rclcpp_minimal_composition': CMAKE_PREFIX_PATH=/opt/ros/foxy /usr/bin/cmake --install /home/mayudong/ros2_ws/build/examples_rclcpp_minimal_composition
[25.300s] -- Install configuration: ""
[25.300s] -- Execute custom install script
[25.301s] -- Symlinking: /home/mayudong/ros2_ws/install/examples_rclcpp_minimal_composition/share/examples_rclcpp_minimal_composition/environment/library_path.sh
[25.347s] -- Symlinking: /home/mayudong/ros2_ws/install/examples_rclcpp_minimal_composition/share/examples_rclcpp_minimal_composition/environment/library_path.dsv
[25.396s] -- Symlinking: /home/mayudong/ros2_ws/install/examples_rclcpp_minimal_composition/lib/libcomposition_nodes.so
[25.423s] -- Symlinking: /home/mayudong/ros2_ws/install/examples_rclcpp_minimal_composition/lib/examples_rclcpp_minimal_composition/composition_publisher
[25.458s] -- Symlinking: /home/mayudong/ros2_ws/install/examples_rclcpp_minimal_composition/lib/examples_rclcpp_minimal_composition/composition_subscriber
[25.502s] -- Symlinking: /home/mayudong/ros2_ws/install/examples_rclcpp_minimal_composition/lib/examples_rclcpp_minimal_composition/composition_composed
[25.541s] -- Symlinking: /home/mayudong/ros2_ws/install/examples_rclcpp_minimal_composition/share/ament_index/resource_index/package_run_dependencies/examples_rclcpp_minimal_composition
[25.580s] -- Symlinking: /home/mayudong/ros2_ws/install/examples_rclcpp_minimal_composition/share/ament_index/resource_index/parent_prefix_path/examples_rclcpp_minimal_composition
[25.628s] -- Symlinking: /home/mayudong/ros2_ws/install/examples_rclcpp_minimal_composition/share/examples_rclcpp_minimal_composition/environment/ament_prefix_path.sh
[25.652s] -- Symlinking: /home/mayudong/ros2_ws/install/examples_rclcpp_minimal_composition/share/examples_rclcpp_minimal_composition/environment/ament_prefix_path.dsv
[25.669s] -- Symlinking: /home/mayudong/ros2_ws/install/examples_rclcpp_minimal_composition/share/examples_rclcpp_minimal_composition/environment/path.sh
[25.686s] -- Symlinking: /home/mayudong/ros2_ws/install/examples_rclcpp_minimal_composition/share/examples_rclcpp_minimal_composition/environment/path.dsv
[25.702s] -- Symlinking: /home/mayudong/ros2_ws/install/examples_rclcpp_minimal_composition/share/examples_rclcpp_minimal_composition/local_setup.bash
[25.720s] -- Symlinking: /home/mayudong/ros2_ws/install/examples_rclcpp_minimal_composition/share/examples_rclcpp_minimal_composition/local_setup.sh
[25.738s] -- Symlinking: /home/mayudong/ros2_ws/install/examples_rclcpp_minimal_composition/share/examples_rclcpp_minimal_composition/local_setup.zsh
[25.753s] -- Symlinking: /home/mayudong/ros2_ws/install/examples_rclcpp_minimal_composition/share/examples_rclcpp_minimal_composition/local_setup.dsv
[25.765s] -- Symlinking: /home/mayudong/ros2_ws/install/examples_rclcpp_minimal_composition/share/examples_rclcpp_minimal_composition/package.dsv
[25.799s] -- Symlinking: /home/mayudong/ros2_ws/install/examples_rclcpp_minimal_composition/share/ament_index/resource_index/packages/examples_rclcpp_minimal_composition
[25.844s] -- Symlinking: /home/mayudong/ros2_ws/install/examples_rclcpp_minimal_composition/share/examples_rclcpp_minimal_composition/cmake/examples_rclcpp_minimal_compositionConfig.cmake
[25.868s] -- Symlinking: /home/mayudong/ros2_ws/install/examples_rclcpp_minimal_composition/share/examples_rclcpp_minimal_composition/cmake/examples_rclcpp_minimal_compositionConfig-version.cmake
[25.918s] -- Symlinking: /home/mayudong/ros2_ws/install/examples_rclcpp_minimal_composition/share/examples_rclcpp_minimal_composition/package.xml
[25.946s] Invoked command in '/home/mayudong/ros2_ws/build/examples_rclcpp_minimal_composition' returned '0': CMAKE_PREFIX_PATH=/opt/ros/foxy /usr/bin/cmake --install /home/mayudong/ros2_ws/build/examples_rclcpp_minimal_composition
