[0.842s] Invoking command in '/home/mayudong/ros2_ws/build/examples_rclpy_executors': PYTHONPATH=/home/mayudong/ros2_ws/build/examples_rclpy_executors/prefix_override:/home/mayudong/ros2_ws/install/examples_rclpy_executors/lib/python3.8/site-packages:${PYTHONPATH} /usr/bin/python3 setup.py develop --editable --build-directory /home/mayudong/ros2_ws/build/examples_rclpy_executors/build --no-deps install_data
[1.097s] running develop
[1.421s] running egg_info
[1.421s] creating examples_rclpy_executors.egg-info
[1.421s] writing examples_rclpy_executors.egg-info/PKG-INFO
[1.421s] writing dependency_links to examples_rclpy_executors.egg-info/dependency_links.txt
[1.421s] writing entry points to examples_rclpy_executors.egg-info/entry_points.txt
[1.421s] writing requirements to examples_rclpy_executors.egg-info/requires.txt
[1.421s] writing top-level names to examples_rclpy_executors.egg-info/top_level.txt
[1.426s] writing manifest file 'examples_rclpy_executors.egg-info/SOURCES.txt'
[1.501s] reading manifest file 'examples_rclpy_executors.egg-info/SOURCES.txt'
[1.502s] writing manifest file 'examples_rclpy_executors.egg-info/SOURCES.txt'
[1.588s] running build_ext
[1.588s] Creating /home/mayudong/ros2_ws/install/examples_rclpy_executors/lib/python3.8/site-packages/site.py
[1.590s] Creating /home/mayudong/ros2_ws/install/examples_rclpy_executors/lib/python3.8/site-packages/examples-rclpy-executors.egg-link (link to .)
[1.596s] Installing callback_group script to /home/mayudong/ros2_ws/install/examples_rclpy_executors/lib/examples_rclpy_executors
[1.596s] Installing composed script to /home/mayudong/ros2_ws/install/examples_rclpy_executors/lib/examples_rclpy_executors
[1.596s] Installing custom_callback_group script to /home/mayudong/ros2_ws/install/examples_rclpy_executors/lib/examples_rclpy_executors
[1.596s] Installing custom_executor script to /home/mayudong/ros2_ws/install/examples_rclpy_executors/lib/examples_rclpy_executors
[1.597s] Installing listener script to /home/mayudong/ros2_ws/install/examples_rclpy_executors/lib/examples_rclpy_executors
[1.597s] Installing talker script to /home/mayudong/ros2_ws/install/examples_rclpy_executors/lib/examples_rclpy_executors
[1.597s] 
[1.597s] Installed /home/mayudong/ros2_ws/build/examples_rclpy_executors
[1.597s] running install_data
[1.598s] creating /home/mayudong/ros2_ws/install/examples_rclpy_executors/share/ament_index
[1.598s] creating /home/mayudong/ros2_ws/install/examples_rclpy_executors/share/ament_index/resource_index
[1.600s] creating /home/mayudong/ros2_ws/install/examples_rclpy_executors/share/ament_index/resource_index/packages
[1.601s] copying resource/examples_rclpy_executors -> /home/mayudong/ros2_ws/install/examples_rclpy_executors/share/ament_index/resource_index/packages
[1.601s] copying package.xml -> /home/mayudong/ros2_ws/install/examples_rclpy_executors/share/examples_rclpy_executors
[1.702s] Invoked command in '/home/mayudong/ros2_ws/build/examples_rclpy_executors' returned '0': PYTHONPATH=/home/mayudong/ros2_ws/build/examples_rclpy_executors/prefix_override:/home/mayudong/ros2_ws/install/examples_rclpy_executors/lib/python3.8/site-packages:${PYTHONPATH} /usr/bin/python3 setup.py develop --editable --build-directory /home/mayudong/ros2_ws/build/examples_rclpy_executors/build --no-deps install_data
