[1.297s] Invoking command in '/home/mayudong/ros2_ws/build/examples_rclpy_minimal_publisher': PYTHONPATH=/home/mayudong/ros2_ws/build/examples_rclpy_minimal_publisher/prefix_override:/home/mayudong/ros2_ws/install/examples_rclpy_minimal_publisher/lib/python3.8/site-packages:${PYTHONPATH} /usr/bin/python3 setup.py develop --uninstall --editable --build-directory /home/mayudong/ros2_ws/build/examples_rclpy_minimal_publisher/build
[1.554s] running develop
[1.678s] Removing /home/mayudong/ros2_ws/install/examples_rclpy_minimal_publisher/lib/python3.8/site-packages/examples-rclpy-minimal-publisher.egg-link (link to .)
[1.709s] Invoked command in '/home/mayudong/ros2_ws/build/examples_rclpy_minimal_publisher' returned '0': PYTHONPATH=/home/mayudong/ros2_ws/build/examples_rclpy_minimal_publisher/prefix_override:/home/mayudong/ros2_ws/install/examples_rclpy_minimal_publisher/lib/python3.8/site-packages:${PYTHONPATH} /usr/bin/python3 setup.py develop --uninstall --editable --build-directory /home/mayudong/ros2_ws/build/examples_rclpy_minimal_publisher/build
[1.710s] Invoking command in '/home/mayudong/ros2_ws/src/examples/rclpy/topics/minimal_publisher': PYTHONPATH=/home/mayudong/ros2_ws/build/examples_rclpy_minimal_publisher/prefix_override:/home/mayudong/ros2_ws/install/examples_rclpy_minimal_publisher/lib/python3.8/site-packages:${PYTHONPATH} /usr/bin/python3 setup.py egg_info --egg-base ../../../../../build/examples_rclpy_minimal_publisher build --build-base /home/mayudong/ros2_ws/build/examples_rclpy_minimal_publisher/build install --record /home/mayudong/ros2_ws/build/examples_rclpy_minimal_publisher/install.log --install-scripts $base/lib/examples_rclpy_minimal_publisher --single-version-externally-managed
[2.001s] running egg_info
[2.001s] writing ../../../../../build/examples_rclpy_minimal_publisher/examples_rclpy_minimal_publisher.egg-info/PKG-INFO
[2.002s] writing dependency_links to ../../../../../build/examples_rclpy_minimal_publisher/examples_rclpy_minimal_publisher.egg-info/dependency_links.txt
[2.004s] writing entry points to ../../../../../build/examples_rclpy_minimal_publisher/examples_rclpy_minimal_publisher.egg-info/entry_points.txt
[2.004s] writing requirements to ../../../../../build/examples_rclpy_minimal_publisher/examples_rclpy_minimal_publisher.egg-info/requires.txt
[2.004s] writing top-level names to ../../../../../build/examples_rclpy_minimal_publisher/examples_rclpy_minimal_publisher.egg-info/top_level.txt
[2.039s] reading manifest file '../../../../../build/examples_rclpy_minimal_publisher/examples_rclpy_minimal_publisher.egg-info/SOURCES.txt'
[2.041s] writing manifest file '../../../../../build/examples_rclpy_minimal_publisher/examples_rclpy_minimal_publisher.egg-info/SOURCES.txt'
[2.041s] running build
[2.042s] running build_py
[2.042s] creating /home/mayudong/ros2_ws/build/examples_rclpy_minimal_publisher/build
[2.042s] creating /home/mayudong/ros2_ws/build/examples_rclpy_minimal_publisher/build/lib
[2.042s] creating /home/mayudong/ros2_ws/build/examples_rclpy_minimal_publisher/build/lib/examples_rclpy_minimal_publisher
[2.042s] copying examples_rclpy_minimal_publisher/publisher_member_function.py -> /home/mayudong/ros2_ws/build/examples_rclpy_minimal_publisher/build/lib/examples_rclpy_minimal_publisher
[2.042s] copying examples_rclpy_minimal_publisher/publisher_local_function.py -> /home/mayudong/ros2_ws/build/examples_rclpy_minimal_publisher/build/lib/examples_rclpy_minimal_publisher
[2.042s] copying examples_rclpy_minimal_publisher/publisher_old_school.py -> /home/mayudong/ros2_ws/build/examples_rclpy_minimal_publisher/build/lib/examples_rclpy_minimal_publisher
[2.042s] copying examples_rclpy_minimal_publisher/__init__.py -> /home/mayudong/ros2_ws/build/examples_rclpy_minimal_publisher/build/lib/examples_rclpy_minimal_publisher
[2.043s] running install
[2.046s] running install_lib
[2.046s] creating /home/mayudong/ros2_ws/install/examples_rclpy_minimal_publisher/lib/python3.8/site-packages/examples_rclpy_minimal_publisher
[2.046s] copying /home/mayudong/ros2_ws/build/examples_rclpy_minimal_publisher/build/lib/examples_rclpy_minimal_publisher/publisher_member_function.py -> /home/mayudong/ros2_ws/install/examples_rclpy_minimal_publisher/lib/python3.8/site-packages/examples_rclpy_minimal_publisher
[2.046s] copying /home/mayudong/ros2_ws/build/examples_rclpy_minimal_publisher/build/lib/examples_rclpy_minimal_publisher/publisher_local_function.py -> /home/mayudong/ros2_ws/install/examples_rclpy_minimal_publisher/lib/python3.8/site-packages/examples_rclpy_minimal_publisher
[2.047s] copying /home/mayudong/ros2_ws/build/examples_rclpy_minimal_publisher/build/lib/examples_rclpy_minimal_publisher/publisher_old_school.py -> /home/mayudong/ros2_ws/install/examples_rclpy_minimal_publisher/lib/python3.8/site-packages/examples_rclpy_minimal_publisher
[2.047s] copying /home/mayudong/ros2_ws/build/examples_rclpy_minimal_publisher/build/lib/examples_rclpy_minimal_publisher/__init__.py -> /home/mayudong/ros2_ws/install/examples_rclpy_minimal_publisher/lib/python3.8/site-packages/examples_rclpy_minimal_publisher
[2.047s] byte-compiling /home/mayudong/ros2_ws/install/examples_rclpy_minimal_publisher/lib/python3.8/site-packages/examples_rclpy_minimal_publisher/publisher_member_function.py to publisher_member_function.cpython-38.pyc
[2.048s] byte-compiling /home/mayudong/ros2_ws/install/examples_rclpy_minimal_publisher/lib/python3.8/site-packages/examples_rclpy_minimal_publisher/publisher_local_function.py to publisher_local_function.cpython-38.pyc
[2.048s] byte-compiling /home/mayudong/ros2_ws/install/examples_rclpy_minimal_publisher/lib/python3.8/site-packages/examples_rclpy_minimal_publisher/publisher_old_school.py to publisher_old_school.cpython-38.pyc
[2.049s] byte-compiling /home/mayudong/ros2_ws/install/examples_rclpy_minimal_publisher/lib/python3.8/site-packages/examples_rclpy_minimal_publisher/__init__.py to __init__.cpython-38.pyc
[2.049s] running install_data
[2.049s] running install_egg_info
[2.051s] Copying ../../../../../build/examples_rclpy_minimal_publisher/examples_rclpy_minimal_publisher.egg-info to /home/mayudong/ros2_ws/install/examples_rclpy_minimal_publisher/lib/python3.8/site-packages/examples_rclpy_minimal_publisher-0.9.4-py3.8.egg-info
[2.052s] running install_scripts
[2.081s] Installing publisher_local_function script to /home/mayudong/ros2_ws/install/examples_rclpy_minimal_publisher/lib/examples_rclpy_minimal_publisher
[2.081s] Installing publisher_member_function script to /home/mayudong/ros2_ws/install/examples_rclpy_minimal_publisher/lib/examples_rclpy_minimal_publisher
[2.081s] Installing publisher_old_school script to /home/mayudong/ros2_ws/install/examples_rclpy_minimal_publisher/lib/examples_rclpy_minimal_publisher
[2.081s] writing list of installed files to '/home/mayudong/ros2_ws/build/examples_rclpy_minimal_publisher/install.log'
[2.107s] Invoked command in '/home/mayudong/ros2_ws/src/examples/rclpy/topics/minimal_publisher' returned '0': PYTHONPATH=/home/mayudong/ros2_ws/build/examples_rclpy_minimal_publisher/prefix_override:/home/mayudong/ros2_ws/install/examples_rclpy_minimal_publisher/lib/python3.8/site-packages:${PYTHONPATH} /usr/bin/python3 setup.py egg_info --egg-base ../../../../../build/examples_rclpy_minimal_publisher build --build-base /home/mayudong/ros2_ws/build/examples_rclpy_minimal_publisher/build install --record /home/mayudong/ros2_ws/build/examples_rclpy_minimal_publisher/install.log --install-scripts $base/lib/examples_rclpy_minimal_publisher --single-version-externally-managed
