[0.050s] Invoking command in '/home/mayudong/ros2_ws/build/examples_rclcpp_minimal_composition': CMAKE_PREFIX_PATH=/opt/ros/foxy /usr/bin/cmake /home/mayudong/ros2_ws/src/examples/rclcpp/composition/minimal_composition -DCMAKE_INSTALL_PREFIX=/home/mayudong/ros2_ws/install/examples_rclcpp_minimal_composition
[0.068s] -- Found ament_cmake: 0.9.11 (/opt/ros/foxy/share/ament_cmake/cmake)
[0.097s] -- Using PYTHON_EXECUTABLE: /usr/bin/python3
[0.268s] -- Override CMake install command with custom implementation using symlinks instead of copying resources
[0.276s] -- Found rclcpp: 2.4.2 (/opt/ros/foxy/share/rclcpp/cmake)
[0.308s] -- Using all available rosidl_typesupport_c: rosidl_typesupport_fastrtps_c;rosidl_typesupport_introspection_c
[0.311s] -- Found rosidl_adapter: 1.3.0 (/opt/ros/foxy/share/rosidl_adapter/cmake)
[0.427s] -- Using all available rosidl_typesupport_cpp: rosidl_typesupport_fastrtps_cpp;rosidl_typesupport_introspection_cpp
[0.479s] -- Found rmw_implementation_cmake: 1.0.3 (/opt/ros/foxy/share/rmw_implementation_cmake/cmake)
[0.481s] -- Using RMW implementation 'rmw_fastrtps_cpp' as default
[0.630s] -- Found rclcpp_components: 2.4.2 (/opt/ros/foxy/share/rclcpp_components/cmake)
[0.686s] -- Found ament_lint_auto: 0.9.7 (/opt/ros/foxy/share/ament_lint_auto/cmake)
[0.755s] -- Added test 'copyright' to check source files copyright and LICENSE
[0.756s] -- Added test 'cppcheck' to perform static code analysis on C / C++ code
[0.756s] -- Configured cppcheck include dirs: /home/mayudong/ros2_ws/src/examples/rclcpp/composition/minimal_composition/include
[0.757s] -- Configured cppcheck exclude dirs and/or files: 
[0.757s] -- Added test 'cpplint' to check C / C++ code against the Google style
[0.757s] -- Configured cpplint exclude dirs and/or files: 
[0.758s] -- Added test 'lint_cmake' to check CMake code style
[0.760s] -- Added test 'uncrustify' to check C / C++ code style
[0.760s] -- Configured uncrustify additional arguments: 
[0.761s] -- Added test 'xmllint' to check XML markup files
[0.765s] -- Configuring done
[0.787s] -- Generating done
[0.790s] -- Build files have been written to: /home/mayudong/ros2_ws/build/examples_rclcpp_minimal_composition
[0.803s] Invoked command in '/home/mayudong/ros2_ws/build/examples_rclcpp_minimal_composition' returned '0': CMAKE_PREFIX_PATH=/opt/ros/foxy /usr/bin/cmake /home/mayudong/ros2_ws/src/examples/rclcpp/composition/minimal_composition -DCMAKE_INSTALL_PREFIX=/home/mayudong/ros2_ws/install/examples_rclcpp_minimal_composition
[0.806s] Invoking command in '/home/mayudong/ros2_ws/build/examples_rclcpp_minimal_composition': CMAKE_PREFIX_PATH=/opt/ros/foxy /usr/bin/cmake --build /home/mayudong/ros2_ws/build/examples_rclcpp_minimal_composition -- -j6 -l6
[0.898s] [ 33%] Built target composition_nodes
[0.951s] [ 55%] Built target composition_composed
[0.952s] [ 77%] Built target composition_subscriber
[0.967s] [100%] Built target composition_publisher
[0.983s] Invoked command in '/home/mayudong/ros2_ws/build/examples_rclcpp_minimal_composition' returned '0': CMAKE_PREFIX_PATH=/opt/ros/foxy /usr/bin/cmake --build /home/mayudong/ros2_ws/build/examples_rclcpp_minimal_composition -- -j6 -l6
[1.056s] Invoking command in '/home/mayudong/ros2_ws/build/examples_rclcpp_minimal_composition': CMAKE_PREFIX_PATH=/opt/ros/foxy /usr/bin/cmake --install /home/mayudong/ros2_ws/build/examples_rclcpp_minimal_composition
[1.065s] -- Install configuration: ""
[1.065s] -- Execute custom install script
[1.066s] -- Up-to-date symlink: /home/mayudong/ros2_ws/install/examples_rclcpp_minimal_composition/share/examples_rclcpp_minimal_composition/environment/library_path.sh
[1.066s] -- Up-to-date symlink: /home/mayudong/ros2_ws/install/examples_rclcpp_minimal_composition/share/examples_rclcpp_minimal_composition/environment/library_path.dsv
[1.066s] -- Up-to-date symlink: /home/mayudong/ros2_ws/install/examples_rclcpp_minimal_composition/lib/libcomposition_nodes.so
[1.067s] -- Up-to-date symlink: /home/mayudong/ros2_ws/install/examples_rclcpp_minimal_composition/lib/examples_rclcpp_minimal_composition/composition_publisher
[1.067s] -- Up-to-date symlink: /home/mayudong/ros2_ws/install/examples_rclcpp_minimal_composition/lib/examples_rclcpp_minimal_composition/composition_subscriber
[1.067s] -- Up-to-date symlink: /home/mayudong/ros2_ws/install/examples_rclcpp_minimal_composition/lib/examples_rclcpp_minimal_composition/composition_composed
[1.068s] -- Up-to-date symlink: /home/mayudong/ros2_ws/install/examples_rclcpp_minimal_composition/share/ament_index/resource_index/package_run_dependencies/examples_rclcpp_minimal_composition
[1.068s] -- Up-to-date symlink: /home/mayudong/ros2_ws/install/examples_rclcpp_minimal_composition/share/ament_index/resource_index/parent_prefix_path/examples_rclcpp_minimal_composition
[1.068s] -- Up-to-date symlink: /home/mayudong/ros2_ws/install/examples_rclcpp_minimal_composition/share/examples_rclcpp_minimal_composition/environment/ament_prefix_path.sh
[1.070s] -- Up-to-date symlink: /home/mayudong/ros2_ws/install/examples_rclcpp_minimal_composition/share/examples_rclcpp_minimal_composition/environment/ament_prefix_path.dsv
[1.070s] -- Up-to-date symlink: /home/mayudong/ros2_ws/install/examples_rclcpp_minimal_composition/share/examples_rclcpp_minimal_composition/environment/path.sh
[1.070s] -- Up-to-date symlink: /home/mayudong/ros2_ws/install/examples_rclcpp_minimal_composition/share/examples_rclcpp_minimal_composition/environment/path.dsv
[1.070s] -- Up-to-date symlink: /home/mayudong/ros2_ws/install/examples_rclcpp_minimal_composition/share/examples_rclcpp_minimal_composition/local_setup.bash
[1.070s] -- Up-to-date symlink: /home/mayudong/ros2_ws/install/examples_rclcpp_minimal_composition/share/examples_rclcpp_minimal_composition/local_setup.sh
[1.071s] -- Up-to-date symlink: /home/mayudong/ros2_ws/install/examples_rclcpp_minimal_composition/share/examples_rclcpp_minimal_composition/local_setup.zsh
[1.071s] -- Up-to-date symlink: /home/mayudong/ros2_ws/install/examples_rclcpp_minimal_composition/share/examples_rclcpp_minimal_composition/local_setup.dsv
[1.071s] -- Symlinking: /home/mayudong/ros2_ws/install/examples_rclcpp_minimal_composition/share/examples_rclcpp_minimal_composition/package.dsv
[1.089s] -- Up-to-date symlink: /home/mayudong/ros2_ws/install/examples_rclcpp_minimal_composition/share/ament_index/resource_index/packages/examples_rclcpp_minimal_composition
[1.089s] -- Up-to-date symlink: /home/mayudong/ros2_ws/install/examples_rclcpp_minimal_composition/share/examples_rclcpp_minimal_composition/cmake/examples_rclcpp_minimal_compositionConfig.cmake
[1.089s] -- Up-to-date symlink: /home/mayudong/ros2_ws/install/examples_rclcpp_minimal_composition/share/examples_rclcpp_minimal_composition/cmake/examples_rclcpp_minimal_compositionConfig-version.cmake
[1.089s] -- Up-to-date symlink: /home/mayudong/ros2_ws/install/examples_rclcpp_minimal_composition/share/examples_rclcpp_minimal_composition/package.xml
[1.135s] Invoked command in '/home/mayudong/ros2_ws/build/examples_rclcpp_minimal_composition' returned '0': CMAKE_PREFIX_PATH=/opt/ros/foxy /usr/bin/cmake --install /home/mayudong/ros2_ws/build/examples_rclcpp_minimal_composition
