[0.047s] Invoking command in '/home/mayudong/ros2_ws/build/examples_rclcpp_minimal_timer': CMAKE_PREFIX_PATH=/opt/ros/foxy /usr/bin/cmake /home/mayudong/ros2_ws/src/examples/rclcpp/timers/minimal_timer -DAMENT_CMAKE_SYMLINK_INSTALL=1 -DCMAKE_INSTALL_PREFIX=/home/mayudong/ros2_ws/install/examples_rclcpp_minimal_timer
[0.312s] -- The C compiler identification is GNU 9.4.0
[0.489s] -- The CXX compiler identification is GNU 9.4.0
[0.504s] -- Check for working C compiler: /usr/bin/cc
[0.694s] -- Check for working C compiler: /usr/bin/cc -- works
[0.697s] -- Detecting C compiler ABI info
[0.862s] -- Detecting C compiler ABI info - done
[0.880s] -- Detecting C compile features
[0.881s] -- Detecting C compile features - done
[0.882s] -- Check for working CXX compiler: /usr/bin/c++
[1.018s] -- Check for working CXX compiler: /usr/bin/c++ -- works
[1.020s] -- Detecting CXX compiler ABI info
[1.164s] -- Detecting CXX compiler ABI info - done
[1.166s] -- Detecting CXX compile features
[1.167s] -- Detecting CXX compile features - done
[1.170s] -- Found ament_cmake: 0.9.11 (/opt/ros/foxy/share/ament_cmake/cmake)
[1.196s] -- Found PythonInterp: /usr/bin/python3 (found suitable version "3.8.10", minimum required is "3") 
[1.198s] -- Using PYTHON_EXECUTABLE: /usr/bin/python3
[1.406s] -- Override CMake install command with custom implementation using symlinks instead of copying resources
[1.421s] -- Found rclcpp: 2.4.2 (/opt/ros/foxy/share/rclcpp/cmake)
[1.472s] -- Using all available rosidl_typesupport_c: rosidl_typesupport_fastrtps_c;rosidl_typesupport_introspection_c
[1.479s] -- Found rosidl_adapter: 1.3.0 (/opt/ros/foxy/share/rosidl_adapter/cmake)
[1.587s] -- Found OpenSSL: /usr/lib/x86_64-linux-gnu/libcrypto.so (found version "1.1.1f")  
[1.631s] -- Found FastRTPS: /opt/ros/foxy/include  
[1.729s] -- Using all available rosidl_typesupport_cpp: rosidl_typesupport_fastrtps_cpp;rosidl_typesupport_introspection_cpp
[1.793s] -- Found rmw_implementation_cmake: 1.0.3 (/opt/ros/foxy/share/rmw_implementation_cmake/cmake)
[1.797s] -- Using RMW implementation 'rmw_fastrtps_cpp' as default
[1.797s] -- Looking for pthread.h
[1.943s] -- Looking for pthread.h - found
[1.946s] -- Performing Test CMAKE_HAVE_LIBC_PTHREAD
[2.035s] -- Performing Test CMAKE_HAVE_LIBC_PTHREAD - Failed
[2.035s] -- Looking for pthread_create in pthreads
[2.159s] -- Looking for pthread_create in pthreads - not found
[2.159s] -- Looking for pthread_create in pthread
[2.356s] -- Looking for pthread_create in pthread - found
[2.356s] -- Found Threads: TRUE  
[2.628s] -- Found ament_lint_auto: 0.9.7 (/opt/ros/foxy/share/ament_lint_auto/cmake)
[2.726s] -- Added test 'copyright' to check source files copyright and LICENSE
[2.728s] -- Added test 'cppcheck' to perform static code analysis on C / C++ code
[2.729s] -- Configured cppcheck include dirs: 
[2.729s] -- Configured cppcheck exclude dirs and/or files: 
[2.729s] -- Added test 'cpplint' to check C / C++ code against the Google style
[2.729s] -- Configured cpplint exclude dirs and/or files: 
[2.730s] -- Added test 'lint_cmake' to check CMake code style
[2.733s] -- Added test 'uncrustify' to check C / C++ code style
[2.733s] -- Configured uncrustify additional arguments: 
[2.736s] -- Added test 'xmllint' to check XML markup files
[2.740s] -- Configuring done
[2.760s] -- Generating done
[2.762s] -- Build files have been written to: /home/mayudong/ros2_ws/build/examples_rclcpp_minimal_timer
[2.776s] Invoked command in '/home/mayudong/ros2_ws/build/examples_rclcpp_minimal_timer' returned '0': CMAKE_PREFIX_PATH=/opt/ros/foxy /usr/bin/cmake /home/mayudong/ros2_ws/src/examples/rclcpp/timers/minimal_timer -DAMENT_CMAKE_SYMLINK_INSTALL=1 -DCMAKE_INSTALL_PREFIX=/home/mayudong/ros2_ws/install/examples_rclcpp_minimal_timer
[2.776s] Invoking command in '/home/mayudong/ros2_ws/build/examples_rclcpp_minimal_timer': CMAKE_PREFIX_PATH=/opt/ros/foxy /usr/bin/cmake --build /home/mayudong/ros2_ws/build/examples_rclcpp_minimal_timer -- -j6 -l6
[3.086s] [35m[1mScanning dependencies of target timer_lambda[0m
[3.087s] [35m[1mScanning dependencies of target timer_member_function[0m
[3.087s] [ 25%] [32mBuilding CXX object CMakeFiles/timer_member_function.dir/member_function.cpp.o[0m
[3.087s] [ 50%] [32mBuilding CXX object CMakeFiles/timer_lambda.dir/lambda.cpp.o[0m
[6.674s] [ 75%] [32m[1mLinking CXX executable timer_member_function[0m
[7.039s] [ 75%] Built target timer_member_function
[7.162s] [100%] [32m[1mLinking CXX executable timer_lambda[0m
[7.454s] [100%] Built target timer_lambda
[7.498s] Invoked command in '/home/mayudong/ros2_ws/build/examples_rclcpp_minimal_timer' returned '0': CMAKE_PREFIX_PATH=/opt/ros/foxy /usr/bin/cmake --build /home/mayudong/ros2_ws/build/examples_rclcpp_minimal_timer -- -j6 -l6
[7.736s] Invoking command in '/home/mayudong/ros2_ws/build/examples_rclcpp_minimal_timer': CMAKE_PREFIX_PATH=/opt/ros/foxy /usr/bin/cmake --install /home/mayudong/ros2_ws/build/examples_rclcpp_minimal_timer
[7.785s] -- Install configuration: ""
[7.786s] -- Execute custom install script
[7.786s] -- Symlinking: /home/mayudong/ros2_ws/install/examples_rclcpp_minimal_timer/lib/examples_rclcpp_minimal_timer/timer_lambda
[7.790s] -- Symlinking: /home/mayudong/ros2_ws/install/examples_rclcpp_minimal_timer/lib/examples_rclcpp_minimal_timer/timer_member_function
[7.833s] -- Symlinking: /home/mayudong/ros2_ws/install/examples_rclcpp_minimal_timer/share/ament_index/resource_index/package_run_dependencies/examples_rclcpp_minimal_timer
[7.875s] -- Symlinking: /home/mayudong/ros2_ws/install/examples_rclcpp_minimal_timer/share/ament_index/resource_index/parent_prefix_path/examples_rclcpp_minimal_timer
[7.922s] -- Symlinking: /home/mayudong/ros2_ws/install/examples_rclcpp_minimal_timer/share/examples_rclcpp_minimal_timer/environment/ament_prefix_path.sh
[7.938s] -- Symlinking: /home/mayudong/ros2_ws/install/examples_rclcpp_minimal_timer/share/examples_rclcpp_minimal_timer/environment/ament_prefix_path.dsv
[7.971s] -- Symlinking: /home/mayudong/ros2_ws/install/examples_rclcpp_minimal_timer/share/examples_rclcpp_minimal_timer/environment/path.sh
[8.001s] -- Symlinking: /home/mayudong/ros2_ws/install/examples_rclcpp_minimal_timer/share/examples_rclcpp_minimal_timer/environment/path.dsv
[8.028s] -- Symlinking: /home/mayudong/ros2_ws/install/examples_rclcpp_minimal_timer/share/examples_rclcpp_minimal_timer/local_setup.bash
[8.063s] -- Symlinking: /home/mayudong/ros2_ws/install/examples_rclcpp_minimal_timer/share/examples_rclcpp_minimal_timer/local_setup.sh
[8.117s] -- Symlinking: /home/mayudong/ros2_ws/install/examples_rclcpp_minimal_timer/share/examples_rclcpp_minimal_timer/local_setup.zsh
[8.164s] -- Symlinking: /home/mayudong/ros2_ws/install/examples_rclcpp_minimal_timer/share/examples_rclcpp_minimal_timer/local_setup.dsv
[8.212s] -- Symlinking: /home/mayudong/ros2_ws/install/examples_rclcpp_minimal_timer/share/examples_rclcpp_minimal_timer/package.dsv
[8.260s] -- Symlinking: /home/mayudong/ros2_ws/install/examples_rclcpp_minimal_timer/share/ament_index/resource_index/packages/examples_rclcpp_minimal_timer
[8.283s] -- Symlinking: /home/mayudong/ros2_ws/install/examples_rclcpp_minimal_timer/share/examples_rclcpp_minimal_timer/cmake/examples_rclcpp_minimal_timerConfig.cmake
[8.296s] -- Symlinking: /home/mayudong/ros2_ws/install/examples_rclcpp_minimal_timer/share/examples_rclcpp_minimal_timer/cmake/examples_rclcpp_minimal_timerConfig-version.cmake
[8.334s] -- Symlinking: /home/mayudong/ros2_ws/install/examples_rclcpp_minimal_timer/share/examples_rclcpp_minimal_timer/package.xml
[8.402s] Invoked command in '/home/mayudong/ros2_ws/build/examples_rclcpp_minimal_timer' returned '0': CMAKE_PREFIX_PATH=/opt/ros/foxy /usr/bin/cmake --install /home/mayudong/ros2_ws/build/examples_rclcpp_minimal_timer
