[0.019s] Invoking command in '/home/mayudong/ros2_ws/build/cpp_parameters': CMAKE_PREFIX_PATH=${CMAKE_PREFIX_PATH}:/home/mayudong/ros2_ws/install/examples_rclpy_minimal_subscriber:/home/mayudong/ros2_ws/install/examples_rclpy_minimal_service:/home/mayudong/ros2_ws/install/examples_rclpy_minimal_publisher:/home/mayudong/ros2_ws/install/examples_rclpy_minimal_client:/home/mayudong/ros2_ws/install/examples_rclpy_minimal_action_server:/home/mayudong/ros2_ws/install/examples_rclpy_minimal_action_client:/home/mayudong/ros2_ws/install/examples_rclpy_executors:/opt/ros/foxy /usr/bin/cmake /home/mayudong/ros2_ws/src/cpp_parameters -DCMAKE_INSTALL_PREFIX=/home/mayudong/ros2_ws/install/cpp_parameters
[0.076s] -- The C compiler identification is GNU 9.4.0
[0.127s] -- The CXX compiler identification is GNU 9.4.0
[0.131s] -- Check for working C compiler: /usr/bin/cc
[0.201s] -- Check for working C compiler: /usr/bin/cc -- works
[0.202s] -- Detecting C compiler ABI info
[0.276s] -- Detecting C compiler ABI info - done
[0.287s] -- Detecting C compile features
[0.287s] -- Detecting C compile features - done
[0.289s] -- Check for working CXX compiler: /usr/bin/c++
[0.373s] -- Check for working CXX compiler: /usr/bin/c++ -- works
[0.374s] -- Detecting CXX compiler ABI info
[0.469s] -- Detecting CXX compiler ABI info - done
[0.480s] -- Detecting CXX compile features
[0.480s] -- Detecting CXX compile features - done
[0.484s] -- Found ament_cmake: 0.9.11 (/opt/ros/foxy/share/ament_cmake/cmake)
[0.520s] -- Found PythonInterp: /usr/bin/python3 (found suitable version "3.8.10", minimum required is "3") 
[0.520s] -- Using PYTHON_EXECUTABLE: /usr/bin/python3
[0.725s] -- Found rclcpp: 2.4.2 (/opt/ros/foxy/share/rclcpp/cmake)
[0.780s] -- Using all available rosidl_typesupport_c: rosidl_typesupport_fastrtps_c;rosidl_typesupport_introspection_c
[0.788s] -- Found rosidl_adapter: 1.3.0 (/opt/ros/foxy/share/rosidl_adapter/cmake)
[0.883s] -- Found OpenSSL: /usr/lib/x86_64-linux-gnu/libcrypto.so (found version "1.1.1f")  
[0.906s] -- Found FastRTPS: /opt/ros/foxy/include  
[0.981s] -- Using all available rosidl_typesupport_cpp: rosidl_typesupport_fastrtps_cpp;rosidl_typesupport_introspection_cpp
[1.036s] -- Found rmw_implementation_cmake: 1.0.3 (/opt/ros/foxy/share/rmw_implementation_cmake/cmake)
[1.037s] -- Using RMW implementation 'rmw_fastrtps_cpp' as default
[1.038s] -- Looking for pthread.h
[1.119s] -- Looking for pthread.h - found
[1.119s] -- Performing Test CMAKE_HAVE_LIBC_PTHREAD
[1.217s] -- Performing Test CMAKE_HAVE_LIBC_PTHREAD - Failed
[1.217s] -- Looking for pthread_create in pthreads
[1.297s] -- Looking for pthread_create in pthreads - not found
[1.298s] -- Looking for pthread_create in pthread
[1.379s] -- Looking for pthread_create in pthread - found
[1.380s] -- Found Threads: TRUE  
[1.521s] -- Found ament_lint_auto: 0.9.7 (/opt/ros/foxy/share/ament_lint_auto/cmake)
[1.607s] -- Added test 'copyright' to check source files copyright and LICENSE
[1.608s] -- Added test 'cppcheck' to perform static code analysis on C / C++ code
[1.608s] -- Configured cppcheck include dirs: 
[1.608s] -- Configured cppcheck exclude dirs and/or files: 
[1.609s] -- Added test 'cpplint' to check C / C++ code against the Google style
[1.609s] -- Configured cpplint exclude dirs and/or files: 
[1.610s] -- Added test 'lint_cmake' to check CMake code style
[1.611s] -- Added test 'uncrustify' to check C / C++ code style
[1.611s] -- Configured uncrustify additional arguments: 
[1.612s] -- Added test 'xmllint' to check XML markup files
[1.615s] -- Configuring done
[1.621s] -- Generating done
[1.623s] -- Build files have been written to: /home/mayudong/ros2_ws/build/cpp_parameters
[1.633s] Invoked command in '/home/mayudong/ros2_ws/build/cpp_parameters' returned '0': CMAKE_PREFIX_PATH=${CMAKE_PREFIX_PATH}:/home/mayudong/ros2_ws/install/examples_rclpy_minimal_subscriber:/home/mayudong/ros2_ws/install/examples_rclpy_minimal_service:/home/mayudong/ros2_ws/install/examples_rclpy_minimal_publisher:/home/mayudong/ros2_ws/install/examples_rclpy_minimal_client:/home/mayudong/ros2_ws/install/examples_rclpy_minimal_action_server:/home/mayudong/ros2_ws/install/examples_rclpy_minimal_action_client:/home/mayudong/ros2_ws/install/examples_rclpy_executors:/opt/ros/foxy /usr/bin/cmake /home/mayudong/ros2_ws/src/cpp_parameters -DCMAKE_INSTALL_PREFIX=/home/mayudong/ros2_ws/install/cpp_parameters
[1.634s] Invoking command in '/home/mayudong/ros2_ws/build/cpp_parameters': CMAKE_PREFIX_PATH=${CMAKE_PREFIX_PATH}:/home/mayudong/ros2_ws/install/examples_rclpy_minimal_subscriber:/home/mayudong/ros2_ws/install/examples_rclpy_minimal_service:/home/mayudong/ros2_ws/install/examples_rclpy_minimal_publisher:/home/mayudong/ros2_ws/install/examples_rclpy_minimal_client:/home/mayudong/ros2_ws/install/examples_rclpy_minimal_action_server:/home/mayudong/ros2_ws/install/examples_rclpy_minimal_action_client:/home/mayudong/ros2_ws/install/examples_rclpy_executors:/opt/ros/foxy /usr/bin/cmake --build /home/mayudong/ros2_ws/build/cpp_parameters -- -j6 -l6
[1.683s] [35m[1mScanning dependencies of target minimal_param_node[0m
[1.712s] [ 50%] [32mBuilding CXX object CMakeFiles/minimal_param_node.dir/src/cpp_parameters_node.cpp.o[0m
[3.392s] [100%] [32m[1mLinking CXX executable minimal_param_node[0m
[3.503s] [100%] Built target minimal_param_node
[3.514s] Invoked command in '/home/mayudong/ros2_ws/build/cpp_parameters' returned '0': CMAKE_PREFIX_PATH=${CMAKE_PREFIX_PATH}:/home/mayudong/ros2_ws/install/examples_rclpy_minimal_subscriber:/home/mayudong/ros2_ws/install/examples_rclpy_minimal_service:/home/mayudong/ros2_ws/install/examples_rclpy_minimal_publisher:/home/mayudong/ros2_ws/install/examples_rclpy_minimal_client:/home/mayudong/ros2_ws/install/examples_rclpy_minimal_action_server:/home/mayudong/ros2_ws/install/examples_rclpy_minimal_action_client:/home/mayudong/ros2_ws/install/examples_rclpy_executors:/opt/ros/foxy /usr/bin/cmake --build /home/mayudong/ros2_ws/build/cpp_parameters -- -j6 -l6
[3.567s] Invoking command in '/home/mayudong/ros2_ws/build/cpp_parameters': CMAKE_PREFIX_PATH=${CMAKE_PREFIX_PATH}:/home/mayudong/ros2_ws/install/examples_rclpy_minimal_subscriber:/home/mayudong/ros2_ws/install/examples_rclpy_minimal_service:/home/mayudong/ros2_ws/install/examples_rclpy_minimal_publisher:/home/mayudong/ros2_ws/install/examples_rclpy_minimal_client:/home/mayudong/ros2_ws/install/examples_rclpy_minimal_action_server:/home/mayudong/ros2_ws/install/examples_rclpy_minimal_action_client:/home/mayudong/ros2_ws/install/examples_rclpy_executors:/opt/ros/foxy /usr/bin/cmake --install /home/mayudong/ros2_ws/build/cpp_parameters
[3.575s] -- Install configuration: ""
[3.576s] -- Installing: /home/mayudong/ros2_ws/install/cpp_parameters/lib/cpp_parameters/minimal_param_node
[3.576s] -- Set runtime path of "/home/mayudong/ros2_ws/install/cpp_parameters/lib/cpp_parameters/minimal_param_node" to ""
[3.577s] -- Installing: /home/mayudong/ros2_ws/install/cpp_parameters/share/ament_index/resource_index/package_run_dependencies/cpp_parameters
[3.577s] -- Installing: /home/mayudong/ros2_ws/install/cpp_parameters/share/ament_index/resource_index/parent_prefix_path/cpp_parameters
[3.577s] -- Installing: /home/mayudong/ros2_ws/install/cpp_parameters/share/cpp_parameters/environment/ament_prefix_path.sh
[3.578s] -- Installing: /home/mayudong/ros2_ws/install/cpp_parameters/share/cpp_parameters/environment/ament_prefix_path.dsv
[3.578s] -- Installing: /home/mayudong/ros2_ws/install/cpp_parameters/share/cpp_parameters/environment/path.sh
[3.578s] -- Installing: /home/mayudong/ros2_ws/install/cpp_parameters/share/cpp_parameters/environment/path.dsv
[3.578s] -- Installing: /home/mayudong/ros2_ws/install/cpp_parameters/share/cpp_parameters/local_setup.bash
[3.578s] -- Installing: /home/mayudong/ros2_ws/install/cpp_parameters/share/cpp_parameters/local_setup.sh
[3.578s] -- Installing: /home/mayudong/ros2_ws/install/cpp_parameters/share/cpp_parameters/local_setup.zsh
[3.579s] -- Installing: /home/mayudong/ros2_ws/install/cpp_parameters/share/cpp_parameters/local_setup.dsv
[3.579s] -- Installing: /home/mayudong/ros2_ws/install/cpp_parameters/share/cpp_parameters/package.dsv
[3.579s] -- Installing: /home/mayudong/ros2_ws/install/cpp_parameters/share/ament_index/resource_index/packages/cpp_parameters
[3.579s] -- Installing: /home/mayudong/ros2_ws/install/cpp_parameters/share/cpp_parameters/cmake/cpp_parametersConfig.cmake
[3.579s] -- Installing: /home/mayudong/ros2_ws/install/cpp_parameters/share/cpp_parameters/cmake/cpp_parametersConfig-version.cmake
[3.579s] -- Installing: /home/mayudong/ros2_ws/install/cpp_parameters/share/cpp_parameters/package.xml
[3.582s] Invoked command in '/home/mayudong/ros2_ws/build/cpp_parameters' returned '0': CMAKE_PREFIX_PATH=${CMAKE_PREFIX_PATH}:/home/mayudong/ros2_ws/install/examples_rclpy_minimal_subscriber:/home/mayudong/ros2_ws/install/examples_rclpy_minimal_service:/home/mayudong/ros2_ws/install/examples_rclpy_minimal_publisher:/home/mayudong/ros2_ws/install/examples_rclpy_minimal_client:/home/mayudong/ros2_ws/install/examples_rclpy_minimal_action_server:/home/mayudong/ros2_ws/install/examples_rclpy_minimal_action_client:/home/mayudong/ros2_ws/install/examples_rclpy_executors:/opt/ros/foxy /usr/bin/cmake --install /home/mayudong/ros2_ws/build/cpp_parameters
