[0.020s] Invoking command in '/home/mayudong/ros2_ws/build/cpp_pubsub': CMAKE_PREFIX_PATH=${CMAKE_PREFIX_PATH}:/home/mayudong/ros2_ws/install/examples_rclpy_minimal_subscriber:/home/mayudong/ros2_ws/install/examples_rclpy_minimal_service:/home/mayudong/ros2_ws/install/examples_rclpy_minimal_publisher:/home/mayudong/ros2_ws/install/examples_rclpy_minimal_client:/home/mayudong/ros2_ws/install/examples_rclpy_minimal_action_server:/home/mayudong/ros2_ws/install/examples_rclpy_minimal_action_client:/home/mayudong/ros2_ws/install/examples_rclpy_executors:/opt/ros/foxy /usr/bin/cmake /home/mayudong/ros2_ws/src/cpp_pubsub -DCMAKE_INSTALL_PREFIX=/home/mayudong/ros2_ws/install/cpp_pubsub
[0.096s] -- The C compiler identification is GNU 9.4.0
[0.149s] -- The CXX compiler identification is GNU 9.4.0
[0.153s] -- Check for working C compiler: /usr/bin/cc
[0.222s] -- Check for working C compiler: /usr/bin/cc -- works
[0.223s] -- Detecting C compiler ABI info
[0.290s] -- Detecting C compiler ABI info - done
[0.299s] -- Detecting C compile features
[0.299s] -- Detecting C compile features - done
[0.301s] -- Check for working CXX compiler: /usr/bin/c++
[0.386s] -- Check for working CXX compiler: /usr/bin/c++ -- works
[0.387s] -- Detecting CXX compiler ABI info
[0.472s] -- Detecting CXX compiler ABI info - done
[0.482s] -- Detecting CXX compile features
[0.482s] -- Detecting CXX compile features - done
[0.485s] -- Found ament_cmake: 0.9.11 (/opt/ros/foxy/share/ament_cmake/cmake)
[0.515s] -- Found PythonInterp: /usr/bin/python3 (found suitable version "3.8.10", minimum required is "3") 
[0.515s] -- Using PYTHON_EXECUTABLE: /usr/bin/python3
[0.716s] -- Found rclcpp: 2.4.2 (/opt/ros/foxy/share/rclcpp/cmake)
[0.766s] -- Using all available rosidl_typesupport_c: rosidl_typesupport_fastrtps_c;rosidl_typesupport_introspection_c
[0.773s] -- Found rosidl_adapter: 1.3.0 (/opt/ros/foxy/share/rosidl_adapter/cmake)
[0.866s] -- Found OpenSSL: /usr/lib/x86_64-linux-gnu/libcrypto.so (found version "1.1.1f")  
[0.892s] -- Found FastRTPS: /opt/ros/foxy/include  
[0.978s] -- Using all available rosidl_typesupport_cpp: rosidl_typesupport_fastrtps_cpp;rosidl_typesupport_introspection_cpp
[1.040s] -- Found rmw_implementation_cmake: 1.0.3 (/opt/ros/foxy/share/rmw_implementation_cmake/cmake)
[1.042s] -- Using RMW implementation 'rmw_fastrtps_cpp' as default
[1.042s] -- Looking for pthread.h
[1.125s] -- Looking for pthread.h - found
[1.126s] -- Performing Test CMAKE_HAVE_LIBC_PTHREAD
[1.210s] -- Performing Test CMAKE_HAVE_LIBC_PTHREAD - Failed
[1.210s] -- Looking for pthread_create in pthreads
[1.279s] -- Looking for pthread_create in pthreads - not found
[1.280s] -- Looking for pthread_create in pthread
[1.361s] -- Looking for pthread_create in pthread - found
[1.363s] -- Found Threads: TRUE  
[1.575s] -- Configuring done
[1.583s] -- Generating done
[1.584s] -- Build files have been written to: /home/mayudong/ros2_ws/build/cpp_pubsub
[1.591s] Invoked command in '/home/mayudong/ros2_ws/build/cpp_pubsub' returned '0': CMAKE_PREFIX_PATH=${CMAKE_PREFIX_PATH}:/home/mayudong/ros2_ws/install/examples_rclpy_minimal_subscriber:/home/mayudong/ros2_ws/install/examples_rclpy_minimal_service:/home/mayudong/ros2_ws/install/examples_rclpy_minimal_publisher:/home/mayudong/ros2_ws/install/examples_rclpy_minimal_client:/home/mayudong/ros2_ws/install/examples_rclpy_minimal_action_server:/home/mayudong/ros2_ws/install/examples_rclpy_minimal_action_client:/home/mayudong/ros2_ws/install/examples_rclpy_executors:/opt/ros/foxy /usr/bin/cmake /home/mayudong/ros2_ws/src/cpp_pubsub -DCMAKE_INSTALL_PREFIX=/home/mayudong/ros2_ws/install/cpp_pubsub
[1.595s] Invoking command in '/home/mayudong/ros2_ws/build/cpp_pubsub': CMAKE_PREFIX_PATH=${CMAKE_PREFIX_PATH}:/home/mayudong/ros2_ws/install/examples_rclpy_minimal_subscriber:/home/mayudong/ros2_ws/install/examples_rclpy_minimal_service:/home/mayudong/ros2_ws/install/examples_rclpy_minimal_publisher:/home/mayudong/ros2_ws/install/examples_rclpy_minimal_client:/home/mayudong/ros2_ws/install/examples_rclpy_minimal_action_server:/home/mayudong/ros2_ws/install/examples_rclpy_minimal_action_client:/home/mayudong/ros2_ws/install/examples_rclpy_executors:/opt/ros/foxy /usr/bin/cmake --build /home/mayudong/ros2_ws/build/cpp_pubsub -- -j6 -l6
[1.637s] [35m[1mScanning dependencies of target talker[0m
[1.637s] [35m[1mScanning dependencies of target listener[0m
[1.670s] [ 25%] [32mBuilding CXX object CMakeFiles/talker.dir/src/publisher_member_function.cpp.o[0m
[1.674s] [ 50%] [32mBuilding CXX object CMakeFiles/listener.dir/src/subscriber_member_function.cpp.o[0m
[5.261s] [ 75%] [32m[1mLinking CXX executable talker[0m
[5.405s] [ 75%] Built target talker
[6.703s] [100%] [32m[1mLinking CXX executable listener[0m
[6.881s] [100%] Built target listener
[6.896s] Invoked command in '/home/mayudong/ros2_ws/build/cpp_pubsub' returned '0': CMAKE_PREFIX_PATH=${CMAKE_PREFIX_PATH}:/home/mayudong/ros2_ws/install/examples_rclpy_minimal_subscriber:/home/mayudong/ros2_ws/install/examples_rclpy_minimal_service:/home/mayudong/ros2_ws/install/examples_rclpy_minimal_publisher:/home/mayudong/ros2_ws/install/examples_rclpy_minimal_client:/home/mayudong/ros2_ws/install/examples_rclpy_minimal_action_server:/home/mayudong/ros2_ws/install/examples_rclpy_minimal_action_client:/home/mayudong/ros2_ws/install/examples_rclpy_executors:/opt/ros/foxy /usr/bin/cmake --build /home/mayudong/ros2_ws/build/cpp_pubsub -- -j6 -l6
[6.950s] Invoking command in '/home/mayudong/ros2_ws/build/cpp_pubsub': CMAKE_PREFIX_PATH=${CMAKE_PREFIX_PATH}:/home/mayudong/ros2_ws/install/examples_rclpy_minimal_subscriber:/home/mayudong/ros2_ws/install/examples_rclpy_minimal_service:/home/mayudong/ros2_ws/install/examples_rclpy_minimal_publisher:/home/mayudong/ros2_ws/install/examples_rclpy_minimal_client:/home/mayudong/ros2_ws/install/examples_rclpy_minimal_action_server:/home/mayudong/ros2_ws/install/examples_rclpy_minimal_action_client:/home/mayudong/ros2_ws/install/examples_rclpy_executors:/opt/ros/foxy /usr/bin/cmake --install /home/mayudong/ros2_ws/build/cpp_pubsub
[6.958s] -- Install configuration: ""
[6.958s] -- Installing: /home/mayudong/ros2_ws/install/cpp_pubsub/lib/cpp_pubsub/talker
[6.959s] -- Set runtime path of "/home/mayudong/ros2_ws/install/cpp_pubsub/lib/cpp_pubsub/talker" to ""
[6.959s] -- Installing: /home/mayudong/ros2_ws/install/cpp_pubsub/share/ament_index/resource_index/package_run_dependencies/cpp_pubsub
[6.959s] -- Installing: /home/mayudong/ros2_ws/install/cpp_pubsub/share/ament_index/resource_index/parent_prefix_path/cpp_pubsub
[6.959s] -- Installing: /home/mayudong/ros2_ws/install/cpp_pubsub/share/cpp_pubsub/environment/ament_prefix_path.sh
[6.960s] -- Installing: /home/mayudong/ros2_ws/install/cpp_pubsub/share/cpp_pubsub/environment/ament_prefix_path.dsv
[6.960s] -- Installing: /home/mayudong/ros2_ws/install/cpp_pubsub/share/cpp_pubsub/environment/path.sh
[6.960s] -- Installing: /home/mayudong/ros2_ws/install/cpp_pubsub/share/cpp_pubsub/environment/path.dsv
[6.960s] -- Installing: /home/mayudong/ros2_ws/install/cpp_pubsub/share/cpp_pubsub/local_setup.bash
[6.960s] -- Installing: /home/mayudong/ros2_ws/install/cpp_pubsub/share/cpp_pubsub/local_setup.sh
[6.960s] -- Installing: /home/mayudong/ros2_ws/install/cpp_pubsub/share/cpp_pubsub/local_setup.zsh
[6.961s] -- Installing: /home/mayudong/ros2_ws/install/cpp_pubsub/share/cpp_pubsub/local_setup.dsv
[6.961s] -- Installing: /home/mayudong/ros2_ws/install/cpp_pubsub/share/cpp_pubsub/package.dsv
[6.961s] -- Installing: /home/mayudong/ros2_ws/install/cpp_pubsub/share/ament_index/resource_index/packages/cpp_pubsub
[6.961s] -- Installing: /home/mayudong/ros2_ws/install/cpp_pubsub/share/cpp_pubsub/cmake/cpp_pubsubConfig.cmake
[6.961s] -- Installing: /home/mayudong/ros2_ws/install/cpp_pubsub/share/cpp_pubsub/cmake/cpp_pubsubConfig-version.cmake
[6.961s] -- Installing: /home/mayudong/ros2_ws/install/cpp_pubsub/share/cpp_pubsub/package.xml
[6.964s] Invoked command in '/home/mayudong/ros2_ws/build/cpp_pubsub' returned '0': CMAKE_PREFIX_PATH=${CMAKE_PREFIX_PATH}:/home/mayudong/ros2_ws/install/examples_rclpy_minimal_subscriber:/home/mayudong/ros2_ws/install/examples_rclpy_minimal_service:/home/mayudong/ros2_ws/install/examples_rclpy_minimal_publisher:/home/mayudong/ros2_ws/install/examples_rclpy_minimal_client:/home/mayudong/ros2_ws/install/examples_rclpy_minimal_action_server:/home/mayudong/ros2_ws/install/examples_rclpy_minimal_action_client:/home/mayudong/ros2_ws/install/examples_rclpy_executors:/opt/ros/foxy /usr/bin/cmake --install /home/mayudong/ros2_ws/build/cpp_pubsub
