[1.056s] Invoking command in '/home/mayudong/ros2_ws/build/examples_rclpy_minimal_service': PYTHONPATH=/home/mayudong/ros2_ws/build/examples_rclpy_minimal_service/prefix_override:/home/mayudong/ros2_ws/install/examples_rclpy_minimal_service/lib/python3.8/site-packages:${PYTHONPATH} /usr/bin/python3 setup.py develop --uninstall --editable --build-directory /home/mayudong/ros2_ws/build/examples_rclpy_minimal_service/build
[1.305s] running develop
[1.449s] Removing /home/mayudong/ros2_ws/install/examples_rclpy_minimal_service/lib/python3.8/site-packages/examples-rclpy-minimal-service.egg-link (link to .)
[1.487s] Invoked command in '/home/mayudong/ros2_ws/build/examples_rclpy_minimal_service' returned '0': PYTHONPATH=/home/mayudong/ros2_ws/build/examples_rclpy_minimal_service/prefix_override:/home/mayudong/ros2_ws/install/examples_rclpy_minimal_service/lib/python3.8/site-packages:${PYTHONPATH} /usr/bin/python3 setup.py develop --uninstall --editable --build-directory /home/mayudong/ros2_ws/build/examples_rclpy_minimal_service/build
[1.495s] Invoking command in '/home/mayudong/ros2_ws/src/examples/rclpy/services/minimal_service': PYTHONPATH=/home/mayudong/ros2_ws/build/examples_rclpy_minimal_service/prefix_override:/home/mayudong/ros2_ws/install/examples_rclpy_minimal_service/lib/python3.8/site-packages:${PYTHONPATH} /usr/bin/python3 setup.py egg_info --egg-base ../../../../../build/examples_rclpy_minimal_service build --build-base /home/mayudong/ros2_ws/build/examples_rclpy_minimal_service/build install --record /home/mayudong/ros2_ws/build/examples_rclpy_minimal_service/install.log --install-scripts $base/lib/examples_rclpy_minimal_service --single-version-externally-managed
[1.755s] running egg_info
[1.755s] writing ../../../../../build/examples_rclpy_minimal_service/examples_rclpy_minimal_service.egg-info/PKG-INFO
[1.756s] writing dependency_links to ../../../../../build/examples_rclpy_minimal_service/examples_rclpy_minimal_service.egg-info/dependency_links.txt
[1.757s] writing entry points to ../../../../../build/examples_rclpy_minimal_service/examples_rclpy_minimal_service.egg-info/entry_points.txt
[1.757s] writing requirements to ../../../../../build/examples_rclpy_minimal_service/examples_rclpy_minimal_service.egg-info/requires.txt
[1.757s] writing top-level names to ../../../../../build/examples_rclpy_minimal_service/examples_rclpy_minimal_service.egg-info/top_level.txt
[1.796s] reading manifest file '../../../../../build/examples_rclpy_minimal_service/examples_rclpy_minimal_service.egg-info/SOURCES.txt'
[1.798s] writing manifest file '../../../../../build/examples_rclpy_minimal_service/examples_rclpy_minimal_service.egg-info/SOURCES.txt'
[1.799s] running build
[1.799s] running build_py
[1.799s] creating /home/mayudong/ros2_ws/build/examples_rclpy_minimal_service/build
[1.799s] creating /home/mayudong/ros2_ws/build/examples_rclpy_minimal_service/build/lib
[1.799s] creating /home/mayudong/ros2_ws/build/examples_rclpy_minimal_service/build/lib/examples_rclpy_minimal_service
[1.800s] copying examples_rclpy_minimal_service/service.py -> /home/mayudong/ros2_ws/build/examples_rclpy_minimal_service/build/lib/examples_rclpy_minimal_service
[1.800s] copying examples_rclpy_minimal_service/service_member_function.py -> /home/mayudong/ros2_ws/build/examples_rclpy_minimal_service/build/lib/examples_rclpy_minimal_service
[1.800s] copying examples_rclpy_minimal_service/__init__.py -> /home/mayudong/ros2_ws/build/examples_rclpy_minimal_service/build/lib/examples_rclpy_minimal_service
[1.806s] running install
[1.806s] running install_lib
[1.807s] creating /home/mayudong/ros2_ws/install/examples_rclpy_minimal_service/lib/python3.8/site-packages/examples_rclpy_minimal_service
[1.807s] copying /home/mayudong/ros2_ws/build/examples_rclpy_minimal_service/build/lib/examples_rclpy_minimal_service/service.py -> /home/mayudong/ros2_ws/install/examples_rclpy_minimal_service/lib/python3.8/site-packages/examples_rclpy_minimal_service
[1.807s] copying /home/mayudong/ros2_ws/build/examples_rclpy_minimal_service/build/lib/examples_rclpy_minimal_service/service_member_function.py -> /home/mayudong/ros2_ws/install/examples_rclpy_minimal_service/lib/python3.8/site-packages/examples_rclpy_minimal_service
[1.807s] copying /home/mayudong/ros2_ws/build/examples_rclpy_minimal_service/build/lib/examples_rclpy_minimal_service/__init__.py -> /home/mayudong/ros2_ws/install/examples_rclpy_minimal_service/lib/python3.8/site-packages/examples_rclpy_minimal_service
[1.807s] byte-compiling /home/mayudong/ros2_ws/install/examples_rclpy_minimal_service/lib/python3.8/site-packages/examples_rclpy_minimal_service/service.py to service.cpython-38.pyc
[1.807s] byte-compiling /home/mayudong/ros2_ws/install/examples_rclpy_minimal_service/lib/python3.8/site-packages/examples_rclpy_minimal_service/service_member_function.py to service_member_function.cpython-38.pyc
[1.807s] byte-compiling /home/mayudong/ros2_ws/install/examples_rclpy_minimal_service/lib/python3.8/site-packages/examples_rclpy_minimal_service/__init__.py to __init__.cpython-38.pyc
[1.808s] running install_data
[1.808s] running install_egg_info
[1.808s] Copying ../../../../../build/examples_rclpy_minimal_service/examples_rclpy_minimal_service.egg-info to /home/mayudong/ros2_ws/install/examples_rclpy_minimal_service/lib/python3.8/site-packages/examples_rclpy_minimal_service-0.9.4-py3.8.egg-info
[1.809s] running install_scripts
[1.828s] Installing service script to /home/mayudong/ros2_ws/install/examples_rclpy_minimal_service/lib/examples_rclpy_minimal_service
[1.829s] Installing service_member_function script to /home/mayudong/ros2_ws/install/examples_rclpy_minimal_service/lib/examples_rclpy_minimal_service
[1.829s] writing list of installed files to '/home/mayudong/ros2_ws/build/examples_rclpy_minimal_service/install.log'
[1.858s] Invoked command in '/home/mayudong/ros2_ws/src/examples/rclpy/services/minimal_service' returned '0': PYTHONPATH=/home/mayudong/ros2_ws/build/examples_rclpy_minimal_service/prefix_override:/home/mayudong/ros2_ws/install/examples_rclpy_minimal_service/lib/python3.8/site-packages:${PYTHONPATH} /usr/bin/python3 setup.py egg_info --egg-base ../../../../../build/examples_rclpy_minimal_service build --build-base /home/mayudong/ros2_ws/build/examples_rclpy_minimal_service/build install --record /home/mayudong/ros2_ws/build/examples_rclpy_minimal_service/install.log --install-scripts $base/lib/examples_rclpy_minimal_service --single-version-externally-managed
