[1.208s] Invoking command in '/home/mayudong/ros2_ws/build/examples_rclpy_minimal_service': PYTHONPATH=/home/mayudong/ros2_ws/build/examples_rclpy_minimal_service/prefix_override:/home/mayudong/ros2_ws/install/examples_rclpy_minimal_service/lib/python3.8/site-packages:${PYTHONPATH} /usr/bin/python3 setup.py develop --editable --build-directory /home/mayudong/ros2_ws/build/examples_rclpy_minimal_service/build --no-deps install_data
[1.569s] running develop
[1.828s] running egg_info
[1.829s] creating examples_rclpy_minimal_service.egg-info
[1.829s] writing examples_rclpy_minimal_service.egg-info/PKG-INFO
[1.830s] writing dependency_links to examples_rclpy_minimal_service.egg-info/dependency_links.txt
[1.830s] writing entry points to examples_rclpy_minimal_service.egg-info/entry_points.txt
[1.831s] writing requirements to examples_rclpy_minimal_service.egg-info/requires.txt
[1.831s] writing top-level names to examples_rclpy_minimal_service.egg-info/top_level.txt
[1.833s] writing manifest file 'examples_rclpy_minimal_service.egg-info/SOURCES.txt'
[1.885s] reading manifest file 'examples_rclpy_minimal_service.egg-info/SOURCES.txt'
[1.886s] writing manifest file 'examples_rclpy_minimal_service.egg-info/SOURCES.txt'
[1.949s] running build_ext
[1.949s] Creating /home/mayudong/ros2_ws/install/examples_rclpy_minimal_service/lib/python3.8/site-packages/site.py
[1.949s] Creating /home/mayudong/ros2_ws/install/examples_rclpy_minimal_service/lib/python3.8/site-packages/examples-rclpy-minimal-service.egg-link (link to .)
[1.950s] Installing service script to /home/mayudong/ros2_ws/install/examples_rclpy_minimal_service/lib/examples_rclpy_minimal_service
[1.950s] Installing service_member_function script to /home/mayudong/ros2_ws/install/examples_rclpy_minimal_service/lib/examples_rclpy_minimal_service
[1.951s] 
[1.951s] Installed /home/mayudong/ros2_ws/build/examples_rclpy_minimal_service
[1.951s] running install_data
[1.951s] creating /home/mayudong/ros2_ws/install/examples_rclpy_minimal_service/share/ament_index
[1.951s] creating /home/mayudong/ros2_ws/install/examples_rclpy_minimal_service/share/ament_index/resource_index
[1.952s] creating /home/mayudong/ros2_ws/install/examples_rclpy_minimal_service/share/ament_index/resource_index/packages
[1.952s] copying resource/examples_rclpy_minimal_service -> /home/mayudong/ros2_ws/install/examples_rclpy_minimal_service/share/ament_index/resource_index/packages
[1.953s] copying package.xml -> /home/mayudong/ros2_ws/install/examples_rclpy_minimal_service/share/examples_rclpy_minimal_service
[2.013s] Invoked command in '/home/mayudong/ros2_ws/build/examples_rclpy_minimal_service' returned '0': PYTHONPATH=/home/mayudong/ros2_ws/build/examples_rclpy_minimal_service/prefix_override:/home/mayudong/ros2_ws/install/examples_rclpy_minimal_service/lib/python3.8/site-packages:${PYTHONPATH} /usr/bin/python3 setup.py develop --editable --build-directory /home/mayudong/ros2_ws/build/examples_rclpy_minimal_service/build --no-deps install_data
