[0.052s] Invoking command in '/home/mayudong/ros2_ws/build/examples_rclcpp_minimal_publisher': CMAKE_PREFIX_PATH=/opt/ros/foxy /usr/bin/cmake /home/mayudong/ros2_ws/src/examples/rclcpp/topics/minimal_publisher -DCMAKE_INSTALL_PREFIX=/home/mayudong/ros2_ws/install/examples_rclcpp_minimal_publisher
[0.069s] -- Found ament_cmake: 0.9.11 (/opt/ros/foxy/share/ament_cmake/cmake)
[0.093s] -- Using PYTHON_EXECUTABLE: /usr/bin/python3
[0.269s] -- Override CMake install command with custom implementation using symlinks instead of copying resources
[0.270s] -- Found rclcpp: 2.4.2 (/opt/ros/foxy/share/rclcpp/cmake)
[0.301s] -- Using all available rosidl_typesupport_c: rosidl_typesupport_fastrtps_c;rosidl_typesupport_introspection_c
[0.304s] -- Found rosidl_adapter: 1.3.0 (/opt/ros/foxy/share/rosidl_adapter/cmake)
[0.419s] -- Using all available rosidl_typesupport_cpp: rosidl_typesupport_fastrtps_cpp;rosidl_typesupport_introspection_cpp
[0.479s] -- Found rmw_implementation_cmake: 1.0.3 (/opt/ros/foxy/share/rmw_implementation_cmake/cmake)
[0.481s] -- Using RMW implementation 'rmw_fastrtps_cpp' as default
[0.639s] -- Found ament_lint_auto: 0.9.7 (/opt/ros/foxy/share/ament_lint_auto/cmake)
[0.701s] -- Added test 'copyright' to check source files copyright and LICENSE
[0.702s] -- Added test 'cppcheck' to perform static code analysis on C / C++ code
[0.702s] -- Configured cppcheck include dirs: 
[0.702s] -- Configured cppcheck exclude dirs and/or files: 
[0.703s] -- Added test 'cpplint' to check C / C++ code against the Google style
[0.703s] -- Configured cpplint exclude dirs and/or files: 
[0.704s] -- Added test 'lint_cmake' to check CMake code style
[0.704s] -- Added test 'uncrustify' to check C / C++ code style
[0.705s] -- Configured uncrustify additional arguments: 
[0.705s] -- Added test 'xmllint' to check XML markup files
[0.708s] -- Configuring done
[0.723s] -- Generating done
[0.728s] -- Build files have been written to: /home/mayudong/ros2_ws/build/examples_rclcpp_minimal_publisher
[0.741s] Invoked command in '/home/mayudong/ros2_ws/build/examples_rclcpp_minimal_publisher' returned '0': CMAKE_PREFIX_PATH=/opt/ros/foxy /usr/bin/cmake /home/mayudong/ros2_ws/src/examples/rclcpp/topics/minimal_publisher -DCMAKE_INSTALL_PREFIX=/home/mayudong/ros2_ws/install/examples_rclcpp_minimal_publisher
[0.743s] Invoking command in '/home/mayudong/ros2_ws/build/examples_rclcpp_minimal_publisher': CMAKE_PREFIX_PATH=/opt/ros/foxy /usr/bin/cmake --build /home/mayudong/ros2_ws/build/examples_rclcpp_minimal_publisher -- -j6 -l6
[0.848s] [ 33%] Built target publisher_member_function
[0.870s] [ 66%] Built target publisher_not_composable
[0.880s] [100%] Built target publisher_lambda
[0.912s] Invoked command in '/home/mayudong/ros2_ws/build/examples_rclcpp_minimal_publisher' returned '0': CMAKE_PREFIX_PATH=/opt/ros/foxy /usr/bin/cmake --build /home/mayudong/ros2_ws/build/examples_rclcpp_minimal_publisher -- -j6 -l6
[1.042s] Invoking command in '/home/mayudong/ros2_ws/build/examples_rclcpp_minimal_publisher': CMAKE_PREFIX_PATH=/opt/ros/foxy /usr/bin/cmake --install /home/mayudong/ros2_ws/build/examples_rclcpp_minimal_publisher
[1.053s] -- Install configuration: ""
[1.053s] -- Execute custom install script
[1.054s] -- Up-to-date symlink: /home/mayudong/ros2_ws/install/examples_rclcpp_minimal_publisher/lib/examples_rclcpp_minimal_publisher/publisher_lambda
[1.054s] -- Up-to-date symlink: /home/mayudong/ros2_ws/install/examples_rclcpp_minimal_publisher/lib/examples_rclcpp_minimal_publisher/publisher_member_function
[1.055s] -- Up-to-date symlink: /home/mayudong/ros2_ws/install/examples_rclcpp_minimal_publisher/lib/examples_rclcpp_minimal_publisher/publisher_not_composable
[1.055s] -- Up-to-date symlink: /home/mayudong/ros2_ws/install/examples_rclcpp_minimal_publisher/share/ament_index/resource_index/package_run_dependencies/examples_rclcpp_minimal_publisher
[1.055s] -- Up-to-date symlink: /home/mayudong/ros2_ws/install/examples_rclcpp_minimal_publisher/share/ament_index/resource_index/parent_prefix_path/examples_rclcpp_minimal_publisher
[1.056s] -- Up-to-date symlink: /home/mayudong/ros2_ws/install/examples_rclcpp_minimal_publisher/share/examples_rclcpp_minimal_publisher/environment/ament_prefix_path.sh
[1.056s] -- Up-to-date symlink: /home/mayudong/ros2_ws/install/examples_rclcpp_minimal_publisher/share/examples_rclcpp_minimal_publisher/environment/ament_prefix_path.dsv
[1.056s] -- Up-to-date symlink: /home/mayudong/ros2_ws/install/examples_rclcpp_minimal_publisher/share/examples_rclcpp_minimal_publisher/environment/path.sh
[1.057s] -- Up-to-date symlink: /home/mayudong/ros2_ws/install/examples_rclcpp_minimal_publisher/share/examples_rclcpp_minimal_publisher/environment/path.dsv
[1.057s] -- Up-to-date symlink: /home/mayudong/ros2_ws/install/examples_rclcpp_minimal_publisher/share/examples_rclcpp_minimal_publisher/local_setup.bash
[1.057s] -- Up-to-date symlink: /home/mayudong/ros2_ws/install/examples_rclcpp_minimal_publisher/share/examples_rclcpp_minimal_publisher/local_setup.sh
[1.057s] -- Up-to-date symlink: /home/mayudong/ros2_ws/install/examples_rclcpp_minimal_publisher/share/examples_rclcpp_minimal_publisher/local_setup.zsh
[1.057s] -- Up-to-date symlink: /home/mayudong/ros2_ws/install/examples_rclcpp_minimal_publisher/share/examples_rclcpp_minimal_publisher/local_setup.dsv
[1.058s] -- Symlinking: /home/mayudong/ros2_ws/install/examples_rclcpp_minimal_publisher/share/examples_rclcpp_minimal_publisher/package.dsv
[1.069s] -- Up-to-date symlink: /home/mayudong/ros2_ws/install/examples_rclcpp_minimal_publisher/share/ament_index/resource_index/packages/examples_rclcpp_minimal_publisher
[1.069s] -- Up-to-date symlink: /home/mayudong/ros2_ws/install/examples_rclcpp_minimal_publisher/share/examples_rclcpp_minimal_publisher/cmake/examples_rclcpp_minimal_publisherConfig.cmake
[1.070s] -- Up-to-date symlink: /home/mayudong/ros2_ws/install/examples_rclcpp_minimal_publisher/share/examples_rclcpp_minimal_publisher/cmake/examples_rclcpp_minimal_publisherConfig-version.cmake
[1.070s] -- Up-to-date symlink: /home/mayudong/ros2_ws/install/examples_rclcpp_minimal_publisher/share/examples_rclcpp_minimal_publisher/package.xml
[1.099s] Invoked command in '/home/mayudong/ros2_ws/build/examples_rclcpp_minimal_publisher' returned '0': CMAKE_PREFIX_PATH=/opt/ros/foxy /usr/bin/cmake --install /home/mayudong/ros2_ws/build/examples_rclcpp_minimal_publisher
