[0.021s] Invoking command in '/home/mayudong/ros2_ws/build/tutorial_interfaces': CMAKE_PREFIX_PATH=${CMAKE_PREFIX_PATH}:/home/mayudong/ros2_ws/install/examples_rclpy_minimal_subscriber:/home/mayudong/ros2_ws/install/examples_rclpy_minimal_service:/home/mayudong/ros2_ws/install/examples_rclpy_minimal_publisher:/home/mayudong/ros2_ws/install/examples_rclpy_minimal_client:/home/mayudong/ros2_ws/install/examples_rclpy_minimal_action_server:/home/mayudong/ros2_ws/install/examples_rclpy_minimal_action_client:/home/mayudong/ros2_ws/install/examples_rclpy_executors:/opt/ros/foxy /usr/bin/cmake /home/mayudong/ros2_ws/src/tutorial_interfaces -DCMAKE_INSTALL_PREFIX=/home/mayudong/ros2_ws/install/tutorial_interfaces
[0.036s] -- Found ament_cmake: 0.9.11 (/opt/ros/foxy/share/ament_cmake/cmake)
[0.066s] -- Using PYTHON_EXECUTABLE: /usr/bin/python3
[0.242s] -- Found geometry_msgs: 2.0.5 (/opt/ros/foxy/share/geometry_msgs/cmake)
[0.267s] -- Using all available rosidl_typesupport_c: rosidl_typesupport_fastrtps_c;rosidl_typesupport_introspection_c
[0.274s] -- Found rosidl_adapter: 1.3.0 (/opt/ros/foxy/share/rosidl_adapter/cmake)
[0.357s] -- Found OpenSSL: /usr/lib/x86_64-linux-gnu/libcrypto.so (found version "1.1.1f")  
[0.381s] -- Found FastRTPS: /opt/ros/foxy/include  
[0.458s] -- Using all available rosidl_typesupport_cpp: rosidl_typesupport_fastrtps_cpp;rosidl_typesupport_introspection_cpp
[0.545s] -- Found rosidl_default_generators: 1.0.1 (/opt/ros/foxy/share/rosidl_default_generators/cmake)
[0.597s] -- Found PythonInterp: /usr/bin/python3 (found version "3.8.10") 
[0.776s] -- Found ament_cmake_ros: 0.9.2 (/opt/ros/foxy/share/ament_cmake_ros/cmake)
[1.001s] -- Using all available rosidl_typesupport_c: rosidl_typesupport_fastrtps_c;rosidl_typesupport_introspection_c
[1.096s] -- Using all available rosidl_typesupport_cpp: rosidl_typesupport_fastrtps_cpp;rosidl_typesupport_introspection_cpp
[1.129s] -- Found PythonInterp: /usr/bin/python3 (found suitable version "3.8.10", minimum required is "3.5") 
[1.133s] -- Found python_cmake_module: 0.8.1 (/opt/ros/foxy/share/python_cmake_module/cmake)
[1.166s] -- Found PythonLibs: /usr/lib/x86_64-linux-gnu/libpython3.8.so (found suitable version "3.8.10", minimum required is "3.5") 
[1.166s] -- Using PYTHON_EXECUTABLE: /usr/bin/python3
[1.166s] -- Using PYTHON_INCLUDE_DIRS: /usr/include/python3.8
[1.166s] -- Using PYTHON_LIBRARIES: /usr/lib/x86_64-linux-gnu/libpython3.8.so
[1.190s] -- Found PythonExtra: .so  
[1.271s] -- Found ament_lint_auto: 0.9.7 (/opt/ros/foxy/share/ament_lint_auto/cmake)
[1.314s] -- Added test 'copyright' to check source files copyright and LICENSE
[1.318s] -- Added test 'lint_cmake' to check CMake code style
[1.319s] -- Added test 'xmllint' to check XML markup files
[1.325s] -- Configuring done
[1.397s] -- Generating done
[1.399s] -- Build files have been written to: /home/mayudong/ros2_ws/build/tutorial_interfaces
[1.407s] Invoked command in '/home/mayudong/ros2_ws/build/tutorial_interfaces' returned '0': CMAKE_PREFIX_PATH=${CMAKE_PREFIX_PATH}:/home/mayudong/ros2_ws/install/examples_rclpy_minimal_subscriber:/home/mayudong/ros2_ws/install/examples_rclpy_minimal_service:/home/mayudong/ros2_ws/install/examples_rclpy_minimal_publisher:/home/mayudong/ros2_ws/install/examples_rclpy_minimal_client:/home/mayudong/ros2_ws/install/examples_rclpy_minimal_action_server:/home/mayudong/ros2_ws/install/examples_rclpy_minimal_action_client:/home/mayudong/ros2_ws/install/examples_rclpy_executors:/opt/ros/foxy /usr/bin/cmake /home/mayudong/ros2_ws/src/tutorial_interfaces -DCMAKE_INSTALL_PREFIX=/home/mayudong/ros2_ws/install/tutorial_interfaces
[1.411s] Invoking command in '/home/mayudong/ros2_ws/build/tutorial_interfaces': CMAKE_PREFIX_PATH=${CMAKE_PREFIX_PATH}:/home/mayudong/ros2_ws/install/examples_rclpy_minimal_subscriber:/home/mayudong/ros2_ws/install/examples_rclpy_minimal_service:/home/mayudong/ros2_ws/install/examples_rclpy_minimal_publisher:/home/mayudong/ros2_ws/install/examples_rclpy_minimal_client:/home/mayudong/ros2_ws/install/examples_rclpy_minimal_action_server:/home/mayudong/ros2_ws/install/examples_rclpy_minimal_action_client:/home/mayudong/ros2_ws/install/examples_rclpy_executors:/opt/ros/foxy /usr/bin/cmake --build /home/mayudong/ros2_ws/build/tutorial_interfaces -- -j6 -l6
[1.474s] [35m[1mScanning dependencies of target tutorial_interfaces__cpp[0m
[1.477s] [  2%] [34m[1mGenerating C code for ROS interfaces[0m
[1.492s] [  4%] [34m[1mGenerating C++ code for ROS interfaces[0m
[1.810s] [  4%] Built target tutorial_interfaces__cpp
[1.828s] [  6%] [34m[1mGenerating C++ type support dispatch for ROS interfaces[0m
[1.834s] [  8%] [34m[1mGenerating C++ type support for eProsima Fast-RTPS[0m
[1.840s] [35m[1mScanning dependencies of target tutorial_interfaces__rosidl_generator_c[0m
[1.845s] [ 10%] [34m[1mGenerating C++ introspection for ROS interfaces[0m
[1.865s] [ 14%] [32mBuilding C object CMakeFiles/tutorial_interfaces__rosidl_generator_c.dir/rosidl_generator_c/tutorial_interfaces/srv/detail/add_three_ints__functions.c.o[0m
[1.866s] [ 14%] [32mBuilding C object CMakeFiles/tutorial_interfaces__rosidl_generator_c.dir/rosidl_generator_c/tutorial_interfaces/msg/detail/sphere__functions.c.o[0m
[1.866s] [ 17%] [32mBuilding C object CMakeFiles/tutorial_interfaces__rosidl_generator_c.dir/rosidl_generator_c/tutorial_interfaces/msg/detail/num__functions.c.o[0m
[1.960s] [ 19%] [32m[1mLinking C shared library libtutorial_interfaces__rosidl_generator_c.so[0m
[2.020s] [ 19%] Built target tutorial_interfaces__rosidl_generator_c
[2.053s] [ 21%] [34m[1mGenerating C introspection for ROS interfaces[0m
[2.064s] [ 23%] [34m[1mGenerating C type support dispatch for ROS interfaces[0m
[2.127s] [35m[1mScanning dependencies of target tutorial_interfaces__rosidl_typesupport_cpp[0m
[2.165s] [ 25%] [32mBuilding CXX object CMakeFiles/tutorial_interfaces__rosidl_typesupport_cpp.dir/rosidl_typesupport_cpp/tutorial_interfaces/msg/num__type_support.cpp.o[0m
[2.192s] [35m[1mScanning dependencies of target tutorial_interfaces__rosidl_typesupport_fastrtps_cpp[0m
[2.203s] [ 27%] [32mBuilding CXX object CMakeFiles/tutorial_interfaces__rosidl_typesupport_cpp.dir/rosidl_typesupport_cpp/tutorial_interfaces/msg/sphere__type_support.cpp.o[0m
[2.209s] [35m[1mScanning dependencies of target tutorial_interfaces__rosidl_typesupport_introspection_cpp[0m
[2.259s] [ 29%] [32mBuilding CXX object CMakeFiles/tutorial_interfaces__rosidl_typesupport_fastrtps_cpp.dir/rosidl_typesupport_fastrtps_cpp/tutorial_interfaces/msg/detail/dds_fastrtps/num__type_support.cpp.o[0m
[2.260s] [ 31%] [32mBuilding CXX object CMakeFiles/tutorial_interfaces__rosidl_typesupport_introspection_cpp.dir/rosidl_typesupport_introspection_cpp/tutorial_interfaces/msg/detail/num__type_support.cpp.o[0m
[2.467s] [35m[1mScanning dependencies of target tutorial_interfaces__rosidl_typesupport_c[0m
[2.621s] [ 34%] [32mBuilding CXX object CMakeFiles/tutorial_interfaces__rosidl_typesupport_c.dir/rosidl_typesupport_c/tutorial_interfaces/msg/num__type_support.cpp.o[0m
[2.745s] [35m[1mScanning dependencies of target tutorial_interfaces__rosidl_typesupport_introspection_c[0m
[2.783s] [ 36%] [32mBuilding CXX object CMakeFiles/tutorial_interfaces__rosidl_typesupport_c.dir/rosidl_typesupport_c/tutorial_interfaces/msg/sphere__type_support.cpp.o[0m
[2.827s] [ 38%] [32mBuilding C object CMakeFiles/tutorial_interfaces__rosidl_typesupport_introspection_c.dir/rosidl_typesupport_introspection_c/tutorial_interfaces/msg/detail/num__type_support.c.o[0m
[2.875s] [ 40%] [32mBuilding CXX object CMakeFiles/tutorial_interfaces__rosidl_typesupport_cpp.dir/rosidl_typesupport_cpp/tutorial_interfaces/srv/add_three_ints__type_support.cpp.o[0m
[2.877s] [ 42%] [32mBuilding CXX object CMakeFiles/tutorial_interfaces__rosidl_typesupport_c.dir/rosidl_typesupport_c/tutorial_interfaces/srv/add_three_ints__type_support.cpp.o[0m
[2.916s] [ 44%] [32mBuilding C object CMakeFiles/tutorial_interfaces__rosidl_typesupport_introspection_c.dir/rosidl_typesupport_introspection_c/tutorial_interfaces/msg/detail/sphere__type_support.c.o[0m
[2.943s] [ 46%] [32m[1mLinking CXX shared library libtutorial_interfaces__rosidl_typesupport_c.so[0m
[2.952s] [ 48%] [32mBuilding C object CMakeFiles/tutorial_interfaces__rosidl_typesupport_introspection_c.dir/rosidl_typesupport_introspection_c/tutorial_interfaces/srv/detail/add_three_ints__type_support.c.o[0m
[2.984s] [ 51%] [32mBuilding CXX object CMakeFiles/tutorial_interfaces__rosidl_typesupport_introspection_cpp.dir/rosidl_typesupport_introspection_cpp/tutorial_interfaces/msg/detail/sphere__type_support.cpp.o[0m
[3.067s] [ 51%] Built target tutorial_interfaces__rosidl_typesupport_c
[3.090s] [ 53%] [32mBuilding CXX object CMakeFiles/tutorial_interfaces__rosidl_typesupport_introspection_cpp.dir/rosidl_typesupport_introspection_cpp/tutorial_interfaces/srv/detail/add_three_ints__type_support.cpp.o[0m
[3.118s] [ 55%] [32mBuilding CXX object CMakeFiles/tutorial_interfaces__rosidl_typesupport_fastrtps_cpp.dir/rosidl_typesupport_fastrtps_cpp/tutorial_interfaces/msg/detail/dds_fastrtps/sphere__type_support.cpp.o[0m
[3.159s] [ 57%] [32m[1mLinking C shared library libtutorial_interfaces__rosidl_typesupport_introspection_c.so[0m
[3.218s] [ 57%] Built target tutorial_interfaces__rosidl_typesupport_introspection_c
[3.232s] [ 59%] [32mBuilding CXX object CMakeFiles/tutorial_interfaces__rosidl_typesupport_fastrtps_cpp.dir/rosidl_typesupport_fastrtps_cpp/tutorial_interfaces/srv/detail/dds_fastrtps/add_three_ints__type_support.cpp.o[0m
[3.329s] [ 61%] [32m[1mLinking CXX shared library libtutorial_interfaces__rosidl_typesupport_cpp.so[0m
[3.415s] [ 61%] Built target tutorial_interfaces__rosidl_typesupport_cpp
[3.627s] [ 63%] [32m[1mLinking CXX shared library libtutorial_interfaces__rosidl_typesupport_introspection_cpp.so[0m
[3.795s] [ 63%] Built target tutorial_interfaces__rosidl_typesupport_introspection_cpp
[3.889s] [ 65%] [32m[1mLinking CXX shared library libtutorial_interfaces__rosidl_typesupport_fastrtps_cpp.so[0m
[3.991s] [ 65%] Built target tutorial_interfaces__rosidl_typesupport_fastrtps_cpp
[4.006s] [ 68%] [34m[1mGenerating C type support for eProsima Fast-RTPS[0m
[4.312s] [35m[1mScanning dependencies of target tutorial_interfaces__rosidl_typesupport_fastrtps_c[0m
[4.336s] [ 72%] [32mBuilding CXX object CMakeFiles/tutorial_interfaces__rosidl_typesupport_fastrtps_c.dir/rosidl_typesupport_fastrtps_c/tutorial_interfaces/msg/detail/num__type_support_c.cpp.o[0m
[4.336s] [ 72%] [32mBuilding CXX object CMakeFiles/tutorial_interfaces__rosidl_typesupport_fastrtps_c.dir/rosidl_typesupport_fastrtps_c/tutorial_interfaces/msg/detail/sphere__type_support_c.cpp.o[0m
[4.337s] [ 74%] [32mBuilding CXX object CMakeFiles/tutorial_interfaces__rosidl_typesupport_fastrtps_c.dir/rosidl_typesupport_fastrtps_c/tutorial_interfaces/srv/detail/add_three_ints__type_support_c.cpp.o[0m
[4.712s] [ 76%] [32m[1mLinking CXX shared library libtutorial_interfaces__rosidl_typesupport_fastrtps_c.so[0m
[4.813s] [ 76%] Built target tutorial_interfaces__rosidl_typesupport_fastrtps_c
[4.826s] [35m[1mScanning dependencies of target tutorial_interfaces[0m
[4.839s] [ 76%] Built target tutorial_interfaces
[4.852s] [35m[1mScanning dependencies of target tutorial_interfaces__py[0m
[4.869s] [ 78%] [34m[1mGenerating Python code for ROS interfaces[0m
[5.522s] [ 78%] Built target tutorial_interfaces__py
[5.533s] [35m[1mScanning dependencies of target tutorial_interfaces__python[0m
[5.556s] [ 80%] [32mBuilding C object CMakeFiles/tutorial_interfaces__python.dir/rosidl_generator_py/tutorial_interfaces/msg/_num_s.c.o[0m
[5.557s] [ 82%] [32mBuilding C object CMakeFiles/tutorial_interfaces__python.dir/rosidl_generator_py/tutorial_interfaces/srv/_add_three_ints_s.c.o[0m
[5.557s] [ 85%] [32mBuilding C object CMakeFiles/tutorial_interfaces__python.dir/rosidl_generator_py/tutorial_interfaces/msg/_sphere_s.c.o[0m
[5.668s] [ 87%] [32m[1mLinking C shared library rosidl_generator_py/tutorial_interfaces/libtutorial_interfaces__python.so[0m
[5.720s] [ 87%] Built target tutorial_interfaces__python
[5.732s] [35m[1mScanning dependencies of target tutorial_interfaces__rosidl_typesupport_c__pyext[0m
[5.732s] [35m[1mScanning dependencies of target tutorial_interfaces__rosidl_typesupport_introspection_c__pyext[0m
[5.732s] [35m[1mScanning dependencies of target tutorial_interfaces__rosidl_typesupport_fastrtps_c__pyext[0m
[5.753s] [ 89%] [32mBuilding C object CMakeFiles/tutorial_interfaces__rosidl_typesupport_c__pyext.dir/rosidl_generator_py/tutorial_interfaces/_tutorial_interfaces_s.ep.rosidl_typesupport_c.c.o[0m
[5.753s] [ 91%] [32mBuilding C object CMakeFiles/tutorial_interfaces__rosidl_typesupport_introspection_c__pyext.dir/rosidl_generator_py/tutorial_interfaces/_tutorial_interfaces_s.ep.rosidl_typesupport_introspection_c.c.o[0m
[5.756s] [ 93%] [32mBuilding C object CMakeFiles/tutorial_interfaces__rosidl_typesupport_fastrtps_c__pyext.dir/rosidl_generator_py/tutorial_interfaces/_tutorial_interfaces_s.ep.rosidl_typesupport_fastrtps_c.c.o[0m
[5.854s] [ 95%] [32m[1mLinking C shared library rosidl_generator_py/tutorial_interfaces/tutorial_interfaces_s__rosidl_typesupport_c.cpython-38-x86_64-linux-gnu.so[0m
[5.854s] [ 97%] [32m[1mLinking C shared library rosidl_generator_py/tutorial_interfaces/tutorial_interfaces_s__rosidl_typesupport_introspection_c.cpython-38-x86_64-linux-gnu.so[0m
[5.855s] [100%] [32m[1mLinking CXX shared library rosidl_generator_py/tutorial_interfaces/tutorial_interfaces_s__rosidl_typesupport_fastrtps_c.cpython-38-x86_64-linux-gnu.so[0m
[5.906s] [100%] Built target tutorial_interfaces__rosidl_typesupport_c__pyext
[5.911s] [100%] Built target tutorial_interfaces__rosidl_typesupport_introspection_c__pyext
[5.947s] [100%] Built target tutorial_interfaces__rosidl_typesupport_fastrtps_c__pyext
[5.965s] Invoked command in '/home/mayudong/ros2_ws/build/tutorial_interfaces' returned '0': CMAKE_PREFIX_PATH=${CMAKE_PREFIX_PATH}:/home/mayudong/ros2_ws/install/examples_rclpy_minimal_subscriber:/home/mayudong/ros2_ws/install/examples_rclpy_minimal_service:/home/mayudong/ros2_ws/install/examples_rclpy_minimal_publisher:/home/mayudong/ros2_ws/install/examples_rclpy_minimal_client:/home/mayudong/ros2_ws/install/examples_rclpy_minimal_action_server:/home/mayudong/ros2_ws/install/examples_rclpy_minimal_action_client:/home/mayudong/ros2_ws/install/examples_rclpy_executors:/opt/ros/foxy /usr/bin/cmake --build /home/mayudong/ros2_ws/build/tutorial_interfaces -- -j6 -l6
[6.153s] Invoking command in '/home/mayudong/ros2_ws/build/tutorial_interfaces': CMAKE_PREFIX_PATH=${CMAKE_PREFIX_PATH}:/home/mayudong/ros2_ws/install/examples_rclpy_minimal_subscriber:/home/mayudong/ros2_ws/install/examples_rclpy_minimal_service:/home/mayudong/ros2_ws/install/examples_rclpy_minimal_publisher:/home/mayudong/ros2_ws/install/examples_rclpy_minimal_client:/home/mayudong/ros2_ws/install/examples_rclpy_minimal_action_server:/home/mayudong/ros2_ws/install/examples_rclpy_minimal_action_client:/home/mayudong/ros2_ws/install/examples_rclpy_executors:/opt/ros/foxy /usr/bin/cmake --install /home/mayudong/ros2_ws/build/tutorial_interfaces
[6.164s] -- Install configuration: ""
[6.165s] -- Installing: /home/mayudong/ros2_ws/install/tutorial_interfaces/share/ament_index/resource_index/rosidl_interfaces/tutorial_interfaces
[6.165s] -- Installing: /home/mayudong/ros2_ws/install/tutorial_interfaces/include/tutorial_interfaces
[6.165s] -- Installing: /home/mayudong/ros2_ws/install/tutorial_interfaces/include/tutorial_interfaces/msg
[6.165s] -- Installing: /home/mayudong/ros2_ws/install/tutorial_interfaces/include/tutorial_interfaces/msg/rosidl_generator_c__visibility_control.h
[6.165s] -- Installing: /home/mayudong/ros2_ws/install/tutorial_interfaces/include/tutorial_interfaces/msg/num.h
[6.165s] -- Installing: /home/mayudong/ros2_ws/install/tutorial_interfaces/include/tutorial_interfaces/msg/sphere.h
[6.165s] -- Installing: /home/mayudong/ros2_ws/install/tutorial_interfaces/include/tutorial_interfaces/msg/detail
[6.165s] -- Installing: /home/mayudong/ros2_ws/install/tutorial_interfaces/include/tutorial_interfaces/msg/detail/sphere__functions.h
[6.165s] -- Installing: /home/mayudong/ros2_ws/install/tutorial_interfaces/include/tutorial_interfaces/msg/detail/num__functions.c
[6.165s] -- Installing: /home/mayudong/ros2_ws/install/tutorial_interfaces/include/tutorial_interfaces/msg/detail/num__functions.h
[6.167s] -- Installing: /home/mayudong/ros2_ws/install/tutorial_interfaces/include/tutorial_interfaces/msg/detail/sphere__struct.h
[6.167s] -- Installing: /home/mayudong/ros2_ws/install/tutorial_interfaces/include/tutorial_interfaces/msg/detail/sphere__functions.c
[6.167s] -- Installing: /home/mayudong/ros2_ws/install/tutorial_interfaces/include/tutorial_interfaces/msg/detail/num__type_support.h
[6.167s] -- Installing: /home/mayudong/ros2_ws/install/tutorial_interfaces/include/tutorial_interfaces/msg/detail/num__struct.h
[6.168s] -- Installing: /home/mayudong/ros2_ws/install/tutorial_interfaces/include/tutorial_interfaces/msg/detail/sphere__type_support.h
[6.168s] -- Installing: /home/mayudong/ros2_ws/install/tutorial_interfaces/include/tutorial_interfaces/srv
[6.168s] -- Installing: /home/mayudong/ros2_ws/install/tutorial_interfaces/include/tutorial_interfaces/srv/add_three_ints.h
[6.168s] -- Installing: /home/mayudong/ros2_ws/install/tutorial_interfaces/include/tutorial_interfaces/srv/detail
[6.168s] -- Installing: /home/mayudong/ros2_ws/install/tutorial_interfaces/include/tutorial_interfaces/srv/detail/add_three_ints__type_support.h
[6.169s] -- Installing: /home/mayudong/ros2_ws/install/tutorial_interfaces/include/tutorial_interfaces/srv/detail/add_three_ints__functions.c
[6.169s] -- Installing: /home/mayudong/ros2_ws/install/tutorial_interfaces/include/tutorial_interfaces/srv/detail/add_three_ints__struct.h
[6.169s] -- Installing: /home/mayudong/ros2_ws/install/tutorial_interfaces/include/tutorial_interfaces/srv/detail/add_three_ints__functions.h
[6.170s] -- Installing: /home/mayudong/ros2_ws/install/tutorial_interfaces/share/tutorial_interfaces/environment/library_path.sh
[6.170s] -- Installing: /home/mayudong/ros2_ws/install/tutorial_interfaces/share/tutorial_interfaces/environment/library_path.dsv
[6.170s] -- Installing: /home/mayudong/ros2_ws/install/tutorial_interfaces/lib/libtutorial_interfaces__rosidl_generator_c.so
[6.170s] -- Set runtime path of "/home/mayudong/ros2_ws/install/tutorial_interfaces/lib/libtutorial_interfaces__rosidl_generator_c.so" to ""
[6.170s] -- Up-to-date: /home/mayudong/ros2_ws/install/tutorial_interfaces/include/tutorial_interfaces
[6.170s] -- Up-to-date: /home/mayudong/ros2_ws/install/tutorial_interfaces/include/tutorial_interfaces/msg
[6.170s] -- Up-to-date: /home/mayudong/ros2_ws/install/tutorial_interfaces/include/tutorial_interfaces/msg/detail
[6.170s] -- Installing: /home/mayudong/ros2_ws/install/tutorial_interfaces/include/tutorial_interfaces/msg/detail/sphere__rosidl_typesupport_fastrtps_c.h
[6.170s] -- Installing: /home/mayudong/ros2_ws/install/tutorial_interfaces/include/tutorial_interfaces/msg/detail/num__rosidl_typesupport_fastrtps_c.h
[6.170s] -- Installing: /home/mayudong/ros2_ws/install/tutorial_interfaces/include/tutorial_interfaces/msg/rosidl_typesupport_fastrtps_c__visibility_control.h
[6.170s] -- Up-to-date: /home/mayudong/ros2_ws/install/tutorial_interfaces/include/tutorial_interfaces/srv
[6.170s] -- Up-to-date: /home/mayudong/ros2_ws/install/tutorial_interfaces/include/tutorial_interfaces/srv/detail
[6.170s] -- Installing: /home/mayudong/ros2_ws/install/tutorial_interfaces/include/tutorial_interfaces/srv/detail/add_three_ints__rosidl_typesupport_fastrtps_c.h
[6.171s] -- Installing: /home/mayudong/ros2_ws/install/tutorial_interfaces/lib/libtutorial_interfaces__rosidl_typesupport_fastrtps_c.so
[6.171s] -- Set runtime path of "/home/mayudong/ros2_ws/install/tutorial_interfaces/lib/libtutorial_interfaces__rosidl_typesupport_fastrtps_c.so" to ""
[6.171s] -- Up-to-date: /home/mayudong/ros2_ws/install/tutorial_interfaces/include/tutorial_interfaces
[6.173s] -- Up-to-date: /home/mayudong/ros2_ws/install/tutorial_interfaces/include/tutorial_interfaces/msg
[6.173s] -- Up-to-date: /home/mayudong/ros2_ws/install/tutorial_interfaces/include/tutorial_interfaces/msg/detail
[6.174s] -- Installing: /home/mayudong/ros2_ws/install/tutorial_interfaces/include/tutorial_interfaces/msg/detail/dds_fastrtps
[6.174s] -- Installing: /home/mayudong/ros2_ws/install/tutorial_interfaces/include/tutorial_interfaces/msg/detail/sphere__rosidl_typesupport_fastrtps_cpp.hpp
[6.174s] -- Installing: /home/mayudong/ros2_ws/install/tutorial_interfaces/include/tutorial_interfaces/msg/detail/num__rosidl_typesupport_fastrtps_cpp.hpp
[6.174s] -- Installing: /home/mayudong/ros2_ws/install/tutorial_interfaces/include/tutorial_interfaces/msg/rosidl_typesupport_fastrtps_cpp__visibility_control.h
[6.174s] -- Up-to-date: /home/mayudong/ros2_ws/install/tutorial_interfaces/include/tutorial_interfaces/srv
[6.174s] -- Up-to-date: /home/mayudong/ros2_ws/install/tutorial_interfaces/include/tutorial_interfaces/srv/detail
[6.174s] -- Installing: /home/mayudong/ros2_ws/install/tutorial_interfaces/include/tutorial_interfaces/srv/detail/add_three_ints__rosidl_typesupport_fastrtps_cpp.hpp
[6.174s] -- Installing: /home/mayudong/ros2_ws/install/tutorial_interfaces/include/tutorial_interfaces/srv/detail/dds_fastrtps
[6.175s] -- Installing: /home/mayudong/ros2_ws/install/tutorial_interfaces/lib/libtutorial_interfaces__rosidl_typesupport_fastrtps_cpp.so
[6.175s] -- Set runtime path of "/home/mayudong/ros2_ws/install/tutorial_interfaces/lib/libtutorial_interfaces__rosidl_typesupport_fastrtps_cpp.so" to ""
[6.175s] -- Up-to-date: /home/mayudong/ros2_ws/install/tutorial_interfaces/include/tutorial_interfaces
[6.176s] -- Up-to-date: /home/mayudong/ros2_ws/install/tutorial_interfaces/include/tutorial_interfaces/msg
[6.176s] -- Installing: /home/mayudong/ros2_ws/install/tutorial_interfaces/include/tutorial_interfaces/msg/rosidl_typesupport_introspection_c__visibility_control.h
[6.176s] -- Up-to-date: /home/mayudong/ros2_ws/install/tutorial_interfaces/include/tutorial_interfaces/msg/detail
[6.176s] -- Installing: /home/mayudong/ros2_ws/install/tutorial_interfaces/include/tutorial_interfaces/msg/detail/num__type_support.c
[6.176s] -- Installing: /home/mayudong/ros2_ws/install/tutorial_interfaces/include/tutorial_interfaces/msg/detail/sphere__rosidl_typesupport_introspection_c.h
[6.177s] -- Installing: /home/mayudong/ros2_ws/install/tutorial_interfaces/include/tutorial_interfaces/msg/detail/sphere__type_support.c
[6.177s] -- Installing: /home/mayudong/ros2_ws/install/tutorial_interfaces/include/tutorial_interfaces/msg/detail/num__rosidl_typesupport_introspection_c.h
[6.178s] -- Up-to-date: /home/mayudong/ros2_ws/install/tutorial_interfaces/include/tutorial_interfaces/srv
[6.178s] -- Up-to-date: /home/mayudong/ros2_ws/install/tutorial_interfaces/include/tutorial_interfaces/srv/detail
[6.178s] -- Installing: /home/mayudong/ros2_ws/install/tutorial_interfaces/include/tutorial_interfaces/srv/detail/add_three_ints__type_support.c
[6.178s] -- Installing: /home/mayudong/ros2_ws/install/tutorial_interfaces/include/tutorial_interfaces/srv/detail/add_three_ints__rosidl_typesupport_introspection_c.h
[6.178s] -- Installing: /home/mayudong/ros2_ws/install/tutorial_interfaces/lib/libtutorial_interfaces__rosidl_typesupport_introspection_c.so
[6.178s] -- Set runtime path of "/home/mayudong/ros2_ws/install/tutorial_interfaces/lib/libtutorial_interfaces__rosidl_typesupport_introspection_c.so" to ""
[6.178s] -- Installing: /home/mayudong/ros2_ws/install/tutorial_interfaces/lib/libtutorial_interfaces__rosidl_typesupport_c.so
[6.178s] -- Set runtime path of "/home/mayudong/ros2_ws/install/tutorial_interfaces/lib/libtutorial_interfaces__rosidl_typesupport_c.so" to ""
[6.178s] -- Up-to-date: /home/mayudong/ros2_ws/install/tutorial_interfaces/include/tutorial_interfaces
[6.178s] -- Up-to-date: /home/mayudong/ros2_ws/install/tutorial_interfaces/include/tutorial_interfaces/msg
[6.178s] -- Installing: /home/mayudong/ros2_ws/install/tutorial_interfaces/include/tutorial_interfaces/msg/num.hpp
[6.178s] -- Up-to-date: /home/mayudong/ros2_ws/install/tutorial_interfaces/include/tutorial_interfaces/msg/detail
[6.179s] -- Installing: /home/mayudong/ros2_ws/install/tutorial_interfaces/include/tutorial_interfaces/msg/detail/num__traits.hpp
[6.179s] -- Installing: /home/mayudong/ros2_ws/install/tutorial_interfaces/include/tutorial_interfaces/msg/detail/num__struct.hpp
[6.179s] -- Installing: /home/mayudong/ros2_ws/install/tutorial_interfaces/include/tutorial_interfaces/msg/detail/sphere__struct.hpp
[6.179s] -- Installing: /home/mayudong/ros2_ws/install/tutorial_interfaces/include/tutorial_interfaces/msg/detail/sphere__traits.hpp
[6.179s] -- Installing: /home/mayudong/ros2_ws/install/tutorial_interfaces/include/tutorial_interfaces/msg/detail/num__builder.hpp
[6.179s] -- Installing: /home/mayudong/ros2_ws/install/tutorial_interfaces/include/tutorial_interfaces/msg/detail/sphere__builder.hpp
[6.179s] -- Installing: /home/mayudong/ros2_ws/install/tutorial_interfaces/include/tutorial_interfaces/msg/sphere.hpp
[6.179s] -- Up-to-date: /home/mayudong/ros2_ws/install/tutorial_interfaces/include/tutorial_interfaces/srv
[6.179s] -- Up-to-date: /home/mayudong/ros2_ws/install/tutorial_interfaces/include/tutorial_interfaces/srv/detail
[6.179s] -- Installing: /home/mayudong/ros2_ws/install/tutorial_interfaces/include/tutorial_interfaces/srv/detail/add_three_ints__struct.hpp
[6.179s] -- Installing: /home/mayudong/ros2_ws/install/tutorial_interfaces/include/tutorial_interfaces/srv/detail/add_three_ints__builder.hpp
[6.179s] -- Installing: /home/mayudong/ros2_ws/install/tutorial_interfaces/include/tutorial_interfaces/srv/detail/add_three_ints__traits.hpp
[6.180s] -- Installing: /home/mayudong/ros2_ws/install/tutorial_interfaces/include/tutorial_interfaces/srv/add_three_ints.hpp
[6.180s] -- Up-to-date: /home/mayudong/ros2_ws/install/tutorial_interfaces/include/tutorial_interfaces
[6.180s] -- Up-to-date: /home/mayudong/ros2_ws/install/tutorial_interfaces/include/tutorial_interfaces/msg
[6.180s] -- Up-to-date: /home/mayudong/ros2_ws/install/tutorial_interfaces/include/tutorial_interfaces/msg/detail
[6.180s] -- Installing: /home/mayudong/ros2_ws/install/tutorial_interfaces/include/tutorial_interfaces/msg/detail/num__type_support.cpp
[6.181s] -- Installing: /home/mayudong/ros2_ws/install/tutorial_interfaces/include/tutorial_interfaces/msg/detail/sphere__type_support.cpp
[6.181s] -- Installing: /home/mayudong/ros2_ws/install/tutorial_interfaces/include/tutorial_interfaces/msg/detail/num__rosidl_typesupport_introspection_cpp.hpp
[6.181s] -- Installing: /home/mayudong/ros2_ws/install/tutorial_interfaces/include/tutorial_interfaces/msg/detail/sphere__rosidl_typesupport_introspection_cpp.hpp
[6.181s] -- Up-to-date: /home/mayudong/ros2_ws/install/tutorial_interfaces/include/tutorial_interfaces/srv
[6.181s] -- Up-to-date: /home/mayudong/ros2_ws/install/tutorial_interfaces/include/tutorial_interfaces/srv/detail
[6.181s] -- Installing: /home/mayudong/ros2_ws/install/tutorial_interfaces/include/tutorial_interfaces/srv/detail/add_three_ints__rosidl_typesupport_introspection_cpp.hpp
[6.181s] -- Installing: /home/mayudong/ros2_ws/install/tutorial_interfaces/include/tutorial_interfaces/srv/detail/add_three_ints__type_support.cpp
[6.181s] -- Installing: /home/mayudong/ros2_ws/install/tutorial_interfaces/lib/libtutorial_interfaces__rosidl_typesupport_introspection_cpp.so
[6.181s] -- Set runtime path of "/home/mayudong/ros2_ws/install/tutorial_interfaces/lib/libtutorial_interfaces__rosidl_typesupport_introspection_cpp.so" to ""
[6.181s] -- Installing: /home/mayudong/ros2_ws/install/tutorial_interfaces/lib/libtutorial_interfaces__rosidl_typesupport_cpp.so
[6.181s] -- Set runtime path of "/home/mayudong/ros2_ws/install/tutorial_interfaces/lib/libtutorial_interfaces__rosidl_typesupport_cpp.so" to ""
[6.181s] -- Installing: /home/mayudong/ros2_ws/install/tutorial_interfaces/share/tutorial_interfaces/environment/pythonpath.sh
[6.181s] -- Installing: /home/mayudong/ros2_ws/install/tutorial_interfaces/share/tutorial_interfaces/environment/pythonpath.dsv
[6.182s] -- Installing: /home/mayudong/ros2_ws/install/tutorial_interfaces/lib/python3.8/site-packages/tutorial_interfaces/__init__.py
[6.217s] Compiling '/home/mayudong/ros2_ws/install/tutorial_interfaces/lib/python3.8/site-packages/tutorial_interfaces/__init__.py'...
[6.221s] -- Installing: /home/mayudong/ros2_ws/install/tutorial_interfaces/lib/python3.8/site-packages/tutorial_interfaces/msg
[6.221s] -- Installing: /home/mayudong/ros2_ws/install/tutorial_interfaces/lib/python3.8/site-packages/tutorial_interfaces/msg/_num.py
[6.221s] -- Installing: /home/mayudong/ros2_ws/install/tutorial_interfaces/lib/python3.8/site-packages/tutorial_interfaces/msg/_sphere.py
[6.222s] -- Installing: /home/mayudong/ros2_ws/install/tutorial_interfaces/lib/python3.8/site-packages/tutorial_interfaces/msg/_num_s.c
[6.222s] -- Installing: /home/mayudong/ros2_ws/install/tutorial_interfaces/lib/python3.8/site-packages/tutorial_interfaces/msg/_sphere_s.c
[6.223s] -- Installing: /home/mayudong/ros2_ws/install/tutorial_interfaces/lib/python3.8/site-packages/tutorial_interfaces/msg/__init__.py
[6.223s] -- Installing: /home/mayudong/ros2_ws/install/tutorial_interfaces/lib/python3.8/site-packages/tutorial_interfaces/srv
[6.223s] -- Installing: /home/mayudong/ros2_ws/install/tutorial_interfaces/lib/python3.8/site-packages/tutorial_interfaces/srv/_add_three_ints.py
[6.223s] -- Installing: /home/mayudong/ros2_ws/install/tutorial_interfaces/lib/python3.8/site-packages/tutorial_interfaces/srv/_add_three_ints_s.c
[6.223s] -- Installing: /home/mayudong/ros2_ws/install/tutorial_interfaces/lib/python3.8/site-packages/tutorial_interfaces/srv/__init__.py
[6.223s] -- Installing: /home/mayudong/ros2_ws/install/tutorial_interfaces/lib/python3.8/site-packages/tutorial_interfaces/tutorial_interfaces_s__rosidl_typesupport_fastrtps_c.cpython-38-x86_64-linux-gnu.so
[6.224s] -- Set runtime path of "/home/mayudong/ros2_ws/install/tutorial_interfaces/lib/python3.8/site-packages/tutorial_interfaces/tutorial_interfaces_s__rosidl_typesupport_fastrtps_c.cpython-38-x86_64-linux-gnu.so" to ""
[6.224s] -- Installing: /home/mayudong/ros2_ws/install/tutorial_interfaces/lib/python3.8/site-packages/tutorial_interfaces/tutorial_interfaces_s__rosidl_typesupport_introspection_c.cpython-38-x86_64-linux-gnu.so
[6.225s] -- Set runtime path of "/home/mayudong/ros2_ws/install/tutorial_interfaces/lib/python3.8/site-packages/tutorial_interfaces/tutorial_interfaces_s__rosidl_typesupport_introspection_c.cpython-38-x86_64-linux-gnu.so" to ""
[6.225s] -- Installing: /home/mayudong/ros2_ws/install/tutorial_interfaces/lib/python3.8/site-packages/tutorial_interfaces/tutorial_interfaces_s__rosidl_typesupport_c.cpython-38-x86_64-linux-gnu.so
[6.226s] -- Set runtime path of "/home/mayudong/ros2_ws/install/tutorial_interfaces/lib/python3.8/site-packages/tutorial_interfaces/tutorial_interfaces_s__rosidl_typesupport_c.cpython-38-x86_64-linux-gnu.so" to ""
[6.226s] -- Installing: /home/mayudong/ros2_ws/install/tutorial_interfaces/lib/libtutorial_interfaces__python.so
[6.227s] -- Set runtime path of "/home/mayudong/ros2_ws/install/tutorial_interfaces/lib/libtutorial_interfaces__python.so" to ""
[6.227s] -- Installing: /home/mayudong/ros2_ws/install/tutorial_interfaces/share/tutorial_interfaces/msg/Num.idl
[6.227s] -- Installing: /home/mayudong/ros2_ws/install/tutorial_interfaces/share/tutorial_interfaces/msg/Sphere.idl
[6.227s] -- Installing: /home/mayudong/ros2_ws/install/tutorial_interfaces/share/tutorial_interfaces/srv/AddThreeInts.idl
[6.228s] -- Installing: /home/mayudong/ros2_ws/install/tutorial_interfaces/share/tutorial_interfaces/msg/Num.msg
[6.228s] -- Installing: /home/mayudong/ros2_ws/install/tutorial_interfaces/share/tutorial_interfaces/msg/Sphere.msg
[6.229s] -- Installing: /home/mayudong/ros2_ws/install/tutorial_interfaces/share/tutorial_interfaces/srv/AddThreeInts.srv
[6.229s] -- Installing: /home/mayudong/ros2_ws/install/tutorial_interfaces/share/tutorial_interfaces/srv/AddThreeInts_Request.msg
[6.229s] -- Installing: /home/mayudong/ros2_ws/install/tutorial_interfaces/share/tutorial_interfaces/srv/AddThreeInts_Response.msg
[6.229s] -- Installing: /home/mayudong/ros2_ws/install/tutorial_interfaces/share/ament_index/resource_index/package_run_dependencies/tutorial_interfaces
[6.230s] -- Installing: /home/mayudong/ros2_ws/install/tutorial_interfaces/share/ament_index/resource_index/parent_prefix_path/tutorial_interfaces
[6.230s] -- Installing: /home/mayudong/ros2_ws/install/tutorial_interfaces/share/tutorial_interfaces/environment/ament_prefix_path.sh
[6.230s] -- Installing: /home/mayudong/ros2_ws/install/tutorial_interfaces/share/tutorial_interfaces/environment/ament_prefix_path.dsv
[6.230s] -- Installing: /home/mayudong/ros2_ws/install/tutorial_interfaces/share/tutorial_interfaces/environment/path.sh
[6.230s] -- Installing: /home/mayudong/ros2_ws/install/tutorial_interfaces/share/tutorial_interfaces/environment/path.dsv
[6.231s] -- Installing: /home/mayudong/ros2_ws/install/tutorial_interfaces/share/tutorial_interfaces/local_setup.bash
[6.231s] -- Installing: /home/mayudong/ros2_ws/install/tutorial_interfaces/share/tutorial_interfaces/local_setup.sh
[6.231s] -- Installing: /home/mayudong/ros2_ws/install/tutorial_interfaces/share/tutorial_interfaces/local_setup.zsh
[6.231s] -- Installing: /home/mayudong/ros2_ws/install/tutorial_interfaces/share/tutorial_interfaces/local_setup.dsv
[6.231s] -- Installing: /home/mayudong/ros2_ws/install/tutorial_interfaces/share/tutorial_interfaces/package.dsv
[6.231s] -- Installing: /home/mayudong/ros2_ws/install/tutorial_interfaces/share/ament_index/resource_index/packages/tutorial_interfaces
[6.232s] -- Installing: /home/mayudong/ros2_ws/install/tutorial_interfaces/share/tutorial_interfaces/cmake/tutorial_interfaces__rosidl_generator_cExport.cmake
[6.232s] -- Installing: /home/mayudong/ros2_ws/install/tutorial_interfaces/share/tutorial_interfaces/cmake/tutorial_interfaces__rosidl_generator_cExport-noconfig.cmake
[6.232s] -- Installing: /home/mayudong/ros2_ws/install/tutorial_interfaces/share/tutorial_interfaces/cmake/tutorial_interfaces__rosidl_typesupport_introspection_cExport.cmake
[6.232s] -- Installing: /home/mayudong/ros2_ws/install/tutorial_interfaces/share/tutorial_interfaces/cmake/tutorial_interfaces__rosidl_typesupport_introspection_cExport-noconfig.cmake
[6.232s] -- Installing: /home/mayudong/ros2_ws/install/tutorial_interfaces/share/tutorial_interfaces/cmake/tutorial_interfaces__rosidl_typesupport_cExport.cmake
[6.232s] -- Installing: /home/mayudong/ros2_ws/install/tutorial_interfaces/share/tutorial_interfaces/cmake/tutorial_interfaces__rosidl_typesupport_cExport-noconfig.cmake
[6.233s] -- Installing: /home/mayudong/ros2_ws/install/tutorial_interfaces/share/tutorial_interfaces/cmake/tutorial_interfaces__rosidl_generator_cppExport.cmake
[6.233s] -- Installing: /home/mayudong/ros2_ws/install/tutorial_interfaces/share/tutorial_interfaces/cmake/tutorial_interfaces__rosidl_typesupport_introspection_cppExport.cmake
[6.233s] -- Installing: /home/mayudong/ros2_ws/install/tutorial_interfaces/share/tutorial_interfaces/cmake/tutorial_interfaces__rosidl_typesupport_introspection_cppExport-noconfig.cmake
[6.233s] -- Installing: /home/mayudong/ros2_ws/install/tutorial_interfaces/share/tutorial_interfaces/cmake/tutorial_interfaces__rosidl_typesupport_cppExport.cmake
[6.234s] -- Installing: /home/mayudong/ros2_ws/install/tutorial_interfaces/share/tutorial_interfaces/cmake/tutorial_interfaces__rosidl_typesupport_cppExport-noconfig.cmake
[6.234s] -- Installing: /home/mayudong/ros2_ws/install/tutorial_interfaces/share/tutorial_interfaces/cmake/rosidl_cmake-extras.cmake
[6.234s] -- Installing: /home/mayudong/ros2_ws/install/tutorial_interfaces/share/tutorial_interfaces/cmake/ament_cmake_export_dependencies-extras.cmake
[6.234s] -- Installing: /home/mayudong/ros2_ws/install/tutorial_interfaces/share/tutorial_interfaces/cmake/ament_cmake_export_libraries-extras.cmake
[6.235s] -- Installing: /home/mayudong/ros2_ws/install/tutorial_interfaces/share/tutorial_interfaces/cmake/ament_cmake_export_targets-extras.cmake
[6.235s] -- Installing: /home/mayudong/ros2_ws/install/tutorial_interfaces/share/tutorial_interfaces/cmake/ament_cmake_export_include_directories-extras.cmake
[6.235s] -- Installing: /home/mayudong/ros2_ws/install/tutorial_interfaces/share/tutorial_interfaces/cmake/rosidl_cmake_export_typesupport_libraries-extras.cmake
[6.235s] -- Installing: /home/mayudong/ros2_ws/install/tutorial_interfaces/share/tutorial_interfaces/cmake/rosidl_cmake_export_typesupport_targets-extras.cmake
[6.235s] -- Installing: /home/mayudong/ros2_ws/install/tutorial_interfaces/share/tutorial_interfaces/cmake/tutorial_interfacesConfig.cmake
[6.235s] -- Installing: /home/mayudong/ros2_ws/install/tutorial_interfaces/share/tutorial_interfaces/cmake/tutorial_interfacesConfig-version.cmake
[6.235s] -- Installing: /home/mayudong/ros2_ws/install/tutorial_interfaces/share/tutorial_interfaces/package.xml
[6.240s] Invoked command in '/home/mayudong/ros2_ws/build/tutorial_interfaces' returned '0': CMAKE_PREFIX_PATH=${CMAKE_PREFIX_PATH}:/home/mayudong/ros2_ws/install/examples_rclpy_minimal_subscriber:/home/mayudong/ros2_ws/install/examples_rclpy_minimal_service:/home/mayudong/ros2_ws/install/examples_rclpy_minimal_publisher:/home/mayudong/ros2_ws/install/examples_rclpy_minimal_client:/home/mayudong/ros2_ws/install/examples_rclpy_minimal_action_server:/home/mayudong/ros2_ws/install/examples_rclpy_minimal_action_client:/home/mayudong/ros2_ws/install/examples_rclpy_executors:/opt/ros/foxy /usr/bin/cmake --install /home/mayudong/ros2_ws/build/tutorial_interfaces
