[0.046s] Invoking command in '/home/mayudong/ros2_ws/build/examples_rclcpp_minimal_action_server': CMAKE_PREFIX_PATH=/opt/ros/foxy /usr/bin/cmake /home/mayudong/ros2_ws/src/examples/rclcpp/actions/minimal_action_server -DAMENT_CMAKE_SYMLINK_INSTALL=1 -DCMAKE_INSTALL_PREFIX=/home/mayudong/ros2_ws/install/examples_rclcpp_minimal_action_server
[0.179s] -- The C compiler identification is GNU 9.4.0
[0.269s] -- The CXX compiler identification is GNU 9.4.0
[0.273s] -- Check for working C compiler: /usr/bin/cc
[0.375s] -- Check for working C compiler: /usr/bin/cc -- works
[0.376s] -- Detecting C compiler ABI info
[0.468s] -- Detecting C compiler ABI info - done
[0.479s] -- Detecting C compile features
[0.480s] -- Detecting C compile features - done
[0.482s] -- Check for working CXX compiler: /usr/bin/c++
[0.577s] -- Check for working CXX compiler: /usr/bin/c++ -- works
[0.578s] -- Detecting CXX compiler ABI info
[0.677s] -- Detecting CXX compiler ABI info - done
[0.689s] -- Detecting CXX compile features
[0.690s] -- Detecting CXX compile features - done
[0.693s] -- Found ament_cmake: 0.9.11 (/opt/ros/foxy/share/ament_cmake/cmake)
[0.717s] -- Found PythonInterp: /usr/bin/python3 (found suitable version "3.8.10", minimum required is "3") 
[0.718s] -- Using PYTHON_EXECUTABLE: /usr/bin/python3
[0.911s] -- Override CMake install command with custom implementation using symlinks instead of copying resources
[0.930s] -- Found example_interfaces: 0.9.1 (/opt/ros/foxy/share/example_interfaces/cmake)
[0.957s] -- Using all available rosidl_typesupport_c: rosidl_typesupport_fastrtps_c;rosidl_typesupport_introspection_c
[0.963s] -- Found rosidl_adapter: 1.3.0 (/opt/ros/foxy/share/rosidl_adapter/cmake)
[1.041s] -- Found OpenSSL: /usr/lib/x86_64-linux-gnu/libcrypto.so (found version "1.1.1f")  
[1.068s] -- Found FastRTPS: /opt/ros/foxy/include  
[1.140s] -- Using all available rosidl_typesupport_cpp: rosidl_typesupport_fastrtps_cpp;rosidl_typesupport_introspection_cpp
[1.275s] -- Found rclcpp: 2.4.2 (/opt/ros/foxy/share/rclcpp/cmake)
[1.317s] -- Found rmw_implementation_cmake: 1.0.3 (/opt/ros/foxy/share/rmw_implementation_cmake/cmake)
[1.319s] -- Using RMW implementation 'rmw_fastrtps_cpp' as default
[1.320s] -- Looking for pthread.h
[1.413s] -- Looking for pthread.h - found
[1.413s] -- Performing Test CMAKE_HAVE_LIBC_PTHREAD
[1.516s] -- Performing Test CMAKE_HAVE_LIBC_PTHREAD - Failed
[1.516s] -- Looking for pthread_create in pthreads
[1.610s] -- Looking for pthread_create in pthreads - not found
[1.610s] -- Looking for pthread_create in pthread
[1.706s] -- Looking for pthread_create in pthread - found
[1.707s] -- Found Threads: TRUE  
[1.903s] -- Found rclcpp_action: 2.4.2 (/opt/ros/foxy/share/rclcpp_action/cmake)
[1.946s] -- Found ament_lint_auto: 0.9.7 (/opt/ros/foxy/share/ament_lint_auto/cmake)
[2.042s] -- Added test 'copyright' to check source files copyright and LICENSE
[2.043s] -- Added test 'cppcheck' to perform static code analysis on C / C++ code
[2.043s] -- Configured cppcheck include dirs: 
[2.043s] -- Configured cppcheck exclude dirs and/or files: 
[2.044s] -- Added test 'cpplint' to check C / C++ code against the Google style
[2.044s] -- Configured cpplint exclude dirs and/or files: 
[2.045s] -- Added test 'lint_cmake' to check CMake code style
[2.046s] -- Added test 'uncrustify' to check C / C++ code style
[2.046s] -- Configured uncrustify additional arguments: 
[2.046s] -- Added test 'xmllint' to check XML markup files
[2.050s] -- Configuring done
[2.066s] -- Generating done
[2.068s] -- Build files have been written to: /home/mayudong/ros2_ws/build/examples_rclcpp_minimal_action_server
[2.082s] Invoked command in '/home/mayudong/ros2_ws/build/examples_rclcpp_minimal_action_server' returned '0': CMAKE_PREFIX_PATH=/opt/ros/foxy /usr/bin/cmake /home/mayudong/ros2_ws/src/examples/rclcpp/actions/minimal_action_server -DAMENT_CMAKE_SYMLINK_INSTALL=1 -DCMAKE_INSTALL_PREFIX=/home/mayudong/ros2_ws/install/examples_rclcpp_minimal_action_server
[2.084s] Invoking command in '/home/mayudong/ros2_ws/build/examples_rclcpp_minimal_action_server': CMAKE_PREFIX_PATH=/opt/ros/foxy /usr/bin/cmake --build /home/mayudong/ros2_ws/build/examples_rclcpp_minimal_action_server -- -j6 -l6
[15.106s] [35m[1mScanning dependencies of target action_server_not_composable[0m
[15.106s] [35m[1mScanning dependencies of target action_server_member_functions[0m
[15.106s] [ 25%] [32mBuilding CXX object CMakeFiles/action_server_not_composable.dir/not_composable.cpp.o[0m
[15.106s] [ 50%] [32mBuilding CXX object CMakeFiles/action_server_member_functions.dir/member_functions.cpp.o[0m
[17.480s] [ 75%] [32m[1mLinking CXX executable action_server_member_functions[0m
[17.803s] [ 75%] Built target action_server_member_functions
[18.071s] [100%] [32m[1mLinking CXX executable action_server_not_composable[0m
[18.371s] [100%] Built target action_server_not_composable
[18.393s] Invoked command in '/home/mayudong/ros2_ws/build/examples_rclcpp_minimal_action_server' returned '0': CMAKE_PREFIX_PATH=/opt/ros/foxy /usr/bin/cmake --build /home/mayudong/ros2_ws/build/examples_rclcpp_minimal_action_server -- -j6 -l6
[18.473s] Invoking command in '/home/mayudong/ros2_ws/build/examples_rclcpp_minimal_action_server': CMAKE_PREFIX_PATH=/opt/ros/foxy /usr/bin/cmake --install /home/mayudong/ros2_ws/build/examples_rclcpp_minimal_action_server
[18.604s] -- Install configuration: ""
[18.604s] -- Execute custom install script
[18.604s] -- Symlinking: /home/mayudong/ros2_ws/install/examples_rclcpp_minimal_action_server/lib/examples_rclcpp_minimal_action_server/action_server_not_composable
[18.604s] -- Symlinking: /home/mayudong/ros2_ws/install/examples_rclcpp_minimal_action_server/lib/examples_rclcpp_minimal_action_server/action_server_member_functions
[18.604s] -- Symlinking: /home/mayudong/ros2_ws/install/examples_rclcpp_minimal_action_server/share/ament_index/resource_index/package_run_dependencies/examples_rclcpp_minimal_action_server
[18.605s] -- Symlinking: /home/mayudong/ros2_ws/install/examples_rclcpp_minimal_action_server/share/ament_index/resource_index/parent_prefix_path/examples_rclcpp_minimal_action_server
[18.605s] -- Symlinking: /home/mayudong/ros2_ws/install/examples_rclcpp_minimal_action_server/share/examples_rclcpp_minimal_action_server/environment/ament_prefix_path.sh
[18.605s] -- Symlinking: /home/mayudong/ros2_ws/install/examples_rclcpp_minimal_action_server/share/examples_rclcpp_minimal_action_server/environment/ament_prefix_path.dsv
[18.605s] -- Symlinking: /home/mayudong/ros2_ws/install/examples_rclcpp_minimal_action_server/share/examples_rclcpp_minimal_action_server/environment/path.sh
[18.605s] -- Symlinking: /home/mayudong/ros2_ws/install/examples_rclcpp_minimal_action_server/share/examples_rclcpp_minimal_action_server/environment/path.dsv
[18.607s] -- Symlinking: /home/mayudong/ros2_ws/install/examples_rclcpp_minimal_action_server/share/examples_rclcpp_minimal_action_server/local_setup.bash
[18.627s] -- Symlinking: /home/mayudong/ros2_ws/install/examples_rclcpp_minimal_action_server/share/examples_rclcpp_minimal_action_server/local_setup.sh
[18.641s] -- Symlinking: /home/mayudong/ros2_ws/install/examples_rclcpp_minimal_action_server/share/examples_rclcpp_minimal_action_server/local_setup.zsh
[18.653s] -- Symlinking: /home/mayudong/ros2_ws/install/examples_rclcpp_minimal_action_server/share/examples_rclcpp_minimal_action_server/local_setup.dsv
[18.666s] -- Symlinking: /home/mayudong/ros2_ws/install/examples_rclcpp_minimal_action_server/share/examples_rclcpp_minimal_action_server/package.dsv
[18.678s] -- Symlinking: /home/mayudong/ros2_ws/install/examples_rclcpp_minimal_action_server/share/ament_index/resource_index/packages/examples_rclcpp_minimal_action_server
[18.691s] -- Symlinking: /home/mayudong/ros2_ws/install/examples_rclcpp_minimal_action_server/share/examples_rclcpp_minimal_action_server/cmake/examples_rclcpp_minimal_action_serverConfig.cmake
[18.704s] -- Symlinking: /home/mayudong/ros2_ws/install/examples_rclcpp_minimal_action_server/share/examples_rclcpp_minimal_action_server/cmake/examples_rclcpp_minimal_action_serverConfig-version.cmake
[18.716s] -- Symlinking: /home/mayudong/ros2_ws/install/examples_rclcpp_minimal_action_server/share/examples_rclcpp_minimal_action_server/package.xml
[18.734s] Invoked command in '/home/mayudong/ros2_ws/build/examples_rclcpp_minimal_action_server' returned '0': CMAKE_PREFIX_PATH=/opt/ros/foxy /usr/bin/cmake --install /home/mayudong/ros2_ws/build/examples_rclcpp_minimal_action_server
