[0.044s] Invoking command in '/home/mayudong/ros2_ws/build/examples_rclcpp_minimal_publisher': CMAKE_PREFIX_PATH=/opt/ros/foxy /usr/bin/cmake /home/mayudong/ros2_ws/src/examples/rclcpp/topics/minimal_publisher -DAMENT_CMAKE_SYMLINK_INSTALL=1 -DCMAKE_INSTALL_PREFIX=/home/mayudong/ros2_ws/install/examples_rclcpp_minimal_publisher
[0.159s] -- The C compiler identification is GNU 9.4.0
[0.252s] -- The CXX compiler identification is GNU 9.4.0
[0.253s] -- Check for working C compiler: /usr/bin/cc
[0.343s] -- Check for working C compiler: /usr/bin/cc -- works
[0.344s] -- Detecting C compiler ABI info
[0.428s] -- Detecting C compiler ABI info - done
[0.439s] -- Detecting C compile features
[0.440s] -- Detecting C compile features - done
[0.443s] -- Check for working CXX compiler: /usr/bin/c++
[0.528s] -- Check for working CXX compiler: /usr/bin/c++ -- works
[0.529s] -- Detecting CXX compiler ABI info
[0.628s] -- Detecting CXX compiler ABI info - done
[0.639s] -- Detecting CXX compile features
[0.639s] -- Detecting CXX compile features - done
[0.640s] -- Found ament_cmake: 0.9.11 (/opt/ros/foxy/share/ament_cmake/cmake)
[0.667s] -- Found PythonInterp: /usr/bin/python3 (found suitable version "3.8.10", minimum required is "3") 
[0.667s] -- Using PYTHON_EXECUTABLE: /usr/bin/python3
[0.850s] -- Override CMake install command with custom implementation using symlinks instead of copying resources
[0.870s] -- Found rclcpp: 2.4.2 (/opt/ros/foxy/share/rclcpp/cmake)
[0.909s] -- Using all available rosidl_typesupport_c: rosidl_typesupport_fastrtps_c;rosidl_typesupport_introspection_c
[0.916s] -- Found rosidl_adapter: 1.3.0 (/opt/ros/foxy/share/rosidl_adapter/cmake)
[0.993s] -- Found OpenSSL: /usr/lib/x86_64-linux-gnu/libcrypto.so (found version "1.1.1f")  
[1.021s] -- Found FastRTPS: /opt/ros/foxy/include  
[1.091s] -- Using all available rosidl_typesupport_cpp: rosidl_typesupport_fastrtps_cpp;rosidl_typesupport_introspection_cpp
[1.147s] -- Found rmw_implementation_cmake: 1.0.3 (/opt/ros/foxy/share/rmw_implementation_cmake/cmake)
[1.148s] -- Using RMW implementation 'rmw_fastrtps_cpp' as default
[1.149s] -- Looking for pthread.h
[1.226s] -- Looking for pthread.h - found
[1.226s] -- Performing Test CMAKE_HAVE_LIBC_PTHREAD
[1.322s] -- Performing Test CMAKE_HAVE_LIBC_PTHREAD - Failed
[1.322s] -- Looking for pthread_create in pthreads
[1.409s] -- Looking for pthread_create in pthreads - not found
[1.412s] -- Looking for pthread_create in pthread
[1.505s] -- Looking for pthread_create in pthread - found
[1.506s] -- Found Threads: TRUE  
[1.677s] -- Found ament_lint_auto: 0.9.7 (/opt/ros/foxy/share/ament_lint_auto/cmake)
[1.752s] -- Added test 'copyright' to check source files copyright and LICENSE
[1.753s] -- Added test 'cppcheck' to perform static code analysis on C / C++ code
[1.754s] -- Configured cppcheck include dirs: 
[1.754s] -- Configured cppcheck exclude dirs and/or files: 
[1.755s] -- Added test 'cpplint' to check C / C++ code against the Google style
[1.755s] -- Configured cpplint exclude dirs and/or files: 
[1.756s] -- Added test 'lint_cmake' to check CMake code style
[1.758s] -- Added test 'uncrustify' to check C / C++ code style
[1.758s] -- Configured uncrustify additional arguments: 
[1.759s] -- Added test 'xmllint' to check XML markup files
[1.763s] -- Configuring done
[1.777s] -- Generating done
[1.779s] -- Build files have been written to: /home/mayudong/ros2_ws/build/examples_rclcpp_minimal_publisher
[1.797s] Invoked command in '/home/mayudong/ros2_ws/build/examples_rclcpp_minimal_publisher' returned '0': CMAKE_PREFIX_PATH=/opt/ros/foxy /usr/bin/cmake /home/mayudong/ros2_ws/src/examples/rclcpp/topics/minimal_publisher -DAMENT_CMAKE_SYMLINK_INSTALL=1 -DCMAKE_INSTALL_PREFIX=/home/mayudong/ros2_ws/install/examples_rclcpp_minimal_publisher
[1.798s] Invoking command in '/home/mayudong/ros2_ws/build/examples_rclcpp_minimal_publisher': CMAKE_PREFIX_PATH=/opt/ros/foxy /usr/bin/cmake --build /home/mayudong/ros2_ws/build/examples_rclcpp_minimal_publisher -- -j6 -l6
[1.884s] [35m[1mScanning dependencies of target publisher_not_composable[0m
[1.900s] [35m[1mScanning dependencies of target publisher_lambda[0m
[1.902s] [35m[1mScanning dependencies of target publisher_member_function[0m
[1.943s] [ 16%] [32mBuilding CXX object CMakeFiles/publisher_not_composable.dir/not_composable.cpp.o[0m
[1.972s] [ 33%] [32mBuilding CXX object CMakeFiles/publisher_member_function.dir/member_function.cpp.o[0m
[1.983s] [ 50%] [32mBuilding CXX object CMakeFiles/publisher_lambda.dir/lambda.cpp.o[0m
[15.514s] [ 66%] [32m[1mLinking CXX executable publisher_not_composable[0m
[15.751s] [ 83%] [32m[1mLinking CXX executable publisher_lambda[0m
[16.023s] [100%] [32m[1mLinking CXX executable publisher_member_function[0m
[16.119s] [100%] Built target publisher_not_composable
[16.212s] [100%] Built target publisher_lambda
[16.498s] [100%] Built target publisher_member_function
[16.549s] Invoked command in '/home/mayudong/ros2_ws/build/examples_rclcpp_minimal_publisher' returned '0': CMAKE_PREFIX_PATH=/opt/ros/foxy /usr/bin/cmake --build /home/mayudong/ros2_ws/build/examples_rclcpp_minimal_publisher -- -j6 -l6
[16.990s] Invoking command in '/home/mayudong/ros2_ws/build/examples_rclcpp_minimal_publisher': CMAKE_PREFIX_PATH=/opt/ros/foxy /usr/bin/cmake --install /home/mayudong/ros2_ws/build/examples_rclcpp_minimal_publisher
[17.169s] -- Install configuration: ""
[17.170s] -- Execute custom install script
[17.170s] -- Symlinking: /home/mayudong/ros2_ws/install/examples_rclcpp_minimal_publisher/lib/examples_rclcpp_minimal_publisher/publisher_lambda
[17.170s] -- Symlinking: /home/mayudong/ros2_ws/install/examples_rclcpp_minimal_publisher/lib/examples_rclcpp_minimal_publisher/publisher_member_function
[17.174s] -- Symlinking: /home/mayudong/ros2_ws/install/examples_rclcpp_minimal_publisher/lib/examples_rclcpp_minimal_publisher/publisher_not_composable
[17.174s] -- Symlinking: /home/mayudong/ros2_ws/install/examples_rclcpp_minimal_publisher/share/ament_index/resource_index/package_run_dependencies/examples_rclcpp_minimal_publisher
[17.184s] -- Symlinking: /home/mayudong/ros2_ws/install/examples_rclcpp_minimal_publisher/share/ament_index/resource_index/parent_prefix_path/examples_rclcpp_minimal_publisher
[17.228s] -- Symlinking: /home/mayudong/ros2_ws/install/examples_rclcpp_minimal_publisher/share/examples_rclcpp_minimal_publisher/environment/ament_prefix_path.sh
[17.270s] -- Symlinking: /home/mayudong/ros2_ws/install/examples_rclcpp_minimal_publisher/share/examples_rclcpp_minimal_publisher/environment/ament_prefix_path.dsv
[17.310s] -- Symlinking: /home/mayudong/ros2_ws/install/examples_rclcpp_minimal_publisher/share/examples_rclcpp_minimal_publisher/environment/path.sh
[17.344s] -- Symlinking: /home/mayudong/ros2_ws/install/examples_rclcpp_minimal_publisher/share/examples_rclcpp_minimal_publisher/environment/path.dsv
[17.392s] -- Symlinking: /home/mayudong/ros2_ws/install/examples_rclcpp_minimal_publisher/share/examples_rclcpp_minimal_publisher/local_setup.bash
[17.430s] -- Symlinking: /home/mayudong/ros2_ws/install/examples_rclcpp_minimal_publisher/share/examples_rclcpp_minimal_publisher/local_setup.sh
[17.450s] -- Symlinking: /home/mayudong/ros2_ws/install/examples_rclcpp_minimal_publisher/share/examples_rclcpp_minimal_publisher/local_setup.zsh
[17.478s] -- Symlinking: /home/mayudong/ros2_ws/install/examples_rclcpp_minimal_publisher/share/examples_rclcpp_minimal_publisher/local_setup.dsv
[17.503s] -- Symlinking: /home/mayudong/ros2_ws/install/examples_rclcpp_minimal_publisher/share/examples_rclcpp_minimal_publisher/package.dsv
[17.526s] -- Symlinking: /home/mayudong/ros2_ws/install/examples_rclcpp_minimal_publisher/share/ament_index/resource_index/packages/examples_rclcpp_minimal_publisher
[17.572s] -- Symlinking: /home/mayudong/ros2_ws/install/examples_rclcpp_minimal_publisher/share/examples_rclcpp_minimal_publisher/cmake/examples_rclcpp_minimal_publisherConfig.cmake
[17.586s] -- Symlinking: /home/mayudong/ros2_ws/install/examples_rclcpp_minimal_publisher/share/examples_rclcpp_minimal_publisher/cmake/examples_rclcpp_minimal_publisherConfig-version.cmake
[17.614s] -- Symlinking: /home/mayudong/ros2_ws/install/examples_rclcpp_minimal_publisher/share/examples_rclcpp_minimal_publisher/package.xml
[17.640s] Invoked command in '/home/mayudong/ros2_ws/build/examples_rclcpp_minimal_publisher' returned '0': CMAKE_PREFIX_PATH=/opt/ros/foxy /usr/bin/cmake --install /home/mayudong/ros2_ws/build/examples_rclcpp_minimal_publisher
