[0.120s] Invoking command in '/home/mayudong/ros2_ws/build/examples_rclcpp_multithreaded_executor': CMAKE_PREFIX_PATH=/opt/ros/foxy /usr/bin/cmake /home/mayudong/ros2_ws/src/examples/rclcpp/executors/multithreaded_executor -DCMAKE_INSTALL_PREFIX=/home/mayudong/ros2_ws/install/examples_rclcpp_multithreaded_executor
[0.144s] -- Found ament_cmake: 0.9.11 (/opt/ros/foxy/share/ament_cmake/cmake)
[0.168s] -- Using PYTHON_EXECUTABLE: /usr/bin/python3
[0.414s] -- Override CMake install command with custom implementation using symlinks instead of copying resources
[0.427s] -- Found rclcpp: 2.4.2 (/opt/ros/foxy/share/rclcpp/cmake)
[0.478s] -- Using all available rosidl_typesupport_c: rosidl_typesupport_fastrtps_c;rosidl_typesupport_introspection_c
[0.481s] -- Found rosidl_adapter: 1.3.0 (/opt/ros/foxy/share/rosidl_adapter/cmake)
[0.620s] -- Using all available rosidl_typesupport_cpp: rosidl_typesupport_fastrtps_cpp;rosidl_typesupport_introspection_cpp
[0.673s] -- Found rmw_implementation_cmake: 1.0.3 (/opt/ros/foxy/share/rmw_implementation_cmake/cmake)
[0.675s] -- Using RMW implementation 'rmw_fastrtps_cpp' as default
[0.825s] -- Found ament_lint_auto: 0.9.7 (/opt/ros/foxy/share/ament_lint_auto/cmake)
[0.899s] -- Added test 'copyright' to check source files copyright and LICENSE
[0.900s] -- Added test 'cppcheck' to perform static code analysis on C / C++ code
[0.900s] -- Configured cppcheck include dirs: 
[0.900s] -- Configured cppcheck exclude dirs and/or files: 
[0.901s] -- Added test 'cpplint' to check C / C++ code against the Google style
[0.901s] -- Configured cpplint exclude dirs and/or files: 
[0.902s] -- Added test 'lint_cmake' to check CMake code style
[0.903s] -- Added test 'uncrustify' to check C / C++ code style
[0.903s] -- Configured uncrustify additional arguments: 
[0.904s] -- Added test 'xmllint' to check XML markup files
[0.907s] -- Configuring done
[0.916s] -- Generating done
[0.920s] -- Build files have been written to: /home/mayudong/ros2_ws/build/examples_rclcpp_multithreaded_executor
[0.987s] Invoked command in '/home/mayudong/ros2_ws/build/examples_rclcpp_multithreaded_executor' returned '0': CMAKE_PREFIX_PATH=/opt/ros/foxy /usr/bin/cmake /home/mayudong/ros2_ws/src/examples/rclcpp/executors/multithreaded_executor -DCMAKE_INSTALL_PREFIX=/home/mayudong/ros2_ws/install/examples_rclcpp_multithreaded_executor
[0.990s] Invoking command in '/home/mayudong/ros2_ws/build/examples_rclcpp_multithreaded_executor': CMAKE_PREFIX_PATH=/opt/ros/foxy /usr/bin/cmake --build /home/mayudong/ros2_ws/build/examples_rclcpp_multithreaded_executor -- -j6 -l6
[1.109s] [100%] Built target multithreaded_executor
[1.130s] Invoked command in '/home/mayudong/ros2_ws/build/examples_rclcpp_multithreaded_executor' returned '0': CMAKE_PREFIX_PATH=/opt/ros/foxy /usr/bin/cmake --build /home/mayudong/ros2_ws/build/examples_rclcpp_multithreaded_executor -- -j6 -l6
[1.195s] Invoking command in '/home/mayudong/ros2_ws/build/examples_rclcpp_multithreaded_executor': CMAKE_PREFIX_PATH=/opt/ros/foxy /usr/bin/cmake --install /home/mayudong/ros2_ws/build/examples_rclcpp_multithreaded_executor
[1.207s] -- Install configuration: ""
[1.207s] -- Execute custom install script
[1.208s] -- Up-to-date symlink: /home/mayudong/ros2_ws/install/examples_rclcpp_multithreaded_executor/lib/examples_rclcpp_multithreaded_executor/multithreaded_executor
[1.208s] -- Up-to-date symlink: /home/mayudong/ros2_ws/install/examples_rclcpp_multithreaded_executor/share/ament_index/resource_index/package_run_dependencies/examples_rclcpp_multithreaded_executor
[1.209s] -- Up-to-date symlink: /home/mayudong/ros2_ws/install/examples_rclcpp_multithreaded_executor/share/ament_index/resource_index/parent_prefix_path/examples_rclcpp_multithreaded_executor
[1.209s] -- Up-to-date symlink: /home/mayudong/ros2_ws/install/examples_rclcpp_multithreaded_executor/share/examples_rclcpp_multithreaded_executor/environment/ament_prefix_path.sh
[1.209s] -- Up-to-date symlink: /home/mayudong/ros2_ws/install/examples_rclcpp_multithreaded_executor/share/examples_rclcpp_multithreaded_executor/environment/ament_prefix_path.dsv
[1.210s] -- Up-to-date symlink: /home/mayudong/ros2_ws/install/examples_rclcpp_multithreaded_executor/share/examples_rclcpp_multithreaded_executor/environment/path.sh
[1.210s] -- Up-to-date symlink: /home/mayudong/ros2_ws/install/examples_rclcpp_multithreaded_executor/share/examples_rclcpp_multithreaded_executor/environment/path.dsv
[1.210s] -- Up-to-date symlink: /home/mayudong/ros2_ws/install/examples_rclcpp_multithreaded_executor/share/examples_rclcpp_multithreaded_executor/local_setup.bash
[1.211s] -- Up-to-date symlink: /home/mayudong/ros2_ws/install/examples_rclcpp_multithreaded_executor/share/examples_rclcpp_multithreaded_executor/local_setup.sh
[1.211s] -- Up-to-date symlink: /home/mayudong/ros2_ws/install/examples_rclcpp_multithreaded_executor/share/examples_rclcpp_multithreaded_executor/local_setup.zsh
[1.211s] -- Up-to-date symlink: /home/mayudong/ros2_ws/install/examples_rclcpp_multithreaded_executor/share/examples_rclcpp_multithreaded_executor/local_setup.dsv
[1.211s] -- Symlinking: /home/mayudong/ros2_ws/install/examples_rclcpp_multithreaded_executor/share/examples_rclcpp_multithreaded_executor/package.dsv
[1.223s] -- Up-to-date symlink: /home/mayudong/ros2_ws/install/examples_rclcpp_multithreaded_executor/share/ament_index/resource_index/packages/examples_rclcpp_multithreaded_executor
[1.223s] -- Up-to-date symlink: /home/mayudong/ros2_ws/install/examples_rclcpp_multithreaded_executor/share/examples_rclcpp_multithreaded_executor/cmake/examples_rclcpp_multithreaded_executorConfig.cmake
[1.224s] -- Up-to-date symlink: /home/mayudong/ros2_ws/install/examples_rclcpp_multithreaded_executor/share/examples_rclcpp_multithreaded_executor/cmake/examples_rclcpp_multithreaded_executorConfig-version.cmake
[1.224s] -- Up-to-date symlink: /home/mayudong/ros2_ws/install/examples_rclcpp_multithreaded_executor/share/examples_rclcpp_multithreaded_executor/package.xml
[1.232s] Invoked command in '/home/mayudong/ros2_ws/build/examples_rclcpp_multithreaded_executor' returned '0': CMAKE_PREFIX_PATH=/opt/ros/foxy /usr/bin/cmake --install /home/mayudong/ros2_ws/build/examples_rclcpp_multithreaded_executor
