[0.857s] Invoking command in '/home/mayudong/ros2_ws/build/examples_rclpy_minimal_action_client': PYTHONPATH=/home/mayudong/ros2_ws/build/examples_rclpy_minimal_action_client/prefix_override:/home/mayudong/ros2_ws/install/examples_rclpy_minimal_action_client/lib/python3.8/site-packages:${PYTHONPATH} /usr/bin/python3 setup.py develop --editable --build-directory /home/mayudong/ros2_ws/build/examples_rclpy_minimal_action_client/build --no-deps install_data
[1.157s] running develop
[1.353s] running egg_info
[1.354s] creating examples_rclpy_minimal_action_client.egg-info
[1.359s] writing examples_rclpy_minimal_action_client.egg-info/PKG-INFO
[1.359s] writing dependency_links to examples_rclpy_minimal_action_client.egg-info/dependency_links.txt
[1.359s] writing entry points to examples_rclpy_minimal_action_client.egg-info/entry_points.txt
[1.359s] writing requirements to examples_rclpy_minimal_action_client.egg-info/requires.txt
[1.359s] writing top-level names to examples_rclpy_minimal_action_client.egg-info/top_level.txt
[1.360s] writing manifest file 'examples_rclpy_minimal_action_client.egg-info/SOURCES.txt'
[1.429s] reading manifest file 'examples_rclpy_minimal_action_client.egg-info/SOURCES.txt'
[1.435s] writing manifest file 'examples_rclpy_minimal_action_client.egg-info/SOURCES.txt'
[1.555s] running build_ext
[1.555s] Creating /home/mayudong/ros2_ws/install/examples_rclpy_minimal_action_client/lib/python3.8/site-packages/site.py
[1.557s] Creating /home/mayudong/ros2_ws/install/examples_rclpy_minimal_action_client/lib/python3.8/site-packages/examples-rclpy-minimal-action-client.egg-link (link to .)
[1.560s] Installing client script to /home/mayudong/ros2_ws/install/examples_rclpy_minimal_action_client/lib/examples_rclpy_minimal_action_client
[1.572s] Installing client_cancel script to /home/mayudong/ros2_ws/install/examples_rclpy_minimal_action_client/lib/examples_rclpy_minimal_action_client
[1.572s] Installing client_not_composable script to /home/mayudong/ros2_ws/install/examples_rclpy_minimal_action_client/lib/examples_rclpy_minimal_action_client
[1.573s] 
[1.573s] Installed /home/mayudong/ros2_ws/build/examples_rclpy_minimal_action_client
[1.573s] running install_data
[1.579s] creating /home/mayudong/ros2_ws/install/examples_rclpy_minimal_action_client/share/ament_index
[1.579s] creating /home/mayudong/ros2_ws/install/examples_rclpy_minimal_action_client/share/ament_index/resource_index
[1.579s] creating /home/mayudong/ros2_ws/install/examples_rclpy_minimal_action_client/share/ament_index/resource_index/packages
[1.579s] copying resource/examples_rclpy_minimal_action_client -> /home/mayudong/ros2_ws/install/examples_rclpy_minimal_action_client/share/ament_index/resource_index/packages
[1.580s] copying package.xml -> /home/mayudong/ros2_ws/install/examples_rclpy_minimal_action_client/share/examples_rclpy_minimal_action_client
[1.946s] Invoked command in '/home/mayudong/ros2_ws/build/examples_rclpy_minimal_action_client' returned '0': PYTHONPATH=/home/mayudong/ros2_ws/build/examples_rclpy_minimal_action_client/prefix_override:/home/mayudong/ros2_ws/install/examples_rclpy_minimal_action_client/lib/python3.8/site-packages:${PYTHONPATH} /usr/bin/python3 setup.py develop --editable --build-directory /home/mayudong/ros2_ws/build/examples_rclpy_minimal_action_client/build --no-deps install_data
