[0.018s] Invoking command in '/home/mayudong/ros2_ws/build/cpp_pubsub': CMAKE_PREFIX_PATH=${CMAKE_PREFIX_PATH}:/home/mayudong/ros2_ws/install/examples_rclpy_minimal_subscriber:/home/mayudong/ros2_ws/install/examples_rclpy_minimal_service:/home/mayudong/ros2_ws/install/examples_rclpy_minimal_publisher:/home/mayudong/ros2_ws/install/examples_rclpy_minimal_client:/home/mayudong/ros2_ws/install/examples_rclpy_minimal_action_server:/home/mayudong/ros2_ws/install/examples_rclpy_minimal_action_client:/home/mayudong/ros2_ws/install/examples_rclpy_executors:/opt/ros/foxy /usr/bin/cmake --build /home/mayudong/ros2_ws/build/cpp_pubsub -- -j6 -l6
[0.051s] -- Found ament_cmake: 0.9.11 (/opt/ros/foxy/share/ament_cmake/cmake)
[0.080s] -- Using PYTHON_EXECUTABLE: /usr/bin/python3
[0.242s] -- Found rclcpp: 2.4.2 (/opt/ros/foxy/share/rclcpp/cmake)
[0.274s] -- Using all available rosidl_typesupport_c: rosidl_typesupport_fastrtps_c;rosidl_typesupport_introspection_c
[0.277s] -- Found rosidl_adapter: 1.3.0 (/opt/ros/foxy/share/rosidl_adapter/cmake)
[0.379s] -- Using all available rosidl_typesupport_cpp: rosidl_typesupport_fastrtps_cpp;rosidl_typesupport_introspection_cpp
[0.420s] -- Found rmw_implementation_cmake: 1.0.3 (/opt/ros/foxy/share/rmw_implementation_cmake/cmake)
[0.422s] -- Using RMW implementation 'rmw_fastrtps_cpp' as default
[0.604s] -- Configuring done
[0.616s] -- Generating done
[0.619s] -- Build files have been written to: /home/mayudong/ros2_ws/build/cpp_pubsub
[0.672s] [ 75%] [32m[1mLinking CXX executable listener[0m
[0.672s] [ 75%] Built target talker
[0.865s] [100%] Built target listener
[0.880s] Invoked command in '/home/mayudong/ros2_ws/build/cpp_pubsub' returned '0': CMAKE_PREFIX_PATH=${CMAKE_PREFIX_PATH}:/home/mayudong/ros2_ws/install/examples_rclpy_minimal_subscriber:/home/mayudong/ros2_ws/install/examples_rclpy_minimal_service:/home/mayudong/ros2_ws/install/examples_rclpy_minimal_publisher:/home/mayudong/ros2_ws/install/examples_rclpy_minimal_client:/home/mayudong/ros2_ws/install/examples_rclpy_minimal_action_server:/home/mayudong/ros2_ws/install/examples_rclpy_minimal_action_client:/home/mayudong/ros2_ws/install/examples_rclpy_executors:/opt/ros/foxy /usr/bin/cmake --build /home/mayudong/ros2_ws/build/cpp_pubsub -- -j6 -l6
[0.935s] Invoking command in '/home/mayudong/ros2_ws/build/cpp_pubsub': CMAKE_PREFIX_PATH=${CMAKE_PREFIX_PATH}:/home/mayudong/ros2_ws/install/examples_rclpy_minimal_subscriber:/home/mayudong/ros2_ws/install/examples_rclpy_minimal_service:/home/mayudong/ros2_ws/install/examples_rclpy_minimal_publisher:/home/mayudong/ros2_ws/install/examples_rclpy_minimal_client:/home/mayudong/ros2_ws/install/examples_rclpy_minimal_action_server:/home/mayudong/ros2_ws/install/examples_rclpy_minimal_action_client:/home/mayudong/ros2_ws/install/examples_rclpy_executors:/opt/ros/foxy /usr/bin/cmake --install /home/mayudong/ros2_ws/build/cpp_pubsub
[0.944s] -- Install configuration: ""
[0.944s] -- Up-to-date: /home/mayudong/ros2_ws/install/cpp_pubsub/lib/cpp_pubsub/talker
[0.944s] -- Installing: /home/mayudong/ros2_ws/install/cpp_pubsub/lib/cpp_pubsub/listener
[0.946s] -- Set runtime path of "/home/mayudong/ros2_ws/install/cpp_pubsub/lib/cpp_pubsub/listener" to ""
[0.946s] -- Up-to-date: /home/mayudong/ros2_ws/install/cpp_pubsub/share/ament_index/resource_index/package_run_dependencies/cpp_pubsub
[0.946s] -- Installing: /home/mayudong/ros2_ws/install/cpp_pubsub/share/ament_index/resource_index/parent_prefix_path/cpp_pubsub
[0.946s] -- Up-to-date: /home/mayudong/ros2_ws/install/cpp_pubsub/share/cpp_pubsub/environment/ament_prefix_path.sh
[0.947s] -- Installing: /home/mayudong/ros2_ws/install/cpp_pubsub/share/cpp_pubsub/environment/ament_prefix_path.dsv
[0.947s] -- Up-to-date: /home/mayudong/ros2_ws/install/cpp_pubsub/share/cpp_pubsub/environment/path.sh
[0.948s] -- Installing: /home/mayudong/ros2_ws/install/cpp_pubsub/share/cpp_pubsub/environment/path.dsv
[0.948s] -- Up-to-date: /home/mayudong/ros2_ws/install/cpp_pubsub/share/cpp_pubsub/local_setup.bash
[0.948s] -- Up-to-date: /home/mayudong/ros2_ws/install/cpp_pubsub/share/cpp_pubsub/local_setup.sh
[0.948s] -- Up-to-date: /home/mayudong/ros2_ws/install/cpp_pubsub/share/cpp_pubsub/local_setup.zsh
[0.948s] -- Installing: /home/mayudong/ros2_ws/install/cpp_pubsub/share/cpp_pubsub/local_setup.dsv
[0.949s] -- Installing: /home/mayudong/ros2_ws/install/cpp_pubsub/share/cpp_pubsub/package.dsv
[0.949s] -- Up-to-date: /home/mayudong/ros2_ws/install/cpp_pubsub/share/ament_index/resource_index/packages/cpp_pubsub
[0.949s] -- Up-to-date: /home/mayudong/ros2_ws/install/cpp_pubsub/share/cpp_pubsub/cmake/cpp_pubsubConfig.cmake
[0.950s] -- Up-to-date: /home/mayudong/ros2_ws/install/cpp_pubsub/share/cpp_pubsub/cmake/cpp_pubsubConfig-version.cmake
[0.950s] -- Up-to-date: /home/mayudong/ros2_ws/install/cpp_pubsub/share/cpp_pubsub/package.xml
[0.951s] Invoked command in '/home/mayudong/ros2_ws/build/cpp_pubsub' returned '0': CMAKE_PREFIX_PATH=${CMAKE_PREFIX_PATH}:/home/mayudong/ros2_ws/install/examples_rclpy_minimal_subscriber:/home/mayudong/ros2_ws/install/examples_rclpy_minimal_service:/home/mayudong/ros2_ws/install/examples_rclpy_minimal_publisher:/home/mayudong/ros2_ws/install/examples_rclpy_minimal_client:/home/mayudong/ros2_ws/install/examples_rclpy_minimal_action_server:/home/mayudong/ros2_ws/install/examples_rclpy_minimal_action_client:/home/mayudong/ros2_ws/install/examples_rclpy_executors:/opt/ros/foxy /usr/bin/cmake --install /home/mayudong/ros2_ws/build/cpp_pubsub
