[1.846s] Invoking command in '/home/mayudong/ros2_ws/build/examples_rclpy_executors': PYTHONPATH=/home/mayudong/ros2_ws/build/examples_rclpy_executors/prefix_override:/home/mayudong/ros2_ws/install/examples_rclpy_executors/lib/python3.8/site-packages:${PYTHONPATH} /usr/bin/python3 setup.py develop --uninstall --editable --build-directory /home/mayudong/ros2_ws/build/examples_rclpy_executors/build
[2.098s] running develop
[2.305s] Removing /home/mayudong/ros2_ws/install/examples_rclpy_executors/lib/python3.8/site-packages/examples-rclpy-executors.egg-link (link to .)
[2.342s] Invoked command in '/home/mayudong/ros2_ws/build/examples_rclpy_executors' returned '0': PYTHONPATH=/home/mayudong/ros2_ws/build/examples_rclpy_executors/prefix_override:/home/mayudong/ros2_ws/install/examples_rclpy_executors/lib/python3.8/site-packages:${PYTHONPATH} /usr/bin/python3 setup.py develop --uninstall --editable --build-directory /home/mayudong/ros2_ws/build/examples_rclpy_executors/build
[2.343s] Invoking command in '/home/mayudong/ros2_ws/src/examples/rclpy/executors': PYTHONPATH=/home/mayudong/ros2_ws/build/examples_rclpy_executors/prefix_override:/home/mayudong/ros2_ws/install/examples_rclpy_executors/lib/python3.8/site-packages:${PYTHONPATH} /usr/bin/python3 setup.py egg_info --egg-base ../../../../build/examples_rclpy_executors build --build-base /home/mayudong/ros2_ws/build/examples_rclpy_executors/build install --record /home/mayudong/ros2_ws/build/examples_rclpy_executors/install.log --install-scripts $base/lib/examples_rclpy_executors --single-version-externally-managed
[2.592s] running egg_info
[2.593s] writing ../../../../build/examples_rclpy_executors/examples_rclpy_executors.egg-info/PKG-INFO
[2.593s] writing dependency_links to ../../../../build/examples_rclpy_executors/examples_rclpy_executors.egg-info/dependency_links.txt
[2.594s] writing entry points to ../../../../build/examples_rclpy_executors/examples_rclpy_executors.egg-info/entry_points.txt
[2.594s] writing requirements to ../../../../build/examples_rclpy_executors/examples_rclpy_executors.egg-info/requires.txt
[2.594s] writing top-level names to ../../../../build/examples_rclpy_executors/examples_rclpy_executors.egg-info/top_level.txt
[2.634s] reading manifest file '../../../../build/examples_rclpy_executors/examples_rclpy_executors.egg-info/SOURCES.txt'
[2.636s] writing manifest file '../../../../build/examples_rclpy_executors/examples_rclpy_executors.egg-info/SOURCES.txt'
[2.636s] running build
[2.637s] running build_py
[2.637s] creating /home/mayudong/ros2_ws/build/examples_rclpy_executors/build
[2.637s] creating /home/mayudong/ros2_ws/build/examples_rclpy_executors/build/lib
[2.637s] creating /home/mayudong/ros2_ws/build/examples_rclpy_executors/build/lib/examples_rclpy_executors
[2.637s] copying examples_rclpy_executors/talker.py -> /home/mayudong/ros2_ws/build/examples_rclpy_executors/build/lib/examples_rclpy_executors
[2.637s] copying examples_rclpy_executors/custom_executor.py -> /home/mayudong/ros2_ws/build/examples_rclpy_executors/build/lib/examples_rclpy_executors
[2.637s] copying examples_rclpy_executors/listener.py -> /home/mayudong/ros2_ws/build/examples_rclpy_executors/build/lib/examples_rclpy_executors
[2.637s] copying examples_rclpy_executors/custom_callback_group.py -> /home/mayudong/ros2_ws/build/examples_rclpy_executors/build/lib/examples_rclpy_executors
[2.637s] copying examples_rclpy_executors/callback_group.py -> /home/mayudong/ros2_ws/build/examples_rclpy_executors/build/lib/examples_rclpy_executors
[2.637s] copying examples_rclpy_executors/__init__.py -> /home/mayudong/ros2_ws/build/examples_rclpy_executors/build/lib/examples_rclpy_executors
[2.638s] copying examples_rclpy_executors/composed.py -> /home/mayudong/ros2_ws/build/examples_rclpy_executors/build/lib/examples_rclpy_executors
[2.638s] running install
[2.638s] running install_lib
[2.639s] creating /home/mayudong/ros2_ws/install/examples_rclpy_executors/lib/python3.8/site-packages/examples_rclpy_executors
[2.640s] copying /home/mayudong/ros2_ws/build/examples_rclpy_executors/build/lib/examples_rclpy_executors/talker.py -> /home/mayudong/ros2_ws/install/examples_rclpy_executors/lib/python3.8/site-packages/examples_rclpy_executors
[2.640s] copying /home/mayudong/ros2_ws/build/examples_rclpy_executors/build/lib/examples_rclpy_executors/custom_executor.py -> /home/mayudong/ros2_ws/install/examples_rclpy_executors/lib/python3.8/site-packages/examples_rclpy_executors
[2.640s] copying /home/mayudong/ros2_ws/build/examples_rclpy_executors/build/lib/examples_rclpy_executors/listener.py -> /home/mayudong/ros2_ws/install/examples_rclpy_executors/lib/python3.8/site-packages/examples_rclpy_executors
[2.640s] copying /home/mayudong/ros2_ws/build/examples_rclpy_executors/build/lib/examples_rclpy_executors/custom_callback_group.py -> /home/mayudong/ros2_ws/install/examples_rclpy_executors/lib/python3.8/site-packages/examples_rclpy_executors
[2.640s] copying /home/mayudong/ros2_ws/build/examples_rclpy_executors/build/lib/examples_rclpy_executors/callback_group.py -> /home/mayudong/ros2_ws/install/examples_rclpy_executors/lib/python3.8/site-packages/examples_rclpy_executors
[2.641s] copying /home/mayudong/ros2_ws/build/examples_rclpy_executors/build/lib/examples_rclpy_executors/__init__.py -> /home/mayudong/ros2_ws/install/examples_rclpy_executors/lib/python3.8/site-packages/examples_rclpy_executors
[2.641s] copying /home/mayudong/ros2_ws/build/examples_rclpy_executors/build/lib/examples_rclpy_executors/composed.py -> /home/mayudong/ros2_ws/install/examples_rclpy_executors/lib/python3.8/site-packages/examples_rclpy_executors
[2.641s] byte-compiling /home/mayudong/ros2_ws/install/examples_rclpy_executors/lib/python3.8/site-packages/examples_rclpy_executors/talker.py to talker.cpython-38.pyc
[2.642s] byte-compiling /home/mayudong/ros2_ws/install/examples_rclpy_executors/lib/python3.8/site-packages/examples_rclpy_executors/custom_executor.py to custom_executor.cpython-38.pyc
[2.643s] byte-compiling /home/mayudong/ros2_ws/install/examples_rclpy_executors/lib/python3.8/site-packages/examples_rclpy_executors/listener.py to listener.cpython-38.pyc
[2.643s] byte-compiling /home/mayudong/ros2_ws/install/examples_rclpy_executors/lib/python3.8/site-packages/examples_rclpy_executors/custom_callback_group.py to custom_callback_group.cpython-38.pyc
[2.643s] byte-compiling /home/mayudong/ros2_ws/install/examples_rclpy_executors/lib/python3.8/site-packages/examples_rclpy_executors/callback_group.py to callback_group.cpython-38.pyc
[2.644s] byte-compiling /home/mayudong/ros2_ws/install/examples_rclpy_executors/lib/python3.8/site-packages/examples_rclpy_executors/__init__.py to __init__.cpython-38.pyc
[2.644s] byte-compiling /home/mayudong/ros2_ws/install/examples_rclpy_executors/lib/python3.8/site-packages/examples_rclpy_executors/composed.py to composed.cpython-38.pyc
[2.644s] running install_data
[2.645s] running install_egg_info
[2.651s] Copying ../../../../build/examples_rclpy_executors/examples_rclpy_executors.egg-info to /home/mayudong/ros2_ws/install/examples_rclpy_executors/lib/python3.8/site-packages/examples_rclpy_executors-0.9.4-py3.8.egg-info
[2.652s] running install_scripts
[2.665s] Installing callback_group script to /home/mayudong/ros2_ws/install/examples_rclpy_executors/lib/examples_rclpy_executors
[2.666s] Installing composed script to /home/mayudong/ros2_ws/install/examples_rclpy_executors/lib/examples_rclpy_executors
[2.666s] Installing custom_callback_group script to /home/mayudong/ros2_ws/install/examples_rclpy_executors/lib/examples_rclpy_executors
[2.666s] Installing custom_executor script to /home/mayudong/ros2_ws/install/examples_rclpy_executors/lib/examples_rclpy_executors
[2.666s] Installing listener script to /home/mayudong/ros2_ws/install/examples_rclpy_executors/lib/examples_rclpy_executors
[2.666s] Installing talker script to /home/mayudong/ros2_ws/install/examples_rclpy_executors/lib/examples_rclpy_executors
[2.667s] writing list of installed files to '/home/mayudong/ros2_ws/build/examples_rclpy_executors/install.log'
[2.692s] Invoked command in '/home/mayudong/ros2_ws/src/examples/rclpy/executors' returned '0': PYTHONPATH=/home/mayudong/ros2_ws/build/examples_rclpy_executors/prefix_override:/home/mayudong/ros2_ws/install/examples_rclpy_executors/lib/python3.8/site-packages:${PYTHONPATH} /usr/bin/python3 setup.py egg_info --egg-base ../../../../build/examples_rclpy_executors build --build-base /home/mayudong/ros2_ws/build/examples_rclpy_executors/build install --record /home/mayudong/ros2_ws/build/examples_rclpy_executors/install.log --install-scripts $base/lib/examples_rclpy_executors --single-version-externally-managed
