[0.054s] Invoking command in '/home/mayudong/ros2_ws/build/examples_rclcpp_minimal_action_server': CMAKE_PREFIX_PATH=/opt/ros/foxy /usr/bin/cmake /home/mayudong/ros2_ws/src/examples/rclcpp/actions/minimal_action_server -DCMAKE_INSTALL_PREFIX=/home/mayudong/ros2_ws/install/examples_rclcpp_minimal_action_server
[0.082s] -- Found ament_cmake: 0.9.11 (/opt/ros/foxy/share/ament_cmake/cmake)
[0.101s] -- Using PYTHON_EXECUTABLE: /usr/bin/python3
[0.277s] -- Override CMake install command with custom implementation using symlinks instead of copying resources
[0.285s] -- Found example_interfaces: 0.9.1 (/opt/ros/foxy/share/example_interfaces/cmake)
[0.303s] -- Using all available rosidl_typesupport_c: rosidl_typesupport_fastrtps_c;rosidl_typesupport_introspection_c
[0.306s] -- Found rosidl_adapter: 1.3.0 (/opt/ros/foxy/share/rosidl_adapter/cmake)
[0.421s] -- Using all available rosidl_typesupport_cpp: rosidl_typesupport_fastrtps_cpp;rosidl_typesupport_introspection_cpp
[0.563s] -- Found rclcpp: 2.4.2 (/opt/ros/foxy/share/rclcpp/cmake)
[0.600s] -- Found rmw_implementation_cmake: 1.0.3 (/opt/ros/foxy/share/rmw_implementation_cmake/cmake)
[0.602s] -- Using RMW implementation 'rmw_fastrtps_cpp' as default
[0.739s] -- Found rclcpp_action: 2.4.2 (/opt/ros/foxy/share/rclcpp_action/cmake)
[0.774s] -- Found ament_lint_auto: 0.9.7 (/opt/ros/foxy/share/ament_lint_auto/cmake)
[0.851s] -- Added test 'copyright' to check source files copyright and LICENSE
[0.851s] -- Added test 'cppcheck' to perform static code analysis on C / C++ code
[0.851s] -- Configured cppcheck include dirs: 
[0.852s] -- Configured cppcheck exclude dirs and/or files: 
[0.854s] -- Added test 'cpplint' to check C / C++ code against the Google style
[0.854s] -- Configured cpplint exclude dirs and/or files: 
[0.855s] -- Added test 'lint_cmake' to check CMake code style
[0.855s] -- Added test 'uncrustify' to check C / C++ code style
[0.856s] -- Configured uncrustify additional arguments: 
[0.856s] -- Added test 'xmllint' to check XML markup files
[0.860s] -- Configuring done
[0.877s] -- Generating done
[0.880s] -- Build files have been written to: /home/mayudong/ros2_ws/build/examples_rclcpp_minimal_action_server
[0.895s] Invoked command in '/home/mayudong/ros2_ws/build/examples_rclcpp_minimal_action_server' returned '0': CMAKE_PREFIX_PATH=/opt/ros/foxy /usr/bin/cmake /home/mayudong/ros2_ws/src/examples/rclcpp/actions/minimal_action_server -DCMAKE_INSTALL_PREFIX=/home/mayudong/ros2_ws/install/examples_rclcpp_minimal_action_server
[0.899s] Invoking command in '/home/mayudong/ros2_ws/build/examples_rclcpp_minimal_action_server': CMAKE_PREFIX_PATH=/opt/ros/foxy /usr/bin/cmake --build /home/mayudong/ros2_ws/build/examples_rclcpp_minimal_action_server -- -j6 -l6
[1.005s] [ 50%] Built target action_server_not_composable
[1.012s] [100%] Built target action_server_member_functions
[1.033s] Invoked command in '/home/mayudong/ros2_ws/build/examples_rclcpp_minimal_action_server' returned '0': CMAKE_PREFIX_PATH=/opt/ros/foxy /usr/bin/cmake --build /home/mayudong/ros2_ws/build/examples_rclcpp_minimal_action_server -- -j6 -l6
[1.091s] Invoking command in '/home/mayudong/ros2_ws/build/examples_rclcpp_minimal_action_server': CMAKE_PREFIX_PATH=/opt/ros/foxy /usr/bin/cmake --install /home/mayudong/ros2_ws/build/examples_rclcpp_minimal_action_server
[1.116s] -- Install configuration: ""
[1.116s] -- Execute custom install script
[1.116s] -- Up-to-date symlink: /home/mayudong/ros2_ws/install/examples_rclcpp_minimal_action_server/lib/examples_rclcpp_minimal_action_server/action_server_not_composable
[1.116s] -- Up-to-date symlink: /home/mayudong/ros2_ws/install/examples_rclcpp_minimal_action_server/lib/examples_rclcpp_minimal_action_server/action_server_member_functions
[1.116s] -- Up-to-date symlink: /home/mayudong/ros2_ws/install/examples_rclcpp_minimal_action_server/share/ament_index/resource_index/package_run_dependencies/examples_rclcpp_minimal_action_server
[1.117s] -- Up-to-date symlink: /home/mayudong/ros2_ws/install/examples_rclcpp_minimal_action_server/share/ament_index/resource_index/parent_prefix_path/examples_rclcpp_minimal_action_server
[1.117s] -- Up-to-date symlink: /home/mayudong/ros2_ws/install/examples_rclcpp_minimal_action_server/share/examples_rclcpp_minimal_action_server/environment/ament_prefix_path.sh
[1.117s] -- Up-to-date symlink: /home/mayudong/ros2_ws/install/examples_rclcpp_minimal_action_server/share/examples_rclcpp_minimal_action_server/environment/ament_prefix_path.dsv
[1.118s] -- Up-to-date symlink: /home/mayudong/ros2_ws/install/examples_rclcpp_minimal_action_server/share/examples_rclcpp_minimal_action_server/environment/path.sh
[1.118s] -- Up-to-date symlink: /home/mayudong/ros2_ws/install/examples_rclcpp_minimal_action_server/share/examples_rclcpp_minimal_action_server/environment/path.dsv
[1.119s] -- Up-to-date symlink: /home/mayudong/ros2_ws/install/examples_rclcpp_minimal_action_server/share/examples_rclcpp_minimal_action_server/local_setup.bash
[1.119s] -- Up-to-date symlink: /home/mayudong/ros2_ws/install/examples_rclcpp_minimal_action_server/share/examples_rclcpp_minimal_action_server/local_setup.sh
[1.119s] -- Up-to-date symlink: /home/mayudong/ros2_ws/install/examples_rclcpp_minimal_action_server/share/examples_rclcpp_minimal_action_server/local_setup.zsh
[1.120s] -- Up-to-date symlink: /home/mayudong/ros2_ws/install/examples_rclcpp_minimal_action_server/share/examples_rclcpp_minimal_action_server/local_setup.dsv
[1.120s] -- Symlinking: /home/mayudong/ros2_ws/install/examples_rclcpp_minimal_action_server/share/examples_rclcpp_minimal_action_server/package.dsv
[1.123s] -- Up-to-date symlink: /home/mayudong/ros2_ws/install/examples_rclcpp_minimal_action_server/share/ament_index/resource_index/packages/examples_rclcpp_minimal_action_server
[1.123s] -- Up-to-date symlink: /home/mayudong/ros2_ws/install/examples_rclcpp_minimal_action_server/share/examples_rclcpp_minimal_action_server/cmake/examples_rclcpp_minimal_action_serverConfig.cmake
[1.123s] -- Up-to-date symlink: /home/mayudong/ros2_ws/install/examples_rclcpp_minimal_action_server/share/examples_rclcpp_minimal_action_server/cmake/examples_rclcpp_minimal_action_serverConfig-version.cmake
[1.124s] -- Up-to-date symlink: /home/mayudong/ros2_ws/install/examples_rclcpp_minimal_action_server/share/examples_rclcpp_minimal_action_server/package.xml
[1.193s] Invoked command in '/home/mayudong/ros2_ws/build/examples_rclcpp_minimal_action_server' returned '0': CMAKE_PREFIX_PATH=/opt/ros/foxy /usr/bin/cmake --install /home/mayudong/ros2_ws/build/examples_rclcpp_minimal_action_server
