[1.831s] Invoking command in '/home/mayudong/ros2_ws/build/examples_rclpy_minimal_action_client': PYTHONPATH=/home/mayudong/ros2_ws/build/examples_rclpy_minimal_action_client/prefix_override:/home/mayudong/ros2_ws/install/examples_rclpy_minimal_action_client/lib/python3.8/site-packages:${PYTHONPATH} /usr/bin/python3 setup.py develop --uninstall --editable --build-directory /home/mayudong/ros2_ws/build/examples_rclpy_minimal_action_client/build
[2.126s] running develop
[2.301s] Removing /home/mayudong/ros2_ws/install/examples_rclpy_minimal_action_client/lib/python3.8/site-packages/examples-rclpy-minimal-action-client.egg-link (link to .)
[2.351s] Invoked command in '/home/mayudong/ros2_ws/build/examples_rclpy_minimal_action_client' returned '0': PYTHONPATH=/home/mayudong/ros2_ws/build/examples_rclpy_minimal_action_client/prefix_override:/home/mayudong/ros2_ws/install/examples_rclpy_minimal_action_client/lib/python3.8/site-packages:${PYTHONPATH} /usr/bin/python3 setup.py develop --uninstall --editable --build-directory /home/mayudong/ros2_ws/build/examples_rclpy_minimal_action_client/build
[2.352s] Invoking command in '/home/mayudong/ros2_ws/src/examples/rclpy/actions/minimal_action_client': PYTHONPATH=/home/mayudong/ros2_ws/build/examples_rclpy_minimal_action_client/prefix_override:/home/mayudong/ros2_ws/install/examples_rclpy_minimal_action_client/lib/python3.8/site-packages:${PYTHONPATH} /usr/bin/python3 setup.py egg_info --egg-base ../../../../../build/examples_rclpy_minimal_action_client build --build-base /home/mayudong/ros2_ws/build/examples_rclpy_minimal_action_client/build install --record /home/mayudong/ros2_ws/build/examples_rclpy_minimal_action_client/install.log --install-scripts $base/lib/examples_rclpy_minimal_action_client --single-version-externally-managed
[2.615s] running egg_info
[2.617s] writing ../../../../../build/examples_rclpy_minimal_action_client/examples_rclpy_minimal_action_client.egg-info/PKG-INFO
[2.619s] writing dependency_links to ../../../../../build/examples_rclpy_minimal_action_client/examples_rclpy_minimal_action_client.egg-info/dependency_links.txt
[2.622s] writing entry points to ../../../../../build/examples_rclpy_minimal_action_client/examples_rclpy_minimal_action_client.egg-info/entry_points.txt
[2.622s] writing requirements to ../../../../../build/examples_rclpy_minimal_action_client/examples_rclpy_minimal_action_client.egg-info/requires.txt
[2.622s] writing top-level names to ../../../../../build/examples_rclpy_minimal_action_client/examples_rclpy_minimal_action_client.egg-info/top_level.txt
[2.655s] reading manifest file '../../../../../build/examples_rclpy_minimal_action_client/examples_rclpy_minimal_action_client.egg-info/SOURCES.txt'
[2.656s] writing manifest file '../../../../../build/examples_rclpy_minimal_action_client/examples_rclpy_minimal_action_client.egg-info/SOURCES.txt'
[2.657s] running build
[2.657s] running build_py
[2.657s] creating /home/mayudong/ros2_ws/build/examples_rclpy_minimal_action_client/build
[2.657s] creating /home/mayudong/ros2_ws/build/examples_rclpy_minimal_action_client/build/lib
[2.657s] creating /home/mayudong/ros2_ws/build/examples_rclpy_minimal_action_client/build/lib/examples_rclpy_minimal_action_client
[2.657s] copying examples_rclpy_minimal_action_client/client_not_composable.py -> /home/mayudong/ros2_ws/build/examples_rclpy_minimal_action_client/build/lib/examples_rclpy_minimal_action_client
[2.657s] copying examples_rclpy_minimal_action_client/client_cancel.py -> /home/mayudong/ros2_ws/build/examples_rclpy_minimal_action_client/build/lib/examples_rclpy_minimal_action_client
[2.657s] copying examples_rclpy_minimal_action_client/client.py -> /home/mayudong/ros2_ws/build/examples_rclpy_minimal_action_client/build/lib/examples_rclpy_minimal_action_client
[2.658s] copying examples_rclpy_minimal_action_client/__init__.py -> /home/mayudong/ros2_ws/build/examples_rclpy_minimal_action_client/build/lib/examples_rclpy_minimal_action_client
[2.658s] running install
[2.658s] running install_lib
[2.659s] creating /home/mayudong/ros2_ws/install/examples_rclpy_minimal_action_client/lib/python3.8/site-packages/examples_rclpy_minimal_action_client
[2.660s] copying /home/mayudong/ros2_ws/build/examples_rclpy_minimal_action_client/build/lib/examples_rclpy_minimal_action_client/client_not_composable.py -> /home/mayudong/ros2_ws/install/examples_rclpy_minimal_action_client/lib/python3.8/site-packages/examples_rclpy_minimal_action_client
[2.660s] copying /home/mayudong/ros2_ws/build/examples_rclpy_minimal_action_client/build/lib/examples_rclpy_minimal_action_client/client_cancel.py -> /home/mayudong/ros2_ws/install/examples_rclpy_minimal_action_client/lib/python3.8/site-packages/examples_rclpy_minimal_action_client
[2.660s] copying /home/mayudong/ros2_ws/build/examples_rclpy_minimal_action_client/build/lib/examples_rclpy_minimal_action_client/client.py -> /home/mayudong/ros2_ws/install/examples_rclpy_minimal_action_client/lib/python3.8/site-packages/examples_rclpy_minimal_action_client
[2.661s] copying /home/mayudong/ros2_ws/build/examples_rclpy_minimal_action_client/build/lib/examples_rclpy_minimal_action_client/__init__.py -> /home/mayudong/ros2_ws/install/examples_rclpy_minimal_action_client/lib/python3.8/site-packages/examples_rclpy_minimal_action_client
[2.661s] byte-compiling /home/mayudong/ros2_ws/install/examples_rclpy_minimal_action_client/lib/python3.8/site-packages/examples_rclpy_minimal_action_client/client_not_composable.py to client_not_composable.cpython-38.pyc
[2.661s] byte-compiling /home/mayudong/ros2_ws/install/examples_rclpy_minimal_action_client/lib/python3.8/site-packages/examples_rclpy_minimal_action_client/client_cancel.py to client_cancel.cpython-38.pyc
[2.662s] byte-compiling /home/mayudong/ros2_ws/install/examples_rclpy_minimal_action_client/lib/python3.8/site-packages/examples_rclpy_minimal_action_client/client.py to client.cpython-38.pyc
[2.663s] byte-compiling /home/mayudong/ros2_ws/install/examples_rclpy_minimal_action_client/lib/python3.8/site-packages/examples_rclpy_minimal_action_client/__init__.py to __init__.cpython-38.pyc
[2.663s] running install_data
[2.663s] running install_egg_info
[2.665s] Copying ../../../../../build/examples_rclpy_minimal_action_client/examples_rclpy_minimal_action_client.egg-info to /home/mayudong/ros2_ws/install/examples_rclpy_minimal_action_client/lib/python3.8/site-packages/examples_rclpy_minimal_action_client-0.9.4-py3.8.egg-info
[2.666s] running install_scripts
[2.686s] Installing client script to /home/mayudong/ros2_ws/install/examples_rclpy_minimal_action_client/lib/examples_rclpy_minimal_action_client
[2.687s] Installing client_cancel script to /home/mayudong/ros2_ws/install/examples_rclpy_minimal_action_client/lib/examples_rclpy_minimal_action_client
[2.688s] Installing client_not_composable script to /home/mayudong/ros2_ws/install/examples_rclpy_minimal_action_client/lib/examples_rclpy_minimal_action_client
[2.688s] writing list of installed files to '/home/mayudong/ros2_ws/build/examples_rclpy_minimal_action_client/install.log'
[2.721s] Invoked command in '/home/mayudong/ros2_ws/src/examples/rclpy/actions/minimal_action_client' returned '0': PYTHONPATH=/home/mayudong/ros2_ws/build/examples_rclpy_minimal_action_client/prefix_override:/home/mayudong/ros2_ws/install/examples_rclpy_minimal_action_client/lib/python3.8/site-packages:${PYTHONPATH} /usr/bin/python3 setup.py egg_info --egg-base ../../../../../build/examples_rclpy_minimal_action_client build --build-base /home/mayudong/ros2_ws/build/examples_rclpy_minimal_action_client/build install --record /home/mayudong/ros2_ws/build/examples_rclpy_minimal_action_client/install.log --install-scripts $base/lib/examples_rclpy_minimal_action_client --single-version-externally-managed
