[1.499s] Invoking command in '/home/mayudong/ros2_ws/build/examples_rclpy_minimal_publisher': PYTHONPATH=/home/mayudong/ros2_ws/build/examples_rclpy_minimal_publisher/prefix_override:/home/mayudong/ros2_ws/install/examples_rclpy_minimal_publisher/lib/python3.8/site-packages:${PYTHONPATH} /usr/bin/python3 setup.py develop --editable --build-directory /home/mayudong/ros2_ws/build/examples_rclpy_minimal_publisher/build --no-deps install_data
[1.800s] running develop
[1.951s] running egg_info
[1.952s] creating examples_rclpy_minimal_publisher.egg-info
[1.952s] writing examples_rclpy_minimal_publisher.egg-info/PKG-INFO
[1.952s] writing dependency_links to examples_rclpy_minimal_publisher.egg-info/dependency_links.txt
[1.956s] writing entry points to examples_rclpy_minimal_publisher.egg-info/entry_points.txt
[1.960s] writing requirements to examples_rclpy_minimal_publisher.egg-info/requires.txt
[1.960s] writing top-level names to examples_rclpy_minimal_publisher.egg-info/top_level.txt
[1.960s] writing manifest file 'examples_rclpy_minimal_publisher.egg-info/SOURCES.txt'
[2.002s] reading manifest file 'examples_rclpy_minimal_publisher.egg-info/SOURCES.txt'
[2.003s] writing manifest file 'examples_rclpy_minimal_publisher.egg-info/SOURCES.txt'
[2.049s] running build_ext
[2.050s] Creating /home/mayudong/ros2_ws/install/examples_rclpy_minimal_publisher/lib/python3.8/site-packages/site.py
[2.054s] Creating /home/mayudong/ros2_ws/install/examples_rclpy_minimal_publisher/lib/python3.8/site-packages/examples-rclpy-minimal-publisher.egg-link (link to .)
[2.057s] Installing publisher_local_function script to /home/mayudong/ros2_ws/install/examples_rclpy_minimal_publisher/lib/examples_rclpy_minimal_publisher
[2.058s] Installing publisher_member_function script to /home/mayudong/ros2_ws/install/examples_rclpy_minimal_publisher/lib/examples_rclpy_minimal_publisher
[2.058s] Installing publisher_old_school script to /home/mayudong/ros2_ws/install/examples_rclpy_minimal_publisher/lib/examples_rclpy_minimal_publisher
[2.059s] 
[2.059s] Installed /home/mayudong/ros2_ws/build/examples_rclpy_minimal_publisher
[2.060s] running install_data
[2.060s] creating /home/mayudong/ros2_ws/install/examples_rclpy_minimal_publisher/share/ament_index
[2.061s] creating /home/mayudong/ros2_ws/install/examples_rclpy_minimal_publisher/share/ament_index/resource_index
[2.061s] creating /home/mayudong/ros2_ws/install/examples_rclpy_minimal_publisher/share/ament_index/resource_index/packages
[2.062s] copying resource/examples_rclpy_minimal_publisher -> /home/mayudong/ros2_ws/install/examples_rclpy_minimal_publisher/share/ament_index/resource_index/packages
[2.062s] copying package.xml -> /home/mayudong/ros2_ws/install/examples_rclpy_minimal_publisher/share/examples_rclpy_minimal_publisher
[2.115s] Invoked command in '/home/mayudong/ros2_ws/build/examples_rclpy_minimal_publisher' returned '0': PYTHONPATH=/home/mayudong/ros2_ws/build/examples_rclpy_minimal_publisher/prefix_override:/home/mayudong/ros2_ws/install/examples_rclpy_minimal_publisher/lib/python3.8/site-packages:${PYTHONPATH} /usr/bin/python3 setup.py develop --editable --build-directory /home/mayudong/ros2_ws/build/examples_rclpy_minimal_publisher/build --no-deps install_data
