[0.017s] Invoking command in '/home/mayudong/ros2_ws/build/my_package': CMAKE_PREFIX_PATH=${CMAKE_PREFIX_PATH}:/home/mayudong/ros2_ws/install/examples_rclpy_minimal_subscriber:/home/mayudong/ros2_ws/install/examples_rclpy_minimal_service:/home/mayudong/ros2_ws/install/examples_rclpy_minimal_publisher:/home/mayudong/ros2_ws/install/examples_rclpy_minimal_client:/home/mayudong/ros2_ws/install/examples_rclpy_minimal_action_server:/home/mayudong/ros2_ws/install/examples_rclpy_minimal_action_client:/home/mayudong/ros2_ws/install/examples_rclpy_executors:/opt/ros/foxy /usr/bin/cmake /home/mayudong/ros2_ws/src/my_package -DCMAKE_INSTALL_PREFIX=/home/mayudong/ros2_ws/install/my_package
[0.069s] -- The C compiler identification is GNU 9.4.0
[0.117s] -- The CXX compiler identification is GNU 9.4.0
[0.121s] -- Check for working C compiler: /usr/bin/cc
[0.186s] -- Check for working C compiler: /usr/bin/cc -- works
[0.186s] -- Detecting C compiler ABI info
[0.254s] -- Detecting C compiler ABI info - done
[0.263s] -- Detecting C compile features
[0.263s] -- Detecting C compile features - done
[0.265s] -- Check for working CXX compiler: /usr/bin/c++
[0.340s] -- Check for working CXX compiler: /usr/bin/c++ -- works
[0.341s] -- Detecting CXX compiler ABI info
[0.416s] -- Detecting CXX compiler ABI info - done
[0.425s] -- Detecting CXX compile features
[0.426s] -- Detecting CXX compile features - done
[0.429s] -- Found ament_cmake: 0.9.11 (/opt/ros/foxy/share/ament_cmake/cmake)
[0.457s] -- Found PythonInterp: /usr/bin/python3 (found suitable version "3.8.10", minimum required is "3") 
[0.457s] -- Using PYTHON_EXECUTABLE: /usr/bin/python3
[0.625s] -- Found ament_lint_auto: 0.9.7 (/opt/ros/foxy/share/ament_lint_auto/cmake)
[0.691s] -- Added test 'copyright' to check source files copyright and LICENSE
[0.692s] -- Added test 'cppcheck' to perform static code analysis on C / C++ code
[0.692s] -- Configured cppcheck include dirs: $<BUILD_INTERFACE:/home/mayudong/ros2_ws/src/my_package/include>
[0.692s] -- Configured cppcheck exclude dirs and/or files: 
[0.693s] -- Added test 'cpplint' to check C / C++ code against the Google style
[0.693s] -- Configured cpplint exclude dirs and/or files: 
[0.694s] -- Added test 'lint_cmake' to check CMake code style
[0.695s] -- Added test 'uncrustify' to check C / C++ code style
[0.695s] -- Configured uncrustify additional arguments: 
[0.695s] -- Added test 'xmllint' to check XML markup files
[0.697s] -- Configuring done
[0.699s] -- Generating done
[0.700s] -- Build files have been written to: /home/mayudong/ros2_ws/build/my_package
[0.706s] Invoked command in '/home/mayudong/ros2_ws/build/my_package' returned '0': CMAKE_PREFIX_PATH=${CMAKE_PREFIX_PATH}:/home/mayudong/ros2_ws/install/examples_rclpy_minimal_subscriber:/home/mayudong/ros2_ws/install/examples_rclpy_minimal_service:/home/mayudong/ros2_ws/install/examples_rclpy_minimal_publisher:/home/mayudong/ros2_ws/install/examples_rclpy_minimal_client:/home/mayudong/ros2_ws/install/examples_rclpy_minimal_action_server:/home/mayudong/ros2_ws/install/examples_rclpy_minimal_action_client:/home/mayudong/ros2_ws/install/examples_rclpy_executors:/opt/ros/foxy /usr/bin/cmake /home/mayudong/ros2_ws/src/my_package -DCMAKE_INSTALL_PREFIX=/home/mayudong/ros2_ws/install/my_package
[0.707s] Invoking command in '/home/mayudong/ros2_ws/build/my_package': CMAKE_PREFIX_PATH=${CMAKE_PREFIX_PATH}:/home/mayudong/ros2_ws/install/examples_rclpy_minimal_subscriber:/home/mayudong/ros2_ws/install/examples_rclpy_minimal_service:/home/mayudong/ros2_ws/install/examples_rclpy_minimal_publisher:/home/mayudong/ros2_ws/install/examples_rclpy_minimal_client:/home/mayudong/ros2_ws/install/examples_rclpy_minimal_action_server:/home/mayudong/ros2_ws/install/examples_rclpy_minimal_action_client:/home/mayudong/ros2_ws/install/examples_rclpy_executors:/opt/ros/foxy /usr/bin/cmake --build /home/mayudong/ros2_ws/build/my_package -- -j6 -l6
[0.742s] [35m[1mScanning dependencies of target my_node[0m
[0.753s] [ 50%] [32mBuilding CXX object CMakeFiles/my_node.dir/src/my_node.cpp.o[0m
[0.782s] [100%] [32m[1mLinking CXX executable my_node[0m
[0.823s] [100%] Built target my_node
[0.833s] Invoked command in '/home/mayudong/ros2_ws/build/my_package' returned '0': CMAKE_PREFIX_PATH=${CMAKE_PREFIX_PATH}:/home/mayudong/ros2_ws/install/examples_rclpy_minimal_subscriber:/home/mayudong/ros2_ws/install/examples_rclpy_minimal_service:/home/mayudong/ros2_ws/install/examples_rclpy_minimal_publisher:/home/mayudong/ros2_ws/install/examples_rclpy_minimal_client:/home/mayudong/ros2_ws/install/examples_rclpy_minimal_action_server:/home/mayudong/ros2_ws/install/examples_rclpy_minimal_action_client:/home/mayudong/ros2_ws/install/examples_rclpy_executors:/opt/ros/foxy /usr/bin/cmake --build /home/mayudong/ros2_ws/build/my_package -- -j6 -l6
[0.880s] Invoking command in '/home/mayudong/ros2_ws/build/my_package': CMAKE_PREFIX_PATH=${CMAKE_PREFIX_PATH}:/home/mayudong/ros2_ws/install/examples_rclpy_minimal_subscriber:/home/mayudong/ros2_ws/install/examples_rclpy_minimal_service:/home/mayudong/ros2_ws/install/examples_rclpy_minimal_publisher:/home/mayudong/ros2_ws/install/examples_rclpy_minimal_client:/home/mayudong/ros2_ws/install/examples_rclpy_minimal_action_server:/home/mayudong/ros2_ws/install/examples_rclpy_minimal_action_client:/home/mayudong/ros2_ws/install/examples_rclpy_executors:/opt/ros/foxy /usr/bin/cmake --install /home/mayudong/ros2_ws/build/my_package
[0.888s] -- Install configuration: ""
[0.888s] -- Installing: /home/mayudong/ros2_ws/install/my_package/lib/my_package/my_node
[0.888s] -- Installing: /home/mayudong/ros2_ws/install/my_package/share/ament_index/resource_index/package_run_dependencies/my_package
[0.888s] -- Installing: /home/mayudong/ros2_ws/install/my_package/share/ament_index/resource_index/parent_prefix_path/my_package
[0.889s] -- Installing: /home/mayudong/ros2_ws/install/my_package/share/my_package/environment/ament_prefix_path.sh
[0.889s] -- Installing: /home/mayudong/ros2_ws/install/my_package/share/my_package/environment/ament_prefix_path.dsv
[0.889s] -- Installing: /home/mayudong/ros2_ws/install/my_package/share/my_package/environment/path.sh
[0.889s] -- Installing: /home/mayudong/ros2_ws/install/my_package/share/my_package/environment/path.dsv
[0.889s] -- Installing: /home/mayudong/ros2_ws/install/my_package/share/my_package/local_setup.bash
[0.890s] -- Installing: /home/mayudong/ros2_ws/install/my_package/share/my_package/local_setup.sh
[0.890s] -- Installing: /home/mayudong/ros2_ws/install/my_package/share/my_package/local_setup.zsh
[0.890s] -- Installing: /home/mayudong/ros2_ws/install/my_package/share/my_package/local_setup.dsv
[0.890s] -- Installing: /home/mayudong/ros2_ws/install/my_package/share/my_package/package.dsv
[0.890s] -- Installing: /home/mayudong/ros2_ws/install/my_package/share/ament_index/resource_index/packages/my_package
[0.890s] -- Installing: /home/mayudong/ros2_ws/install/my_package/share/my_package/cmake/my_packageConfig.cmake
[0.890s] -- Installing: /home/mayudong/ros2_ws/install/my_package/share/my_package/cmake/my_packageConfig-version.cmake
[0.890s] -- Installing: /home/mayudong/ros2_ws/install/my_package/share/my_package/package.xml
[0.894s] Invoked command in '/home/mayudong/ros2_ws/build/my_package' returned '0': CMAKE_PREFIX_PATH=${CMAKE_PREFIX_PATH}:/home/mayudong/ros2_ws/install/examples_rclpy_minimal_subscriber:/home/mayudong/ros2_ws/install/examples_rclpy_minimal_service:/home/mayudong/ros2_ws/install/examples_rclpy_minimal_publisher:/home/mayudong/ros2_ws/install/examples_rclpy_minimal_client:/home/mayudong/ros2_ws/install/examples_rclpy_minimal_action_server:/home/mayudong/ros2_ws/install/examples_rclpy_minimal_action_client:/home/mayudong/ros2_ws/install/examples_rclpy_executors:/opt/ros/foxy /usr/bin/cmake --install /home/mayudong/ros2_ws/build/my_package
