[0.017s] Invoking command in '/home/mayudong/ros2_ws/build/polygon_base': CMAKE_PREFIX_PATH=${CMAKE_PREFIX_PATH}:/home/mayudong/ros2_ws/install/examples_rclpy_minimal_subscriber:/home/mayudong/ros2_ws/install/examples_rclpy_minimal_service:/home/mayudong/ros2_ws/install/examples_rclpy_minimal_publisher:/home/mayudong/ros2_ws/install/examples_rclpy_minimal_client:/home/mayudong/ros2_ws/install/examples_rclpy_minimal_action_server:/home/mayudong/ros2_ws/install/examples_rclpy_minimal_action_client:/home/mayudong/ros2_ws/install/examples_rclpy_executors:/opt/ros/foxy /usr/bin/cmake --build /home/mayudong/ros2_ws/build/polygon_base -- -j6 -l6
[0.094s] [100%] Built target area_node
[0.109s] Invoked command in '/home/mayudong/ros2_ws/build/polygon_base' returned '0': CMAKE_PREFIX_PATH=${CMAKE_PREFIX_PATH}:/home/mayudong/ros2_ws/install/examples_rclpy_minimal_subscriber:/home/mayudong/ros2_ws/install/examples_rclpy_minimal_service:/home/mayudong/ros2_ws/install/examples_rclpy_minimal_publisher:/home/mayudong/ros2_ws/install/examples_rclpy_minimal_client:/home/mayudong/ros2_ws/install/examples_rclpy_minimal_action_server:/home/mayudong/ros2_ws/install/examples_rclpy_minimal_action_client:/home/mayudong/ros2_ws/install/examples_rclpy_executors:/opt/ros/foxy /usr/bin/cmake --build /home/mayudong/ros2_ws/build/polygon_base -- -j6 -l6
[0.157s] Invoking command in '/home/mayudong/ros2_ws/build/polygon_base': CMAKE_PREFIX_PATH=${CMAKE_PREFIX_PATH}:/home/mayudong/ros2_ws/install/examples_rclpy_minimal_subscriber:/home/mayudong/ros2_ws/install/examples_rclpy_minimal_service:/home/mayudong/ros2_ws/install/examples_rclpy_minimal_publisher:/home/mayudong/ros2_ws/install/examples_rclpy_minimal_client:/home/mayudong/ros2_ws/install/examples_rclpy_minimal_action_server:/home/mayudong/ros2_ws/install/examples_rclpy_minimal_action_client:/home/mayudong/ros2_ws/install/examples_rclpy_executors:/opt/ros/foxy /usr/bin/cmake --install /home/mayudong/ros2_ws/build/polygon_base
[0.166s] -- Install configuration: ""
[0.168s] -- Up-to-date: /home/mayudong/ros2_ws/install/polygon_base/include
[0.168s] -- Up-to-date: /home/mayudong/ros2_ws/install/polygon_base/include/polygon_base
[0.168s] -- Up-to-date: /home/mayudong/ros2_ws/install/polygon_base/include/polygon_base/regular_polygon.hpp
[0.168s] -- Up-to-date: /home/mayudong/ros2_ws/install/polygon_base/lib/polygon_base/area_node
[0.168s] -- Up-to-date: /home/mayudong/ros2_ws/install/polygon_base/share/ament_index/resource_index/package_run_dependencies/polygon_base
[0.168s] -- Up-to-date: /home/mayudong/ros2_ws/install/polygon_base/share/ament_index/resource_index/parent_prefix_path/polygon_base
[0.168s] -- Up-to-date: /home/mayudong/ros2_ws/install/polygon_base/share/polygon_base/environment/ament_prefix_path.sh
[0.168s] -- Up-to-date: /home/mayudong/ros2_ws/install/polygon_base/share/polygon_base/environment/ament_prefix_path.dsv
[0.168s] -- Up-to-date: /home/mayudong/ros2_ws/install/polygon_base/share/polygon_base/environment/path.sh
[0.169s] -- Up-to-date: /home/mayudong/ros2_ws/install/polygon_base/share/polygon_base/environment/path.dsv
[0.169s] -- Up-to-date: /home/mayudong/ros2_ws/install/polygon_base/share/polygon_base/local_setup.bash
[0.169s] -- Up-to-date: /home/mayudong/ros2_ws/install/polygon_base/share/polygon_base/local_setup.sh
[0.169s] -- Up-to-date: /home/mayudong/ros2_ws/install/polygon_base/share/polygon_base/local_setup.zsh
[0.169s] -- Up-to-date: /home/mayudong/ros2_ws/install/polygon_base/share/polygon_base/local_setup.dsv
[0.170s] -- Up-to-date: /home/mayudong/ros2_ws/install/polygon_base/share/polygon_base/package.dsv
[0.170s] -- Up-to-date: /home/mayudong/ros2_ws/install/polygon_base/share/ament_index/resource_index/packages/polygon_base
[0.171s] -- Up-to-date: /home/mayudong/ros2_ws/install/polygon_base/share/polygon_base/cmake/ament_cmake_export_include_directories-extras.cmake
[0.171s] -- Up-to-date: /home/mayudong/ros2_ws/install/polygon_base/share/polygon_base/cmake/polygon_baseConfig.cmake
[0.172s] -- Up-to-date: /home/mayudong/ros2_ws/install/polygon_base/share/polygon_base/cmake/polygon_baseConfig-version.cmake
[0.172s] -- Up-to-date: /home/mayudong/ros2_ws/install/polygon_base/share/polygon_base/package.xml
[0.173s] Invoked command in '/home/mayudong/ros2_ws/build/polygon_base' returned '0': CMAKE_PREFIX_PATH=${CMAKE_PREFIX_PATH}:/home/mayudong/ros2_ws/install/examples_rclpy_minimal_subscriber:/home/mayudong/ros2_ws/install/examples_rclpy_minimal_service:/home/mayudong/ros2_ws/install/examples_rclpy_minimal_publisher:/home/mayudong/ros2_ws/install/examples_rclpy_minimal_client:/home/mayudong/ros2_ws/install/examples_rclpy_minimal_action_server:/home/mayudong/ros2_ws/install/examples_rclpy_minimal_action_client:/home/mayudong/ros2_ws/install/examples_rclpy_executors:/opt/ros/foxy /usr/bin/cmake --install /home/mayudong/ros2_ws/build/polygon_base
