[0.018s] Invoking command in '/home/mayudong/ros2_ws/build/polygon_base': CMAKE_PREFIX_PATH=${CMAKE_PREFIX_PATH}:/home/mayudong/ros2_ws/install/examples_rclpy_minimal_subscriber:/home/mayudong/ros2_ws/install/examples_rclpy_minimal_service:/home/mayudong/ros2_ws/install/examples_rclpy_minimal_publisher:/home/mayudong/ros2_ws/install/examples_rclpy_minimal_client:/home/mayudong/ros2_ws/install/examples_rclpy_minimal_action_server:/home/mayudong/ros2_ws/install/examples_rclpy_minimal_action_client:/home/mayudong/ros2_ws/install/examples_rclpy_executors:/opt/ros/foxy /usr/bin/cmake --build /home/mayudong/ros2_ws/build/polygon_base -- -j6 -l6
[0.076s] [35m[1mScanning dependencies of target area_node[0m
[0.093s] [ 50%] [32mBuilding CXX object CMakeFiles/area_node.dir/src/area_node.cpp.o[0m
[2.580s] [100%] [32m[1mLinking CXX executable area_node[0m
[2.725s] [100%] Built target area_node
[2.741s] Invoked command in '/home/mayudong/ros2_ws/build/polygon_base' returned '0': CMAKE_PREFIX_PATH=${CMAKE_PREFIX_PATH}:/home/mayudong/ros2_ws/install/examples_rclpy_minimal_subscriber:/home/mayudong/ros2_ws/install/examples_rclpy_minimal_service:/home/mayudong/ros2_ws/install/examples_rclpy_minimal_publisher:/home/mayudong/ros2_ws/install/examples_rclpy_minimal_client:/home/mayudong/ros2_ws/install/examples_rclpy_minimal_action_server:/home/mayudong/ros2_ws/install/examples_rclpy_minimal_action_client:/home/mayudong/ros2_ws/install/examples_rclpy_executors:/opt/ros/foxy /usr/bin/cmake --build /home/mayudong/ros2_ws/build/polygon_base -- -j6 -l6
[2.800s] Invoking command in '/home/mayudong/ros2_ws/build/polygon_base': CMAKE_PREFIX_PATH=${CMAKE_PREFIX_PATH}:/home/mayudong/ros2_ws/install/examples_rclpy_minimal_subscriber:/home/mayudong/ros2_ws/install/examples_rclpy_minimal_service:/home/mayudong/ros2_ws/install/examples_rclpy_minimal_publisher:/home/mayudong/ros2_ws/install/examples_rclpy_minimal_client:/home/mayudong/ros2_ws/install/examples_rclpy_minimal_action_server:/home/mayudong/ros2_ws/install/examples_rclpy_minimal_action_client:/home/mayudong/ros2_ws/install/examples_rclpy_executors:/opt/ros/foxy /usr/bin/cmake --install /home/mayudong/ros2_ws/build/polygon_base
[2.809s] -- Install configuration: ""
[2.809s] -- Up-to-date: /home/mayudong/ros2_ws/install/polygon_base/include
[2.809s] -- Up-to-date: /home/mayudong/ros2_ws/install/polygon_base/include/polygon_base
[2.809s] -- Up-to-date: /home/mayudong/ros2_ws/install/polygon_base/include/polygon_base/regular_polygon.hpp
[2.809s] -- Installing: /home/mayudong/ros2_ws/install/polygon_base/lib/polygon_base/area_node
[2.811s] -- Set runtime path of "/home/mayudong/ros2_ws/install/polygon_base/lib/polygon_base/area_node" to ""
[2.811s] -- Up-to-date: /home/mayudong/ros2_ws/install/polygon_base/share/ament_index/resource_index/package_run_dependencies/polygon_base
[2.811s] -- Up-to-date: /home/mayudong/ros2_ws/install/polygon_base/share/ament_index/resource_index/parent_prefix_path/polygon_base
[2.811s] -- Up-to-date: /home/mayudong/ros2_ws/install/polygon_base/share/polygon_base/environment/ament_prefix_path.sh
[2.812s] -- Up-to-date: /home/mayudong/ros2_ws/install/polygon_base/share/polygon_base/environment/ament_prefix_path.dsv
[2.812s] -- Up-to-date: /home/mayudong/ros2_ws/install/polygon_base/share/polygon_base/environment/path.sh
[2.812s] -- Up-to-date: /home/mayudong/ros2_ws/install/polygon_base/share/polygon_base/environment/path.dsv
[2.812s] -- Up-to-date: /home/mayudong/ros2_ws/install/polygon_base/share/polygon_base/local_setup.bash
[2.812s] -- Up-to-date: /home/mayudong/ros2_ws/install/polygon_base/share/polygon_base/local_setup.sh
[2.812s] -- Up-to-date: /home/mayudong/ros2_ws/install/polygon_base/share/polygon_base/local_setup.zsh
[2.813s] -- Up-to-date: /home/mayudong/ros2_ws/install/polygon_base/share/polygon_base/local_setup.dsv
[2.813s] -- Installing: /home/mayudong/ros2_ws/install/polygon_base/share/polygon_base/package.dsv
[2.813s] -- Up-to-date: /home/mayudong/ros2_ws/install/polygon_base/share/ament_index/resource_index/packages/polygon_base
[2.813s] -- Up-to-date: /home/mayudong/ros2_ws/install/polygon_base/share/polygon_base/cmake/ament_cmake_export_include_directories-extras.cmake
[2.813s] -- Up-to-date: /home/mayudong/ros2_ws/install/polygon_base/share/polygon_base/cmake/polygon_baseConfig.cmake
[2.813s] -- Up-to-date: /home/mayudong/ros2_ws/install/polygon_base/share/polygon_base/cmake/polygon_baseConfig-version.cmake
[2.813s] -- Up-to-date: /home/mayudong/ros2_ws/install/polygon_base/share/polygon_base/package.xml
[2.818s] Invoked command in '/home/mayudong/ros2_ws/build/polygon_base' returned '0': CMAKE_PREFIX_PATH=${CMAKE_PREFIX_PATH}:/home/mayudong/ros2_ws/install/examples_rclpy_minimal_subscriber:/home/mayudong/ros2_ws/install/examples_rclpy_minimal_service:/home/mayudong/ros2_ws/install/examples_rclpy_minimal_publisher:/home/mayudong/ros2_ws/install/examples_rclpy_minimal_client:/home/mayudong/ros2_ws/install/examples_rclpy_minimal_action_server:/home/mayudong/ros2_ws/install/examples_rclpy_minimal_action_client:/home/mayudong/ros2_ws/install/examples_rclpy_executors:/opt/ros/foxy /usr/bin/cmake --install /home/mayudong/ros2_ws/build/polygon_base
