[1.476s] Invoking command in '/home/mayudong/ros2_ws/build/examples_rclpy_minimal_client': PYTHONPATH=/home/mayudong/ros2_ws/build/examples_rclpy_minimal_client/prefix_override:/home/mayudong/ros2_ws/install/examples_rclpy_minimal_client/lib/python3.8/site-packages:${PYTHONPATH} /usr/bin/python3 setup.py develop --editable --build-directory /home/mayudong/ros2_ws/build/examples_rclpy_minimal_client/build --no-deps install_data
[1.999s] running develop
[2.281s] running egg_info
[2.281s] creating examples_rclpy_minimal_client.egg-info
[2.281s] writing examples_rclpy_minimal_client.egg-info/PKG-INFO
[2.288s] writing dependency_links to examples_rclpy_minimal_client.egg-info/dependency_links.txt
[2.289s] writing entry points to examples_rclpy_minimal_client.egg-info/entry_points.txt
[2.289s] writing requirements to examples_rclpy_minimal_client.egg-info/requires.txt
[2.289s] writing top-level names to examples_rclpy_minimal_client.egg-info/top_level.txt
[2.290s] writing manifest file 'examples_rclpy_minimal_client.egg-info/SOURCES.txt'
[2.359s] reading manifest file 'examples_rclpy_minimal_client.egg-info/SOURCES.txt'
[2.359s] writing manifest file 'examples_rclpy_minimal_client.egg-info/SOURCES.txt'
[2.440s] running build_ext
[2.441s] Creating /home/mayudong/ros2_ws/install/examples_rclpy_minimal_client/lib/python3.8/site-packages/site.py
[2.443s] Creating /home/mayudong/ros2_ws/install/examples_rclpy_minimal_client/lib/python3.8/site-packages/examples-rclpy-minimal-client.egg-link (link to .)
[2.444s] Installing client script to /home/mayudong/ros2_ws/install/examples_rclpy_minimal_client/lib/examples_rclpy_minimal_client
[2.444s] Installing client_async script to /home/mayudong/ros2_ws/install/examples_rclpy_minimal_client/lib/examples_rclpy_minimal_client
[2.444s] Installing client_async_callback script to /home/mayudong/ros2_ws/install/examples_rclpy_minimal_client/lib/examples_rclpy_minimal_client
[2.444s] Installing client_async_member_function script to /home/mayudong/ros2_ws/install/examples_rclpy_minimal_client/lib/examples_rclpy_minimal_client
[2.445s] 
[2.445s] Installed /home/mayudong/ros2_ws/build/examples_rclpy_minimal_client
[2.445s] running install_data
[2.445s] creating /home/mayudong/ros2_ws/install/examples_rclpy_minimal_client/share/ament_index
[2.445s] creating /home/mayudong/ros2_ws/install/examples_rclpy_minimal_client/share/ament_index/resource_index
[2.445s] creating /home/mayudong/ros2_ws/install/examples_rclpy_minimal_client/share/ament_index/resource_index/packages
[2.445s] copying resource/examples_rclpy_minimal_client -> /home/mayudong/ros2_ws/install/examples_rclpy_minimal_client/share/ament_index/resource_index/packages
[2.446s] copying package.xml -> /home/mayudong/ros2_ws/install/examples_rclpy_minimal_client/share/examples_rclpy_minimal_client
[2.509s] Invoked command in '/home/mayudong/ros2_ws/build/examples_rclpy_minimal_client' returned '0': PYTHONPATH=/home/mayudong/ros2_ws/build/examples_rclpy_minimal_client/prefix_override:/home/mayudong/ros2_ws/install/examples_rclpy_minimal_client/lib/python3.8/site-packages:${PYTHONPATH} /usr/bin/python3 setup.py develop --editable --build-directory /home/mayudong/ros2_ws/build/examples_rclpy_minimal_client/build --no-deps install_data
