[0.019s] Invoking command in '/home/mayudong/ros2_ws/build/more_interfaces': CMAKE_PREFIX_PATH=${CMAKE_PREFIX_PATH}:/home/mayudong/ros2_ws/install/examples_rclpy_minimal_subscriber:/home/mayudong/ros2_ws/install/examples_rclpy_minimal_service:/home/mayudong/ros2_ws/install/examples_rclpy_minimal_publisher:/home/mayudong/ros2_ws/install/examples_rclpy_minimal_client:/home/mayudong/ros2_ws/install/examples_rclpy_minimal_action_server:/home/mayudong/ros2_ws/install/examples_rclpy_minimal_action_client:/home/mayudong/ros2_ws/install/examples_rclpy_executors:/opt/ros/foxy /usr/bin/cmake /home/mayudong/ros2_ws/src/more_interfaces -DCMAKE_INSTALL_PREFIX=/home/mayudong/ros2_ws/install/more_interfaces
[0.131s] -- The C compiler identification is GNU 9.4.0
[0.206s] -- The CXX compiler identification is GNU 9.4.0
[0.212s] -- Check for working C compiler: /usr/bin/cc
[0.290s] -- Check for working C compiler: /usr/bin/cc -- works
[0.290s] -- Detecting C compiler ABI info
[0.407s] -- Detecting C compiler ABI info - done
[0.416s] -- Detecting C compile features
[0.417s] -- Detecting C compile features - done
[0.419s] -- Check for working CXX compiler: /usr/bin/c++
[0.552s] -- Check for working CXX compiler: /usr/bin/c++ -- works
[0.553s] -- Detecting CXX compiler ABI info
[0.692s] -- Detecting CXX compiler ABI info - done
[0.705s] -- Detecting CXX compile features
[0.706s] -- Detecting CXX compile features - done
[0.710s] -- Found ament_cmake: 0.9.11 (/opt/ros/foxy/share/ament_cmake/cmake)
[0.760s] -- Found PythonInterp: /usr/bin/python3 (found suitable version "3.8.10", minimum required is "3") 
[0.760s] -- Using PYTHON_EXECUTABLE: /usr/bin/python3
[1.044s] -- Found rosidl_default_generators: 1.0.1 (/opt/ros/foxy/share/rosidl_default_generators/cmake)
[1.050s] -- Using all available rosidl_typesupport_c: rosidl_typesupport_fastrtps_c;rosidl_typesupport_introspection_c
[1.059s] -- Found rosidl_adapter: 1.3.0 (/opt/ros/foxy/share/rosidl_adapter/cmake)
[1.176s] -- Found OpenSSL: /usr/lib/x86_64-linux-gnu/libcrypto.so (found version "1.1.1f")  
[1.199s] -- Found FastRTPS: /opt/ros/foxy/include  
[1.276s] -- Using all available rosidl_typesupport_cpp: rosidl_typesupport_fastrtps_cpp;rosidl_typesupport_introspection_cpp
[1.329s] -- Found PythonInterp: /usr/bin/python3 (found version "3.8.10") 
[1.488s] -- Found ament_cmake_ros: 0.9.2 (/opt/ros/foxy/share/ament_cmake_ros/cmake)
[1.591s] -- Using all available rosidl_typesupport_c: rosidl_typesupport_fastrtps_c;rosidl_typesupport_introspection_c
[1.598s] -- Using all available rosidl_typesupport_cpp: rosidl_typesupport_fastrtps_cpp;rosidl_typesupport_introspection_cpp
[1.639s] -- Found PythonInterp: /usr/bin/python3 (found suitable version "3.8.10", minimum required is "3.5") 
[1.641s] -- Found python_cmake_module: 0.8.1 (/opt/ros/foxy/share/python_cmake_module/cmake)
[1.673s] -- Found PythonLibs: /usr/lib/x86_64-linux-gnu/libpython3.8.so (found suitable version "3.8.10", minimum required is "3.5") 
[1.673s] -- Using PYTHON_EXECUTABLE: /usr/bin/python3
[1.673s] -- Using PYTHON_INCLUDE_DIRS: /usr/include/python3.8
[1.673s] -- Using PYTHON_LIBRARIES: /usr/lib/x86_64-linux-gnu/libpython3.8.so
[1.696s] -- Found PythonExtra: .so  
[1.739s] -- Found ament_lint_auto: 0.9.7 (/opt/ros/foxy/share/ament_lint_auto/cmake)
[1.765s] -- Added test 'copyright' to check source files copyright and LICENSE
[1.766s] -- Added test 'cppcheck' to perform static code analysis on C / C++ code
[1.768s] -- Configured cppcheck include dirs: 
[1.768s] -- Configured cppcheck exclude dirs and/or files: 
[1.769s] -- Added test 'cpplint' to check C / C++ code against the Google style
[1.769s] -- Configured cpplint exclude dirs and/or files: 
[1.770s] -- Added test 'lint_cmake' to check CMake code style
[1.771s] -- Added test 'uncrustify' to check C / C++ code style
[1.771s] -- Configured uncrustify additional arguments: 
[1.772s] -- Added test 'xmllint' to check XML markup files
[1.776s] -- Configuring done
[1.798s] -- Generating done
[1.800s] -- Build files have been written to: /home/mayudong/ros2_ws/build/more_interfaces
[1.808s] Invoked command in '/home/mayudong/ros2_ws/build/more_interfaces' returned '0': CMAKE_PREFIX_PATH=${CMAKE_PREFIX_PATH}:/home/mayudong/ros2_ws/install/examples_rclpy_minimal_subscriber:/home/mayudong/ros2_ws/install/examples_rclpy_minimal_service:/home/mayudong/ros2_ws/install/examples_rclpy_minimal_publisher:/home/mayudong/ros2_ws/install/examples_rclpy_minimal_client:/home/mayudong/ros2_ws/install/examples_rclpy_minimal_action_server:/home/mayudong/ros2_ws/install/examples_rclpy_minimal_action_client:/home/mayudong/ros2_ws/install/examples_rclpy_executors:/opt/ros/foxy /usr/bin/cmake /home/mayudong/ros2_ws/src/more_interfaces -DCMAKE_INSTALL_PREFIX=/home/mayudong/ros2_ws/install/more_interfaces
[1.808s] Invoking command in '/home/mayudong/ros2_ws/build/more_interfaces': CMAKE_PREFIX_PATH=${CMAKE_PREFIX_PATH}:/home/mayudong/ros2_ws/install/examples_rclpy_minimal_subscriber:/home/mayudong/ros2_ws/install/examples_rclpy_minimal_service:/home/mayudong/ros2_ws/install/examples_rclpy_minimal_publisher:/home/mayudong/ros2_ws/install/examples_rclpy_minimal_client:/home/mayudong/ros2_ws/install/examples_rclpy_minimal_action_server:/home/mayudong/ros2_ws/install/examples_rclpy_minimal_action_client:/home/mayudong/ros2_ws/install/examples_rclpy_executors:/opt/ros/foxy /usr/bin/cmake --build /home/mayudong/ros2_ws/build/more_interfaces -- -j6 -l6
[1.853s] [35m[1mScanning dependencies of target more_interfaces__cpp[0m
[1.856s] [  3%] [34m[1mGenerating C code for ROS interfaces[0m
[1.865s] [  6%] [34m[1mGenerating C++ code for ROS interfaces[0m
[2.092s] [  6%] Built target more_interfaces__cpp
[2.110s] [  9%] [34m[1mGenerating C++ introspection for ROS interfaces[0m
[2.112s] [ 12%] [34m[1mGenerating C++ type support dispatch for ROS interfaces[0m
[2.116s] [ 16%] [34m[1mGenerating C++ type support for eProsima Fast-RTPS[0m
[2.116s] [35m[1mScanning dependencies of target more_interfaces__rosidl_generator_c[0m
[2.147s] [ 19%] [32mBuilding C object CMakeFiles/more_interfaces__rosidl_generator_c.dir/rosidl_generator_c/more_interfaces/msg/detail/address_book__functions.c.o[0m
[2.288s] [ 22%] [32m[1mLinking C shared library libmore_interfaces__rosidl_generator_c.so[0m
[2.382s] [ 22%] Built target more_interfaces__rosidl_generator_c
[2.385s] [35m[1mScanning dependencies of target more_interfaces__rosidl_typesupport_cpp[0m
[2.398s] [ 25%] [34m[1mGenerating C introspection for ROS interfaces[0m
[2.400s] [ 29%] [34m[1mGenerating C type support dispatch for ROS interfaces[0m
[2.407s] [35m[1mScanning dependencies of target more_interfaces__rosidl_typesupport_fastrtps_cpp[0m
[2.408s] [ 32%] [32mBuilding CXX object CMakeFiles/more_interfaces__rosidl_typesupport_cpp.dir/rosidl_typesupport_cpp/more_interfaces/msg/address_book__type_support.cpp.o[0m
[2.428s] [ 35%] [32mBuilding CXX object CMakeFiles/more_interfaces__rosidl_typesupport_fastrtps_cpp.dir/rosidl_typesupport_fastrtps_cpp/more_interfaces/msg/detail/dds_fastrtps/address_book__type_support.cpp.o[0m
[2.460s] [35m[1mScanning dependencies of target more_interfaces__rosidl_typesupport_introspection_cpp[0m
[2.479s] [ 38%] [32mBuilding CXX object CMakeFiles/more_interfaces__rosidl_typesupport_introspection_cpp.dir/rosidl_typesupport_introspection_cpp/more_interfaces/msg/detail/address_book__type_support.cpp.o[0m
[2.685s] [35m[1mScanning dependencies of target more_interfaces__rosidl_typesupport_c[0m
[2.704s] [35m[1mScanning dependencies of target more_interfaces__rosidl_typesupport_introspection_c[0m
[2.743s] [ 41%] [32mBuilding C object CMakeFiles/more_interfaces__rosidl_typesupport_introspection_c.dir/rosidl_typesupport_introspection_c/more_interfaces/msg/detail/address_book__type_support.c.o[0m
[2.778s] [ 45%] [32mBuilding CXX object CMakeFiles/more_interfaces__rosidl_typesupport_c.dir/rosidl_typesupport_c/more_interfaces/msg/address_book__type_support.cpp.o[0m
[2.873s] [ 48%] [32m[1mLinking CXX shared library libmore_interfaces__rosidl_typesupport_c.so[0m
[2.887s] [ 51%] [32m[1mLinking C shared library libmore_interfaces__rosidl_typesupport_introspection_c.so[0m
[2.960s] [ 51%] Built target more_interfaces__rosidl_typesupport_introspection_c
[2.964s] [ 54%] [32m[1mLinking CXX shared library libmore_interfaces__rosidl_typesupport_cpp.so[0m
[2.972s] [ 54%] Built target more_interfaces__rosidl_typesupport_c
[3.016s] [ 54%] Built target more_interfaces__rosidl_typesupport_cpp
[3.017s] [ 58%] [32m[1mLinking CXX shared library libmore_interfaces__rosidl_typesupport_introspection_cpp.so[0m
[3.088s] [ 58%] Built target more_interfaces__rosidl_typesupport_introspection_cpp
[3.137s] [ 61%] [32m[1mLinking CXX shared library libmore_interfaces__rosidl_typesupport_fastrtps_cpp.so[0m
[3.213s] [ 61%] Built target more_interfaces__rosidl_typesupport_fastrtps_cpp
[3.225s] [ 64%] [34m[1mGenerating C type support for eProsima Fast-RTPS[0m
[3.417s] [35m[1mScanning dependencies of target more_interfaces__rosidl_typesupport_fastrtps_c[0m
[3.433s] [ 67%] [32mBuilding CXX object CMakeFiles/more_interfaces__rosidl_typesupport_fastrtps_c.dir/rosidl_typesupport_fastrtps_c/more_interfaces/msg/detail/address_book__type_support_c.cpp.o[0m
[3.748s] [ 70%] [32m[1mLinking CXX shared library libmore_interfaces__rosidl_typesupport_fastrtps_c.so[0m
[3.818s] [ 70%] Built target more_interfaces__rosidl_typesupport_fastrtps_c
[3.829s] [35m[1mScanning dependencies of target more_interfaces[0m
[3.843s] [ 70%] Built target more_interfaces
[3.858s] [35m[1mScanning dependencies of target more_interfaces__py[0m
[3.873s] [ 74%] [34m[1mGenerating Python code for ROS interfaces[0m
[4.216s] [ 74%] Built target more_interfaces__py
[4.227s] [35m[1mScanning dependencies of target more_interfaces__python[0m
[4.246s] [ 77%] [32mBuilding C object CMakeFiles/more_interfaces__python.dir/rosidl_generator_py/more_interfaces/msg/_address_book_s.c.o[0m
[4.326s] [ 80%] [32m[1mLinking C shared library rosidl_generator_py/more_interfaces/libmore_interfaces__python.so[0m
[4.364s] [ 80%] Built target more_interfaces__python
[4.376s] [35m[1mScanning dependencies of target more_interfaces__rosidl_typesupport_fastrtps_c__pyext[0m
[4.376s] [35m[1mScanning dependencies of target more_interfaces__rosidl_typesupport_c__pyext[0m
[4.376s] [35m[1mScanning dependencies of target more_interfaces__rosidl_typesupport_introspection_c__pyext[0m
[4.398s] [ 83%] [32mBuilding C object CMakeFiles/more_interfaces__rosidl_typesupport_introspection_c__pyext.dir/rosidl_generator_py/more_interfaces/_more_interfaces_s.ep.rosidl_typesupport_introspection_c.c.o[0m
[4.401s] [ 90%] [32mBuilding C object CMakeFiles/more_interfaces__rosidl_typesupport_c__pyext.dir/rosidl_generator_py/more_interfaces/_more_interfaces_s.ep.rosidl_typesupport_c.c.o[0m
[4.402s] [ 90%] [32mBuilding C object CMakeFiles/more_interfaces__rosidl_typesupport_fastrtps_c__pyext.dir/rosidl_generator_py/more_interfaces/_more_interfaces_s.ep.rosidl_typesupport_fastrtps_c.c.o[0m
[4.482s] [ 93%] [32m[1mLinking C shared library rosidl_generator_py/more_interfaces/more_interfaces_s__rosidl_typesupport_introspection_c.cpython-38-x86_64-linux-gnu.so[0m
[4.486s] [ 96%] [32m[1mLinking CXX shared library rosidl_generator_py/more_interfaces/more_interfaces_s__rosidl_typesupport_fastrtps_c.cpython-38-x86_64-linux-gnu.so[0m
[4.488s] [100%] [32m[1mLinking C shared library rosidl_generator_py/more_interfaces/more_interfaces_s__rosidl_typesupport_c.cpython-38-x86_64-linux-gnu.so[0m
[4.548s] [100%] Built target more_interfaces__rosidl_typesupport_introspection_c__pyext
[4.553s] [100%] Built target more_interfaces__rosidl_typesupport_c__pyext
[4.576s] [100%] Built target more_interfaces__rosidl_typesupport_fastrtps_c__pyext
[4.595s] Invoked command in '/home/mayudong/ros2_ws/build/more_interfaces' returned '0': CMAKE_PREFIX_PATH=${CMAKE_PREFIX_PATH}:/home/mayudong/ros2_ws/install/examples_rclpy_minimal_subscriber:/home/mayudong/ros2_ws/install/examples_rclpy_minimal_service:/home/mayudong/ros2_ws/install/examples_rclpy_minimal_publisher:/home/mayudong/ros2_ws/install/examples_rclpy_minimal_client:/home/mayudong/ros2_ws/install/examples_rclpy_minimal_action_server:/home/mayudong/ros2_ws/install/examples_rclpy_minimal_action_client:/home/mayudong/ros2_ws/install/examples_rclpy_executors:/opt/ros/foxy /usr/bin/cmake --build /home/mayudong/ros2_ws/build/more_interfaces -- -j6 -l6
[4.720s] Invoking command in '/home/mayudong/ros2_ws/build/more_interfaces': CMAKE_PREFIX_PATH=${CMAKE_PREFIX_PATH}:/home/mayudong/ros2_ws/install/examples_rclpy_minimal_subscriber:/home/mayudong/ros2_ws/install/examples_rclpy_minimal_service:/home/mayudong/ros2_ws/install/examples_rclpy_minimal_publisher:/home/mayudong/ros2_ws/install/examples_rclpy_minimal_client:/home/mayudong/ros2_ws/install/examples_rclpy_minimal_action_server:/home/mayudong/ros2_ws/install/examples_rclpy_minimal_action_client:/home/mayudong/ros2_ws/install/examples_rclpy_executors:/opt/ros/foxy /usr/bin/cmake --install /home/mayudong/ros2_ws/build/more_interfaces
[4.729s] -- Install configuration: ""
[4.729s] -- Installing: /home/mayudong/ros2_ws/install/more_interfaces/share/ament_index/resource_index/rosidl_interfaces/more_interfaces
[4.730s] -- Installing: /home/mayudong/ros2_ws/install/more_interfaces/include/more_interfaces
[4.730s] -- Installing: /home/mayudong/ros2_ws/install/more_interfaces/include/more_interfaces/msg
[4.730s] -- Installing: /home/mayudong/ros2_ws/install/more_interfaces/include/more_interfaces/msg/rosidl_generator_c__visibility_control.h
[4.730s] -- Installing: /home/mayudong/ros2_ws/install/more_interfaces/include/more_interfaces/msg/detail
[4.730s] -- Installing: /home/mayudong/ros2_ws/install/more_interfaces/include/more_interfaces/msg/detail/address_book__struct.h
[4.730s] -- Installing: /home/mayudong/ros2_ws/install/more_interfaces/include/more_interfaces/msg/detail/address_book__type_support.h
[4.731s] -- Installing: /home/mayudong/ros2_ws/install/more_interfaces/include/more_interfaces/msg/detail/address_book__functions.c
[4.731s] -- Installing: /home/mayudong/ros2_ws/install/more_interfaces/include/more_interfaces/msg/detail/address_book__functions.h
[4.731s] -- Installing: /home/mayudong/ros2_ws/install/more_interfaces/include/more_interfaces/msg/address_book.h
[4.731s] -- Installing: /home/mayudong/ros2_ws/install/more_interfaces/share/more_interfaces/environment/library_path.sh
[4.731s] -- Installing: /home/mayudong/ros2_ws/install/more_interfaces/share/more_interfaces/environment/library_path.dsv
[4.731s] -- Installing: /home/mayudong/ros2_ws/install/more_interfaces/lib/libmore_interfaces__rosidl_generator_c.so
[4.732s] -- Set runtime path of "/home/mayudong/ros2_ws/install/more_interfaces/lib/libmore_interfaces__rosidl_generator_c.so" to ""
[4.732s] -- Up-to-date: /home/mayudong/ros2_ws/install/more_interfaces/include/more_interfaces
[4.732s] -- Up-to-date: /home/mayudong/ros2_ws/install/more_interfaces/include/more_interfaces/msg
[4.732s] -- Up-to-date: /home/mayudong/ros2_ws/install/more_interfaces/include/more_interfaces/msg/detail
[4.733s] -- Installing: /home/mayudong/ros2_ws/install/more_interfaces/include/more_interfaces/msg/detail/address_book__rosidl_typesupport_fastrtps_c.h
[4.733s] -- Installing: /home/mayudong/ros2_ws/install/more_interfaces/include/more_interfaces/msg/rosidl_typesupport_fastrtps_c__visibility_control.h
[4.733s] -- Installing: /home/mayudong/ros2_ws/install/more_interfaces/lib/libmore_interfaces__rosidl_typesupport_fastrtps_c.so
[4.733s] -- Set runtime path of "/home/mayudong/ros2_ws/install/more_interfaces/lib/libmore_interfaces__rosidl_typesupport_fastrtps_c.so" to ""
[4.733s] -- Up-to-date: /home/mayudong/ros2_ws/install/more_interfaces/include/more_interfaces
[4.734s] -- Up-to-date: /home/mayudong/ros2_ws/install/more_interfaces/include/more_interfaces/msg
[4.734s] -- Up-to-date: /home/mayudong/ros2_ws/install/more_interfaces/include/more_interfaces/msg/detail
[4.734s] -- Installing: /home/mayudong/ros2_ws/install/more_interfaces/include/more_interfaces/msg/detail/address_book__rosidl_typesupport_fastrtps_cpp.hpp
[4.734s] -- Installing: /home/mayudong/ros2_ws/install/more_interfaces/include/more_interfaces/msg/detail/dds_fastrtps
[4.735s] -- Installing: /home/mayudong/ros2_ws/install/more_interfaces/include/more_interfaces/msg/rosidl_typesupport_fastrtps_cpp__visibility_control.h
[4.735s] -- Installing: /home/mayudong/ros2_ws/install/more_interfaces/lib/libmore_interfaces__rosidl_typesupport_fastrtps_cpp.so
[4.735s] -- Set runtime path of "/home/mayudong/ros2_ws/install/more_interfaces/lib/libmore_interfaces__rosidl_typesupport_fastrtps_cpp.so" to ""
[4.735s] -- Up-to-date: /home/mayudong/ros2_ws/install/more_interfaces/include/more_interfaces
[4.735s] -- Up-to-date: /home/mayudong/ros2_ws/install/more_interfaces/include/more_interfaces/msg
[4.735s] -- Installing: /home/mayudong/ros2_ws/install/more_interfaces/include/more_interfaces/msg/rosidl_typesupport_introspection_c__visibility_control.h
[4.735s] -- Up-to-date: /home/mayudong/ros2_ws/install/more_interfaces/include/more_interfaces/msg/detail
[4.736s] -- Installing: /home/mayudong/ros2_ws/install/more_interfaces/include/more_interfaces/msg/detail/address_book__type_support.c
[4.738s] -- Installing: /home/mayudong/ros2_ws/install/more_interfaces/include/more_interfaces/msg/detail/address_book__rosidl_typesupport_introspection_c.h
[4.738s] -- Installing: /home/mayudong/ros2_ws/install/more_interfaces/lib/libmore_interfaces__rosidl_typesupport_introspection_c.so
[4.738s] -- Set runtime path of "/home/mayudong/ros2_ws/install/more_interfaces/lib/libmore_interfaces__rosidl_typesupport_introspection_c.so" to ""
[4.738s] -- Installing: /home/mayudong/ros2_ws/install/more_interfaces/lib/libmore_interfaces__rosidl_typesupport_c.so
[4.739s] -- Set runtime path of "/home/mayudong/ros2_ws/install/more_interfaces/lib/libmore_interfaces__rosidl_typesupport_c.so" to ""
[4.739s] -- Up-to-date: /home/mayudong/ros2_ws/install/more_interfaces/include/more_interfaces
[4.739s] -- Up-to-date: /home/mayudong/ros2_ws/install/more_interfaces/include/more_interfaces/msg
[4.739s] -- Installing: /home/mayudong/ros2_ws/install/more_interfaces/include/more_interfaces/msg/address_book.hpp
[4.739s] -- Up-to-date: /home/mayudong/ros2_ws/install/more_interfaces/include/more_interfaces/msg/detail
[4.739s] -- Installing: /home/mayudong/ros2_ws/install/more_interfaces/include/more_interfaces/msg/detail/address_book__traits.hpp
[4.739s] -- Installing: /home/mayudong/ros2_ws/install/more_interfaces/include/more_interfaces/msg/detail/address_book__struct.hpp
[4.739s] -- Installing: /home/mayudong/ros2_ws/install/more_interfaces/include/more_interfaces/msg/detail/address_book__builder.hpp
[4.740s] -- Up-to-date: /home/mayudong/ros2_ws/install/more_interfaces/include/more_interfaces
[4.740s] -- Up-to-date: /home/mayudong/ros2_ws/install/more_interfaces/include/more_interfaces/msg
[4.740s] -- Up-to-date: /home/mayudong/ros2_ws/install/more_interfaces/include/more_interfaces/msg/detail
[4.740s] -- Installing: /home/mayudong/ros2_ws/install/more_interfaces/include/more_interfaces/msg/detail/address_book__rosidl_typesupport_introspection_cpp.hpp
[4.740s] -- Installing: /home/mayudong/ros2_ws/install/more_interfaces/include/more_interfaces/msg/detail/address_book__type_support.cpp
[4.740s] -- Installing: /home/mayudong/ros2_ws/install/more_interfaces/lib/libmore_interfaces__rosidl_typesupport_introspection_cpp.so
[4.740s] -- Set runtime path of "/home/mayudong/ros2_ws/install/more_interfaces/lib/libmore_interfaces__rosidl_typesupport_introspection_cpp.so" to ""
[4.740s] -- Installing: /home/mayudong/ros2_ws/install/more_interfaces/lib/libmore_interfaces__rosidl_typesupport_cpp.so
[4.740s] -- Set runtime path of "/home/mayudong/ros2_ws/install/more_interfaces/lib/libmore_interfaces__rosidl_typesupport_cpp.so" to ""
[4.740s] -- Installing: /home/mayudong/ros2_ws/install/more_interfaces/share/more_interfaces/environment/pythonpath.sh
[4.740s] -- Installing: /home/mayudong/ros2_ws/install/more_interfaces/share/more_interfaces/environment/pythonpath.dsv
[4.740s] -- Installing: /home/mayudong/ros2_ws/install/more_interfaces/lib/python3.8/site-packages/more_interfaces/__init__.py
[4.776s] Compiling '/home/mayudong/ros2_ws/install/more_interfaces/lib/python3.8/site-packages/more_interfaces/__init__.py'...
[4.779s] -- Installing: /home/mayudong/ros2_ws/install/more_interfaces/lib/python3.8/site-packages/more_interfaces/msg
[4.779s] -- Installing: /home/mayudong/ros2_ws/install/more_interfaces/lib/python3.8/site-packages/more_interfaces/msg/_address_book_s.c
[4.779s] -- Installing: /home/mayudong/ros2_ws/install/more_interfaces/lib/python3.8/site-packages/more_interfaces/msg/__init__.py
[4.779s] -- Installing: /home/mayudong/ros2_ws/install/more_interfaces/lib/python3.8/site-packages/more_interfaces/msg/_address_book.py
[4.779s] -- Installing: /home/mayudong/ros2_ws/install/more_interfaces/lib/python3.8/site-packages/more_interfaces/more_interfaces_s__rosidl_typesupport_fastrtps_c.cpython-38-x86_64-linux-gnu.so
[4.780s] -- Set runtime path of "/home/mayudong/ros2_ws/install/more_interfaces/lib/python3.8/site-packages/more_interfaces/more_interfaces_s__rosidl_typesupport_fastrtps_c.cpython-38-x86_64-linux-gnu.so" to ""
[4.780s] -- Installing: /home/mayudong/ros2_ws/install/more_interfaces/lib/python3.8/site-packages/more_interfaces/more_interfaces_s__rosidl_typesupport_introspection_c.cpython-38-x86_64-linux-gnu.so
[4.781s] -- Set runtime path of "/home/mayudong/ros2_ws/install/more_interfaces/lib/python3.8/site-packages/more_interfaces/more_interfaces_s__rosidl_typesupport_introspection_c.cpython-38-x86_64-linux-gnu.so" to ""
[4.781s] -- Installing: /home/mayudong/ros2_ws/install/more_interfaces/lib/python3.8/site-packages/more_interfaces/more_interfaces_s__rosidl_typesupport_c.cpython-38-x86_64-linux-gnu.so
[4.782s] -- Set runtime path of "/home/mayudong/ros2_ws/install/more_interfaces/lib/python3.8/site-packages/more_interfaces/more_interfaces_s__rosidl_typesupport_c.cpython-38-x86_64-linux-gnu.so" to ""
[4.782s] -- Installing: /home/mayudong/ros2_ws/install/more_interfaces/lib/libmore_interfaces__python.so
[4.783s] -- Set runtime path of "/home/mayudong/ros2_ws/install/more_interfaces/lib/libmore_interfaces__python.so" to ""
[4.783s] -- Installing: /home/mayudong/ros2_ws/install/more_interfaces/share/more_interfaces/msg/AddressBook.idl
[4.783s] -- Installing: /home/mayudong/ros2_ws/install/more_interfaces/share/more_interfaces/msg/AddressBook.msg
[4.783s] -- Installing: /home/mayudong/ros2_ws/install/more_interfaces/share/ament_index/resource_index/package_run_dependencies/more_interfaces
[4.783s] -- Installing: /home/mayudong/ros2_ws/install/more_interfaces/share/ament_index/resource_index/parent_prefix_path/more_interfaces
[4.784s] -- Installing: /home/mayudong/ros2_ws/install/more_interfaces/share/more_interfaces/environment/ament_prefix_path.sh
[4.784s] -- Installing: /home/mayudong/ros2_ws/install/more_interfaces/share/more_interfaces/environment/ament_prefix_path.dsv
[4.784s] -- Installing: /home/mayudong/ros2_ws/install/more_interfaces/share/more_interfaces/environment/path.sh
[4.785s] -- Installing: /home/mayudong/ros2_ws/install/more_interfaces/share/more_interfaces/environment/path.dsv
[4.785s] -- Installing: /home/mayudong/ros2_ws/install/more_interfaces/share/more_interfaces/local_setup.bash
[4.785s] -- Installing: /home/mayudong/ros2_ws/install/more_interfaces/share/more_interfaces/local_setup.sh
[4.785s] -- Installing: /home/mayudong/ros2_ws/install/more_interfaces/share/more_interfaces/local_setup.zsh
[4.785s] -- Installing: /home/mayudong/ros2_ws/install/more_interfaces/share/more_interfaces/local_setup.dsv
[4.785s] -- Installing: /home/mayudong/ros2_ws/install/more_interfaces/share/more_interfaces/package.dsv
[4.786s] -- Installing: /home/mayudong/ros2_ws/install/more_interfaces/share/ament_index/resource_index/packages/more_interfaces
[4.786s] -- Installing: /home/mayudong/ros2_ws/install/more_interfaces/share/more_interfaces/cmake/more_interfaces__rosidl_generator_cExport.cmake
[4.786s] -- Installing: /home/mayudong/ros2_ws/install/more_interfaces/share/more_interfaces/cmake/more_interfaces__rosidl_generator_cExport-noconfig.cmake
[4.786s] -- Installing: /home/mayudong/ros2_ws/install/more_interfaces/share/more_interfaces/cmake/more_interfaces__rosidl_typesupport_introspection_cExport.cmake
[4.786s] -- Installing: /home/mayudong/ros2_ws/install/more_interfaces/share/more_interfaces/cmake/more_interfaces__rosidl_typesupport_introspection_cExport-noconfig.cmake
[4.787s] -- Installing: /home/mayudong/ros2_ws/install/more_interfaces/share/more_interfaces/cmake/more_interfaces__rosidl_typesupport_cExport.cmake
[4.787s] -- Installing: /home/mayudong/ros2_ws/install/more_interfaces/share/more_interfaces/cmake/more_interfaces__rosidl_typesupport_cExport-noconfig.cmake
[4.787s] -- Installing: /home/mayudong/ros2_ws/install/more_interfaces/share/more_interfaces/cmake/more_interfaces__rosidl_generator_cppExport.cmake
[4.787s] -- Installing: /home/mayudong/ros2_ws/install/more_interfaces/share/more_interfaces/cmake/more_interfaces__rosidl_typesupport_introspection_cppExport.cmake
[4.787s] -- Installing: /home/mayudong/ros2_ws/install/more_interfaces/share/more_interfaces/cmake/more_interfaces__rosidl_typesupport_introspection_cppExport-noconfig.cmake
[4.787s] -- Installing: /home/mayudong/ros2_ws/install/more_interfaces/share/more_interfaces/cmake/more_interfaces__rosidl_typesupport_cppExport.cmake
[4.787s] -- Installing: /home/mayudong/ros2_ws/install/more_interfaces/share/more_interfaces/cmake/more_interfaces__rosidl_typesupport_cppExport-noconfig.cmake
[4.788s] -- Installing: /home/mayudong/ros2_ws/install/more_interfaces/share/more_interfaces/cmake/rosidl_cmake-extras.cmake
[4.788s] -- Installing: /home/mayudong/ros2_ws/install/more_interfaces/share/more_interfaces/cmake/ament_cmake_export_dependencies-extras.cmake
[4.788s] -- Installing: /home/mayudong/ros2_ws/install/more_interfaces/share/more_interfaces/cmake/ament_cmake_export_libraries-extras.cmake
[4.788s] -- Installing: /home/mayudong/ros2_ws/install/more_interfaces/share/more_interfaces/cmake/ament_cmake_export_targets-extras.cmake
[4.788s] -- Installing: /home/mayudong/ros2_ws/install/more_interfaces/share/more_interfaces/cmake/ament_cmake_export_include_directories-extras.cmake
[4.789s] -- Installing: /home/mayudong/ros2_ws/install/more_interfaces/share/more_interfaces/cmake/rosidl_cmake_export_typesupport_libraries-extras.cmake
[4.789s] -- Installing: /home/mayudong/ros2_ws/install/more_interfaces/share/more_interfaces/cmake/rosidl_cmake_export_typesupport_targets-extras.cmake
[4.789s] -- Installing: /home/mayudong/ros2_ws/install/more_interfaces/share/more_interfaces/cmake/more_interfacesConfig.cmake
[4.789s] -- Installing: /home/mayudong/ros2_ws/install/more_interfaces/share/more_interfaces/cmake/more_interfacesConfig-version.cmake
[4.789s] -- Installing: /home/mayudong/ros2_ws/install/more_interfaces/share/more_interfaces/package.xml
[4.793s] Invoked command in '/home/mayudong/ros2_ws/build/more_interfaces' returned '0': CMAKE_PREFIX_PATH=${CMAKE_PREFIX_PATH}:/home/mayudong/ros2_ws/install/examples_rclpy_minimal_subscriber:/home/mayudong/ros2_ws/install/examples_rclpy_minimal_service:/home/mayudong/ros2_ws/install/examples_rclpy_minimal_publisher:/home/mayudong/ros2_ws/install/examples_rclpy_minimal_client:/home/mayudong/ros2_ws/install/examples_rclpy_minimal_action_server:/home/mayudong/ros2_ws/install/examples_rclpy_minimal_action_client:/home/mayudong/ros2_ws/install/examples_rclpy_executors:/opt/ros/foxy /usr/bin/cmake --install /home/mayudong/ros2_ws/build/more_interfaces
