[0.017s] Invoking command in '/home/mayudong/ros2_ws/build/more_interfaces': CMAKE_PREFIX_PATH=${CMAKE_PREFIX_PATH}:/home/mayudong/ros2_ws/install/examples_rclpy_minimal_subscriber:/home/mayudong/ros2_ws/install/examples_rclpy_minimal_service:/home/mayudong/ros2_ws/install/examples_rclpy_minimal_publisher:/home/mayudong/ros2_ws/install/examples_rclpy_minimal_client:/home/mayudong/ros2_ws/install/examples_rclpy_minimal_action_server:/home/mayudong/ros2_ws/install/examples_rclpy_minimal_action_client:/home/mayudong/ros2_ws/install/examples_rclpy_executors:/opt/ros/foxy /usr/bin/cmake --build /home/mayudong/ros2_ws/build/more_interfaces -- -j6 -l6
[0.053s] -- Found ament_cmake: 0.9.11 (/opt/ros/foxy/share/ament_cmake/cmake)
[0.085s] -- Found PythonInterp: /usr/bin/python3 (found suitable version "3.8.10", minimum required is "3") 
[0.085s] -- Using PYTHON_EXECUTABLE: /usr/bin/python3
[0.244s] -- Found rosidl_default_generators: 1.0.1 (/opt/ros/foxy/share/rosidl_default_generators/cmake)
[0.248s] -- Using all available rosidl_typesupport_c: rosidl_typesupport_fastrtps_c;rosidl_typesupport_introspection_c
[0.251s] -- Found rosidl_adapter: 1.3.0 (/opt/ros/foxy/share/rosidl_adapter/cmake)
[0.365s] -- Using all available rosidl_typesupport_cpp: rosidl_typesupport_fastrtps_cpp;rosidl_typesupport_introspection_cpp
[0.421s] -- Found PythonInterp: /usr/bin/python3 (found version "3.8.10") 
[0.542s] -- Found ament_cmake_ros: 0.9.2 (/opt/ros/foxy/share/ament_cmake_ros/cmake)
[0.632s] -- Using all available rosidl_typesupport_c: rosidl_typesupport_fastrtps_c;rosidl_typesupport_introspection_c
[0.640s] -- Using all available rosidl_typesupport_cpp: rosidl_typesupport_fastrtps_cpp;rosidl_typesupport_introspection_cpp
[0.668s] -- Found PythonInterp: /usr/bin/python3 (found suitable version "3.8.10", minimum required is "3.5") 
[0.669s] -- Found python_cmake_module: 0.8.1 (/opt/ros/foxy/share/python_cmake_module/cmake)
[0.695s] -- Using PYTHON_EXECUTABLE: /usr/bin/python3
[0.695s] -- Using PYTHON_INCLUDE_DIRS: /usr/include/python3.8
[0.695s] -- Using PYTHON_LIBRARIES: /usr/lib/x86_64-linux-gnu/libpython3.8.so
[0.713s] -- Found rclcpp: 2.4.2 (/opt/ros/foxy/share/rclcpp/cmake)
[0.777s] -- Found rmw_implementation_cmake: 1.0.3 (/opt/ros/foxy/share/rmw_implementation_cmake/cmake)
[0.779s] -- Using RMW implementation 'rmw_fastrtps_cpp' as default
[0.780s] -- Looking for pthread.h
[0.858s] -- Looking for pthread.h - found
[0.859s] -- Performing Test CMAKE_HAVE_LIBC_PTHREAD
[0.935s] -- Performing Test CMAKE_HAVE_LIBC_PTHREAD - Failed
[0.936s] -- Looking for pthread_create in pthreads
[0.996s] -- Looking for pthread_create in pthreads - not found
[0.996s] -- Looking for pthread_create in pthread
[1.069s] -- Looking for pthread_create in pthread - found
[1.070s] -- Found Threads: TRUE  
[1.206s] -- Found ament_lint_auto: 0.9.7 (/opt/ros/foxy/share/ament_lint_auto/cmake)
[1.216s] -- Added test 'copyright' to check source files copyright and LICENSE
[1.217s] -- Added test 'cppcheck' to perform static code analysis on C / C++ code
[1.218s] -- Configured cppcheck include dirs: 
[1.218s] -- Configured cppcheck exclude dirs and/or files: 
[1.219s] -- Added test 'cpplint' to check C / C++ code against the Google style
[1.219s] -- Configured cpplint exclude dirs and/or files: 
[1.220s] -- Added test 'lint_cmake' to check CMake code style
[1.220s] -- Added test 'uncrustify' to check C / C++ code style
[1.221s] -- Configured uncrustify additional arguments: 
[1.221s] -- Added test 'xmllint' to check XML markup files
[1.225s] -- Configuring done
[1.264s] -- Generating done
[1.269s] -- Build files have been written to: /home/mayudong/ros2_ws/build/more_interfaces
[1.308s] [  3%] Built target more_interfaces__cpp
[1.309s] [ 12%] Built target more_interfaces__rosidl_generator_c
[1.342s] [ 24%] Built target more_interfaces__rosidl_typesupport_introspection_cpp
[1.343s] [ 30%] Built target more_interfaces__rosidl_typesupport_introspection_c
[1.343s] [ 39%] Built target more_interfaces__rosidl_typesupport_fastrtps_cpp
[1.347s] [ 48%] Built target more_interfaces__rosidl_typesupport_cpp
[1.370s] [ 57%] Built target more_interfaces__rosidl_typesupport_c
[1.371s] [ 66%] Built target more_interfaces__rosidl_typesupport_fastrtps_c
[1.393s] [ 66%] Built target more_interfaces
[1.404s] [35m[1mScanning dependencies of target publish_address_book[0m
[1.417s] [ 69%] Built target more_interfaces__py
[1.442s] [ 72%] [32mBuilding CXX object CMakeFiles/publish_address_book.dir/src/publish_address_book.cpp.o[0m
[1.451s] [ 78%] Built target more_interfaces__python
[1.486s] [ 96%] Built target more_interfaces__rosidl_typesupport_fastrtps_c__pyext
[1.486s] [ 96%] Built target more_interfaces__rosidl_typesupport_c__pyext
[1.487s] [ 96%] Built target more_interfaces__rosidl_typesupport_introspection_c__pyext
[7.571s] [100%] [32m[1mLinking CXX executable publish_address_book[0m
[7.706s] [100%] Built target publish_address_book
[7.718s] Invoked command in '/home/mayudong/ros2_ws/build/more_interfaces' returned '0': CMAKE_PREFIX_PATH=${CMAKE_PREFIX_PATH}:/home/mayudong/ros2_ws/install/examples_rclpy_minimal_subscriber:/home/mayudong/ros2_ws/install/examples_rclpy_minimal_service:/home/mayudong/ros2_ws/install/examples_rclpy_minimal_publisher:/home/mayudong/ros2_ws/install/examples_rclpy_minimal_client:/home/mayudong/ros2_ws/install/examples_rclpy_minimal_action_server:/home/mayudong/ros2_ws/install/examples_rclpy_minimal_action_client:/home/mayudong/ros2_ws/install/examples_rclpy_executors:/opt/ros/foxy /usr/bin/cmake --build /home/mayudong/ros2_ws/build/more_interfaces -- -j6 -l6
[7.829s] Invoking command in '/home/mayudong/ros2_ws/build/more_interfaces': CMAKE_PREFIX_PATH=${CMAKE_PREFIX_PATH}:/home/mayudong/ros2_ws/install/examples_rclpy_minimal_subscriber:/home/mayudong/ros2_ws/install/examples_rclpy_minimal_service:/home/mayudong/ros2_ws/install/examples_rclpy_minimal_publisher:/home/mayudong/ros2_ws/install/examples_rclpy_minimal_client:/home/mayudong/ros2_ws/install/examples_rclpy_minimal_action_server:/home/mayudong/ros2_ws/install/examples_rclpy_minimal_action_client:/home/mayudong/ros2_ws/install/examples_rclpy_executors:/opt/ros/foxy /usr/bin/cmake --install /home/mayudong/ros2_ws/build/more_interfaces
[7.842s] -- Install configuration: ""
[7.842s] -- Up-to-date: /home/mayudong/ros2_ws/install/more_interfaces/share/ament_index/resource_index/rosidl_interfaces/more_interfaces
[7.843s] -- Up-to-date: /home/mayudong/ros2_ws/install/more_interfaces/include/more_interfaces
[7.843s] -- Up-to-date: /home/mayudong/ros2_ws/install/more_interfaces/include/more_interfaces/msg
[7.843s] -- Up-to-date: /home/mayudong/ros2_ws/install/more_interfaces/include/more_interfaces/msg/rosidl_generator_c__visibility_control.h
[7.843s] -- Up-to-date: /home/mayudong/ros2_ws/install/more_interfaces/include/more_interfaces/msg/detail
[7.843s] -- Up-to-date: /home/mayudong/ros2_ws/install/more_interfaces/include/more_interfaces/msg/detail/address_book__struct.h
[7.843s] -- Up-to-date: /home/mayudong/ros2_ws/install/more_interfaces/include/more_interfaces/msg/detail/address_book__type_support.h
[7.843s] -- Up-to-date: /home/mayudong/ros2_ws/install/more_interfaces/include/more_interfaces/msg/detail/address_book__functions.c
[7.843s] -- Up-to-date: /home/mayudong/ros2_ws/install/more_interfaces/include/more_interfaces/msg/detail/address_book__functions.h
[7.843s] -- Up-to-date: /home/mayudong/ros2_ws/install/more_interfaces/include/more_interfaces/msg/address_book.h
[7.843s] -- Up-to-date: /home/mayudong/ros2_ws/install/more_interfaces/share/more_interfaces/environment/library_path.sh
[7.843s] -- Installing: /home/mayudong/ros2_ws/install/more_interfaces/share/more_interfaces/environment/library_path.dsv
[7.844s] -- Up-to-date: /home/mayudong/ros2_ws/install/more_interfaces/lib/libmore_interfaces__rosidl_generator_c.so
[7.844s] -- Up-to-date: /home/mayudong/ros2_ws/install/more_interfaces/include/more_interfaces
[7.844s] -- Up-to-date: /home/mayudong/ros2_ws/install/more_interfaces/include/more_interfaces/msg
[7.844s] -- Up-to-date: /home/mayudong/ros2_ws/install/more_interfaces/include/more_interfaces/msg/detail
[7.844s] -- Up-to-date: /home/mayudong/ros2_ws/install/more_interfaces/include/more_interfaces/msg/detail/address_book__rosidl_typesupport_fastrtps_c.h
[7.844s] -- Up-to-date: /home/mayudong/ros2_ws/install/more_interfaces/include/more_interfaces/msg/rosidl_typesupport_fastrtps_c__visibility_control.h
[7.845s] -- Up-to-date: /home/mayudong/ros2_ws/install/more_interfaces/lib/libmore_interfaces__rosidl_typesupport_fastrtps_c.so
[7.845s] -- Up-to-date: /home/mayudong/ros2_ws/install/more_interfaces/include/more_interfaces
[7.846s] -- Up-to-date: /home/mayudong/ros2_ws/install/more_interfaces/include/more_interfaces/msg
[7.846s] -- Up-to-date: /home/mayudong/ros2_ws/install/more_interfaces/include/more_interfaces/msg/detail
[7.846s] -- Up-to-date: /home/mayudong/ros2_ws/install/more_interfaces/include/more_interfaces/msg/detail/address_book__rosidl_typesupport_fastrtps_cpp.hpp
[7.847s] -- Up-to-date: /home/mayudong/ros2_ws/install/more_interfaces/include/more_interfaces/msg/detail/dds_fastrtps
[7.847s] -- Up-to-date: /home/mayudong/ros2_ws/install/more_interfaces/include/more_interfaces/msg/rosidl_typesupport_fastrtps_cpp__visibility_control.h
[7.847s] -- Up-to-date: /home/mayudong/ros2_ws/install/more_interfaces/lib/libmore_interfaces__rosidl_typesupport_fastrtps_cpp.so
[7.847s] -- Up-to-date: /home/mayudong/ros2_ws/install/more_interfaces/include/more_interfaces
[7.847s] -- Up-to-date: /home/mayudong/ros2_ws/install/more_interfaces/include/more_interfaces/msg
[7.847s] -- Up-to-date: /home/mayudong/ros2_ws/install/more_interfaces/include/more_interfaces/msg/rosidl_typesupport_introspection_c__visibility_control.h
[7.847s] -- Up-to-date: /home/mayudong/ros2_ws/install/more_interfaces/include/more_interfaces/msg/detail
[7.847s] -- Up-to-date: /home/mayudong/ros2_ws/install/more_interfaces/include/more_interfaces/msg/detail/address_book__type_support.c
[7.848s] -- Up-to-date: /home/mayudong/ros2_ws/install/more_interfaces/include/more_interfaces/msg/detail/address_book__rosidl_typesupport_introspection_c.h
[7.848s] -- Up-to-date: /home/mayudong/ros2_ws/install/more_interfaces/lib/libmore_interfaces__rosidl_typesupport_introspection_c.so
[7.848s] -- Up-to-date: /home/mayudong/ros2_ws/install/more_interfaces/lib/libmore_interfaces__rosidl_typesupport_c.so
[7.848s] -- Up-to-date: /home/mayudong/ros2_ws/install/more_interfaces/include/more_interfaces
[7.848s] -- Up-to-date: /home/mayudong/ros2_ws/install/more_interfaces/include/more_interfaces/msg
[7.848s] -- Up-to-date: /home/mayudong/ros2_ws/install/more_interfaces/include/more_interfaces/msg/address_book.hpp
[7.848s] -- Up-to-date: /home/mayudong/ros2_ws/install/more_interfaces/include/more_interfaces/msg/detail
[7.848s] -- Up-to-date: /home/mayudong/ros2_ws/install/more_interfaces/include/more_interfaces/msg/detail/address_book__traits.hpp
[7.848s] -- Up-to-date: /home/mayudong/ros2_ws/install/more_interfaces/include/more_interfaces/msg/detail/address_book__struct.hpp
[7.848s] -- Up-to-date: /home/mayudong/ros2_ws/install/more_interfaces/include/more_interfaces/msg/detail/address_book__builder.hpp
[7.848s] -- Up-to-date: /home/mayudong/ros2_ws/install/more_interfaces/include/more_interfaces
[7.848s] -- Up-to-date: /home/mayudong/ros2_ws/install/more_interfaces/include/more_interfaces/msg
[7.849s] -- Up-to-date: /home/mayudong/ros2_ws/install/more_interfaces/include/more_interfaces/msg/detail
[7.849s] -- Up-to-date: /home/mayudong/ros2_ws/install/more_interfaces/include/more_interfaces/msg/detail/address_book__rosidl_typesupport_introspection_cpp.hpp
[7.849s] -- Up-to-date: /home/mayudong/ros2_ws/install/more_interfaces/include/more_interfaces/msg/detail/address_book__type_support.cpp
[7.849s] -- Up-to-date: /home/mayudong/ros2_ws/install/more_interfaces/lib/libmore_interfaces__rosidl_typesupport_introspection_cpp.so
[7.849s] -- Up-to-date: /home/mayudong/ros2_ws/install/more_interfaces/lib/libmore_interfaces__rosidl_typesupport_cpp.so
[7.849s] -- Up-to-date: /home/mayudong/ros2_ws/install/more_interfaces/share/more_interfaces/environment/pythonpath.sh
[7.849s] -- Installing: /home/mayudong/ros2_ws/install/more_interfaces/share/more_interfaces/environment/pythonpath.dsv
[7.849s] -- Installing: /home/mayudong/ros2_ws/install/more_interfaces/lib/python3.8/site-packages/more_interfaces/__init__.py
[7.881s] Compiling '/home/mayudong/ros2_ws/install/more_interfaces/lib/python3.8/site-packages/more_interfaces/__init__.py'...
[7.884s] -- Up-to-date: /home/mayudong/ros2_ws/install/more_interfaces/lib/python3.8/site-packages/more_interfaces/msg
[7.884s] -- Up-to-date: /home/mayudong/ros2_ws/install/more_interfaces/lib/python3.8/site-packages/more_interfaces/msg/_address_book_s.c
[7.884s] -- Up-to-date: /home/mayudong/ros2_ws/install/more_interfaces/lib/python3.8/site-packages/more_interfaces/msg/__init__.py
[7.884s] -- Up-to-date: /home/mayudong/ros2_ws/install/more_interfaces/lib/python3.8/site-packages/more_interfaces/msg/_address_book.py
[7.885s] -- Up-to-date: /home/mayudong/ros2_ws/install/more_interfaces/lib/python3.8/site-packages/more_interfaces/more_interfaces_s__rosidl_typesupport_fastrtps_c.cpython-38-x86_64-linux-gnu.so
[7.885s] -- Up-to-date: /home/mayudong/ros2_ws/install/more_interfaces/lib/python3.8/site-packages/more_interfaces/more_interfaces_s__rosidl_typesupport_introspection_c.cpython-38-x86_64-linux-gnu.so
[7.886s] -- Up-to-date: /home/mayudong/ros2_ws/install/more_interfaces/lib/python3.8/site-packages/more_interfaces/more_interfaces_s__rosidl_typesupport_c.cpython-38-x86_64-linux-gnu.so
[7.886s] -- Up-to-date: /home/mayudong/ros2_ws/install/more_interfaces/lib/libmore_interfaces__python.so
[7.887s] -- Up-to-date: /home/mayudong/ros2_ws/install/more_interfaces/share/more_interfaces/msg/AddressBook.idl
[7.887s] -- Up-to-date: /home/mayudong/ros2_ws/install/more_interfaces/share/more_interfaces/msg/AddressBook.msg
[7.887s] -- Installing: /home/mayudong/ros2_ws/install/more_interfaces/lib/more_interfaces/publish_address_book
[7.888s] -- Set runtime path of "/home/mayudong/ros2_ws/install/more_interfaces/lib/more_interfaces/publish_address_book" to ""
[7.888s] -- Up-to-date: /home/mayudong/ros2_ws/install/more_interfaces/share/ament_index/resource_index/package_run_dependencies/more_interfaces
[7.889s] -- Up-to-date: /home/mayudong/ros2_ws/install/more_interfaces/share/ament_index/resource_index/parent_prefix_path/more_interfaces
[7.889s] -- Up-to-date: /home/mayudong/ros2_ws/install/more_interfaces/share/more_interfaces/environment/ament_prefix_path.sh
[7.889s] -- Installing: /home/mayudong/ros2_ws/install/more_interfaces/share/more_interfaces/environment/ament_prefix_path.dsv
[7.890s] -- Up-to-date: /home/mayudong/ros2_ws/install/more_interfaces/share/more_interfaces/environment/path.sh
[7.890s] -- Installing: /home/mayudong/ros2_ws/install/more_interfaces/share/more_interfaces/environment/path.dsv
[7.890s] -- Up-to-date: /home/mayudong/ros2_ws/install/more_interfaces/share/more_interfaces/local_setup.bash
[7.891s] -- Up-to-date: /home/mayudong/ros2_ws/install/more_interfaces/share/more_interfaces/local_setup.sh
[7.891s] -- Up-to-date: /home/mayudong/ros2_ws/install/more_interfaces/share/more_interfaces/local_setup.zsh
[7.891s] -- Installing: /home/mayudong/ros2_ws/install/more_interfaces/share/more_interfaces/local_setup.dsv
[7.891s] -- Installing: /home/mayudong/ros2_ws/install/more_interfaces/share/more_interfaces/package.dsv
[7.891s] -- Up-to-date: /home/mayudong/ros2_ws/install/more_interfaces/share/ament_index/resource_index/packages/more_interfaces
[7.892s] -- Up-to-date: /home/mayudong/ros2_ws/install/more_interfaces/share/more_interfaces/cmake/more_interfaces__rosidl_generator_cExport.cmake
[7.892s] -- Installing: /home/mayudong/ros2_ws/install/more_interfaces/share/more_interfaces/cmake/more_interfaces__rosidl_generator_cExport-noconfig.cmake
[7.892s] -- Up-to-date: /home/mayudong/ros2_ws/install/more_interfaces/share/more_interfaces/cmake/more_interfaces__rosidl_typesupport_introspection_cExport.cmake
[7.892s] -- Installing: /home/mayudong/ros2_ws/install/more_interfaces/share/more_interfaces/cmake/more_interfaces__rosidl_typesupport_introspection_cExport-noconfig.cmake
[7.893s] -- Up-to-date: /home/mayudong/ros2_ws/install/more_interfaces/share/more_interfaces/cmake/more_interfaces__rosidl_typesupport_cExport.cmake
[7.893s] -- Installing: /home/mayudong/ros2_ws/install/more_interfaces/share/more_interfaces/cmake/more_interfaces__rosidl_typesupport_cExport-noconfig.cmake
[7.893s] -- Up-to-date: /home/mayudong/ros2_ws/install/more_interfaces/share/more_interfaces/cmake/more_interfaces__rosidl_generator_cppExport.cmake
[7.893s] -- Up-to-date: /home/mayudong/ros2_ws/install/more_interfaces/share/more_interfaces/cmake/more_interfaces__rosidl_typesupport_introspection_cppExport.cmake
[7.894s] -- Installing: /home/mayudong/ros2_ws/install/more_interfaces/share/more_interfaces/cmake/more_interfaces__rosidl_typesupport_introspection_cppExport-noconfig.cmake
[7.894s] -- Up-to-date: /home/mayudong/ros2_ws/install/more_interfaces/share/more_interfaces/cmake/more_interfaces__rosidl_typesupport_cppExport.cmake
[7.894s] -- Installing: /home/mayudong/ros2_ws/install/more_interfaces/share/more_interfaces/cmake/more_interfaces__rosidl_typesupport_cppExport-noconfig.cmake
[7.894s] -- Up-to-date: /home/mayudong/ros2_ws/install/more_interfaces/share/more_interfaces/cmake/rosidl_cmake-extras.cmake
[7.894s] -- Up-to-date: /home/mayudong/ros2_ws/install/more_interfaces/share/more_interfaces/cmake/ament_cmake_export_dependencies-extras.cmake
[7.894s] -- Up-to-date: /home/mayudong/ros2_ws/install/more_interfaces/share/more_interfaces/cmake/ament_cmake_export_libraries-extras.cmake
[7.895s] -- Up-to-date: /home/mayudong/ros2_ws/install/more_interfaces/share/more_interfaces/cmake/ament_cmake_export_targets-extras.cmake
[7.895s] -- Up-to-date: /home/mayudong/ros2_ws/install/more_interfaces/share/more_interfaces/cmake/ament_cmake_export_include_directories-extras.cmake
[7.895s] -- Up-to-date: /home/mayudong/ros2_ws/install/more_interfaces/share/more_interfaces/cmake/rosidl_cmake_export_typesupport_libraries-extras.cmake
[7.895s] -- Up-to-date: /home/mayudong/ros2_ws/install/more_interfaces/share/more_interfaces/cmake/rosidl_cmake_export_typesupport_targets-extras.cmake
[7.895s] -- Up-to-date: /home/mayudong/ros2_ws/install/more_interfaces/share/more_interfaces/cmake/more_interfacesConfig.cmake
[7.895s] -- Up-to-date: /home/mayudong/ros2_ws/install/more_interfaces/share/more_interfaces/cmake/more_interfacesConfig-version.cmake
[7.895s] -- Up-to-date: /home/mayudong/ros2_ws/install/more_interfaces/share/more_interfaces/package.xml
[7.900s] Invoked command in '/home/mayudong/ros2_ws/build/more_interfaces' returned '0': CMAKE_PREFIX_PATH=${CMAKE_PREFIX_PATH}:/home/mayudong/ros2_ws/install/examples_rclpy_minimal_subscriber:/home/mayudong/ros2_ws/install/examples_rclpy_minimal_service:/home/mayudong/ros2_ws/install/examples_rclpy_minimal_publisher:/home/mayudong/ros2_ws/install/examples_rclpy_minimal_client:/home/mayudong/ros2_ws/install/examples_rclpy_minimal_action_server:/home/mayudong/ros2_ws/install/examples_rclpy_minimal_action_client:/home/mayudong/ros2_ws/install/examples_rclpy_executors:/opt/ros/foxy /usr/bin/cmake --install /home/mayudong/ros2_ws/build/more_interfaces
