[0.045s] Invoking command in '/home/mayudong/ros2_ws/build/examples_rclcpp_minimal_client': CMAKE_PREFIX_PATH=/opt/ros/foxy /usr/bin/cmake /home/mayudong/ros2_ws/src/examples/rclcpp/services/minimal_client -DAMENT_CMAKE_SYMLINK_INSTALL=1 -DCMAKE_INSTALL_PREFIX=/home/mayudong/ros2_ws/install/examples_rclcpp_minimal_client
[0.163s] -- The C compiler identification is GNU 9.4.0
[0.260s] -- The CXX compiler identification is GNU 9.4.0
[0.267s] -- Check for working C compiler: /usr/bin/cc
[0.352s] -- Check for working C compiler: /usr/bin/cc -- works
[0.352s] -- Detecting C compiler ABI info
[0.438s] -- Detecting C compiler ABI info - done
[0.448s] -- Detecting C compile features
[0.449s] -- Detecting C compile features - done
[0.451s] -- Check for working CXX compiler: /usr/bin/c++
[0.540s] -- Check for working CXX compiler: /usr/bin/c++ -- works
[0.541s] -- Detecting CXX compiler ABI info
[0.631s] -- Detecting CXX compiler ABI info - done
[0.652s] -- Detecting CXX compile features
[0.652s] -- Detecting CXX compile features - done
[0.652s] -- Found ament_cmake: 0.9.11 (/opt/ros/foxy/share/ament_cmake/cmake)
[0.680s] -- Found PythonInterp: /usr/bin/python3 (found suitable version "3.8.10", minimum required is "3") 
[0.680s] -- Using PYTHON_EXECUTABLE: /usr/bin/python3
[0.857s] -- Override CMake install command with custom implementation using symlinks instead of copying resources
[0.876s] -- Found example_interfaces: 0.9.1 (/opt/ros/foxy/share/example_interfaces/cmake)
[0.901s] -- Using all available rosidl_typesupport_c: rosidl_typesupport_fastrtps_c;rosidl_typesupport_introspection_c
[0.906s] -- Found rosidl_adapter: 1.3.0 (/opt/ros/foxy/share/rosidl_adapter/cmake)
[0.990s] -- Found OpenSSL: /usr/lib/x86_64-linux-gnu/libcrypto.so (found version "1.1.1f")  
[1.018s] -- Found FastRTPS: /opt/ros/foxy/include  
[1.090s] -- Using all available rosidl_typesupport_cpp: rosidl_typesupport_fastrtps_cpp;rosidl_typesupport_introspection_cpp
[1.226s] -- Found rclcpp: 2.4.2 (/opt/ros/foxy/share/rclcpp/cmake)
[1.268s] -- Found rmw_implementation_cmake: 1.0.3 (/opt/ros/foxy/share/rmw_implementation_cmake/cmake)
[1.270s] -- Using RMW implementation 'rmw_fastrtps_cpp' as default
[1.271s] -- Looking for pthread.h
[1.367s] -- Looking for pthread.h - found
[1.368s] -- Performing Test CMAKE_HAVE_LIBC_PTHREAD
[1.464s] -- Performing Test CMAKE_HAVE_LIBC_PTHREAD - Failed
[1.464s] -- Looking for pthread_create in pthreads
[1.539s] -- Looking for pthread_create in pthreads - not found
[1.539s] -- Looking for pthread_create in pthread
[1.632s] -- Looking for pthread_create in pthread - found
[1.636s] -- Found Threads: TRUE  
[1.811s] -- Found ament_lint_auto: 0.9.7 (/opt/ros/foxy/share/ament_lint_auto/cmake)
[1.891s] -- Added test 'copyright' to check source files copyright and LICENSE
[1.892s] -- Added test 'cppcheck' to perform static code analysis on C / C++ code
[1.892s] -- Configured cppcheck include dirs: 
[1.893s] -- Configured cppcheck exclude dirs and/or files: 
[1.893s] -- Added test 'cpplint' to check C / C++ code against the Google style
[1.893s] -- Configured cpplint exclude dirs and/or files: 
[1.894s] -- Added test 'lint_cmake' to check CMake code style
[1.895s] -- Added test 'uncrustify' to check C / C++ code style
[1.896s] -- Configured uncrustify additional arguments: 
[1.896s] -- Added test 'xmllint' to check XML markup files
[1.899s] -- Configuring done
[1.909s] -- Generating done
[1.911s] -- Build files have been written to: /home/mayudong/ros2_ws/build/examples_rclcpp_minimal_client
[1.924s] Invoked command in '/home/mayudong/ros2_ws/build/examples_rclcpp_minimal_client' returned '0': CMAKE_PREFIX_PATH=/opt/ros/foxy /usr/bin/cmake /home/mayudong/ros2_ws/src/examples/rclcpp/services/minimal_client -DAMENT_CMAKE_SYMLINK_INSTALL=1 -DCMAKE_INSTALL_PREFIX=/home/mayudong/ros2_ws/install/examples_rclcpp_minimal_client
[1.925s] Invoking command in '/home/mayudong/ros2_ws/build/examples_rclcpp_minimal_client': CMAKE_PREFIX_PATH=/opt/ros/foxy /usr/bin/cmake --build /home/mayudong/ros2_ws/build/examples_rclcpp_minimal_client -- -j6 -l6
[2.025s] [35m[1mScanning dependencies of target client_main[0m
[2.105s] [ 50%] [32mBuilding CXX object CMakeFiles/client_main.dir/main.cpp.o[0m
[15.750s] [100%] [32m[1mLinking CXX executable client_main[0m
[16.289s] [100%] Built target client_main
[16.319s] Invoked command in '/home/mayudong/ros2_ws/build/examples_rclcpp_minimal_client' returned '0': CMAKE_PREFIX_PATH=/opt/ros/foxy /usr/bin/cmake --build /home/mayudong/ros2_ws/build/examples_rclcpp_minimal_client -- -j6 -l6
[16.621s] Invoking command in '/home/mayudong/ros2_ws/build/examples_rclcpp_minimal_client': CMAKE_PREFIX_PATH=/opt/ros/foxy /usr/bin/cmake --install /home/mayudong/ros2_ws/build/examples_rclcpp_minimal_client
[16.659s] -- Install configuration: ""
[16.659s] -- Execute custom install script
[16.659s] -- Symlinking: /home/mayudong/ros2_ws/install/examples_rclcpp_minimal_client/lib/examples_rclcpp_minimal_client/client_main
[16.701s] -- Symlinking: /home/mayudong/ros2_ws/install/examples_rclcpp_minimal_client/share/ament_index/resource_index/package_run_dependencies/examples_rclcpp_minimal_client
[16.734s] -- Symlinking: /home/mayudong/ros2_ws/install/examples_rclcpp_minimal_client/share/ament_index/resource_index/parent_prefix_path/examples_rclcpp_minimal_client
[16.778s] -- Symlinking: /home/mayudong/ros2_ws/install/examples_rclcpp_minimal_client/share/examples_rclcpp_minimal_client/environment/ament_prefix_path.sh
[16.798s] -- Symlinking: /home/mayudong/ros2_ws/install/examples_rclcpp_minimal_client/share/examples_rclcpp_minimal_client/environment/ament_prefix_path.dsv
[16.828s] -- Symlinking: /home/mayudong/ros2_ws/install/examples_rclcpp_minimal_client/share/examples_rclcpp_minimal_client/environment/path.sh
[16.848s] -- Symlinking: /home/mayudong/ros2_ws/install/examples_rclcpp_minimal_client/share/examples_rclcpp_minimal_client/environment/path.dsv
[16.865s] -- Symlinking: /home/mayudong/ros2_ws/install/examples_rclcpp_minimal_client/share/examples_rclcpp_minimal_client/local_setup.bash
[16.899s] -- Symlinking: /home/mayudong/ros2_ws/install/examples_rclcpp_minimal_client/share/examples_rclcpp_minimal_client/local_setup.sh
[16.912s] -- Symlinking: /home/mayudong/ros2_ws/install/examples_rclcpp_minimal_client/share/examples_rclcpp_minimal_client/local_setup.zsh
[16.927s] -- Symlinking: /home/mayudong/ros2_ws/install/examples_rclcpp_minimal_client/share/examples_rclcpp_minimal_client/local_setup.dsv
[16.972s] -- Symlinking: /home/mayudong/ros2_ws/install/examples_rclcpp_minimal_client/share/examples_rclcpp_minimal_client/package.dsv
[17.038s] -- Symlinking: /home/mayudong/ros2_ws/install/examples_rclcpp_minimal_client/share/ament_index/resource_index/packages/examples_rclcpp_minimal_client
[17.060s] -- Symlinking: /home/mayudong/ros2_ws/install/examples_rclcpp_minimal_client/share/examples_rclcpp_minimal_client/cmake/examples_rclcpp_minimal_clientConfig.cmake
[17.102s] -- Symlinking: /home/mayudong/ros2_ws/install/examples_rclcpp_minimal_client/share/examples_rclcpp_minimal_client/cmake/examples_rclcpp_minimal_clientConfig-version.cmake
[17.153s] -- Symlinking: /home/mayudong/ros2_ws/install/examples_rclcpp_minimal_client/share/examples_rclcpp_minimal_client/package.xml
[17.187s] Invoked command in '/home/mayudong/ros2_ws/build/examples_rclcpp_minimal_client' returned '0': CMAKE_PREFIX_PATH=/opt/ros/foxy /usr/bin/cmake --install /home/mayudong/ros2_ws/build/examples_rclcpp_minimal_client
