[0.018s] Invoking command in '/home/mayudong/ros2_ws/build/polygon_plugins': AMENT_PREFIX_PATH=/home/mayudong/ros2_ws/install/polygon_base:${AMENT_PREFIX_PATH} CMAKE_PREFIX_PATH=/home/mayudong/ros2_ws/install/polygon_base:/home/mayudong/ros2_ws/install/more_interfaces:/home/mayudong/ros2_ws/install/tutorial_interfaces:/home/mayudong/ros2_ws/install/cpp_srvcli:/home/mayudong/ros2_ws/install/cpp_pubsub:/home/mayudong/ros2_ws/install/my_package:/home/mayudong/ros2_ws/install/turtlesim:/home/mayudong/ros2_ws/install/examples_rclcpp_multithreaded_executor:/home/mayudong/ros2_ws/install/examples_rclcpp_minimal_timer:/home/mayudong/ros2_ws/install/examples_rclcpp_minimal_subscriber:/home/mayudong/ros2_ws/install/examples_rclcpp_minimal_service:/home/mayudong/ros2_ws/install/examples_rclcpp_minimal_publisher:/home/mayudong/ros2_ws/install/examples_rclcpp_minimal_composition:/home/mayudong/ros2_ws/install/examples_rclcpp_minimal_client:/home/mayudong/ros2_ws/install/examples_rclcpp_minimal_action_server:/home/mayudong/ros2_ws/install/examples_rclcpp_minimal_action_client:/home/mayudong/ros2_ws/install/examples_rclpy_minimal_subscriber:/home/mayudong/ros2_ws/install/examples_rclpy_minimal_service:/home/mayudong/ros2_ws/install/examples_rclpy_minimal_publisher:/home/mayudong/ros2_ws/install/examples_rclpy_minimal_client:/home/mayudong/ros2_ws/install/examples_rclpy_minimal_action_server:/home/mayudong/ros2_ws/install/examples_rclpy_minimal_action_client:/home/mayudong/ros2_ws/install/examples_rclpy_executors:/opt/ros/foxy /usr/bin/cmake /home/mayudong/ros2_ws/src/polygon_plugins -DCMAKE_INSTALL_PREFIX=/home/mayudong/ros2_ws/install/polygon_plugins
[0.092s] -- The C compiler identification is GNU 9.4.0
[0.151s] -- The CXX compiler identification is GNU 9.4.0
[0.157s] -- Check for working C compiler: /usr/bin/cc
[0.242s] -- Check for working C compiler: /usr/bin/cc -- works
[0.246s] -- Detecting C compiler ABI info
[0.315s] -- Detecting C compiler ABI info - done
[0.326s] -- Detecting C compile features
[0.326s] -- Detecting C compile features - done
[0.329s] -- Check for working CXX compiler: /usr/bin/c++
[0.410s] -- Check for working CXX compiler: /usr/bin/c++ -- works
[0.411s] -- Detecting CXX compiler ABI info
[0.499s] -- Detecting CXX compiler ABI info - done
[0.508s] -- Detecting CXX compile features
[0.508s] -- Detecting CXX compile features - done
[0.511s] -- Found ament_cmake: 0.9.11 (/opt/ros/foxy/share/ament_cmake/cmake)
[0.545s] -- Found PythonInterp: /usr/bin/python3 (found suitable version "3.8.10", minimum required is "3") 
[0.545s] -- Using PYTHON_EXECUTABLE: /usr/bin/python3
[0.756s] -- Found ament_cmake_ros: 0.9.2 (/opt/ros/foxy/share/ament_cmake_ros/cmake)
[0.770s] -- Found polygon_base: 0.0.0 (/home/mayudong/ros2_ws/install/polygon_base/share/polygon_base/cmake)
[0.772s] -- Found pluginlib: 2.5.4 (/opt/ros/foxy/share/pluginlib/cmake)
[0.816s] CMake Error at CMakeLists.txt:44 (add_library):
[0.817s]   add_library cannot create target "polygon_plugins" because another target
[0.817s]   with the same name already exists.  The existing target is a shared library
[0.817s]   created in source directory "/home/mayudong/ros2_ws/src/polygon_plugins".
[0.817s]   See documentation for policy CMP0002 for more details.
[0.817s] 
[0.817s] 
[0.819s] -- Found ament_lint_auto: 0.9.7 (/opt/ros/foxy/share/ament_lint_auto/cmake)
[0.901s] -- Added test 'copyright' to check source files copyright and LICENSE
[0.902s] -- Added test 'cppcheck' to perform static code analysis on C / C++ code
[0.902s] -- Configured cppcheck include dirs: /home/mayudong/ros2_ws/src/polygon_plugins/<BUILD_INTERFACE:/home/mayudong/ros2_ws/src/polygon_plugins/include>;/home/mayudong/ros2_ws/src/polygon_plugins/<INSTALL_INTERFACE:include>;$<BUILD_INTERFACE:/home/mayudong/ros2_ws/src/polygon_plugins/include>
[0.903s] -- Configured cppcheck exclude dirs and/or files: 
[0.903s] -- Added test 'cpplint' to check C / C++ code against the Google style
[0.903s] -- Configured cpplint exclude dirs and/or files: 
[0.904s] -- Added test 'lint_cmake' to check CMake code style
[0.905s] -- Added test 'uncrustify' to check C / C++ code style
[0.905s] -- Configured uncrustify additional arguments: 
[0.906s] -- Added test 'xmllint' to check XML markup files
[0.910s] -- Configuring incomplete, errors occurred!
[0.910s] See also "/home/mayudong/ros2_ws/build/polygon_plugins/CMakeFiles/CMakeOutput.log".
[0.915s] Invoked command in '/home/mayudong/ros2_ws/build/polygon_plugins' returned '1': AMENT_PREFIX_PATH=/home/mayudong/ros2_ws/install/polygon_base:${AMENT_PREFIX_PATH} CMAKE_PREFIX_PATH=/home/mayudong/ros2_ws/install/polygon_base:/home/mayudong/ros2_ws/install/more_interfaces:/home/mayudong/ros2_ws/install/tutorial_interfaces:/home/mayudong/ros2_ws/install/cpp_srvcli:/home/mayudong/ros2_ws/install/cpp_pubsub:/home/mayudong/ros2_ws/install/my_package:/home/mayudong/ros2_ws/install/turtlesim:/home/mayudong/ros2_ws/install/examples_rclcpp_multithreaded_executor:/home/mayudong/ros2_ws/install/examples_rclcpp_minimal_timer:/home/mayudong/ros2_ws/install/examples_rclcpp_minimal_subscriber:/home/mayudong/ros2_ws/install/examples_rclcpp_minimal_service:/home/mayudong/ros2_ws/install/examples_rclcpp_minimal_publisher:/home/mayudong/ros2_ws/install/examples_rclcpp_minimal_composition:/home/mayudong/ros2_ws/install/examples_rclcpp_minimal_client:/home/mayudong/ros2_ws/install/examples_rclcpp_minimal_action_server:/home/mayudong/ros2_ws/install/examples_rclcpp_minimal_action_client:/home/mayudong/ros2_ws/install/examples_rclpy_minimal_subscriber:/home/mayudong/ros2_ws/install/examples_rclpy_minimal_service:/home/mayudong/ros2_ws/install/examples_rclpy_minimal_publisher:/home/mayudong/ros2_ws/install/examples_rclpy_minimal_client:/home/mayudong/ros2_ws/install/examples_rclpy_minimal_action_server:/home/mayudong/ros2_ws/install/examples_rclpy_minimal_action_client:/home/mayudong/ros2_ws/install/examples_rclpy_executors:/opt/ros/foxy /usr/bin/cmake /home/mayudong/ros2_ws/src/polygon_plugins -DCMAKE_INSTALL_PREFIX=/home/mayudong/ros2_ws/install/polygon_plugins
