[0.013s] Invoking command in '/home/mayudong/ros2_ws/build/cpp_srvcli': CMAKE_PREFIX_PATH=${CMAKE_PREFIX_PATH}:/home/mayudong/ros2_ws/install/examples_rclpy_minimal_subscriber:/home/mayudong/ros2_ws/install/examples_rclpy_minimal_service:/home/mayudong/ros2_ws/install/examples_rclpy_minimal_publisher:/home/mayudong/ros2_ws/install/examples_rclpy_minimal_client:/home/mayudong/ros2_ws/install/examples_rclpy_minimal_action_server:/home/mayudong/ros2_ws/install/examples_rclpy_minimal_action_client:/home/mayudong/ros2_ws/install/examples_rclpy_executors:/opt/ros/foxy /usr/bin/cmake /home/mayudong/ros2_ws/src/cpp_srvcli -DCMAKE_INSTALL_PREFIX=/home/mayudong/ros2_ws/install/cpp_srvcli
[0.094s] -- The C compiler identification is GNU 9.4.0
[0.152s] -- The CXX compiler identification is GNU 9.4.0
[0.156s] -- Check for working C compiler: /usr/bin/cc
[0.239s] -- Check for working C compiler: /usr/bin/cc -- works
[0.239s] -- Detecting C compiler ABI info
[0.317s] -- Detecting C compiler ABI info - done
[0.329s] -- Detecting C compile features
[0.329s] -- Detecting C compile features - done
[0.331s] -- Check for working CXX compiler: /usr/bin/c++
[0.411s] -- Check for working CXX compiler: /usr/bin/c++ -- works
[0.412s] -- Detecting CXX compiler ABI info
[0.512s] -- Detecting CXX compiler ABI info - done
[0.525s] -- Detecting CXX compile features
[0.525s] -- Detecting CXX compile features - done
[0.529s] -- Found ament_cmake: 0.9.11 (/opt/ros/foxy/share/ament_cmake/cmake)
[0.563s] -- Found PythonInterp: /usr/bin/python3 (found suitable version "3.8.10", minimum required is "3") 
[0.563s] -- Using PYTHON_EXECUTABLE: /usr/bin/python3
[0.767s] -- Found rclcpp: 2.4.2 (/opt/ros/foxy/share/rclcpp/cmake)
[0.811s] -- Using all available rosidl_typesupport_c: rosidl_typesupport_fastrtps_c;rosidl_typesupport_introspection_c
[0.820s] -- Found rosidl_adapter: 1.3.0 (/opt/ros/foxy/share/rosidl_adapter/cmake)
[0.906s] -- Found OpenSSL: /usr/lib/x86_64-linux-gnu/libcrypto.so (found version "1.1.1f")  
[0.941s] -- Found FastRTPS: /opt/ros/foxy/include  
[1.021s] -- Using all available rosidl_typesupport_cpp: rosidl_typesupport_fastrtps_cpp;rosidl_typesupport_introspection_cpp
[1.075s] -- Found rmw_implementation_cmake: 1.0.3 (/opt/ros/foxy/share/rmw_implementation_cmake/cmake)
[1.077s] -- Using RMW implementation 'rmw_fastrtps_cpp' as default
[1.078s] -- Looking for pthread.h
[1.191s] -- Looking for pthread.h - found
[1.191s] -- Performing Test CMAKE_HAVE_LIBC_PTHREAD
[1.280s] -- Performing Test CMAKE_HAVE_LIBC_PTHREAD - Failed
[1.280s] -- Looking for pthread_create in pthreads
[1.346s] -- Looking for pthread_create in pthreads - not found
[1.346s] -- Looking for pthread_create in pthread
[1.419s] -- Looking for pthread_create in pthread - found
[1.420s] -- Found Threads: TRUE  
[1.568s] -- Found example_interfaces: 0.9.1 (/opt/ros/foxy/share/example_interfaces/cmake)
[1.746s] -- Configuring done
[1.755s] -- Generating done
[1.757s] -- Build files have been written to: /home/mayudong/ros2_ws/build/cpp_srvcli
[1.766s] Invoked command in '/home/mayudong/ros2_ws/build/cpp_srvcli' returned '0': CMAKE_PREFIX_PATH=${CMAKE_PREFIX_PATH}:/home/mayudong/ros2_ws/install/examples_rclpy_minimal_subscriber:/home/mayudong/ros2_ws/install/examples_rclpy_minimal_service:/home/mayudong/ros2_ws/install/examples_rclpy_minimal_publisher:/home/mayudong/ros2_ws/install/examples_rclpy_minimal_client:/home/mayudong/ros2_ws/install/examples_rclpy_minimal_action_server:/home/mayudong/ros2_ws/install/examples_rclpy_minimal_action_client:/home/mayudong/ros2_ws/install/examples_rclpy_executors:/opt/ros/foxy /usr/bin/cmake /home/mayudong/ros2_ws/src/cpp_srvcli -DCMAKE_INSTALL_PREFIX=/home/mayudong/ros2_ws/install/cpp_srvcli
[1.767s] Invoking command in '/home/mayudong/ros2_ws/build/cpp_srvcli': CMAKE_PREFIX_PATH=${CMAKE_PREFIX_PATH}:/home/mayudong/ros2_ws/install/examples_rclpy_minimal_subscriber:/home/mayudong/ros2_ws/install/examples_rclpy_minimal_service:/home/mayudong/ros2_ws/install/examples_rclpy_minimal_publisher:/home/mayudong/ros2_ws/install/examples_rclpy_minimal_client:/home/mayudong/ros2_ws/install/examples_rclpy_minimal_action_server:/home/mayudong/ros2_ws/install/examples_rclpy_minimal_action_client:/home/mayudong/ros2_ws/install/examples_rclpy_executors:/opt/ros/foxy /usr/bin/cmake --build /home/mayudong/ros2_ws/build/cpp_srvcli -- -j6 -l6
[1.811s] [35m[1mScanning dependencies of target client[0m
[1.811s] [35m[1mScanning dependencies of target server[0m
[1.851s] [ 25%] [32mBuilding CXX object CMakeFiles/server.dir/src/add_two_ints_server.cpp.o[0m
[1.853s] [ 50%] [32mBuilding CXX object CMakeFiles/client.dir/src/add_two_ints_client.cpp.o[0m
[6.219s] [ 75%] [32m[1mLinking CXX executable server[0m
[6.333s] [ 75%] Built target server
[6.565s] [100%] [32m[1mLinking CXX executable client[0m
[6.699s] [100%] Built target client
[6.717s] Invoked command in '/home/mayudong/ros2_ws/build/cpp_srvcli' returned '0': CMAKE_PREFIX_PATH=${CMAKE_PREFIX_PATH}:/home/mayudong/ros2_ws/install/examples_rclpy_minimal_subscriber:/home/mayudong/ros2_ws/install/examples_rclpy_minimal_service:/home/mayudong/ros2_ws/install/examples_rclpy_minimal_publisher:/home/mayudong/ros2_ws/install/examples_rclpy_minimal_client:/home/mayudong/ros2_ws/install/examples_rclpy_minimal_action_server:/home/mayudong/ros2_ws/install/examples_rclpy_minimal_action_client:/home/mayudong/ros2_ws/install/examples_rclpy_executors:/opt/ros/foxy /usr/bin/cmake --build /home/mayudong/ros2_ws/build/cpp_srvcli -- -j6 -l6
[6.776s] Invoking command in '/home/mayudong/ros2_ws/build/cpp_srvcli': CMAKE_PREFIX_PATH=${CMAKE_PREFIX_PATH}:/home/mayudong/ros2_ws/install/examples_rclpy_minimal_subscriber:/home/mayudong/ros2_ws/install/examples_rclpy_minimal_service:/home/mayudong/ros2_ws/install/examples_rclpy_minimal_publisher:/home/mayudong/ros2_ws/install/examples_rclpy_minimal_client:/home/mayudong/ros2_ws/install/examples_rclpy_minimal_action_server:/home/mayudong/ros2_ws/install/examples_rclpy_minimal_action_client:/home/mayudong/ros2_ws/install/examples_rclpy_executors:/opt/ros/foxy /usr/bin/cmake --install /home/mayudong/ros2_ws/build/cpp_srvcli
[6.786s] -- Install configuration: ""
[6.787s] -- Installing: /home/mayudong/ros2_ws/install/cpp_srvcli/lib/cpp_srvcli/server
[6.787s] -- Set runtime path of "/home/mayudong/ros2_ws/install/cpp_srvcli/lib/cpp_srvcli/server" to ""
[6.787s] -- Installing: /home/mayudong/ros2_ws/install/cpp_srvcli/lib/cpp_srvcli/client
[6.788s] -- Set runtime path of "/home/mayudong/ros2_ws/install/cpp_srvcli/lib/cpp_srvcli/client" to ""
[6.788s] -- Installing: /home/mayudong/ros2_ws/install/cpp_srvcli/share/ament_index/resource_index/package_run_dependencies/cpp_srvcli
[6.789s] -- Installing: /home/mayudong/ros2_ws/install/cpp_srvcli/share/ament_index/resource_index/parent_prefix_path/cpp_srvcli
[6.789s] -- Installing: /home/mayudong/ros2_ws/install/cpp_srvcli/share/cpp_srvcli/environment/ament_prefix_path.sh
[6.789s] -- Installing: /home/mayudong/ros2_ws/install/cpp_srvcli/share/cpp_srvcli/environment/ament_prefix_path.dsv
[6.789s] -- Installing: /home/mayudong/ros2_ws/install/cpp_srvcli/share/cpp_srvcli/environment/path.sh
[6.789s] -- Installing: /home/mayudong/ros2_ws/install/cpp_srvcli/share/cpp_srvcli/environment/path.dsv
[6.789s] -- Installing: /home/mayudong/ros2_ws/install/cpp_srvcli/share/cpp_srvcli/local_setup.bash
[6.790s] -- Installing: /home/mayudong/ros2_ws/install/cpp_srvcli/share/cpp_srvcli/local_setup.sh
[6.790s] -- Installing: /home/mayudong/ros2_ws/install/cpp_srvcli/share/cpp_srvcli/local_setup.zsh
[6.790s] -- Installing: /home/mayudong/ros2_ws/install/cpp_srvcli/share/cpp_srvcli/local_setup.dsv
[6.791s] -- Installing: /home/mayudong/ros2_ws/install/cpp_srvcli/share/cpp_srvcli/package.dsv
[6.791s] -- Installing: /home/mayudong/ros2_ws/install/cpp_srvcli/share/ament_index/resource_index/packages/cpp_srvcli
[6.791s] -- Installing: /home/mayudong/ros2_ws/install/cpp_srvcli/share/cpp_srvcli/cmake/cpp_srvcliConfig.cmake
[6.791s] -- Installing: /home/mayudong/ros2_ws/install/cpp_srvcli/share/cpp_srvcli/cmake/cpp_srvcliConfig-version.cmake
[6.792s] -- Installing: /home/mayudong/ros2_ws/install/cpp_srvcli/share/cpp_srvcli/package.xml
[6.794s] Invoked command in '/home/mayudong/ros2_ws/build/cpp_srvcli' returned '0': CMAKE_PREFIX_PATH=${CMAKE_PREFIX_PATH}:/home/mayudong/ros2_ws/install/examples_rclpy_minimal_subscriber:/home/mayudong/ros2_ws/install/examples_rclpy_minimal_service:/home/mayudong/ros2_ws/install/examples_rclpy_minimal_publisher:/home/mayudong/ros2_ws/install/examples_rclpy_minimal_client:/home/mayudong/ros2_ws/install/examples_rclpy_minimal_action_server:/home/mayudong/ros2_ws/install/examples_rclpy_minimal_action_client:/home/mayudong/ros2_ws/install/examples_rclpy_executors:/opt/ros/foxy /usr/bin/cmake --install /home/mayudong/ros2_ws/build/cpp_srvcli
