[0.347s] DEBUG:colcon:Command line arguments: ['/usr/bin/colcon', 'list', '-p', '--base-paths', '/home/mayudong/ros2_ws']
[0.347s] DEBUG:colcon:Parsed command line arguments: Namespace(allow_overriding=[], base_paths=['/home/mayudong/ros2_ws'], build_base='build', ignore_user_meta=False, log_base=None, log_level=None, main=<bound method ListVerb.main of <colcon_package_information.verb.list.ListVerb object at 0x7f8dc71b2730>>, metas=['./colcon.meta'], names_only=False, packages_above=None, packages_above_and_dependencies=None, packages_above_depth=None, packages_end=None, packages_ignore=None, packages_ignore_regex=None, packages_select=None, packages_select_build_failed=False, packages_select_by_dep=None, packages_select_regex=None, packages_select_test_failures=False, packages_skip=None, packages_skip_build_finished=False, packages_skip_by_dep=None, packages_skip_regex=None, packages_skip_test_passed=False, packages_skip_up_to=None, packages_start=None, packages_up_to=None, packages_up_to_regex=None, paths=None, paths_only=True, topological_graph=False, topological_graph_density=False, topological_graph_dot=False, topological_graph_dot_cluster=False, topological_graph_dot_include_skipped=False, topological_graph_legend=False, topological_order=False, verb_extension=<colcon_package_information.verb.list.ListVerb object at 0x7f8dc71b2730>, verb_name='list', verb_parser=<colcon_defaults.argument_parser.defaults.DefaultArgumentsDecorator object at 0x7f8dc70cfca0>)
[0.376s] Level 1:colcon.colcon_core.package_discovery:discover_packages(colcon_meta) check parameters
[0.376s] Level 1:colcon.colcon_core.package_discovery:discover_packages(recursive) check parameters
[0.376s] Level 1:colcon.colcon_core.package_discovery:discover_packages(ignore) check parameters
[0.376s] Level 1:colcon.colcon_core.package_discovery:discover_packages(path) check parameters
[0.376s] Level 1:colcon.colcon_core.package_discovery:discover_packages(recursive) discover
[0.376s] INFO:colcon.colcon_core.package_discovery:Crawling recursively for packages in '/home/mayudong/ros2_ws'
[0.377s] Level 1:colcon.colcon_core.package_identification:_identify(/home/mayudong/ros2_ws) by extensions ['ignore', 'ignore_ament_install']
[0.377s] Level 1:colcon.colcon_core.package_identification:_identify(/home/mayudong/ros2_ws) by extension 'ignore'
[0.377s] Level 1:colcon.colcon_core.package_identification:_identify(/home/mayudong/ros2_ws) by extension 'ignore_ament_install'
[0.377s] Level 1:colcon.colcon_core.package_identification:_identify(/home/mayudong/ros2_ws) by extensions ['colcon_pkg']
[0.378s] Level 1:colcon.colcon_core.package_identification:_identify(/home/mayudong/ros2_ws) by extension 'colcon_pkg'
[0.378s] Level 1:colcon.colcon_core.package_identification:_identify(/home/mayudong/ros2_ws) by extensions ['colcon_meta']
[0.378s] Level 1:colcon.colcon_core.package_identification:_identify(/home/mayudong/ros2_ws) by extension 'colcon_meta'
[0.378s] Level 1:colcon.colcon_core.package_identification:_identify(/home/mayudong/ros2_ws) by extensions ['ros']
[0.378s] Level 1:colcon.colcon_core.package_identification:_identify(/home/mayudong/ros2_ws) by extension 'ros'
[0.389s] Level 1:colcon.colcon_core.package_identification:_identify(/home/mayudong/ros2_ws) by extensions ['cmake', 'python']
[0.389s] Level 1:colcon.colcon_core.package_identification:_identify(/home/mayudong/ros2_ws) by extension 'cmake'
[0.389s] Level 1:colcon.colcon_core.package_identification:_identify(/home/mayudong/ros2_ws) by extension 'python'
[0.390s] Level 1:colcon.colcon_core.package_identification:_identify(/home/mayudong/ros2_ws) by extensions ['python_setup_py']
[0.390s] Level 1:colcon.colcon_core.package_identification:_identify(/home/mayudong/ros2_ws) by extension 'python_setup_py'
[0.390s] Level 1:colcon.colcon_core.package_identification:_identify(/home/mayudong/ros2_ws/build) by extensions ['ignore', 'ignore_ament_install']
[0.390s] Level 1:colcon.colcon_core.package_identification:_identify(/home/mayudong/ros2_ws/build) by extension 'ignore'
[0.391s] Level 1:colcon.colcon_core.package_identification:_identify(/home/mayudong/ros2_ws/build) ignored
[0.391s] Level 1:colcon.colcon_core.package_identification:_identify(/home/mayudong/ros2_ws/install) by extensions ['ignore', 'ignore_ament_install']
[0.391s] Level 1:colcon.colcon_core.package_identification:_identify(/home/mayudong/ros2_ws/install) by extension 'ignore'
[0.391s] Level 1:colcon.colcon_core.package_identification:_identify(/home/mayudong/ros2_ws/install) ignored
[0.391s] Level 1:colcon.colcon_core.package_identification:_identify(/home/mayudong/ros2_ws/log) by extensions ['ignore', 'ignore_ament_install']
[0.392s] Level 1:colcon.colcon_core.package_identification:_identify(/home/mayudong/ros2_ws/log) by extension 'ignore'
[0.392s] Level 1:colcon.colcon_core.package_identification:_identify(/home/mayudong/ros2_ws/log) ignored
[0.392s] Level 1:colcon.colcon_core.package_identification:_identify(/home/mayudong/ros2_ws/src) by extensions ['ignore', 'ignore_ament_install']
[0.392s] Level 1:colcon.colcon_core.package_identification:_identify(/home/mayudong/ros2_ws/src) by extension 'ignore'
[0.392s] Level 1:colcon.colcon_core.package_identification:_identify(/home/mayudong/ros2_ws/src) by extension 'ignore_ament_install'
[0.392s] Level 1:colcon.colcon_core.package_identification:_identify(/home/mayudong/ros2_ws/src) by extensions ['colcon_pkg']
[0.393s] Level 1:colcon.colcon_core.package_identification:_identify(/home/mayudong/ros2_ws/src) by extension 'colcon_pkg'
[0.393s] Level 1:colcon.colcon_core.package_identification:_identify(/home/mayudong/ros2_ws/src) by extensions ['colcon_meta']
[0.393s] Level 1:colcon.colcon_core.package_identification:_identify(/home/mayudong/ros2_ws/src) by extension 'colcon_meta'
[0.393s] Level 1:colcon.colcon_core.package_identification:_identify(/home/mayudong/ros2_ws/src) by extensions ['ros']
[0.393s] Level 1:colcon.colcon_core.package_identification:_identify(/home/mayudong/ros2_ws/src) by extension 'ros'
[0.393s] Level 1:colcon.colcon_core.package_identification:_identify(/home/mayudong/ros2_ws/src) by extensions ['cmake', 'python']
[0.394s] Level 1:colcon.colcon_core.package_identification:_identify(/home/mayudong/ros2_ws/src) by extension 'cmake'
[0.394s] Level 1:colcon.colcon_core.package_identification:_identify(/home/mayudong/ros2_ws/src) by extension 'python'
[0.394s] Level 1:colcon.colcon_core.package_identification:_identify(/home/mayudong/ros2_ws/src) by extensions ['python_setup_py']
[0.394s] Level 1:colcon.colcon_core.package_identification:_identify(/home/mayudong/ros2_ws/src) by extension 'python_setup_py'
[0.394s] Level 1:colcon.colcon_core.package_identification:_identify(/home/mayudong/ros2_ws/src/examples) by extensions ['ignore', 'ignore_ament_install']
[0.395s] Level 1:colcon.colcon_core.package_identification:_identify(/home/mayudong/ros2_ws/src/examples) by extension 'ignore'
[0.395s] Level 1:colcon.colcon_core.package_identification:_identify(/home/mayudong/ros2_ws/src/examples) by extension 'ignore_ament_install'
[0.395s] Level 1:colcon.colcon_core.package_identification:_identify(/home/mayudong/ros2_ws/src/examples) by extensions ['colcon_pkg']
[0.395s] Level 1:colcon.colcon_core.package_identification:_identify(/home/mayudong/ros2_ws/src/examples) by extension 'colcon_pkg'
[0.395s] Level 1:colcon.colcon_core.package_identification:_identify(/home/mayudong/ros2_ws/src/examples) by extensions ['colcon_meta']
[0.396s] Level 1:colcon.colcon_core.package_identification:_identify(/home/mayudong/ros2_ws/src/examples) by extension 'colcon_meta'
[0.396s] Level 1:colcon.colcon_core.package_identification:_identify(/home/mayudong/ros2_ws/src/examples) by extensions ['ros']
[0.396s] Level 1:colcon.colcon_core.package_identification:_identify(/home/mayudong/ros2_ws/src/examples) by extension 'ros'
[0.396s] Level 1:colcon.colcon_core.package_identification:_identify(/home/mayudong/ros2_ws/src/examples) by extensions ['cmake', 'python']
[0.396s] Level 1:colcon.colcon_core.package_identification:_identify(/home/mayudong/ros2_ws/src/examples) by extension 'cmake'
[0.396s] Level 1:colcon.colcon_core.package_identification:_identify(/home/mayudong/ros2_ws/src/examples) by extension 'python'
[0.397s] Level 1:colcon.colcon_core.package_identification:_identify(/home/mayudong/ros2_ws/src/examples) by extensions ['python_setup_py']
[0.397s] Level 1:colcon.colcon_core.package_identification:_identify(/home/mayudong/ros2_ws/src/examples) by extension 'python_setup_py'
[0.397s] Level 1:colcon.colcon_core.package_identification:_identify(/home/mayudong/ros2_ws/src/examples/rclcpp) by extensions ['ignore', 'ignore_ament_install']
[0.397s] Level 1:colcon.colcon_core.package_identification:_identify(/home/mayudong/ros2_ws/src/examples/rclcpp) by extension 'ignore'
[0.397s] Level 1:colcon.colcon_core.package_identification:_identify(/home/mayudong/ros2_ws/src/examples/rclcpp) by extension 'ignore_ament_install'
[0.397s] Level 1:colcon.colcon_core.package_identification:_identify(/home/mayudong/ros2_ws/src/examples/rclcpp) by extensions ['colcon_pkg']
[0.398s] Level 1:colcon.colcon_core.package_identification:_identify(/home/mayudong/ros2_ws/src/examples/rclcpp) by extension 'colcon_pkg'
[0.398s] Level 1:colcon.colcon_core.package_identification:_identify(/home/mayudong/ros2_ws/src/examples/rclcpp) by extensions ['colcon_meta']
[0.398s] Level 1:colcon.colcon_core.package_identification:_identify(/home/mayudong/ros2_ws/src/examples/rclcpp) by extension 'colcon_meta'
[0.398s] Level 1:colcon.colcon_core.package_identification:_identify(/home/mayudong/ros2_ws/src/examples/rclcpp) by extensions ['ros']
[0.398s] Level 1:colcon.colcon_core.package_identification:_identify(/home/mayudong/ros2_ws/src/examples/rclcpp) by extension 'ros'
[0.398s] Level 1:colcon.colcon_core.package_identification:_identify(/home/mayudong/ros2_ws/src/examples/rclcpp) by extensions ['cmake', 'python']
[0.399s] Level 1:colcon.colcon_core.package_identification:_identify(/home/mayudong/ros2_ws/src/examples/rclcpp) by extension 'cmake'
[0.399s] Level 1:colcon.colcon_core.package_identification:_identify(/home/mayudong/ros2_ws/src/examples/rclcpp) by extension 'python'
[0.399s] Level 1:colcon.colcon_core.package_identification:_identify(/home/mayudong/ros2_ws/src/examples/rclcpp) by extensions ['python_setup_py']
[0.399s] Level 1:colcon.colcon_core.package_identification:_identify(/home/mayudong/ros2_ws/src/examples/rclcpp) by extension 'python_setup_py'
[0.399s] Level 1:colcon.colcon_core.package_identification:_identify(/home/mayudong/ros2_ws/src/examples/rclcpp/actions) by extensions ['ignore', 'ignore_ament_install']
[0.399s] Level 1:colcon.colcon_core.package_identification:_identify(/home/mayudong/ros2_ws/src/examples/rclcpp/actions) by extension 'ignore'
[0.400s] Level 1:colcon.colcon_core.package_identification:_identify(/home/mayudong/ros2_ws/src/examples/rclcpp/actions) by extension 'ignore_ament_install'
[0.400s] Level 1:colcon.colcon_core.package_identification:_identify(/home/mayudong/ros2_ws/src/examples/rclcpp/actions) by extensions ['colcon_pkg']
[0.400s] Level 1:colcon.colcon_core.package_identification:_identify(/home/mayudong/ros2_ws/src/examples/rclcpp/actions) by extension 'colcon_pkg'
[0.400s] Level 1:colcon.colcon_core.package_identification:_identify(/home/mayudong/ros2_ws/src/examples/rclcpp/actions) by extensions ['colcon_meta']
[0.400s] Level 1:colcon.colcon_core.package_identification:_identify(/home/mayudong/ros2_ws/src/examples/rclcpp/actions) by extension 'colcon_meta'
[0.400s] Level 1:colcon.colcon_core.package_identification:_identify(/home/mayudong/ros2_ws/src/examples/rclcpp/actions) by extensions ['ros']
[0.400s] Level 1:colcon.colcon_core.package_identification:_identify(/home/mayudong/ros2_ws/src/examples/rclcpp/actions) by extension 'ros'
[0.401s] Level 1:colcon.colcon_core.package_identification:_identify(/home/mayudong/ros2_ws/src/examples/rclcpp/actions) by extensions ['cmake', 'python']
[0.401s] Level 1:colcon.colcon_core.package_identification:_identify(/home/mayudong/ros2_ws/src/examples/rclcpp/actions) by extension 'cmake'
[0.401s] Level 1:colcon.colcon_core.package_identification:_identify(/home/mayudong/ros2_ws/src/examples/rclcpp/actions) by extension 'python'
[0.401s] Level 1:colcon.colcon_core.package_identification:_identify(/home/mayudong/ros2_ws/src/examples/rclcpp/actions) by extensions ['python_setup_py']
[0.401s] Level 1:colcon.colcon_core.package_identification:_identify(/home/mayudong/ros2_ws/src/examples/rclcpp/actions) by extension 'python_setup_py'
[0.401s] Level 1:colcon.colcon_core.package_identification:_identify(/home/mayudong/ros2_ws/src/examples/rclcpp/actions/minimal_action_client) by extensions ['ignore', 'ignore_ament_install']
[0.401s] Level 1:colcon.colcon_core.package_identification:_identify(/home/mayudong/ros2_ws/src/examples/rclcpp/actions/minimal_action_client) by extension 'ignore'
[0.402s] Level 1:colcon.colcon_core.package_identification:_identify(/home/mayudong/ros2_ws/src/examples/rclcpp/actions/minimal_action_client) by extension 'ignore_ament_install'
[0.402s] Level 1:colcon.colcon_core.package_identification:_identify(/home/mayudong/ros2_ws/src/examples/rclcpp/actions/minimal_action_client) by extensions ['colcon_pkg']
[0.402s] Level 1:colcon.colcon_core.package_identification:_identify(/home/mayudong/ros2_ws/src/examples/rclcpp/actions/minimal_action_client) by extension 'colcon_pkg'
[0.402s] Level 1:colcon.colcon_core.package_identification:_identify(/home/mayudong/ros2_ws/src/examples/rclcpp/actions/minimal_action_client) by extensions ['colcon_meta']
[0.402s] Level 1:colcon.colcon_core.package_identification:_identify(/home/mayudong/ros2_ws/src/examples/rclcpp/actions/minimal_action_client) by extension 'colcon_meta'
[0.403s] Level 1:colcon.colcon_core.package_identification:_identify(/home/mayudong/ros2_ws/src/examples/rclcpp/actions/minimal_action_client) by extensions ['ros']
[0.403s] Level 1:colcon.colcon_core.package_identification:_identify(/home/mayudong/ros2_ws/src/examples/rclcpp/actions/minimal_action_client) by extension 'ros'
[0.405s] DEBUG:colcon.colcon_core.package_identification:Package '/home/mayudong/ros2_ws/src/examples/rclcpp/actions/minimal_action_client' with type 'ros.ament_cmake' and name 'examples_rclcpp_minimal_action_client'
[0.405s] Level 1:colcon.colcon_core.package_identification:_identify(/home/mayudong/ros2_ws/src/examples/rclcpp/actions/minimal_action_server) by extensions ['ignore', 'ignore_ament_install']
[0.406s] Level 1:colcon.colcon_core.package_identification:_identify(/home/mayudong/ros2_ws/src/examples/rclcpp/actions/minimal_action_server) by extension 'ignore'
[0.406s] Level 1:colcon.colcon_core.package_identification:_identify(/home/mayudong/ros2_ws/src/examples/rclcpp/actions/minimal_action_server) by extension 'ignore_ament_install'
[0.407s] Level 1:colcon.colcon_core.package_identification:_identify(/home/mayudong/ros2_ws/src/examples/rclcpp/actions/minimal_action_server) by extensions ['colcon_pkg']
[0.407s] Level 1:colcon.colcon_core.package_identification:_identify(/home/mayudong/ros2_ws/src/examples/rclcpp/actions/minimal_action_server) by extension 'colcon_pkg'
[0.407s] Level 1:colcon.colcon_core.package_identification:_identify(/home/mayudong/ros2_ws/src/examples/rclcpp/actions/minimal_action_server) by extensions ['colcon_meta']
[0.407s] Level 1:colcon.colcon_core.package_identification:_identify(/home/mayudong/ros2_ws/src/examples/rclcpp/actions/minimal_action_server) by extension 'colcon_meta'
[0.407s] Level 1:colcon.colcon_core.package_identification:_identify(/home/mayudong/ros2_ws/src/examples/rclcpp/actions/minimal_action_server) by extensions ['ros']
[0.407s] Level 1:colcon.colcon_core.package_identification:_identify(/home/mayudong/ros2_ws/src/examples/rclcpp/actions/minimal_action_server) by extension 'ros'
[0.409s] DEBUG:colcon.colcon_core.package_identification:Package '/home/mayudong/ros2_ws/src/examples/rclcpp/actions/minimal_action_server' with type 'ros.ament_cmake' and name 'examples_rclcpp_minimal_action_server'
[0.409s] Level 1:colcon.colcon_core.package_identification:_identify(/home/mayudong/ros2_ws/src/examples/rclcpp/composition) by extensions ['ignore', 'ignore_ament_install']
[0.409s] Level 1:colcon.colcon_core.package_identification:_identify(/home/mayudong/ros2_ws/src/examples/rclcpp/composition) by extension 'ignore'
[0.409s] Level 1:colcon.colcon_core.package_identification:_identify(/home/mayudong/ros2_ws/src/examples/rclcpp/composition) by extension 'ignore_ament_install'
[0.410s] Level 1:colcon.colcon_core.package_identification:_identify(/home/mayudong/ros2_ws/src/examples/rclcpp/composition) by extensions ['colcon_pkg']
[0.410s] Level 1:colcon.colcon_core.package_identification:_identify(/home/mayudong/ros2_ws/src/examples/rclcpp/composition) by extension 'colcon_pkg'
[0.410s] Level 1:colcon.colcon_core.package_identification:_identify(/home/mayudong/ros2_ws/src/examples/rclcpp/composition) by extensions ['colcon_meta']
[0.410s] Level 1:colcon.colcon_core.package_identification:_identify(/home/mayudong/ros2_ws/src/examples/rclcpp/composition) by extension 'colcon_meta'
[0.410s] Level 1:colcon.colcon_core.package_identification:_identify(/home/mayudong/ros2_ws/src/examples/rclcpp/composition) by extensions ['ros']
[0.410s] Level 1:colcon.colcon_core.package_identification:_identify(/home/mayudong/ros2_ws/src/examples/rclcpp/composition) by extension 'ros'
[0.410s] Level 1:colcon.colcon_core.package_identification:_identify(/home/mayudong/ros2_ws/src/examples/rclcpp/composition) by extensions ['cmake', 'python']
[0.411s] Level 1:colcon.colcon_core.package_identification:_identify(/home/mayudong/ros2_ws/src/examples/rclcpp/composition) by extension 'cmake'
[0.411s] Level 1:colcon.colcon_core.package_identification:_identify(/home/mayudong/ros2_ws/src/examples/rclcpp/composition) by extension 'python'
[0.411s] Level 1:colcon.colcon_core.package_identification:_identify(/home/mayudong/ros2_ws/src/examples/rclcpp/composition) by extensions ['python_setup_py']
[0.411s] Level 1:colcon.colcon_core.package_identification:_identify(/home/mayudong/ros2_ws/src/examples/rclcpp/composition) by extension 'python_setup_py'
[0.412s] Level 1:colcon.colcon_core.package_identification:_identify(/home/mayudong/ros2_ws/src/examples/rclcpp/composition/minimal_composition) by extensions ['ignore', 'ignore_ament_install']
[0.412s] Level 1:colcon.colcon_core.package_identification:_identify(/home/mayudong/ros2_ws/src/examples/rclcpp/composition/minimal_composition) by extension 'ignore'
[0.412s] Level 1:colcon.colcon_core.package_identification:_identify(/home/mayudong/ros2_ws/src/examples/rclcpp/composition/minimal_composition) by extension 'ignore_ament_install'
[0.413s] Level 1:colcon.colcon_core.package_identification:_identify(/home/mayudong/ros2_ws/src/examples/rclcpp/composition/minimal_composition) by extensions ['colcon_pkg']
[0.413s] Level 1:colcon.colcon_core.package_identification:_identify(/home/mayudong/ros2_ws/src/examples/rclcpp/composition/minimal_composition) by extension 'colcon_pkg'
[0.413s] Level 1:colcon.colcon_core.package_identification:_identify(/home/mayudong/ros2_ws/src/examples/rclcpp/composition/minimal_composition) by extensions ['colcon_meta']
[0.416s] Level 1:colcon.colcon_core.package_identification:_identify(/home/mayudong/ros2_ws/src/examples/rclcpp/composition/minimal_composition) by extension 'colcon_meta'
[0.416s] Level 1:colcon.colcon_core.package_identification:_identify(/home/mayudong/ros2_ws/src/examples/rclcpp/composition/minimal_composition) by extensions ['ros']
[0.416s] Level 1:colcon.colcon_core.package_identification:_identify(/home/mayudong/ros2_ws/src/examples/rclcpp/composition/minimal_composition) by extension 'ros'
[0.417s] DEBUG:colcon.colcon_core.package_identification:Package '/home/mayudong/ros2_ws/src/examples/rclcpp/composition/minimal_composition' with type 'ros.ament_cmake' and name 'examples_rclcpp_minimal_composition'
[0.418s] Level 1:colcon.colcon_core.package_identification:_identify(/home/mayudong/ros2_ws/src/examples/rclcpp/executors) by extensions ['ignore', 'ignore_ament_install']
[0.418s] Level 1:colcon.colcon_core.package_identification:_identify(/home/mayudong/ros2_ws/src/examples/rclcpp/executors) by extension 'ignore'
[0.419s] Level 1:colcon.colcon_core.package_identification:_identify(/home/mayudong/ros2_ws/src/examples/rclcpp/executors) by extension 'ignore_ament_install'
[0.419s] Level 1:colcon.colcon_core.package_identification:_identify(/home/mayudong/ros2_ws/src/examples/rclcpp/executors) by extensions ['colcon_pkg']
[0.419s] Level 1:colcon.colcon_core.package_identification:_identify(/home/mayudong/ros2_ws/src/examples/rclcpp/executors) by extension 'colcon_pkg'
[0.420s] Level 1:colcon.colcon_core.package_identification:_identify(/home/mayudong/ros2_ws/src/examples/rclcpp/executors) by extensions ['colcon_meta']
[0.420s] Level 1:colcon.colcon_core.package_identification:_identify(/home/mayudong/ros2_ws/src/examples/rclcpp/executors) by extension 'colcon_meta'
[0.420s] Level 1:colcon.colcon_core.package_identification:_identify(/home/mayudong/ros2_ws/src/examples/rclcpp/executors) by extensions ['ros']
[0.420s] Level 1:colcon.colcon_core.package_identification:_identify(/home/mayudong/ros2_ws/src/examples/rclcpp/executors) by extension 'ros'
[0.420s] Level 1:colcon.colcon_core.package_identification:_identify(/home/mayudong/ros2_ws/src/examples/rclcpp/executors) by extensions ['cmake', 'python']
[0.421s] Level 1:colcon.colcon_core.package_identification:_identify(/home/mayudong/ros2_ws/src/examples/rclcpp/executors) by extension 'cmake'
[0.421s] Level 1:colcon.colcon_core.package_identification:_identify(/home/mayudong/ros2_ws/src/examples/rclcpp/executors) by extension 'python'
[0.421s] Level 1:colcon.colcon_core.package_identification:_identify(/home/mayudong/ros2_ws/src/examples/rclcpp/executors) by extensions ['python_setup_py']
[0.421s] Level 1:colcon.colcon_core.package_identification:_identify(/home/mayudong/ros2_ws/src/examples/rclcpp/executors) by extension 'python_setup_py'
[0.421s] Level 1:colcon.colcon_core.package_identification:_identify(/home/mayudong/ros2_ws/src/examples/rclcpp/executors/multithreaded_executor) by extensions ['ignore', 'ignore_ament_install']
[0.422s] Level 1:colcon.colcon_core.package_identification:_identify(/home/mayudong/ros2_ws/src/examples/rclcpp/executors/multithreaded_executor) by extension 'ignore'
[0.422s] Level 1:colcon.colcon_core.package_identification:_identify(/home/mayudong/ros2_ws/src/examples/rclcpp/executors/multithreaded_executor) by extension 'ignore_ament_install'
[0.422s] Level 1:colcon.colcon_core.package_identification:_identify(/home/mayudong/ros2_ws/src/examples/rclcpp/executors/multithreaded_executor) by extensions ['colcon_pkg']
[0.422s] Level 1:colcon.colcon_core.package_identification:_identify(/home/mayudong/ros2_ws/src/examples/rclcpp/executors/multithreaded_executor) by extension 'colcon_pkg'
[0.422s] Level 1:colcon.colcon_core.package_identification:_identify(/home/mayudong/ros2_ws/src/examples/rclcpp/executors/multithreaded_executor) by extensions ['colcon_meta']
[0.423s] Level 1:colcon.colcon_core.package_identification:_identify(/home/mayudong/ros2_ws/src/examples/rclcpp/executors/multithreaded_executor) by extension 'colcon_meta'
[0.423s] Level 1:colcon.colcon_core.package_identification:_identify(/home/mayudong/ros2_ws/src/examples/rclcpp/executors/multithreaded_executor) by extensions ['ros']
[0.423s] Level 1:colcon.colcon_core.package_identification:_identify(/home/mayudong/ros2_ws/src/examples/rclcpp/executors/multithreaded_executor) by extension 'ros'
[0.424s] DEBUG:colcon.colcon_core.package_identification:Package '/home/mayudong/ros2_ws/src/examples/rclcpp/executors/multithreaded_executor' with type 'ros.ament_cmake' and name 'examples_rclcpp_multithreaded_executor'
[0.424s] Level 1:colcon.colcon_core.package_identification:_identify(/home/mayudong/ros2_ws/src/examples/rclcpp/services) by extensions ['ignore', 'ignore_ament_install']
[0.424s] Level 1:colcon.colcon_core.package_identification:_identify(/home/mayudong/ros2_ws/src/examples/rclcpp/services) by extension 'ignore'
[0.424s] Level 1:colcon.colcon_core.package_identification:_identify(/home/mayudong/ros2_ws/src/examples/rclcpp/services) by extension 'ignore_ament_install'
[0.424s] Level 1:colcon.colcon_core.package_identification:_identify(/home/mayudong/ros2_ws/src/examples/rclcpp/services) by extensions ['colcon_pkg']
[0.425s] Level 1:colcon.colcon_core.package_identification:_identify(/home/mayudong/ros2_ws/src/examples/rclcpp/services) by extension 'colcon_pkg'
[0.425s] Level 1:colcon.colcon_core.package_identification:_identify(/home/mayudong/ros2_ws/src/examples/rclcpp/services) by extensions ['colcon_meta']
[0.425s] Level 1:colcon.colcon_core.package_identification:_identify(/home/mayudong/ros2_ws/src/examples/rclcpp/services) by extension 'colcon_meta'
[0.425s] Level 1:colcon.colcon_core.package_identification:_identify(/home/mayudong/ros2_ws/src/examples/rclcpp/services) by extensions ['ros']
[0.425s] Level 1:colcon.colcon_core.package_identification:_identify(/home/mayudong/ros2_ws/src/examples/rclcpp/services) by extension 'ros'
[0.426s] Level 1:colcon.colcon_core.package_identification:_identify(/home/mayudong/ros2_ws/src/examples/rclcpp/services) by extensions ['cmake', 'python']
[0.426s] Level 1:colcon.colcon_core.package_identification:_identify(/home/mayudong/ros2_ws/src/examples/rclcpp/services) by extension 'cmake'
[0.426s] Level 1:colcon.colcon_core.package_identification:_identify(/home/mayudong/ros2_ws/src/examples/rclcpp/services) by extension 'python'
[0.426s] Level 1:colcon.colcon_core.package_identification:_identify(/home/mayudong/ros2_ws/src/examples/rclcpp/services) by extensions ['python_setup_py']
[0.427s] Level 1:colcon.colcon_core.package_identification:_identify(/home/mayudong/ros2_ws/src/examples/rclcpp/services) by extension 'python_setup_py'
[0.427s] Level 1:colcon.colcon_core.package_identification:_identify(/home/mayudong/ros2_ws/src/examples/rclcpp/services/minimal_client) by extensions ['ignore', 'ignore_ament_install']
[0.427s] Level 1:colcon.colcon_core.package_identification:_identify(/home/mayudong/ros2_ws/src/examples/rclcpp/services/minimal_client) by extension 'ignore'
[0.427s] Level 1:colcon.colcon_core.package_identification:_identify(/home/mayudong/ros2_ws/src/examples/rclcpp/services/minimal_client) by extension 'ignore_ament_install'
[0.427s] Level 1:colcon.colcon_core.package_identification:_identify(/home/mayudong/ros2_ws/src/examples/rclcpp/services/minimal_client) by extensions ['colcon_pkg']
[0.427s] Level 1:colcon.colcon_core.package_identification:_identify(/home/mayudong/ros2_ws/src/examples/rclcpp/services/minimal_client) by extension 'colcon_pkg'
[0.428s] Level 1:colcon.colcon_core.package_identification:_identify(/home/mayudong/ros2_ws/src/examples/rclcpp/services/minimal_client) by extensions ['colcon_meta']
[0.428s] Level 1:colcon.colcon_core.package_identification:_identify(/home/mayudong/ros2_ws/src/examples/rclcpp/services/minimal_client) by extension 'colcon_meta'
[0.428s] Level 1:colcon.colcon_core.package_identification:_identify(/home/mayudong/ros2_ws/src/examples/rclcpp/services/minimal_client) by extensions ['ros']
[0.428s] Level 1:colcon.colcon_core.package_identification:_identify(/home/mayudong/ros2_ws/src/examples/rclcpp/services/minimal_client) by extension 'ros'
[0.429s] DEBUG:colcon.colcon_core.package_identification:Package '/home/mayudong/ros2_ws/src/examples/rclcpp/services/minimal_client' with type 'ros.ament_cmake' and name 'examples_rclcpp_minimal_client'
[0.429s] Level 1:colcon.colcon_core.package_identification:_identify(/home/mayudong/ros2_ws/src/examples/rclcpp/services/minimal_service) by extensions ['ignore', 'ignore_ament_install']
[0.429s] Level 1:colcon.colcon_core.package_identification:_identify(/home/mayudong/ros2_ws/src/examples/rclcpp/services/minimal_service) by extension 'ignore'
[0.430s] Level 1:colcon.colcon_core.package_identification:_identify(/home/mayudong/ros2_ws/src/examples/rclcpp/services/minimal_service) by extension 'ignore_ament_install'
[0.430s] Level 1:colcon.colcon_core.package_identification:_identify(/home/mayudong/ros2_ws/src/examples/rclcpp/services/minimal_service) by extensions ['colcon_pkg']
[0.430s] Level 1:colcon.colcon_core.package_identification:_identify(/home/mayudong/ros2_ws/src/examples/rclcpp/services/minimal_service) by extension 'colcon_pkg'
[0.430s] Level 1:colcon.colcon_core.package_identification:_identify(/home/mayudong/ros2_ws/src/examples/rclcpp/services/minimal_service) by extensions ['colcon_meta']
[0.430s] Level 1:colcon.colcon_core.package_identification:_identify(/home/mayudong/ros2_ws/src/examples/rclcpp/services/minimal_service) by extension 'colcon_meta'
[0.430s] Level 1:colcon.colcon_core.package_identification:_identify(/home/mayudong/ros2_ws/src/examples/rclcpp/services/minimal_service) by extensions ['ros']
[0.431s] Level 1:colcon.colcon_core.package_identification:_identify(/home/mayudong/ros2_ws/src/examples/rclcpp/services/minimal_service) by extension 'ros'
[0.431s] DEBUG:colcon.colcon_core.package_identification:Package '/home/mayudong/ros2_ws/src/examples/rclcpp/services/minimal_service' with type 'ros.ament_cmake' and name 'examples_rclcpp_minimal_service'
[0.431s] Level 1:colcon.colcon_core.package_identification:_identify(/home/mayudong/ros2_ws/src/examples/rclcpp/timers) by extensions ['ignore', 'ignore_ament_install']
[0.432s] Level 1:colcon.colcon_core.package_identification:_identify(/home/mayudong/ros2_ws/src/examples/rclcpp/timers) by extension 'ignore'
[0.432s] Level 1:colcon.colcon_core.package_identification:_identify(/home/mayudong/ros2_ws/src/examples/rclcpp/timers) by extension 'ignore_ament_install'
[0.432s] Level 1:colcon.colcon_core.package_identification:_identify(/home/mayudong/ros2_ws/src/examples/rclcpp/timers) by extensions ['colcon_pkg']
[0.432s] Level 1:colcon.colcon_core.package_identification:_identify(/home/mayudong/ros2_ws/src/examples/rclcpp/timers) by extension 'colcon_pkg'
[0.432s] Level 1:colcon.colcon_core.package_identification:_identify(/home/mayudong/ros2_ws/src/examples/rclcpp/timers) by extensions ['colcon_meta']
[0.432s] Level 1:colcon.colcon_core.package_identification:_identify(/home/mayudong/ros2_ws/src/examples/rclcpp/timers) by extension 'colcon_meta'
[0.432s] Level 1:colcon.colcon_core.package_identification:_identify(/home/mayudong/ros2_ws/src/examples/rclcpp/timers) by extensions ['ros']
[0.433s] Level 1:colcon.colcon_core.package_identification:_identify(/home/mayudong/ros2_ws/src/examples/rclcpp/timers) by extension 'ros'
[0.433s] Level 1:colcon.colcon_core.package_identification:_identify(/home/mayudong/ros2_ws/src/examples/rclcpp/timers) by extensions ['cmake', 'python']
[0.433s] Level 1:colcon.colcon_core.package_identification:_identify(/home/mayudong/ros2_ws/src/examples/rclcpp/timers) by extension 'cmake'
[0.433s] Level 1:colcon.colcon_core.package_identification:_identify(/home/mayudong/ros2_ws/src/examples/rclcpp/timers) by extension 'python'
[0.433s] Level 1:colcon.colcon_core.package_identification:_identify(/home/mayudong/ros2_ws/src/examples/rclcpp/timers) by extensions ['python_setup_py']
[0.433s] Level 1:colcon.colcon_core.package_identification:_identify(/home/mayudong/ros2_ws/src/examples/rclcpp/timers) by extension 'python_setup_py'
[0.434s] Level 1:colcon.colcon_core.package_identification:_identify(/home/mayudong/ros2_ws/src/examples/rclcpp/timers/minimal_timer) by extensions ['ignore', 'ignore_ament_install']
[0.434s] Level 1:colcon.colcon_core.package_identification:_identify(/home/mayudong/ros2_ws/src/examples/rclcpp/timers/minimal_timer) by extension 'ignore'
[0.434s] Level 1:colcon.colcon_core.package_identification:_identify(/home/mayudong/ros2_ws/src/examples/rclcpp/timers/minimal_timer) by extension 'ignore_ament_install'
[0.434s] Level 1:colcon.colcon_core.package_identification:_identify(/home/mayudong/ros2_ws/src/examples/rclcpp/timers/minimal_timer) by extensions ['colcon_pkg']
[0.434s] Level 1:colcon.colcon_core.package_identification:_identify(/home/mayudong/ros2_ws/src/examples/rclcpp/timers/minimal_timer) by extension 'colcon_pkg'
[0.435s] Level 1:colcon.colcon_core.package_identification:_identify(/home/mayudong/ros2_ws/src/examples/rclcpp/timers/minimal_timer) by extensions ['colcon_meta']
[0.435s] Level 1:colcon.colcon_core.package_identification:_identify(/home/mayudong/ros2_ws/src/examples/rclcpp/timers/minimal_timer) by extension 'colcon_meta'
[0.435s] Level 1:colcon.colcon_core.package_identification:_identify(/home/mayudong/ros2_ws/src/examples/rclcpp/timers/minimal_timer) by extensions ['ros']
[0.435s] Level 1:colcon.colcon_core.package_identification:_identify(/home/mayudong/ros2_ws/src/examples/rclcpp/timers/minimal_timer) by extension 'ros'
[0.436s] DEBUG:colcon.colcon_core.package_identification:Package '/home/mayudong/ros2_ws/src/examples/rclcpp/timers/minimal_timer' with type 'ros.ament_cmake' and name 'examples_rclcpp_minimal_timer'
[0.436s] Level 1:colcon.colcon_core.package_identification:_identify(/home/mayudong/ros2_ws/src/examples/rclcpp/topics) by extensions ['ignore', 'ignore_ament_install']
[0.436s] Level 1:colcon.colcon_core.package_identification:_identify(/home/mayudong/ros2_ws/src/examples/rclcpp/topics) by extension 'ignore'
[0.437s] Level 1:colcon.colcon_core.package_identification:_identify(/home/mayudong/ros2_ws/src/examples/rclcpp/topics) by extension 'ignore_ament_install'
[0.437s] Level 1:colcon.colcon_core.package_identification:_identify(/home/mayudong/ros2_ws/src/examples/rclcpp/topics) by extensions ['colcon_pkg']
[0.437s] Level 1:colcon.colcon_core.package_identification:_identify(/home/mayudong/ros2_ws/src/examples/rclcpp/topics) by extension 'colcon_pkg'
[0.437s] Level 1:colcon.colcon_core.package_identification:_identify(/home/mayudong/ros2_ws/src/examples/rclcpp/topics) by extensions ['colcon_meta']
[0.438s] Level 1:colcon.colcon_core.package_identification:_identify(/home/mayudong/ros2_ws/src/examples/rclcpp/topics) by extension 'colcon_meta'
[0.438s] Level 1:colcon.colcon_core.package_identification:_identify(/home/mayudong/ros2_ws/src/examples/rclcpp/topics) by extensions ['ros']
[0.438s] Level 1:colcon.colcon_core.package_identification:_identify(/home/mayudong/ros2_ws/src/examples/rclcpp/topics) by extension 'ros'
[0.438s] Level 1:colcon.colcon_core.package_identification:_identify(/home/mayudong/ros2_ws/src/examples/rclcpp/topics) by extensions ['cmake', 'python']
[0.439s] Level 1:colcon.colcon_core.package_identification:_identify(/home/mayudong/ros2_ws/src/examples/rclcpp/topics) by extension 'cmake'
[0.439s] Level 1:colcon.colcon_core.package_identification:_identify(/home/mayudong/ros2_ws/src/examples/rclcpp/topics) by extension 'python'
[0.439s] Level 1:colcon.colcon_core.package_identification:_identify(/home/mayudong/ros2_ws/src/examples/rclcpp/topics) by extensions ['python_setup_py']
[0.439s] Level 1:colcon.colcon_core.package_identification:_identify(/home/mayudong/ros2_ws/src/examples/rclcpp/topics) by extension 'python_setup_py'
[0.439s] Level 1:colcon.colcon_core.package_identification:_identify(/home/mayudong/ros2_ws/src/examples/rclcpp/topics/minimal_publisher) by extensions ['ignore', 'ignore_ament_install']
[0.440s] Level 1:colcon.colcon_core.package_identification:_identify(/home/mayudong/ros2_ws/src/examples/rclcpp/topics/minimal_publisher) by extension 'ignore'
[0.440s] Level 1:colcon.colcon_core.package_identification:_identify(/home/mayudong/ros2_ws/src/examples/rclcpp/topics/minimal_publisher) by extension 'ignore_ament_install'
[0.440s] Level 1:colcon.colcon_core.package_identification:_identify(/home/mayudong/ros2_ws/src/examples/rclcpp/topics/minimal_publisher) by extensions ['colcon_pkg']
[0.440s] Level 1:colcon.colcon_core.package_identification:_identify(/home/mayudong/ros2_ws/src/examples/rclcpp/topics/minimal_publisher) by extension 'colcon_pkg'
[0.440s] Level 1:colcon.colcon_core.package_identification:_identify(/home/mayudong/ros2_ws/src/examples/rclcpp/topics/minimal_publisher) by extensions ['colcon_meta']
[0.440s] Level 1:colcon.colcon_core.package_identification:_identify(/home/mayudong/ros2_ws/src/examples/rclcpp/topics/minimal_publisher) by extension 'colcon_meta'
[0.441s] Level 1:colcon.colcon_core.package_identification:_identify(/home/mayudong/ros2_ws/src/examples/rclcpp/topics/minimal_publisher) by extensions ['ros']
[0.441s] Level 1:colcon.colcon_core.package_identification:_identify(/home/mayudong/ros2_ws/src/examples/rclcpp/topics/minimal_publisher) by extension 'ros'
[0.442s] DEBUG:colcon.colcon_core.package_identification:Package '/home/mayudong/ros2_ws/src/examples/rclcpp/topics/minimal_publisher' with type 'ros.ament_cmake' and name 'examples_rclcpp_minimal_publisher'
[0.443s] Level 1:colcon.colcon_core.package_identification:_identify(/home/mayudong/ros2_ws/src/examples/rclcpp/topics/minimal_subscriber) by extensions ['ignore', 'ignore_ament_install']
[0.443s] Level 1:colcon.colcon_core.package_identification:_identify(/home/mayudong/ros2_ws/src/examples/rclcpp/topics/minimal_subscriber) by extension 'ignore'
[0.443s] Level 1:colcon.colcon_core.package_identification:_identify(/home/mayudong/ros2_ws/src/examples/rclcpp/topics/minimal_subscriber) by extension 'ignore_ament_install'
[0.443s] Level 1:colcon.colcon_core.package_identification:_identify(/home/mayudong/ros2_ws/src/examples/rclcpp/topics/minimal_subscriber) by extensions ['colcon_pkg']
[0.443s] Level 1:colcon.colcon_core.package_identification:_identify(/home/mayudong/ros2_ws/src/examples/rclcpp/topics/minimal_subscriber) by extension 'colcon_pkg'
[0.443s] Level 1:colcon.colcon_core.package_identification:_identify(/home/mayudong/ros2_ws/src/examples/rclcpp/topics/minimal_subscriber) by extensions ['colcon_meta']
[0.444s] Level 1:colcon.colcon_core.package_identification:_identify(/home/mayudong/ros2_ws/src/examples/rclcpp/topics/minimal_subscriber) by extension 'colcon_meta'
[0.444s] Level 1:colcon.colcon_core.package_identification:_identify(/home/mayudong/ros2_ws/src/examples/rclcpp/topics/minimal_subscriber) by extensions ['ros']
[0.444s] Level 1:colcon.colcon_core.package_identification:_identify(/home/mayudong/ros2_ws/src/examples/rclcpp/topics/minimal_subscriber) by extension 'ros'
[0.444s] DEBUG:colcon.colcon_core.package_identification:Package '/home/mayudong/ros2_ws/src/examples/rclcpp/topics/minimal_subscriber' with type 'ros.ament_cmake' and name 'examples_rclcpp_minimal_subscriber'
[0.445s] Level 1:colcon.colcon_core.package_identification:_identify(/home/mayudong/ros2_ws/src/examples/rclpy) by extensions ['ignore', 'ignore_ament_install']
[0.445s] Level 1:colcon.colcon_core.package_identification:_identify(/home/mayudong/ros2_ws/src/examples/rclpy) by extension 'ignore'
[0.445s] Level 1:colcon.colcon_core.package_identification:_identify(/home/mayudong/ros2_ws/src/examples/rclpy) by extension 'ignore_ament_install'
[0.445s] Level 1:colcon.colcon_core.package_identification:_identify(/home/mayudong/ros2_ws/src/examples/rclpy) by extensions ['colcon_pkg']
[0.445s] Level 1:colcon.colcon_core.package_identification:_identify(/home/mayudong/ros2_ws/src/examples/rclpy) by extension 'colcon_pkg'
[0.445s] Level 1:colcon.colcon_core.package_identification:_identify(/home/mayudong/ros2_ws/src/examples/rclpy) by extensions ['colcon_meta']
[0.446s] Level 1:colcon.colcon_core.package_identification:_identify(/home/mayudong/ros2_ws/src/examples/rclpy) by extension 'colcon_meta'
[0.446s] Level 1:colcon.colcon_core.package_identification:_identify(/home/mayudong/ros2_ws/src/examples/rclpy) by extensions ['ros']
[0.446s] Level 1:colcon.colcon_core.package_identification:_identify(/home/mayudong/ros2_ws/src/examples/rclpy) by extension 'ros'
[0.446s] Level 1:colcon.colcon_core.package_identification:_identify(/home/mayudong/ros2_ws/src/examples/rclpy) by extensions ['cmake', 'python']
[0.446s] Level 1:colcon.colcon_core.package_identification:_identify(/home/mayudong/ros2_ws/src/examples/rclpy) by extension 'cmake'
[0.446s] Level 1:colcon.colcon_core.package_identification:_identify(/home/mayudong/ros2_ws/src/examples/rclpy) by extension 'python'
[0.447s] Level 1:colcon.colcon_core.package_identification:_identify(/home/mayudong/ros2_ws/src/examples/rclpy) by extensions ['python_setup_py']
[0.447s] Level 1:colcon.colcon_core.package_identification:_identify(/home/mayudong/ros2_ws/src/examples/rclpy) by extension 'python_setup_py'
[0.447s] Level 1:colcon.colcon_core.package_identification:_identify(/home/mayudong/ros2_ws/src/examples/rclpy/actions) by extensions ['ignore', 'ignore_ament_install']
[0.447s] Level 1:colcon.colcon_core.package_identification:_identify(/home/mayudong/ros2_ws/src/examples/rclpy/actions) by extension 'ignore'
[0.447s] Level 1:colcon.colcon_core.package_identification:_identify(/home/mayudong/ros2_ws/src/examples/rclpy/actions) by extension 'ignore_ament_install'
[0.447s] Level 1:colcon.colcon_core.package_identification:_identify(/home/mayudong/ros2_ws/src/examples/rclpy/actions) by extensions ['colcon_pkg']
[0.448s] Level 1:colcon.colcon_core.package_identification:_identify(/home/mayudong/ros2_ws/src/examples/rclpy/actions) by extension 'colcon_pkg'
[0.448s] Level 1:colcon.colcon_core.package_identification:_identify(/home/mayudong/ros2_ws/src/examples/rclpy/actions) by extensions ['colcon_meta']
[0.448s] Level 1:colcon.colcon_core.package_identification:_identify(/home/mayudong/ros2_ws/src/examples/rclpy/actions) by extension 'colcon_meta'
[0.448s] Level 1:colcon.colcon_core.package_identification:_identify(/home/mayudong/ros2_ws/src/examples/rclpy/actions) by extensions ['ros']
[0.448s] Level 1:colcon.colcon_core.package_identification:_identify(/home/mayudong/ros2_ws/src/examples/rclpy/actions) by extension 'ros'
[0.448s] Level 1:colcon.colcon_core.package_identification:_identify(/home/mayudong/ros2_ws/src/examples/rclpy/actions) by extensions ['cmake', 'python']
[0.449s] Level 1:colcon.colcon_core.package_identification:_identify(/home/mayudong/ros2_ws/src/examples/rclpy/actions) by extension 'cmake'
[0.449s] Level 1:colcon.colcon_core.package_identification:_identify(/home/mayudong/ros2_ws/src/examples/rclpy/actions) by extension 'python'
[0.449s] Level 1:colcon.colcon_core.package_identification:_identify(/home/mayudong/ros2_ws/src/examples/rclpy/actions) by extensions ['python_setup_py']
[0.449s] Level 1:colcon.colcon_core.package_identification:_identify(/home/mayudong/ros2_ws/src/examples/rclpy/actions) by extension 'python_setup_py'
[0.449s] Level 1:colcon.colcon_core.package_identification:_identify(/home/mayudong/ros2_ws/src/examples/rclpy/actions/minimal_action_client) by extensions ['ignore', 'ignore_ament_install']
[0.449s] Level 1:colcon.colcon_core.package_identification:_identify(/home/mayudong/ros2_ws/src/examples/rclpy/actions/minimal_action_client) by extension 'ignore'
[0.450s] Level 1:colcon.colcon_core.package_identification:_identify(/home/mayudong/ros2_ws/src/examples/rclpy/actions/minimal_action_client) by extension 'ignore_ament_install'
[0.450s] Level 1:colcon.colcon_core.package_identification:_identify(/home/mayudong/ros2_ws/src/examples/rclpy/actions/minimal_action_client) by extensions ['colcon_pkg']
[0.450s] Level 1:colcon.colcon_core.package_identification:_identify(/home/mayudong/ros2_ws/src/examples/rclpy/actions/minimal_action_client) by extension 'colcon_pkg'
[0.450s] Level 1:colcon.colcon_core.package_identification:_identify(/home/mayudong/ros2_ws/src/examples/rclpy/actions/minimal_action_client) by extensions ['colcon_meta']
[0.450s] Level 1:colcon.colcon_core.package_identification:_identify(/home/mayudong/ros2_ws/src/examples/rclpy/actions/minimal_action_client) by extension 'colcon_meta'
[0.451s] Level 1:colcon.colcon_core.package_identification:_identify(/home/mayudong/ros2_ws/src/examples/rclpy/actions/minimal_action_client) by extensions ['ros']
[0.451s] Level 1:colcon.colcon_core.package_identification:_identify(/home/mayudong/ros2_ws/src/examples/rclpy/actions/minimal_action_client) by extension 'ros'
[0.452s] DEBUG:colcon.colcon_core.package_identification:Package '/home/mayudong/ros2_ws/src/examples/rclpy/actions/minimal_action_client' with type 'ros.ament_python' and name 'examples_rclpy_minimal_action_client'
[0.452s] Level 1:colcon.colcon_core.package_identification:_identify(/home/mayudong/ros2_ws/src/examples/rclpy/actions/minimal_action_server) by extensions ['ignore', 'ignore_ament_install']
[0.452s] Level 1:colcon.colcon_core.package_identification:_identify(/home/mayudong/ros2_ws/src/examples/rclpy/actions/minimal_action_server) by extension 'ignore'
[0.452s] Level 1:colcon.colcon_core.package_identification:_identify(/home/mayudong/ros2_ws/src/examples/rclpy/actions/minimal_action_server) by extension 'ignore_ament_install'
[0.453s] Level 1:colcon.colcon_core.package_identification:_identify(/home/mayudong/ros2_ws/src/examples/rclpy/actions/minimal_action_server) by extensions ['colcon_pkg']
[0.453s] Level 1:colcon.colcon_core.package_identification:_identify(/home/mayudong/ros2_ws/src/examples/rclpy/actions/minimal_action_server) by extension 'colcon_pkg'
[0.453s] Level 1:colcon.colcon_core.package_identification:_identify(/home/mayudong/ros2_ws/src/examples/rclpy/actions/minimal_action_server) by extensions ['colcon_meta']
[0.453s] Level 1:colcon.colcon_core.package_identification:_identify(/home/mayudong/ros2_ws/src/examples/rclpy/actions/minimal_action_server) by extension 'colcon_meta'
[0.453s] Level 1:colcon.colcon_core.package_identification:_identify(/home/mayudong/ros2_ws/src/examples/rclpy/actions/minimal_action_server) by extensions ['ros']
[0.453s] Level 1:colcon.colcon_core.package_identification:_identify(/home/mayudong/ros2_ws/src/examples/rclpy/actions/minimal_action_server) by extension 'ros'
[0.454s] DEBUG:colcon.colcon_core.package_identification:Package '/home/mayudong/ros2_ws/src/examples/rclpy/actions/minimal_action_server' with type 'ros.ament_python' and name 'examples_rclpy_minimal_action_server'
[0.455s] Level 1:colcon.colcon_core.package_identification:_identify(/home/mayudong/ros2_ws/src/examples/rclpy/executors) by extensions ['ignore', 'ignore_ament_install']
[0.455s] Level 1:colcon.colcon_core.package_identification:_identify(/home/mayudong/ros2_ws/src/examples/rclpy/executors) by extension 'ignore'
[0.455s] Level 1:colcon.colcon_core.package_identification:_identify(/home/mayudong/ros2_ws/src/examples/rclpy/executors) by extension 'ignore_ament_install'
[0.455s] Level 1:colcon.colcon_core.package_identification:_identify(/home/mayudong/ros2_ws/src/examples/rclpy/executors) by extensions ['colcon_pkg']
[0.455s] Level 1:colcon.colcon_core.package_identification:_identify(/home/mayudong/ros2_ws/src/examples/rclpy/executors) by extension 'colcon_pkg'
[0.456s] Level 1:colcon.colcon_core.package_identification:_identify(/home/mayudong/ros2_ws/src/examples/rclpy/executors) by extensions ['colcon_meta']
[0.456s] Level 1:colcon.colcon_core.package_identification:_identify(/home/mayudong/ros2_ws/src/examples/rclpy/executors) by extension 'colcon_meta'
[0.456s] Level 1:colcon.colcon_core.package_identification:_identify(/home/mayudong/ros2_ws/src/examples/rclpy/executors) by extensions ['ros']
[0.456s] Level 1:colcon.colcon_core.package_identification:_identify(/home/mayudong/ros2_ws/src/examples/rclpy/executors) by extension 'ros'
[0.456s] DEBUG:colcon.colcon_core.package_identification:Package '/home/mayudong/ros2_ws/src/examples/rclpy/executors' with type 'ros.ament_python' and name 'examples_rclpy_executors'
[0.457s] Level 1:colcon.colcon_core.package_identification:_identify(/home/mayudong/ros2_ws/src/examples/rclpy/services) by extensions ['ignore', 'ignore_ament_install']
[0.457s] Level 1:colcon.colcon_core.package_identification:_identify(/home/mayudong/ros2_ws/src/examples/rclpy/services) by extension 'ignore'
[0.457s] Level 1:colcon.colcon_core.package_identification:_identify(/home/mayudong/ros2_ws/src/examples/rclpy/services) by extension 'ignore_ament_install'
[0.457s] Level 1:colcon.colcon_core.package_identification:_identify(/home/mayudong/ros2_ws/src/examples/rclpy/services) by extensions ['colcon_pkg']
[0.457s] Level 1:colcon.colcon_core.package_identification:_identify(/home/mayudong/ros2_ws/src/examples/rclpy/services) by extension 'colcon_pkg'
[0.458s] Level 1:colcon.colcon_core.package_identification:_identify(/home/mayudong/ros2_ws/src/examples/rclpy/services) by extensions ['colcon_meta']
[0.458s] Level 1:colcon.colcon_core.package_identification:_identify(/home/mayudong/ros2_ws/src/examples/rclpy/services) by extension 'colcon_meta'
[0.458s] Level 1:colcon.colcon_core.package_identification:_identify(/home/mayudong/ros2_ws/src/examples/rclpy/services) by extensions ['ros']
[0.458s] Level 1:colcon.colcon_core.package_identification:_identify(/home/mayudong/ros2_ws/src/examples/rclpy/services) by extension 'ros'
[0.459s] Level 1:colcon.colcon_core.package_identification:_identify(/home/mayudong/ros2_ws/src/examples/rclpy/services) by extensions ['cmake', 'python']
[0.459s] Level 1:colcon.colcon_core.package_identification:_identify(/home/mayudong/ros2_ws/src/examples/rclpy/services) by extension 'cmake'
[0.459s] Level 1:colcon.colcon_core.package_identification:_identify(/home/mayudong/ros2_ws/src/examples/rclpy/services) by extension 'python'
[0.459s] Level 1:colcon.colcon_core.package_identification:_identify(/home/mayudong/ros2_ws/src/examples/rclpy/services) by extensions ['python_setup_py']
[0.459s] Level 1:colcon.colcon_core.package_identification:_identify(/home/mayudong/ros2_ws/src/examples/rclpy/services) by extension 'python_setup_py'
[0.460s] Level 1:colcon.colcon_core.package_identification:_identify(/home/mayudong/ros2_ws/src/examples/rclpy/services/minimal_client) by extensions ['ignore', 'ignore_ament_install']
[0.460s] Level 1:colcon.colcon_core.package_identification:_identify(/home/mayudong/ros2_ws/src/examples/rclpy/services/minimal_client) by extension 'ignore'
[0.460s] Level 1:colcon.colcon_core.package_identification:_identify(/home/mayudong/ros2_ws/src/examples/rclpy/services/minimal_client) by extension 'ignore_ament_install'
[0.460s] Level 1:colcon.colcon_core.package_identification:_identify(/home/mayudong/ros2_ws/src/examples/rclpy/services/minimal_client) by extensions ['colcon_pkg']
[0.460s] Level 1:colcon.colcon_core.package_identification:_identify(/home/mayudong/ros2_ws/src/examples/rclpy/services/minimal_client) by extension 'colcon_pkg'
[0.460s] Level 1:colcon.colcon_core.package_identification:_identify(/home/mayudong/ros2_ws/src/examples/rclpy/services/minimal_client) by extensions ['colcon_meta']
[0.461s] Level 1:colcon.colcon_core.package_identification:_identify(/home/mayudong/ros2_ws/src/examples/rclpy/services/minimal_client) by extension 'colcon_meta'
[0.461s] Level 1:colcon.colcon_core.package_identification:_identify(/home/mayudong/ros2_ws/src/examples/rclpy/services/minimal_client) by extensions ['ros']
[0.461s] Level 1:colcon.colcon_core.package_identification:_identify(/home/mayudong/ros2_ws/src/examples/rclpy/services/minimal_client) by extension 'ros'
[0.471s] DEBUG:colcon.colcon_core.package_identification:Package '/home/mayudong/ros2_ws/src/examples/rclpy/services/minimal_client' with type 'ros.ament_python' and name 'examples_rclpy_minimal_client'
[0.471s] Level 1:colcon.colcon_core.package_identification:_identify(/home/mayudong/ros2_ws/src/examples/rclpy/services/minimal_service) by extensions ['ignore', 'ignore_ament_install']
[0.471s] Level 1:colcon.colcon_core.package_identification:_identify(/home/mayudong/ros2_ws/src/examples/rclpy/services/minimal_service) by extension 'ignore'
[0.472s] Level 1:colcon.colcon_core.package_identification:_identify(/home/mayudong/ros2_ws/src/examples/rclpy/services/minimal_service) by extension 'ignore_ament_install'
[0.472s] Level 1:colcon.colcon_core.package_identification:_identify(/home/mayudong/ros2_ws/src/examples/rclpy/services/minimal_service) by extensions ['colcon_pkg']
[0.472s] Level 1:colcon.colcon_core.package_identification:_identify(/home/mayudong/ros2_ws/src/examples/rclpy/services/minimal_service) by extension 'colcon_pkg'
[0.472s] Level 1:colcon.colcon_core.package_identification:_identify(/home/mayudong/ros2_ws/src/examples/rclpy/services/minimal_service) by extensions ['colcon_meta']
[0.472s] Level 1:colcon.colcon_core.package_identification:_identify(/home/mayudong/ros2_ws/src/examples/rclpy/services/minimal_service) by extension 'colcon_meta'
[0.473s] Level 1:colcon.colcon_core.package_identification:_identify(/home/mayudong/ros2_ws/src/examples/rclpy/services/minimal_service) by extensions ['ros']
[0.473s] Level 1:colcon.colcon_core.package_identification:_identify(/home/mayudong/ros2_ws/src/examples/rclpy/services/minimal_service) by extension 'ros'
[0.473s] DEBUG:colcon.colcon_core.package_identification:Package '/home/mayudong/ros2_ws/src/examples/rclpy/services/minimal_service' with type 'ros.ament_python' and name 'examples_rclpy_minimal_service'
[0.474s] Level 1:colcon.colcon_core.package_identification:_identify(/home/mayudong/ros2_ws/src/examples/rclpy/topics) by extensions ['ignore', 'ignore_ament_install']
[0.474s] Level 1:colcon.colcon_core.package_identification:_identify(/home/mayudong/ros2_ws/src/examples/rclpy/topics) by extension 'ignore'
[0.474s] Level 1:colcon.colcon_core.package_identification:_identify(/home/mayudong/ros2_ws/src/examples/rclpy/topics) by extension 'ignore_ament_install'
[0.474s] Level 1:colcon.colcon_core.package_identification:_identify(/home/mayudong/ros2_ws/src/examples/rclpy/topics) by extensions ['colcon_pkg']
[0.475s] Level 1:colcon.colcon_core.package_identification:_identify(/home/mayudong/ros2_ws/src/examples/rclpy/topics) by extension 'colcon_pkg'
[0.475s] Level 1:colcon.colcon_core.package_identification:_identify(/home/mayudong/ros2_ws/src/examples/rclpy/topics) by extensions ['colcon_meta']
[0.475s] Level 1:colcon.colcon_core.package_identification:_identify(/home/mayudong/ros2_ws/src/examples/rclpy/topics) by extension 'colcon_meta'
[0.475s] Level 1:colcon.colcon_core.package_identification:_identify(/home/mayudong/ros2_ws/src/examples/rclpy/topics) by extensions ['ros']
[0.475s] Level 1:colcon.colcon_core.package_identification:_identify(/home/mayudong/ros2_ws/src/examples/rclpy/topics) by extension 'ros'
[0.475s] Level 1:colcon.colcon_core.package_identification:_identify(/home/mayudong/ros2_ws/src/examples/rclpy/topics) by extensions ['cmake', 'python']
[0.476s] Level 1:colcon.colcon_core.package_identification:_identify(/home/mayudong/ros2_ws/src/examples/rclpy/topics) by extension 'cmake'
[0.476s] Level 1:colcon.colcon_core.package_identification:_identify(/home/mayudong/ros2_ws/src/examples/rclpy/topics) by extension 'python'
[0.476s] Level 1:colcon.colcon_core.package_identification:_identify(/home/mayudong/ros2_ws/src/examples/rclpy/topics) by extensions ['python_setup_py']
[0.476s] Level 1:colcon.colcon_core.package_identification:_identify(/home/mayudong/ros2_ws/src/examples/rclpy/topics) by extension 'python_setup_py'
[0.476s] Level 1:colcon.colcon_core.package_identification:_identify(/home/mayudong/ros2_ws/src/examples/rclpy/topics/minimal_publisher) by extensions ['ignore', 'ignore_ament_install']
[0.477s] Level 1:colcon.colcon_core.package_identification:_identify(/home/mayudong/ros2_ws/src/examples/rclpy/topics/minimal_publisher) by extension 'ignore'
[0.477s] Level 1:colcon.colcon_core.package_identification:_identify(/home/mayudong/ros2_ws/src/examples/rclpy/topics/minimal_publisher) by extension 'ignore_ament_install'
[0.477s] Level 1:colcon.colcon_core.package_identification:_identify(/home/mayudong/ros2_ws/src/examples/rclpy/topics/minimal_publisher) by extensions ['colcon_pkg']
[0.477s] Level 1:colcon.colcon_core.package_identification:_identify(/home/mayudong/ros2_ws/src/examples/rclpy/topics/minimal_publisher) by extension 'colcon_pkg'
[0.478s] Level 1:colcon.colcon_core.package_identification:_identify(/home/mayudong/ros2_ws/src/examples/rclpy/topics/minimal_publisher) by extensions ['colcon_meta']
[0.478s] Level 1:colcon.colcon_core.package_identification:_identify(/home/mayudong/ros2_ws/src/examples/rclpy/topics/minimal_publisher) by extension 'colcon_meta'
[0.478s] Level 1:colcon.colcon_core.package_identification:_identify(/home/mayudong/ros2_ws/src/examples/rclpy/topics/minimal_publisher) by extensions ['ros']
[0.478s] Level 1:colcon.colcon_core.package_identification:_identify(/home/mayudong/ros2_ws/src/examples/rclpy/topics/minimal_publisher) by extension 'ros'
[0.479s] DEBUG:colcon.colcon_core.package_identification:Package '/home/mayudong/ros2_ws/src/examples/rclpy/topics/minimal_publisher' with type 'ros.ament_python' and name 'examples_rclpy_minimal_publisher'
[0.479s] Level 1:colcon.colcon_core.package_identification:_identify(/home/mayudong/ros2_ws/src/examples/rclpy/topics/minimal_subscriber) by extensions ['ignore', 'ignore_ament_install']
[0.479s] Level 1:colcon.colcon_core.package_identification:_identify(/home/mayudong/ros2_ws/src/examples/rclpy/topics/minimal_subscriber) by extension 'ignore'
[0.479s] Level 1:colcon.colcon_core.package_identification:_identify(/home/mayudong/ros2_ws/src/examples/rclpy/topics/minimal_subscriber) by extension 'ignore_ament_install'
[0.480s] Level 1:colcon.colcon_core.package_identification:_identify(/home/mayudong/ros2_ws/src/examples/rclpy/topics/minimal_subscriber) by extensions ['colcon_pkg']
[0.480s] Level 1:colcon.colcon_core.package_identification:_identify(/home/mayudong/ros2_ws/src/examples/rclpy/topics/minimal_subscriber) by extension 'colcon_pkg'
[0.480s] Level 1:colcon.colcon_core.package_identification:_identify(/home/mayudong/ros2_ws/src/examples/rclpy/topics/minimal_subscriber) by extensions ['colcon_meta']
[0.480s] Level 1:colcon.colcon_core.package_identification:_identify(/home/mayudong/ros2_ws/src/examples/rclpy/topics/minimal_subscriber) by extension 'colcon_meta'
[0.480s] Level 1:colcon.colcon_core.package_identification:_identify(/home/mayudong/ros2_ws/src/examples/rclpy/topics/minimal_subscriber) by extensions ['ros']
[0.481s] Level 1:colcon.colcon_core.package_identification:_identify(/home/mayudong/ros2_ws/src/examples/rclpy/topics/minimal_subscriber) by extension 'ros'
[0.481s] DEBUG:colcon.colcon_core.package_identification:Package '/home/mayudong/ros2_ws/src/examples/rclpy/topics/minimal_subscriber' with type 'ros.ament_python' and name 'examples_rclpy_minimal_subscriber'
[0.482s] Level 1:colcon.colcon_core.package_identification:_identify(/home/mayudong/ros2_ws/src/my_package) by extensions ['ignore', 'ignore_ament_install']
[0.482s] Level 1:colcon.colcon_core.package_identification:_identify(/home/mayudong/ros2_ws/src/my_package) by extension 'ignore'
[0.482s] Level 1:colcon.colcon_core.package_identification:_identify(/home/mayudong/ros2_ws/src/my_package) by extension 'ignore_ament_install'
[0.482s] Level 1:colcon.colcon_core.package_identification:_identify(/home/mayudong/ros2_ws/src/my_package) by extensions ['colcon_pkg']
[0.482s] Level 1:colcon.colcon_core.package_identification:_identify(/home/mayudong/ros2_ws/src/my_package) by extension 'colcon_pkg'
[0.483s] Level 1:colcon.colcon_core.package_identification:_identify(/home/mayudong/ros2_ws/src/my_package) by extensions ['colcon_meta']
[0.483s] Level 1:colcon.colcon_core.package_identification:_identify(/home/mayudong/ros2_ws/src/my_package) by extension 'colcon_meta'
[0.483s] Level 1:colcon.colcon_core.package_identification:_identify(/home/mayudong/ros2_ws/src/my_package) by extensions ['ros']
[0.483s] Level 1:colcon.colcon_core.package_identification:_identify(/home/mayudong/ros2_ws/src/my_package) by extension 'ros'
[0.484s] DEBUG:colcon.colcon_core.package_identification:Package '/home/mayudong/ros2_ws/src/my_package' with type 'ros.ament_cmake' and name 'my_package'
[0.484s] Level 1:colcon.colcon_core.package_identification:_identify(/home/mayudong/ros2_ws/src/ros_tutorials) by extensions ['ignore', 'ignore_ament_install']
[0.484s] Level 1:colcon.colcon_core.package_identification:_identify(/home/mayudong/ros2_ws/src/ros_tutorials) by extension 'ignore'
[0.484s] Level 1:colcon.colcon_core.package_identification:_identify(/home/mayudong/ros2_ws/src/ros_tutorials) by extension 'ignore_ament_install'
[0.485s] Level 1:colcon.colcon_core.package_identification:_identify(/home/mayudong/ros2_ws/src/ros_tutorials) by extensions ['colcon_pkg']
[0.485s] Level 1:colcon.colcon_core.package_identification:_identify(/home/mayudong/ros2_ws/src/ros_tutorials) by extension 'colcon_pkg'
[0.485s] Level 1:colcon.colcon_core.package_identification:_identify(/home/mayudong/ros2_ws/src/ros_tutorials) by extensions ['colcon_meta']
[0.485s] Level 1:colcon.colcon_core.package_identification:_identify(/home/mayudong/ros2_ws/src/ros_tutorials) by extension 'colcon_meta'
[0.486s] Level 1:colcon.colcon_core.package_identification:_identify(/home/mayudong/ros2_ws/src/ros_tutorials) by extensions ['ros']
[0.486s] Level 1:colcon.colcon_core.package_identification:_identify(/home/mayudong/ros2_ws/src/ros_tutorials) by extension 'ros'
[0.486s] Level 1:colcon.colcon_core.package_identification:_identify(/home/mayudong/ros2_ws/src/ros_tutorials) by extensions ['cmake', 'python']
[0.487s] Level 1:colcon.colcon_core.package_identification:_identify(/home/mayudong/ros2_ws/src/ros_tutorials) by extension 'cmake'
[0.487s] Level 1:colcon.colcon_core.package_identification:_identify(/home/mayudong/ros2_ws/src/ros_tutorials) by extension 'python'
[0.487s] Level 1:colcon.colcon_core.package_identification:_identify(/home/mayudong/ros2_ws/src/ros_tutorials) by extensions ['python_setup_py']
[0.487s] Level 1:colcon.colcon_core.package_identification:_identify(/home/mayudong/ros2_ws/src/ros_tutorials) by extension 'python_setup_py'
[0.488s] Level 1:colcon.colcon_core.package_identification:_identify(/home/mayudong/ros2_ws/src/ros_tutorials/ros_tutorials) by extensions ['ignore', 'ignore_ament_install']
[0.488s] Level 1:colcon.colcon_core.package_identification:_identify(/home/mayudong/ros2_ws/src/ros_tutorials/ros_tutorials) by extension 'ignore'
[0.488s] Level 1:colcon.colcon_core.package_identification:_identify(/home/mayudong/ros2_ws/src/ros_tutorials/ros_tutorials) ignored
[0.488s] Level 1:colcon.colcon_core.package_identification:_identify(/home/mayudong/ros2_ws/src/ros_tutorials/roscpp_tutorials) by extensions ['ignore', 'ignore_ament_install']
[0.488s] Level 1:colcon.colcon_core.package_identification:_identify(/home/mayudong/ros2_ws/src/ros_tutorials/roscpp_tutorials) by extension 'ignore'
[0.488s] Level 1:colcon.colcon_core.package_identification:_identify(/home/mayudong/ros2_ws/src/ros_tutorials/roscpp_tutorials) ignored
[0.489s] Level 1:colcon.colcon_core.package_identification:_identify(/home/mayudong/ros2_ws/src/ros_tutorials/rospy_tutorials) by extensions ['ignore', 'ignore_ament_install']
[0.489s] Level 1:colcon.colcon_core.package_identification:_identify(/home/mayudong/ros2_ws/src/ros_tutorials/rospy_tutorials) by extension 'ignore'
[0.489s] Level 1:colcon.colcon_core.package_identification:_identify(/home/mayudong/ros2_ws/src/ros_tutorials/rospy_tutorials) ignored
[0.489s] Level 1:colcon.colcon_core.package_identification:_identify(/home/mayudong/ros2_ws/src/ros_tutorials/turtlesim) by extensions ['ignore', 'ignore_ament_install']
[0.489s] Level 1:colcon.colcon_core.package_identification:_identify(/home/mayudong/ros2_ws/src/ros_tutorials/turtlesim) by extension 'ignore'
[0.490s] Level 1:colcon.colcon_core.package_identification:_identify(/home/mayudong/ros2_ws/src/ros_tutorials/turtlesim) by extension 'ignore_ament_install'
[0.490s] Level 1:colcon.colcon_core.package_identification:_identify(/home/mayudong/ros2_ws/src/ros_tutorials/turtlesim) by extensions ['colcon_pkg']
[0.490s] Level 1:colcon.colcon_core.package_identification:_identify(/home/mayudong/ros2_ws/src/ros_tutorials/turtlesim) by extension 'colcon_pkg'
[0.490s] Level 1:colcon.colcon_core.package_identification:_identify(/home/mayudong/ros2_ws/src/ros_tutorials/turtlesim) by extensions ['colcon_meta']
[0.490s] Level 1:colcon.colcon_core.package_identification:_identify(/home/mayudong/ros2_ws/src/ros_tutorials/turtlesim) by extension 'colcon_meta'
[0.491s] Level 1:colcon.colcon_core.package_identification:_identify(/home/mayudong/ros2_ws/src/ros_tutorials/turtlesim) by extensions ['ros']
[0.491s] Level 1:colcon.colcon_core.package_identification:_identify(/home/mayudong/ros2_ws/src/ros_tutorials/turtlesim) by extension 'ros'
[0.492s] DEBUG:colcon.colcon_core.package_identification:Package '/home/mayudong/ros2_ws/src/ros_tutorials/turtlesim' with type 'ros.ament_cmake' and name 'turtlesim'
[0.492s] Level 1:colcon.colcon_core.package_discovery:discover_packages(recursive) using defaults
