[0.019s] Invoking command in '/home/mayudong/ros2_ws/build/polygon_base': CMAKE_PREFIX_PATH=${CMAKE_PREFIX_PATH}:/home/mayudong/ros2_ws/install/examples_rclpy_minimal_subscriber:/home/mayudong/ros2_ws/install/examples_rclpy_minimal_service:/home/mayudong/ros2_ws/install/examples_rclpy_minimal_publisher:/home/mayudong/ros2_ws/install/examples_rclpy_minimal_client:/home/mayudong/ros2_ws/install/examples_rclpy_minimal_action_server:/home/mayudong/ros2_ws/install/examples_rclpy_minimal_action_client:/home/mayudong/ros2_ws/install/examples_rclpy_executors:/opt/ros/foxy /usr/bin/cmake /home/mayudong/ros2_ws/src/polygon_base -DCMAKE_INSTALL_PREFIX=/home/mayudong/ros2_ws/install/polygon_base
[0.084s] -- The C compiler identification is GNU 9.4.0
[0.138s] -- The CXX compiler identification is GNU 9.4.0
[0.142s] -- Check for working C compiler: /usr/bin/cc
[0.214s] -- Check for working C compiler: /usr/bin/cc -- works
[0.215s] -- Detecting C compiler ABI info
[0.287s] -- Detecting C compiler ABI info - done
[0.297s] -- Detecting C compile features
[0.298s] -- Detecting C compile features - done
[0.299s] -- Check for working CXX compiler: /usr/bin/c++
[0.390s] -- Check for working CXX compiler: /usr/bin/c++ -- works
[0.391s] -- Detecting CXX compiler ABI info
[0.483s] -- Detecting CXX compiler ABI info - done
[0.494s] -- Detecting CXX compile features
[0.494s] -- Detecting CXX compile features - done
[0.498s] -- Found ament_cmake: 0.9.11 (/opt/ros/foxy/share/ament_cmake/cmake)
[0.533s] -- Found PythonInterp: /usr/bin/python3 (found suitable version "3.8.10", minimum required is "3") 
[0.533s] -- Using PYTHON_EXECUTABLE: /usr/bin/python3
[0.735s] -- Found pluginlib: 2.5.4 (/opt/ros/foxy/share/pluginlib/cmake)
[0.794s] -- Found ament_lint_auto: 0.9.7 (/opt/ros/foxy/share/ament_lint_auto/cmake)
[0.873s] -- Added test 'copyright' to check source files copyright and LICENSE
[0.874s] -- Added test 'cppcheck' to perform static code analysis on C / C++ code
[0.874s] -- Configured cppcheck include dirs: $<BUILD_INTERFACE:/home/mayudong/ros2_ws/src/polygon_base/include>
[0.874s] -- Configured cppcheck exclude dirs and/or files: 
[0.875s] -- Added test 'cpplint' to check C / C++ code against the Google style
[0.875s] -- Configured cpplint exclude dirs and/or files: 
[0.876s] -- Added test 'lint_cmake' to check CMake code style
[0.877s] -- Added test 'uncrustify' to check C / C++ code style
[0.877s] -- Configured uncrustify additional arguments: 
[0.878s] -- Added test 'xmllint' to check XML markup files
[0.881s] -- Configuring done
[0.885s] -- Generating done
[0.886s] -- Build files have been written to: /home/mayudong/ros2_ws/build/polygon_base
[0.891s] Invoked command in '/home/mayudong/ros2_ws/build/polygon_base' returned '0': CMAKE_PREFIX_PATH=${CMAKE_PREFIX_PATH}:/home/mayudong/ros2_ws/install/examples_rclpy_minimal_subscriber:/home/mayudong/ros2_ws/install/examples_rclpy_minimal_service:/home/mayudong/ros2_ws/install/examples_rclpy_minimal_publisher:/home/mayudong/ros2_ws/install/examples_rclpy_minimal_client:/home/mayudong/ros2_ws/install/examples_rclpy_minimal_action_server:/home/mayudong/ros2_ws/install/examples_rclpy_minimal_action_client:/home/mayudong/ros2_ws/install/examples_rclpy_executors:/opt/ros/foxy /usr/bin/cmake /home/mayudong/ros2_ws/src/polygon_base -DCMAKE_INSTALL_PREFIX=/home/mayudong/ros2_ws/install/polygon_base
[0.895s] Invoking command in '/home/mayudong/ros2_ws/build/polygon_base': CMAKE_PREFIX_PATH=${CMAKE_PREFIX_PATH}:/home/mayudong/ros2_ws/install/examples_rclpy_minimal_subscriber:/home/mayudong/ros2_ws/install/examples_rclpy_minimal_service:/home/mayudong/ros2_ws/install/examples_rclpy_minimal_publisher:/home/mayudong/ros2_ws/install/examples_rclpy_minimal_client:/home/mayudong/ros2_ws/install/examples_rclpy_minimal_action_server:/home/mayudong/ros2_ws/install/examples_rclpy_minimal_action_client:/home/mayudong/ros2_ws/install/examples_rclpy_executors:/opt/ros/foxy /usr/bin/cmake --build /home/mayudong/ros2_ws/build/polygon_base -- -j6 -l6
[0.938s] [35m[1mScanning dependencies of target area_node[0m
[0.951s] [ 50%] [32mBuilding CXX object CMakeFiles/area_node.dir/src/area_node.cpp.o[0m
[0.981s] [100%] [32m[1mLinking CXX executable area_node[0m
[1.038s] [100%] Built target area_node
[1.053s] Invoked command in '/home/mayudong/ros2_ws/build/polygon_base' returned '0': CMAKE_PREFIX_PATH=${CMAKE_PREFIX_PATH}:/home/mayudong/ros2_ws/install/examples_rclpy_minimal_subscriber:/home/mayudong/ros2_ws/install/examples_rclpy_minimal_service:/home/mayudong/ros2_ws/install/examples_rclpy_minimal_publisher:/home/mayudong/ros2_ws/install/examples_rclpy_minimal_client:/home/mayudong/ros2_ws/install/examples_rclpy_minimal_action_server:/home/mayudong/ros2_ws/install/examples_rclpy_minimal_action_client:/home/mayudong/ros2_ws/install/examples_rclpy_executors:/opt/ros/foxy /usr/bin/cmake --build /home/mayudong/ros2_ws/build/polygon_base -- -j6 -l6
[1.104s] Invoking command in '/home/mayudong/ros2_ws/build/polygon_base': CMAKE_PREFIX_PATH=${CMAKE_PREFIX_PATH}:/home/mayudong/ros2_ws/install/examples_rclpy_minimal_subscriber:/home/mayudong/ros2_ws/install/examples_rclpy_minimal_service:/home/mayudong/ros2_ws/install/examples_rclpy_minimal_publisher:/home/mayudong/ros2_ws/install/examples_rclpy_minimal_client:/home/mayudong/ros2_ws/install/examples_rclpy_minimal_action_server:/home/mayudong/ros2_ws/install/examples_rclpy_minimal_action_client:/home/mayudong/ros2_ws/install/examples_rclpy_executors:/opt/ros/foxy /usr/bin/cmake --install /home/mayudong/ros2_ws/build/polygon_base
[1.113s] -- Install configuration: ""
[1.114s] -- Installing: /home/mayudong/ros2_ws/install/polygon_base/include
[1.114s] -- Installing: /home/mayudong/ros2_ws/install/polygon_base/include/polygon_base
[1.114s] -- Installing: /home/mayudong/ros2_ws/install/polygon_base/include/polygon_base/regular_polygon.hpp
[1.114s] -- Installing: /home/mayudong/ros2_ws/install/polygon_base/lib/polygon_base/area_node
[1.114s] -- Set runtime path of "/home/mayudong/ros2_ws/install/polygon_base/lib/polygon_base/area_node" to ""
[1.114s] -- Installing: /home/mayudong/ros2_ws/install/polygon_base/share/ament_index/resource_index/package_run_dependencies/polygon_base
[1.115s] -- Installing: /home/mayudong/ros2_ws/install/polygon_base/share/ament_index/resource_index/parent_prefix_path/polygon_base
[1.115s] -- Installing: /home/mayudong/ros2_ws/install/polygon_base/share/polygon_base/environment/ament_prefix_path.sh
[1.115s] -- Installing: /home/mayudong/ros2_ws/install/polygon_base/share/polygon_base/environment/ament_prefix_path.dsv
[1.115s] -- Installing: /home/mayudong/ros2_ws/install/polygon_base/share/polygon_base/environment/path.sh
[1.115s] -- Installing: /home/mayudong/ros2_ws/install/polygon_base/share/polygon_base/environment/path.dsv
[1.115s] -- Installing: /home/mayudong/ros2_ws/install/polygon_base/share/polygon_base/local_setup.bash
[1.115s] -- Installing: /home/mayudong/ros2_ws/install/polygon_base/share/polygon_base/local_setup.sh
[1.116s] -- Installing: /home/mayudong/ros2_ws/install/polygon_base/share/polygon_base/local_setup.zsh
[1.116s] -- Installing: /home/mayudong/ros2_ws/install/polygon_base/share/polygon_base/local_setup.dsv
[1.116s] -- Installing: /home/mayudong/ros2_ws/install/polygon_base/share/polygon_base/package.dsv
[1.116s] -- Installing: /home/mayudong/ros2_ws/install/polygon_base/share/ament_index/resource_index/packages/polygon_base
[1.116s] -- Installing: /home/mayudong/ros2_ws/install/polygon_base/share/polygon_base/cmake/ament_cmake_export_include_directories-extras.cmake
[1.116s] -- Installing: /home/mayudong/ros2_ws/install/polygon_base/share/polygon_base/cmake/polygon_baseConfig.cmake
[1.117s] -- Installing: /home/mayudong/ros2_ws/install/polygon_base/share/polygon_base/cmake/polygon_baseConfig-version.cmake
[1.117s] -- Installing: /home/mayudong/ros2_ws/install/polygon_base/share/polygon_base/package.xml
[1.119s] Invoked command in '/home/mayudong/ros2_ws/build/polygon_base' returned '0': CMAKE_PREFIX_PATH=${CMAKE_PREFIX_PATH}:/home/mayudong/ros2_ws/install/examples_rclpy_minimal_subscriber:/home/mayudong/ros2_ws/install/examples_rclpy_minimal_service:/home/mayudong/ros2_ws/install/examples_rclpy_minimal_publisher:/home/mayudong/ros2_ws/install/examples_rclpy_minimal_client:/home/mayudong/ros2_ws/install/examples_rclpy_minimal_action_server:/home/mayudong/ros2_ws/install/examples_rclpy_minimal_action_client:/home/mayudong/ros2_ws/install/examples_rclpy_executors:/opt/ros/foxy /usr/bin/cmake --install /home/mayudong/ros2_ws/build/polygon_base
