[0.051s] Invoking command in '/home/mayudong/ros2_ws/build/examples_rclcpp_minimal_client': CMAKE_PREFIX_PATH=/opt/ros/foxy /usr/bin/cmake /home/mayudong/ros2_ws/src/examples/rclcpp/services/minimal_client -DCMAKE_INSTALL_PREFIX=/home/mayudong/ros2_ws/install/examples_rclcpp_minimal_client
[0.075s] -- Found ament_cmake: 0.9.11 (/opt/ros/foxy/share/ament_cmake/cmake)
[0.098s] -- Using PYTHON_EXECUTABLE: /usr/bin/python3
[0.272s] -- Override CMake install command with custom implementation using symlinks instead of copying resources
[0.280s] -- Found example_interfaces: 0.9.1 (/opt/ros/foxy/share/example_interfaces/cmake)
[0.299s] -- Using all available rosidl_typesupport_c: rosidl_typesupport_fastrtps_c;rosidl_typesupport_introspection_c
[0.303s] -- Found rosidl_adapter: 1.3.0 (/opt/ros/foxy/share/rosidl_adapter/cmake)
[0.416s] -- Using all available rosidl_typesupport_cpp: rosidl_typesupport_fastrtps_cpp;rosidl_typesupport_introspection_cpp
[0.554s] -- Found rclcpp: 2.4.2 (/opt/ros/foxy/share/rclcpp/cmake)
[0.591s] -- Found rmw_implementation_cmake: 1.0.3 (/opt/ros/foxy/share/rmw_implementation_cmake/cmake)
[0.592s] -- Using RMW implementation 'rmw_fastrtps_cpp' as default
[0.733s] -- Found ament_lint_auto: 0.9.7 (/opt/ros/foxy/share/ament_lint_auto/cmake)
[0.814s] -- Added test 'copyright' to check source files copyright and LICENSE
[0.814s] -- Added test 'cppcheck' to perform static code analysis on C / C++ code
[0.814s] -- Configured cppcheck include dirs: 
[0.814s] -- Configured cppcheck exclude dirs and/or files: 
[0.814s] -- Added test 'cpplint' to check C / C++ code against the Google style
[0.814s] -- Configured cpplint exclude dirs and/or files: 
[0.814s] -- Added test 'lint_cmake' to check CMake code style
[0.814s] -- Added test 'uncrustify' to check C / C++ code style
[0.814s] -- Configured uncrustify additional arguments: 
[0.814s] -- Added test 'xmllint' to check XML markup files
[0.814s] -- Configuring done
[0.824s] -- Generating done
[0.827s] -- Build files have been written to: /home/mayudong/ros2_ws/build/examples_rclcpp_minimal_client
[0.840s] Invoked command in '/home/mayudong/ros2_ws/build/examples_rclcpp_minimal_client' returned '0': CMAKE_PREFIX_PATH=/opt/ros/foxy /usr/bin/cmake /home/mayudong/ros2_ws/src/examples/rclcpp/services/minimal_client -DCMAKE_INSTALL_PREFIX=/home/mayudong/ros2_ws/install/examples_rclcpp_minimal_client
[0.843s] Invoking command in '/home/mayudong/ros2_ws/build/examples_rclcpp_minimal_client': CMAKE_PREFIX_PATH=/opt/ros/foxy /usr/bin/cmake --build /home/mayudong/ros2_ws/build/examples_rclcpp_minimal_client -- -j6 -l6
[0.953s] [100%] Built target client_main
[0.972s] Invoked command in '/home/mayudong/ros2_ws/build/examples_rclcpp_minimal_client' returned '0': CMAKE_PREFIX_PATH=/opt/ros/foxy /usr/bin/cmake --build /home/mayudong/ros2_ws/build/examples_rclcpp_minimal_client -- -j6 -l6
[1.065s] Invoking command in '/home/mayudong/ros2_ws/build/examples_rclcpp_minimal_client': CMAKE_PREFIX_PATH=/opt/ros/foxy /usr/bin/cmake --install /home/mayudong/ros2_ws/build/examples_rclcpp_minimal_client
[1.085s] -- Install configuration: ""
[1.085s] -- Execute custom install script
[1.085s] -- Up-to-date symlink: /home/mayudong/ros2_ws/install/examples_rclcpp_minimal_client/lib/examples_rclcpp_minimal_client/client_main
[1.085s] -- Up-to-date symlink: /home/mayudong/ros2_ws/install/examples_rclcpp_minimal_client/share/ament_index/resource_index/package_run_dependencies/examples_rclcpp_minimal_client
[1.085s] -- Up-to-date symlink: /home/mayudong/ros2_ws/install/examples_rclcpp_minimal_client/share/ament_index/resource_index/parent_prefix_path/examples_rclcpp_minimal_client
[1.086s] -- Up-to-date symlink: /home/mayudong/ros2_ws/install/examples_rclcpp_minimal_client/share/examples_rclcpp_minimal_client/environment/ament_prefix_path.sh
[1.093s] -- Up-to-date symlink: /home/mayudong/ros2_ws/install/examples_rclcpp_minimal_client/share/examples_rclcpp_minimal_client/environment/ament_prefix_path.dsv
[1.093s] -- Up-to-date symlink: /home/mayudong/ros2_ws/install/examples_rclcpp_minimal_client/share/examples_rclcpp_minimal_client/environment/path.sh
[1.094s] -- Up-to-date symlink: /home/mayudong/ros2_ws/install/examples_rclcpp_minimal_client/share/examples_rclcpp_minimal_client/environment/path.dsv
[1.094s] -- Up-to-date symlink: /home/mayudong/ros2_ws/install/examples_rclcpp_minimal_client/share/examples_rclcpp_minimal_client/local_setup.bash
[1.094s] -- Up-to-date symlink: /home/mayudong/ros2_ws/install/examples_rclcpp_minimal_client/share/examples_rclcpp_minimal_client/local_setup.sh
[1.094s] -- Up-to-date symlink: /home/mayudong/ros2_ws/install/examples_rclcpp_minimal_client/share/examples_rclcpp_minimal_client/local_setup.zsh
[1.094s] -- Up-to-date symlink: /home/mayudong/ros2_ws/install/examples_rclcpp_minimal_client/share/examples_rclcpp_minimal_client/local_setup.dsv
[1.095s] -- Symlinking: /home/mayudong/ros2_ws/install/examples_rclcpp_minimal_client/share/examples_rclcpp_minimal_client/package.dsv
[1.113s] -- Up-to-date symlink: /home/mayudong/ros2_ws/install/examples_rclcpp_minimal_client/share/ament_index/resource_index/packages/examples_rclcpp_minimal_client
[1.113s] -- Up-to-date symlink: /home/mayudong/ros2_ws/install/examples_rclcpp_minimal_client/share/examples_rclcpp_minimal_client/cmake/examples_rclcpp_minimal_clientConfig.cmake
[1.114s] -- Up-to-date symlink: /home/mayudong/ros2_ws/install/examples_rclcpp_minimal_client/share/examples_rclcpp_minimal_client/cmake/examples_rclcpp_minimal_clientConfig-version.cmake
[1.114s] -- Up-to-date symlink: /home/mayudong/ros2_ws/install/examples_rclcpp_minimal_client/share/examples_rclcpp_minimal_client/package.xml
[1.218s] Invoked command in '/home/mayudong/ros2_ws/build/examples_rclcpp_minimal_client' returned '0': CMAKE_PREFIX_PATH=/opt/ros/foxy /usr/bin/cmake --install /home/mayudong/ros2_ws/build/examples_rclcpp_minimal_client
