[1.676s] Invoking command in '/home/mayudong/ros2_ws/build/examples_rclpy_minimal_action_server': PYTHONPATH=/home/mayudong/ros2_ws/build/examples_rclpy_minimal_action_server/prefix_override:/home/mayudong/ros2_ws/install/examples_rclpy_minimal_action_server/lib/python3.8/site-packages:${PYTHONPATH} /usr/bin/python3 setup.py develop --editable --build-directory /home/mayudong/ros2_ws/build/examples_rclpy_minimal_action_server/build --no-deps install_data
[2.082s] running develop
[2.265s] running egg_info
[2.265s] creating examples_rclpy_minimal_action_server.egg-info
[2.266s] writing examples_rclpy_minimal_action_server.egg-info/PKG-INFO
[2.266s] writing dependency_links to examples_rclpy_minimal_action_server.egg-info/dependency_links.txt
[2.267s] writing entry points to examples_rclpy_minimal_action_server.egg-info/entry_points.txt
[2.267s] writing requirements to examples_rclpy_minimal_action_server.egg-info/requires.txt
[2.267s] writing top-level names to examples_rclpy_minimal_action_server.egg-info/top_level.txt
[2.269s] writing manifest file 'examples_rclpy_minimal_action_server.egg-info/SOURCES.txt'
[2.302s] reading manifest file 'examples_rclpy_minimal_action_server.egg-info/SOURCES.txt'
[2.303s] writing manifest file 'examples_rclpy_minimal_action_server.egg-info/SOURCES.txt'
[2.347s] running build_ext
[2.348s] Creating /home/mayudong/ros2_ws/install/examples_rclpy_minimal_action_server/lib/python3.8/site-packages/site.py
[2.351s] Creating /home/mayudong/ros2_ws/install/examples_rclpy_minimal_action_server/lib/python3.8/site-packages/examples-rclpy-minimal-action-server.egg-link (link to .)
[2.352s] Installing server script to /home/mayudong/ros2_ws/install/examples_rclpy_minimal_action_server/lib/examples_rclpy_minimal_action_server
[2.353s] Installing server_defer script to /home/mayudong/ros2_ws/install/examples_rclpy_minimal_action_server/lib/examples_rclpy_minimal_action_server
[2.353s] Installing server_not_composable script to /home/mayudong/ros2_ws/install/examples_rclpy_minimal_action_server/lib/examples_rclpy_minimal_action_server
[2.353s] Installing server_queue_goals script to /home/mayudong/ros2_ws/install/examples_rclpy_minimal_action_server/lib/examples_rclpy_minimal_action_server
[2.354s] Installing server_single_goal script to /home/mayudong/ros2_ws/install/examples_rclpy_minimal_action_server/lib/examples_rclpy_minimal_action_server
[2.354s] 
[2.354s] Installed /home/mayudong/ros2_ws/build/examples_rclpy_minimal_action_server
[2.355s] running install_data
[2.355s] creating /home/mayudong/ros2_ws/install/examples_rclpy_minimal_action_server/share/ament_index
[2.355s] creating /home/mayudong/ros2_ws/install/examples_rclpy_minimal_action_server/share/ament_index/resource_index
[2.355s] creating /home/mayudong/ros2_ws/install/examples_rclpy_minimal_action_server/share/ament_index/resource_index/packages
[2.356s] copying resource/examples_rclpy_minimal_action_server -> /home/mayudong/ros2_ws/install/examples_rclpy_minimal_action_server/share/ament_index/resource_index/packages
[2.356s] copying package.xml -> /home/mayudong/ros2_ws/install/examples_rclpy_minimal_action_server/share/examples_rclpy_minimal_action_server
[2.394s] Invoked command in '/home/mayudong/ros2_ws/build/examples_rclpy_minimal_action_server' returned '0': PYTHONPATH=/home/mayudong/ros2_ws/build/examples_rclpy_minimal_action_server/prefix_override:/home/mayudong/ros2_ws/install/examples_rclpy_minimal_action_server/lib/python3.8/site-packages:${PYTHONPATH} /usr/bin/python3 setup.py develop --editable --build-directory /home/mayudong/ros2_ws/build/examples_rclpy_minimal_action_server/build --no-deps install_data
