[0.237s] Invoking command in '/home/mayudong/ros2_ws/build/turtlesim': CMAKE_PREFIX_PATH=/opt/ros/foxy /usr/bin/cmake /home/mayudong/ros2_ws/src/ros_tutorials/turtlesim -DCMAKE_INSTALL_PREFIX=/home/mayudong/ros2_ws/install/turtlesim
[0.326s] -- The C compiler identification is GNU 9.4.0
[0.407s] -- The CXX compiler identification is GNU 9.4.0
[0.414s] -- Check for working C compiler: /usr/bin/cc
[0.507s] -- Check for working C compiler: /usr/bin/cc -- works
[0.508s] -- Detecting C compiler ABI info
[0.591s] -- Detecting C compiler ABI info - done
[0.602s] -- Detecting C compile features
[0.603s] -- Detecting C compile features - done
[0.605s] -- Check for working CXX compiler: /usr/bin/c++
[0.718s] -- Check for working CXX compiler: /usr/bin/c++ -- works
[0.721s] -- Detecting CXX compiler ABI info
[0.811s] -- Detecting CXX compiler ABI info - done
[0.821s] -- Detecting CXX compile features
[0.821s] -- Detecting CXX compile features - done
[0.822s] -- Found ament_cmake: 0.9.11 (/opt/ros/foxy/share/ament_cmake/cmake)
[0.843s] -- Found PythonInterp: /usr/bin/python3 (found suitable version "3.8.10", minimum required is "3") 
[0.843s] -- Using PYTHON_EXECUTABLE: /usr/bin/python3
[1.067s] -- Found ament_index_cpp: 1.1.0 (/opt/ros/foxy/share/ament_index_cpp/cmake)
[1.070s] -- Found geometry_msgs: 2.0.5 (/opt/ros/foxy/share/geometry_msgs/cmake)
[1.097s] -- Using all available rosidl_typesupport_c: rosidl_typesupport_fastrtps_c;rosidl_typesupport_introspection_c
[1.103s] -- Found rosidl_adapter: 1.3.0 (/opt/ros/foxy/share/rosidl_adapter/cmake)
[1.200s] -- Found OpenSSL: /usr/lib/x86_64-linux-gnu/libcrypto.so (found version "1.1.1f")  
[1.240s] -- Found FastRTPS: /opt/ros/foxy/include  
[1.325s] -- Using all available rosidl_typesupport_cpp: rosidl_typesupport_fastrtps_cpp;rosidl_typesupport_introspection_cpp
[1.451s] -- Found rclcpp: 2.4.2 (/opt/ros/foxy/share/rclcpp/cmake)
[1.511s] -- Found rmw_implementation_cmake: 1.0.3 (/opt/ros/foxy/share/rmw_implementation_cmake/cmake)
[1.513s] -- Using RMW implementation 'rmw_fastrtps_cpp' as default
[1.513s] -- Looking for pthread.h
[1.606s] -- Looking for pthread.h - found
[1.606s] -- Performing Test CMAKE_HAVE_LIBC_PTHREAD
[1.708s] -- Performing Test CMAKE_HAVE_LIBC_PTHREAD - Failed
[1.708s] -- Looking for pthread_create in pthreads
[1.793s] -- Looking for pthread_create in pthreads - not found
[1.794s] -- Looking for pthread_create in pthread
[1.887s] -- Looking for pthread_create in pthread - found
[1.888s] -- Found Threads: TRUE  
[2.043s] -- Found rclcpp_action: 2.4.2 (/opt/ros/foxy/share/rclcpp_action/cmake)
[2.115s] -- Found rosidl_default_generators: 1.0.1 (/opt/ros/foxy/share/rosidl_default_generators/cmake)
[2.127s] -- Found std_srvs: 2.0.5 (/opt/ros/foxy/share/std_srvs/cmake)
[2.159s] -- Found PythonInterp: /usr/bin/python3 (found version "3.8.10") 
[2.340s] -- Found ament_cmake_ros: 0.9.2 (/opt/ros/foxy/share/ament_cmake_ros/cmake)
[2.444s] -- Using all available rosidl_typesupport_c: rosidl_typesupport_fastrtps_c;rosidl_typesupport_introspection_c
[2.463s] -- Using all available rosidl_typesupport_cpp: rosidl_typesupport_fastrtps_cpp;rosidl_typesupport_introspection_cpp
[2.484s] -- Found PythonInterp: /usr/bin/python3 (found suitable version "3.8.10", minimum required is "3.5") 
[2.485s] -- Found python_cmake_module: 0.8.1 (/opt/ros/foxy/share/python_cmake_module/cmake)
[2.510s] -- Found PythonLibs: /usr/lib/x86_64-linux-gnu/libpython3.8.so (found suitable version "3.8.10", minimum required is "3.5") 
[2.510s] -- Using PYTHON_EXECUTABLE: /usr/bin/python3
[2.510s] -- Using PYTHON_INCLUDE_DIRS: /usr/include/python3.8
[2.510s] -- Using PYTHON_LIBRARIES: /usr/lib/x86_64-linux-gnu/libpython3.8.so
[2.527s] -- Found PythonExtra: .so  
[2.580s] -- Configuring done
[2.647s] -- Generating done
[2.649s] -- Build files have been written to: /home/mayudong/ros2_ws/build/turtlesim
[2.661s] Invoked command in '/home/mayudong/ros2_ws/build/turtlesim' returned '0': CMAKE_PREFIX_PATH=/opt/ros/foxy /usr/bin/cmake /home/mayudong/ros2_ws/src/ros_tutorials/turtlesim -DCMAKE_INSTALL_PREFIX=/home/mayudong/ros2_ws/install/turtlesim
[2.661s] Invoking command in '/home/mayudong/ros2_ws/build/turtlesim': CMAKE_PREFIX_PATH=/opt/ros/foxy /usr/bin/cmake --build /home/mayudong/ros2_ws/build/turtlesim -- -j6 -l6
[2.709s] [  1%] [34m[1mGenerating C code for ROS interfaces[0m
[2.710s] [35m[1mScanning dependencies of target turtlesim__cpp[0m
[2.722s] [  2%] [34m[1mGenerating C++ code for ROS interfaces[0m
[3.390s] [  2%] Built target turtlesim__cpp
[3.403s] [  3%] [34m[1mGenerating C++ type support dispatch for ROS interfaces[0m
[3.408s] [  4%] [34m[1mGenerating C++ introspection for ROS interfaces[0m
[3.428s] [  5%] [34m[1mGenerating C++ type support for eProsima Fast-RTPS[0m
[3.500s] [35m[1mScanning dependencies of target turtlesim__rosidl_generator_c[0m
[3.524s] [  7%] [32mBuilding C object CMakeFiles/turtlesim__rosidl_generator_c.dir/rosidl_generator_c/turtlesim/msg/detail/pose__functions.c.o[0m
[3.524s] [  8%] [32mBuilding C object CMakeFiles/turtlesim__rosidl_generator_c.dir/rosidl_generator_c/turtlesim/action/detail/rotate_absolute__functions.c.o[0m
[3.525s] [  7%] [32mBuilding C object CMakeFiles/turtlesim__rosidl_generator_c.dir/rosidl_generator_c/turtlesim/msg/detail/color__functions.c.o[0m
[3.583s] [  9%] [32mBuilding C object CMakeFiles/turtlesim__rosidl_generator_c.dir/rosidl_generator_c/turtlesim/srv/detail/kill__functions.c.o[0m
[3.583s] [ 10%] [32mBuilding C object CMakeFiles/turtlesim__rosidl_generator_c.dir/rosidl_generator_c/turtlesim/srv/detail/set_pen__functions.c.o[0m
[3.647s] [ 11%] [32mBuilding C object CMakeFiles/turtlesim__rosidl_generator_c.dir/rosidl_generator_c/turtlesim/srv/detail/spawn__functions.c.o[0m
[3.654s] [ 12%] [32mBuilding C object CMakeFiles/turtlesim__rosidl_generator_c.dir/rosidl_generator_c/turtlesim/srv/detail/teleport_absolute__functions.c.o[0m
[3.660s] [ 13%] [32mBuilding C object CMakeFiles/turtlesim__rosidl_generator_c.dir/rosidl_generator_c/turtlesim/srv/detail/teleport_relative__functions.c.o[0m
[3.725s] [ 14%] [32m[1mLinking C shared library libturtlesim__rosidl_generator_c.so[0m
[3.775s] [ 14%] Built target turtlesim__rosidl_generator_c
[3.790s] [ 15%] [34m[1mGenerating C introspection for ROS interfaces[0m
[3.790s] [ 16%] [34m[1mGenerating C type support dispatch for ROS interfaces[0m
[3.921s] [35m[1mScanning dependencies of target turtlesim__rosidl_typesupport_cpp[0m
[3.943s] [ 18%] [32mBuilding CXX object CMakeFiles/turtlesim__rosidl_typesupport_cpp.dir/rosidl_typesupport_cpp/turtlesim/msg/color__type_support.cpp.o[0m
[3.943s] [ 18%] [32mBuilding CXX object CMakeFiles/turtlesim__rosidl_typesupport_cpp.dir/rosidl_typesupport_cpp/turtlesim/action/rotate_absolute__type_support.cpp.o[0m
[4.127s] [35m[1mScanning dependencies of target turtlesim__rosidl_typesupport_introspection_cpp[0m
[4.150s] [ 19%] [32mBuilding CXX object CMakeFiles/turtlesim__rosidl_typesupport_introspection_cpp.dir/rosidl_typesupport_introspection_cpp/turtlesim/action/detail/rotate_absolute__type_support.cpp.o[0m
[4.255s] [ 20%] [32mBuilding CXX object CMakeFiles/turtlesim__rosidl_typesupport_cpp.dir/rosidl_typesupport_cpp/turtlesim/msg/pose__type_support.cpp.o[0m
[4.290s] [ 21%] [32mBuilding CXX object CMakeFiles/turtlesim__rosidl_typesupport_cpp.dir/rosidl_typesupport_cpp/turtlesim/srv/kill__type_support.cpp.o[0m
[4.322s] [35m[1mScanning dependencies of target turtlesim__rosidl_typesupport_fastrtps_cpp[0m
[4.341s] [35m[1mScanning dependencies of target turtlesim__rosidl_typesupport_c[0m
[4.353s] [ 22%] [32mBuilding CXX object CMakeFiles/turtlesim__rosidl_typesupport_fastrtps_cpp.dir/rosidl_typesupport_fastrtps_cpp/turtlesim/action/detail/dds_fastrtps/rotate_absolute__type_support.cpp.o[0m
[4.361s] [ 23%] [32mBuilding CXX object CMakeFiles/turtlesim__rosidl_typesupport_c.dir/rosidl_typesupport_c/turtlesim/action/rotate_absolute__type_support.cpp.o[0m
[4.424s] [ 24%] [32mBuilding CXX object CMakeFiles/turtlesim__rosidl_typesupport_c.dir/rosidl_typesupport_c/turtlesim/msg/color__type_support.cpp.o[0m
[4.471s] [ 25%] [32mBuilding CXX object CMakeFiles/turtlesim__rosidl_typesupport_c.dir/rosidl_typesupport_c/turtlesim/msg/pose__type_support.cpp.o[0m
[4.517s] [ 26%] [32mBuilding CXX object CMakeFiles/turtlesim__rosidl_typesupport_c.dir/rosidl_typesupport_c/turtlesim/srv/kill__type_support.cpp.o[0m
[4.531s] [ 27%] [32mBuilding CXX object CMakeFiles/turtlesim__rosidl_typesupport_introspection_cpp.dir/rosidl_typesupport_introspection_cpp/turtlesim/msg/detail/color__type_support.cpp.o[0m
[4.557s] [ 28%] [32mBuilding CXX object CMakeFiles/turtlesim__rosidl_typesupport_c.dir/rosidl_typesupport_c/turtlesim/srv/set_pen__type_support.cpp.o[0m
[4.573s] [ 29%] [32mBuilding CXX object CMakeFiles/turtlesim__rosidl_typesupport_cpp.dir/rosidl_typesupport_cpp/turtlesim/srv/set_pen__type_support.cpp.o[0m
[4.594s] [ 30%] [32mBuilding CXX object CMakeFiles/turtlesim__rosidl_typesupport_c.dir/rosidl_typesupport_c/turtlesim/srv/spawn__type_support.cpp.o[0m
[4.594s] [ 31%] [32mBuilding CXX object CMakeFiles/turtlesim__rosidl_typesupport_cpp.dir/rosidl_typesupport_cpp/turtlesim/srv/spawn__type_support.cpp.o[0m
[4.610s] [35m[1mScanning dependencies of target turtlesim__rosidl_typesupport_introspection_c[0m
[4.632s] [ 32%] [32mBuilding CXX object CMakeFiles/turtlesim__rosidl_typesupport_c.dir/rosidl_typesupport_c/turtlesim/srv/teleport_absolute__type_support.cpp.o[0m
[4.635s] [ 33%] [32mBuilding C object CMakeFiles/turtlesim__rosidl_typesupport_introspection_c.dir/rosidl_typesupport_introspection_c/turtlesim/action/detail/rotate_absolute__type_support.c.o[0m
[4.671s] [ 34%] [32mBuilding CXX object CMakeFiles/turtlesim__rosidl_typesupport_c.dir/rosidl_typesupport_c/turtlesim/srv/teleport_relative__type_support.cpp.o[0m
[4.691s] [ 35%] [32mBuilding C object CMakeFiles/turtlesim__rosidl_typesupport_introspection_c.dir/rosidl_typesupport_introspection_c/turtlesim/msg/detail/color__type_support.c.o[0m
[4.712s] [ 36%] [32m[1mLinking CXX shared library libturtlesim__rosidl_typesupport_c.so[0m
[4.733s] [ 37%] [32mBuilding C object CMakeFiles/turtlesim__rosidl_typesupport_introspection_c.dir/rosidl_typesupport_introspection_c/turtlesim/msg/detail/pose__type_support.c.o[0m
[4.771s] [ 37%] Built target turtlesim__rosidl_typesupport_c
[4.777s] [ 38%] [32mBuilding C object CMakeFiles/turtlesim__rosidl_typesupport_introspection_c.dir/rosidl_typesupport_introspection_c/turtlesim/srv/detail/kill__type_support.c.o[0m
[4.785s] [ 39%] [32mBuilding C object CMakeFiles/turtlesim__rosidl_typesupport_introspection_c.dir/rosidl_typesupport_introspection_c/turtlesim/srv/detail/set_pen__type_support.c.o[0m
[4.825s] [ 40%] [32mBuilding C object CMakeFiles/turtlesim__rosidl_typesupport_introspection_c.dir/rosidl_typesupport_introspection_c/turtlesim/srv/detail/spawn__type_support.c.o[0m
[4.827s] [ 41%] [32mBuilding C object CMakeFiles/turtlesim__rosidl_typesupport_introspection_c.dir/rosidl_typesupport_introspection_c/turtlesim/srv/detail/teleport_absolute__type_support.c.o[0m
[4.843s] [ 42%] [32mBuilding CXX object CMakeFiles/turtlesim__rosidl_typesupport_introspection_cpp.dir/rosidl_typesupport_introspection_cpp/turtlesim/msg/detail/pose__type_support.cpp.o[0m
[4.872s] [ 44%] [32mBuilding CXX object CMakeFiles/turtlesim__rosidl_typesupport_introspection_cpp.dir/rosidl_typesupport_introspection_cpp/turtlesim/srv/detail/kill__type_support.cpp.o[0m
[4.872s] [ 44%] [32mBuilding C object CMakeFiles/turtlesim__rosidl_typesupport_introspection_c.dir/rosidl_typesupport_introspection_c/turtlesim/srv/detail/teleport_relative__type_support.c.o[0m
[4.924s] [ 45%] [32m[1mLinking C shared library libturtlesim__rosidl_typesupport_introspection_c.so[0m
[4.930s] [ 46%] [32mBuilding CXX object CMakeFiles/turtlesim__rosidl_typesupport_cpp.dir/rosidl_typesupport_cpp/turtlesim/srv/teleport_absolute__type_support.cpp.o[0m
[4.943s] [ 47%] [32mBuilding CXX object CMakeFiles/turtlesim__rosidl_typesupport_fastrtps_cpp.dir/rosidl_typesupport_fastrtps_cpp/turtlesim/msg/detail/dds_fastrtps/color__type_support.cpp.o[0m
[4.975s] [ 48%] [32mBuilding CXX object CMakeFiles/turtlesim__rosidl_typesupport_cpp.dir/rosidl_typesupport_cpp/turtlesim/srv/teleport_relative__type_support.cpp.o[0m
[4.976s] [ 48%] Built target turtlesim__rosidl_typesupport_introspection_c
[4.988s] [ 49%] [32mBuilding CXX object CMakeFiles/turtlesim__rosidl_typesupport_introspection_cpp.dir/rosidl_typesupport_introspection_cpp/turtlesim/srv/detail/set_pen__type_support.cpp.o[0m
[5.189s] [ 50%] [32mBuilding CXX object CMakeFiles/turtlesim__rosidl_typesupport_introspection_cpp.dir/rosidl_typesupport_introspection_cpp/turtlesim/srv/detail/spawn__type_support.cpp.o[0m
[5.195s] [ 51%] [32mBuilding CXX object CMakeFiles/turtlesim__rosidl_typesupport_introspection_cpp.dir/rosidl_typesupport_introspection_cpp/turtlesim/srv/detail/teleport_absolute__type_support.cpp.o[0m
[5.286s] [ 52%] [32mBuilding CXX object CMakeFiles/turtlesim__rosidl_typesupport_introspection_cpp.dir/rosidl_typesupport_introspection_cpp/turtlesim/srv/detail/teleport_relative__type_support.cpp.o[0m
[5.314s] [ 53%] [32m[1mLinking CXX shared library libturtlesim__rosidl_typesupport_cpp.so[0m
[5.361s] [ 54%] [32mBuilding CXX object CMakeFiles/turtlesim__rosidl_typesupport_fastrtps_cpp.dir/rosidl_typesupport_fastrtps_cpp/turtlesim/msg/detail/dds_fastrtps/pose__type_support.cpp.o[0m
[5.377s] [ 54%] Built target turtlesim__rosidl_typesupport_cpp
[5.389s] [ 55%] [32mBuilding CXX object CMakeFiles/turtlesim__rosidl_typesupport_fastrtps_cpp.dir/rosidl_typesupport_fastrtps_cpp/turtlesim/srv/detail/dds_fastrtps/kill__type_support.cpp.o[0m
[5.436s] [ 56%] [32mBuilding CXX object CMakeFiles/turtlesim__rosidl_typesupport_fastrtps_cpp.dir/rosidl_typesupport_fastrtps_cpp/turtlesim/srv/detail/dds_fastrtps/set_pen__type_support.cpp.o[0m
[5.516s] [ 57%] [32mBuilding CXX object CMakeFiles/turtlesim__rosidl_typesupport_fastrtps_cpp.dir/rosidl_typesupport_fastrtps_cpp/turtlesim/srv/detail/dds_fastrtps/spawn__type_support.cpp.o[0m
[5.529s] [ 58%] [32mBuilding CXX object CMakeFiles/turtlesim__rosidl_typesupport_fastrtps_cpp.dir/rosidl_typesupport_fastrtps_cpp/turtlesim/srv/detail/dds_fastrtps/teleport_absolute__type_support.cpp.o[0m
[5.614s] [ 59%] [32m[1mLinking CXX shared library libturtlesim__rosidl_typesupport_introspection_cpp.so[0m
[5.697s] [ 59%] Built target turtlesim__rosidl_typesupport_introspection_cpp
[5.714s] [ 60%] [32mBuilding CXX object CMakeFiles/turtlesim__rosidl_typesupport_fastrtps_cpp.dir/rosidl_typesupport_fastrtps_cpp/turtlesim/srv/detail/dds_fastrtps/teleport_relative__type_support.cpp.o[0m
[6.161s] [ 61%] [32m[1mLinking CXX shared library libturtlesim__rosidl_typesupport_fastrtps_cpp.so[0m
[6.268s] [ 61%] Built target turtlesim__rosidl_typesupport_fastrtps_cpp
[6.282s] [ 62%] [34m[1mGenerating C type support for eProsima Fast-RTPS[0m
[6.900s] [35m[1mScanning dependencies of target turtlesim__rosidl_typesupport_fastrtps_c[0m
[6.935s] [ 64%] [32mBuilding CXX object CMakeFiles/turtlesim__rosidl_typesupport_fastrtps_c.dir/rosidl_typesupport_fastrtps_c/turtlesim/msg/detail/color__type_support_c.cpp.o[0m
[6.936s] [ 64%] [32mBuilding CXX object CMakeFiles/turtlesim__rosidl_typesupport_fastrtps_c.dir/rosidl_typesupport_fastrtps_c/turtlesim/msg/detail/pose__type_support_c.cpp.o[0m
[6.936s] [ 65%] [32mBuilding CXX object CMakeFiles/turtlesim__rosidl_typesupport_fastrtps_c.dir/rosidl_typesupport_fastrtps_c/turtlesim/srv/detail/set_pen__type_support_c.cpp.o[0m
[6.936s] [ 66%] [32mBuilding CXX object CMakeFiles/turtlesim__rosidl_typesupport_fastrtps_c.dir/rosidl_typesupport_fastrtps_c/turtlesim/action/detail/rotate_absolute__type_support_c.cpp.o[0m
[6.937s] [ 68%] [32mBuilding CXX object CMakeFiles/turtlesim__rosidl_typesupport_fastrtps_c.dir/rosidl_typesupport_fastrtps_c/turtlesim/srv/detail/spawn__type_support_c.cpp.o[0m
[6.937s] [ 68%] [32mBuilding CXX object CMakeFiles/turtlesim__rosidl_typesupport_fastrtps_c.dir/rosidl_typesupport_fastrtps_c/turtlesim/srv/detail/kill__type_support_c.cpp.o[0m
[7.423s] [ 69%] [32mBuilding CXX object CMakeFiles/turtlesim__rosidl_typesupport_fastrtps_c.dir/rosidl_typesupport_fastrtps_c/turtlesim/srv/detail/teleport_absolute__type_support_c.cpp.o[0m
[7.444s] [ 70%] [32mBuilding CXX object CMakeFiles/turtlesim__rosidl_typesupport_fastrtps_c.dir/rosidl_typesupport_fastrtps_c/turtlesim/srv/detail/teleport_relative__type_support_c.cpp.o[0m
[7.771s] [ 71%] [32m[1mLinking CXX shared library libturtlesim__rosidl_typesupport_fastrtps_c.so[0m
[7.847s] [ 71%] Built target turtlesim__rosidl_typesupport_fastrtps_c
[7.859s] [35m[1mScanning dependencies of target turtlesim[0m
[7.870s] [ 71%] Built target turtlesim
[7.883s] [35m[1mScanning dependencies of target mimic[0m
[7.883s] [35m[1mScanning dependencies of target draw_square[0m
[7.884s] [35m[1mScanning dependencies of target turtle_teleop_key[0m
[7.884s] [35m[1mScanning dependencies of target turtlesim__py[0m
[7.884s] [ 72%] [34m[1mGenerating include/turtlesim/moc_turtle_frame.cpp[0m
[7.897s] [ 73%] [34m[1mGenerating Python code for ROS interfaces[0m
[7.927s] [ 74%] [32mBuilding CXX object CMakeFiles/mimic.dir/tutorials/mimic.cpp.o[0m
[7.932s] [ 75%] [32mBuilding CXX object CMakeFiles/draw_square.dir/tutorials/draw_square.cpp.o[0m
[7.933s] [ 76%] [32mBuilding CXX object CMakeFiles/turtle_teleop_key.dir/tutorials/teleop_turtle_key.cpp.o[0m
[7.951s] [35m[1mScanning dependencies of target turtlesim_node[0m
[8.031s] [ 78%] [32mBuilding CXX object CMakeFiles/turtlesim_node.dir/src/turtle.cpp.o[0m
[8.031s] [ 78%] [32mBuilding CXX object CMakeFiles/turtlesim_node.dir/src/turtlesim.cpp.o[0m
[10.018s] [ 78%] Built target turtlesim__py
[10.033s] [35m[1mScanning dependencies of target turtlesim__python[0m
[10.097s] [ 79%] [32mBuilding C object CMakeFiles/turtlesim__python.dir/rosidl_generator_py/turtlesim/action/_rotate_absolute_s.c.o[0m
[10.248s] [ 80%] [32mBuilding C object CMakeFiles/turtlesim__python.dir/rosidl_generator_py/turtlesim/msg/_color_s.c.o[0m
[10.388s] [ 81%] [32mBuilding C object CMakeFiles/turtlesim__python.dir/rosidl_generator_py/turtlesim/msg/_pose_s.c.o[0m
[10.550s] [ 82%] [32mBuilding C object CMakeFiles/turtlesim__python.dir/rosidl_generator_py/turtlesim/srv/_kill_s.c.o[0m
[10.699s] [ 83%] [32mBuilding C object CMakeFiles/turtlesim__python.dir/rosidl_generator_py/turtlesim/srv/_set_pen_s.c.o[0m
[10.832s] [ 84%] [32mBuilding C object CMakeFiles/turtlesim__python.dir/rosidl_generator_py/turtlesim/srv/_spawn_s.c.o[0m
[10.959s] [ 85%] [32mBuilding C object CMakeFiles/turtlesim__python.dir/rosidl_generator_py/turtlesim/srv/_teleport_absolute_s.c.o[0m
[11.087s] [ 86%] [32mBuilding C object CMakeFiles/turtlesim__python.dir/rosidl_generator_py/turtlesim/srv/_teleport_relative_s.c.o[0m
[11.200s] [ 87%] [32m[1mLinking C shared library rosidl_generator_py/turtlesim/libturtlesim__python.so[0m
[11.258s] [ 87%] Built target turtlesim__python
[11.274s] [35m[1mScanning dependencies of target turtlesim__rosidl_typesupport_introspection_c__pyext[0m
[11.305s] [ 88%] [32mBuilding C object CMakeFiles/turtlesim__rosidl_typesupport_introspection_c__pyext.dir/rosidl_generator_py/turtlesim/_turtlesim_s.ep.rosidl_typesupport_introspection_c.c.o[0m
[11.418s] [ 89%] [32mBuilding CXX object CMakeFiles/turtlesim_node.dir/src/turtle_frame.cpp.o[0m
[11.461s] [ 90%] [32m[1mLinking C shared library rosidl_generator_py/turtlesim/turtlesim_s__rosidl_typesupport_introspection_c.cpython-38-x86_64-linux-gnu.so[0m
[11.519s] [ 90%] Built target turtlesim__rosidl_typesupport_introspection_c__pyext
[11.543s] [35m[1mScanning dependencies of target turtlesim__rosidl_typesupport_fastrtps_c__pyext[0m
[11.583s] [ 91%] [32mBuilding C object CMakeFiles/turtlesim__rosidl_typesupport_fastrtps_c__pyext.dir/rosidl_generator_py/turtlesim/_turtlesim_s.ep.rosidl_typesupport_fastrtps_c.c.o[0m
[11.769s] [ 92%] [32m[1mLinking CXX shared library rosidl_generator_py/turtlesim/turtlesim_s__rosidl_typesupport_fastrtps_c.cpython-38-x86_64-linux-gnu.so[0m
[11.872s] [ 92%] Built target turtlesim__rosidl_typesupport_fastrtps_c__pyext
[11.890s] [35m[1mScanning dependencies of target turtlesim__rosidl_typesupport_c__pyext[0m
[11.920s] [ 93%] [32mBuilding C object CMakeFiles/turtlesim__rosidl_typesupport_c__pyext.dir/rosidl_generator_py/turtlesim/_turtlesim_s.ep.rosidl_typesupport_c.c.o[0m
[12.123s] [ 94%] [32m[1mLinking C shared library rosidl_generator_py/turtlesim/turtlesim_s__rosidl_typesupport_c.cpython-38-x86_64-linux-gnu.so[0m
[12.200s] [ 94%] Built target turtlesim__rosidl_typesupport_c__pyext
[12.221s] [ 95%] [32mBuilding CXX object CMakeFiles/turtlesim_node.dir/include/turtlesim/moc_turtle_frame.cpp.o[0m
[12.947s] [ 96%] [32m[1mLinking CXX executable turtle_teleop_key[0m
[13.274s] [ 96%] Built target turtle_teleop_key
[14.363s] [ 97%] [32m[1mLinking CXX executable mimic[0m
[14.640s] [ 97%] Built target mimic
[15.434s] [ 98%] [32m[1mLinking CXX executable draw_square[0m
[15.700s] [ 98%] Built target draw_square
[18.639s] [100%] [32m[1mLinking CXX executable turtlesim_node[0m
[19.876s] [100%] Built target turtlesim_node
[19.888s] Invoked command in '/home/mayudong/ros2_ws/build/turtlesim' returned '0': CMAKE_PREFIX_PATH=/opt/ros/foxy /usr/bin/cmake --build /home/mayudong/ros2_ws/build/turtlesim -- -j6 -l6
[20.218s] Invoking command in '/home/mayudong/ros2_ws/build/turtlesim': CMAKE_PREFIX_PATH=/opt/ros/foxy /usr/bin/cmake --install /home/mayudong/ros2_ws/build/turtlesim
[20.227s] -- Install configuration: ""
[20.227s] -- Installing: /home/mayudong/ros2_ws/install/turtlesim/share/ament_index/resource_index/rosidl_interfaces/turtlesim
[20.228s] -- Installing: /home/mayudong/ros2_ws/install/turtlesim/include/turtlesim
[20.228s] -- Installing: /home/mayudong/ros2_ws/install/turtlesim/include/turtlesim/msg
[20.228s] -- Installing: /home/mayudong/ros2_ws/install/turtlesim/include/turtlesim/msg/rosidl_generator_c__visibility_control.h
[20.228s] -- Installing: /home/mayudong/ros2_ws/install/turtlesim/include/turtlesim/msg/pose.h
[20.229s] -- Installing: /home/mayudong/ros2_ws/install/turtlesim/include/turtlesim/msg/detail
[20.229s] -- Installing: /home/mayudong/ros2_ws/install/turtlesim/include/turtlesim/msg/detail/color__type_support.h
[20.229s] -- Installing: /home/mayudong/ros2_ws/install/turtlesim/include/turtlesim/msg/detail/pose__functions.h
[20.229s] -- Installing: /home/mayudong/ros2_ws/install/turtlesim/include/turtlesim/msg/detail/color__struct.h
[20.229s] -- Installing: /home/mayudong/ros2_ws/install/turtlesim/include/turtlesim/msg/detail/pose__functions.c
[20.229s] -- Installing: /home/mayudong/ros2_ws/install/turtlesim/include/turtlesim/msg/detail/pose__type_support.h
[20.230s] -- Installing: /home/mayudong/ros2_ws/install/turtlesim/include/turtlesim/msg/detail/pose__struct.h
[20.230s] -- Installing: /home/mayudong/ros2_ws/install/turtlesim/include/turtlesim/msg/detail/color__functions.c
[20.230s] -- Installing: /home/mayudong/ros2_ws/install/turtlesim/include/turtlesim/msg/detail/color__functions.h
[20.230s] -- Installing: /home/mayudong/ros2_ws/install/turtlesim/include/turtlesim/msg/color.h
[20.230s] -- Installing: /home/mayudong/ros2_ws/install/turtlesim/include/turtlesim/srv
[20.230s] -- Installing: /home/mayudong/ros2_ws/install/turtlesim/include/turtlesim/srv/teleport_relative.h
[20.231s] -- Installing: /home/mayudong/ros2_ws/install/turtlesim/include/turtlesim/srv/teleport_absolute.h
[20.231s] -- Installing: /home/mayudong/ros2_ws/install/turtlesim/include/turtlesim/srv/detail
[20.231s] -- Installing: /home/mayudong/ros2_ws/install/turtlesim/include/turtlesim/srv/detail/teleport_relative__struct.h
[20.231s] -- Installing: /home/mayudong/ros2_ws/install/turtlesim/include/turtlesim/srv/detail/set_pen__functions.h
[20.232s] -- Installing: /home/mayudong/ros2_ws/install/turtlesim/include/turtlesim/srv/detail/teleport_absolute__functions.h
[20.232s] -- Installing: /home/mayudong/ros2_ws/install/turtlesim/include/turtlesim/srv/detail/spawn__struct.h
[20.232s] -- Installing: /home/mayudong/ros2_ws/install/turtlesim/include/turtlesim/srv/detail/spawn__functions.c
[20.232s] -- Installing: /home/mayudong/ros2_ws/install/turtlesim/include/turtlesim/srv/detail/set_pen__functions.c
[20.232s] -- Installing: /home/mayudong/ros2_ws/install/turtlesim/include/turtlesim/srv/detail/spawn__type_support.h
[20.233s] -- Installing: /home/mayudong/ros2_ws/install/turtlesim/include/turtlesim/srv/detail/teleport_absolute__type_support.h
[20.233s] -- Installing: /home/mayudong/ros2_ws/install/turtlesim/include/turtlesim/srv/detail/spawn__functions.h
[20.233s] -- Installing: /home/mayudong/ros2_ws/install/turtlesim/include/turtlesim/srv/detail/set_pen__struct.h
[20.233s] -- Installing: /home/mayudong/ros2_ws/install/turtlesim/include/turtlesim/srv/detail/set_pen__type_support.h
[20.233s] -- Installing: /home/mayudong/ros2_ws/install/turtlesim/include/turtlesim/srv/detail/teleport_absolute__functions.c
[20.233s] -- Installing: /home/mayudong/ros2_ws/install/turtlesim/include/turtlesim/srv/detail/kill__functions.h
[20.233s] -- Installing: /home/mayudong/ros2_ws/install/turtlesim/include/turtlesim/srv/detail/kill__struct.h
[20.233s] -- Installing: /home/mayudong/ros2_ws/install/turtlesim/include/turtlesim/srv/detail/kill__type_support.h
[20.234s] -- Installing: /home/mayudong/ros2_ws/install/turtlesim/include/turtlesim/srv/detail/teleport_absolute__struct.h
[20.234s] -- Installing: /home/mayudong/ros2_ws/install/turtlesim/include/turtlesim/srv/detail/teleport_relative__functions.h
[20.234s] -- Installing: /home/mayudong/ros2_ws/install/turtlesim/include/turtlesim/srv/detail/teleport_relative__functions.c
[20.234s] -- Installing: /home/mayudong/ros2_ws/install/turtlesim/include/turtlesim/srv/detail/teleport_relative__type_support.h
[20.234s] -- Installing: /home/mayudong/ros2_ws/install/turtlesim/include/turtlesim/srv/detail/kill__functions.c
[20.234s] -- Installing: /home/mayudong/ros2_ws/install/turtlesim/include/turtlesim/srv/kill.h
[20.234s] -- Installing: /home/mayudong/ros2_ws/install/turtlesim/include/turtlesim/srv/spawn.h
[20.235s] -- Installing: /home/mayudong/ros2_ws/install/turtlesim/include/turtlesim/srv/set_pen.h
[20.235s] -- Installing: /home/mayudong/ros2_ws/install/turtlesim/include/turtlesim/action
[20.235s] -- Installing: /home/mayudong/ros2_ws/install/turtlesim/include/turtlesim/action/rotate_absolute.h
[20.235s] -- Installing: /home/mayudong/ros2_ws/install/turtlesim/include/turtlesim/action/detail
[20.235s] -- Installing: /home/mayudong/ros2_ws/install/turtlesim/include/turtlesim/action/detail/rotate_absolute__functions.h
[20.235s] -- Installing: /home/mayudong/ros2_ws/install/turtlesim/include/turtlesim/action/detail/rotate_absolute__functions.c
[20.236s] -- Installing: /home/mayudong/ros2_ws/install/turtlesim/include/turtlesim/action/detail/rotate_absolute__struct.h
[20.236s] -- Installing: /home/mayudong/ros2_ws/install/turtlesim/include/turtlesim/action/detail/rotate_absolute__type_support.h
[20.236s] -- Installing: /home/mayudong/ros2_ws/install/turtlesim/share/turtlesim/environment/library_path.sh
[20.236s] -- Installing: /home/mayudong/ros2_ws/install/turtlesim/share/turtlesim/environment/library_path.dsv
[20.237s] -- Installing: /home/mayudong/ros2_ws/install/turtlesim/lib/libturtlesim__rosidl_generator_c.so
[20.237s] -- Set runtime path of "/home/mayudong/ros2_ws/install/turtlesim/lib/libturtlesim__rosidl_generator_c.so" to ""
[20.237s] -- Up-to-date: /home/mayudong/ros2_ws/install/turtlesim/include/turtlesim
[20.237s] -- Up-to-date: /home/mayudong/ros2_ws/install/turtlesim/include/turtlesim/msg
[20.237s] -- Up-to-date: /home/mayudong/ros2_ws/install/turtlesim/include/turtlesim/msg/detail
[20.237s] -- Installing: /home/mayudong/ros2_ws/install/turtlesim/include/turtlesim/msg/detail/color__rosidl_typesupport_fastrtps_c.h
[20.237s] -- Installing: /home/mayudong/ros2_ws/install/turtlesim/include/turtlesim/msg/detail/pose__rosidl_typesupport_fastrtps_c.h
[20.238s] -- Installing: /home/mayudong/ros2_ws/install/turtlesim/include/turtlesim/msg/rosidl_typesupport_fastrtps_c__visibility_control.h
[20.238s] -- Up-to-date: /home/mayudong/ros2_ws/install/turtlesim/include/turtlesim/srv
[20.238s] -- Up-to-date: /home/mayudong/ros2_ws/install/turtlesim/include/turtlesim/srv/detail
[20.238s] -- Installing: /home/mayudong/ros2_ws/install/turtlesim/include/turtlesim/srv/detail/teleport_relative__rosidl_typesupport_fastrtps_c.h
[20.239s] -- Installing: /home/mayudong/ros2_ws/install/turtlesim/include/turtlesim/srv/detail/spawn__rosidl_typesupport_fastrtps_c.h
[20.239s] -- Installing: /home/mayudong/ros2_ws/install/turtlesim/include/turtlesim/srv/detail/teleport_absolute__rosidl_typesupport_fastrtps_c.h
[20.239s] -- Installing: /home/mayudong/ros2_ws/install/turtlesim/include/turtlesim/srv/detail/kill__rosidl_typesupport_fastrtps_c.h
[20.239s] -- Installing: /home/mayudong/ros2_ws/install/turtlesim/include/turtlesim/srv/detail/set_pen__rosidl_typesupport_fastrtps_c.h
[20.240s] -- Up-to-date: /home/mayudong/ros2_ws/install/turtlesim/include/turtlesim/action
[20.240s] -- Up-to-date: /home/mayudong/ros2_ws/install/turtlesim/include/turtlesim/action/detail
[20.240s] -- Installing: /home/mayudong/ros2_ws/install/turtlesim/include/turtlesim/action/detail/rotate_absolute__rosidl_typesupport_fastrtps_c.h
[20.241s] -- Installing: /home/mayudong/ros2_ws/install/turtlesim/lib/libturtlesim__rosidl_typesupport_fastrtps_c.so
[20.241s] -- Set runtime path of "/home/mayudong/ros2_ws/install/turtlesim/lib/libturtlesim__rosidl_typesupport_fastrtps_c.so" to ""
[20.241s] -- Up-to-date: /home/mayudong/ros2_ws/install/turtlesim/include/turtlesim
[20.241s] -- Up-to-date: /home/mayudong/ros2_ws/install/turtlesim/include/turtlesim/msg
[20.241s] -- Up-to-date: /home/mayudong/ros2_ws/install/turtlesim/include/turtlesim/msg/detail
[20.242s] -- Installing: /home/mayudong/ros2_ws/install/turtlesim/include/turtlesim/msg/detail/dds_fastrtps
[20.242s] -- Installing: /home/mayudong/ros2_ws/install/turtlesim/include/turtlesim/msg/detail/pose__rosidl_typesupport_fastrtps_cpp.hpp
[20.242s] -- Installing: /home/mayudong/ros2_ws/install/turtlesim/include/turtlesim/msg/detail/color__rosidl_typesupport_fastrtps_cpp.hpp
[20.242s] -- Installing: /home/mayudong/ros2_ws/install/turtlesim/include/turtlesim/msg/rosidl_typesupport_fastrtps_cpp__visibility_control.h
[20.242s] -- Up-to-date: /home/mayudong/ros2_ws/install/turtlesim/include/turtlesim/srv
[20.242s] -- Up-to-date: /home/mayudong/ros2_ws/install/turtlesim/include/turtlesim/srv/detail
[20.242s] -- Installing: /home/mayudong/ros2_ws/install/turtlesim/include/turtlesim/srv/detail/teleport_relative__rosidl_typesupport_fastrtps_cpp.hpp
[20.243s] -- Installing: /home/mayudong/ros2_ws/install/turtlesim/include/turtlesim/srv/detail/set_pen__rosidl_typesupport_fastrtps_cpp.hpp
[20.243s] -- Installing: /home/mayudong/ros2_ws/install/turtlesim/include/turtlesim/srv/detail/dds_fastrtps
[20.243s] -- Installing: /home/mayudong/ros2_ws/install/turtlesim/include/turtlesim/srv/detail/kill__rosidl_typesupport_fastrtps_cpp.hpp
[20.243s] -- Installing: /home/mayudong/ros2_ws/install/turtlesim/include/turtlesim/srv/detail/spawn__rosidl_typesupport_fastrtps_cpp.hpp
[20.243s] -- Installing: /home/mayudong/ros2_ws/install/turtlesim/include/turtlesim/srv/detail/teleport_absolute__rosidl_typesupport_fastrtps_cpp.hpp
[20.244s] -- Up-to-date: /home/mayudong/ros2_ws/install/turtlesim/include/turtlesim/action
[20.244s] -- Up-to-date: /home/mayudong/ros2_ws/install/turtlesim/include/turtlesim/action/detail
[20.244s] -- Installing: /home/mayudong/ros2_ws/install/turtlesim/include/turtlesim/action/detail/dds_fastrtps
[20.244s] -- Installing: /home/mayudong/ros2_ws/install/turtlesim/include/turtlesim/action/detail/rotate_absolute__rosidl_typesupport_fastrtps_cpp.hpp
[20.244s] -- Installing: /home/mayudong/ros2_ws/install/turtlesim/lib/libturtlesim__rosidl_typesupport_fastrtps_cpp.so
[20.244s] -- Set runtime path of "/home/mayudong/ros2_ws/install/turtlesim/lib/libturtlesim__rosidl_typesupport_fastrtps_cpp.so" to ""
[20.244s] -- Up-to-date: /home/mayudong/ros2_ws/install/turtlesim/include/turtlesim
[20.245s] -- Up-to-date: /home/mayudong/ros2_ws/install/turtlesim/include/turtlesim/msg
[20.245s] -- Installing: /home/mayudong/ros2_ws/install/turtlesim/include/turtlesim/msg/rosidl_typesupport_introspection_c__visibility_control.h
[20.245s] -- Up-to-date: /home/mayudong/ros2_ws/install/turtlesim/include/turtlesim/msg/detail
[20.245s] -- Installing: /home/mayudong/ros2_ws/install/turtlesim/include/turtlesim/msg/detail/pose__type_support.c
[20.245s] -- Installing: /home/mayudong/ros2_ws/install/turtlesim/include/turtlesim/msg/detail/pose__rosidl_typesupport_introspection_c.h
[20.246s] -- Installing: /home/mayudong/ros2_ws/install/turtlesim/include/turtlesim/msg/detail/color__type_support.c
[20.246s] -- Installing: /home/mayudong/ros2_ws/install/turtlesim/include/turtlesim/msg/detail/color__rosidl_typesupport_introspection_c.h
[20.246s] -- Up-to-date: /home/mayudong/ros2_ws/install/turtlesim/include/turtlesim/srv
[20.246s] -- Up-to-date: /home/mayudong/ros2_ws/install/turtlesim/include/turtlesim/srv/detail
[20.246s] -- Installing: /home/mayudong/ros2_ws/install/turtlesim/include/turtlesim/srv/detail/teleport_absolute__type_support.c
[20.247s] -- Installing: /home/mayudong/ros2_ws/install/turtlesim/include/turtlesim/srv/detail/spawn__type_support.c
[20.247s] -- Installing: /home/mayudong/ros2_ws/install/turtlesim/include/turtlesim/srv/detail/kill__type_support.c
[20.247s] -- Installing: /home/mayudong/ros2_ws/install/turtlesim/include/turtlesim/srv/detail/kill__rosidl_typesupport_introspection_c.h
[20.247s] -- Installing: /home/mayudong/ros2_ws/install/turtlesim/include/turtlesim/srv/detail/set_pen__rosidl_typesupport_introspection_c.h
[20.247s] -- Installing: /home/mayudong/ros2_ws/install/turtlesim/include/turtlesim/srv/detail/teleport_absolute__rosidl_typesupport_introspection_c.h
[20.248s] -- Installing: /home/mayudong/ros2_ws/install/turtlesim/include/turtlesim/srv/detail/teleport_relative__type_support.c
[20.248s] -- Installing: /home/mayudong/ros2_ws/install/turtlesim/include/turtlesim/srv/detail/spawn__rosidl_typesupport_introspection_c.h
[20.248s] -- Installing: /home/mayudong/ros2_ws/install/turtlesim/include/turtlesim/srv/detail/teleport_relative__rosidl_typesupport_introspection_c.h
[20.248s] -- Installing: /home/mayudong/ros2_ws/install/turtlesim/include/turtlesim/srv/detail/set_pen__type_support.c
[20.248s] -- Up-to-date: /home/mayudong/ros2_ws/install/turtlesim/include/turtlesim/action
[20.248s] -- Up-to-date: /home/mayudong/ros2_ws/install/turtlesim/include/turtlesim/action/detail
[20.249s] -- Installing: /home/mayudong/ros2_ws/install/turtlesim/include/turtlesim/action/detail/rotate_absolute__rosidl_typesupport_introspection_c.h
[20.249s] -- Installing: /home/mayudong/ros2_ws/install/turtlesim/include/turtlesim/action/detail/rotate_absolute__type_support.c
[20.249s] -- Installing: /home/mayudong/ros2_ws/install/turtlesim/lib/libturtlesim__rosidl_typesupport_introspection_c.so
[20.249s] -- Set runtime path of "/home/mayudong/ros2_ws/install/turtlesim/lib/libturtlesim__rosidl_typesupport_introspection_c.so" to ""
[20.249s] -- Installing: /home/mayudong/ros2_ws/install/turtlesim/lib/libturtlesim__rosidl_typesupport_c.so
[20.249s] -- Set runtime path of "/home/mayudong/ros2_ws/install/turtlesim/lib/libturtlesim__rosidl_typesupport_c.so" to ""
[20.249s] -- Up-to-date: /home/mayudong/ros2_ws/install/turtlesim/include/turtlesim
[20.250s] -- Up-to-date: /home/mayudong/ros2_ws/install/turtlesim/include/turtlesim/msg
[20.250s] -- Installing: /home/mayudong/ros2_ws/install/turtlesim/include/turtlesim/msg/pose.hpp
[20.250s] -- Up-to-date: /home/mayudong/ros2_ws/install/turtlesim/include/turtlesim/msg/detail
[20.250s] -- Installing: /home/mayudong/ros2_ws/install/turtlesim/include/turtlesim/msg/detail/pose__struct.hpp
[20.250s] -- Installing: /home/mayudong/ros2_ws/install/turtlesim/include/turtlesim/msg/detail/color__struct.hpp
[20.250s] -- Installing: /home/mayudong/ros2_ws/install/turtlesim/include/turtlesim/msg/detail/color__traits.hpp
[20.250s] -- Installing: /home/mayudong/ros2_ws/install/turtlesim/include/turtlesim/msg/detail/pose__traits.hpp
[20.250s] -- Installing: /home/mayudong/ros2_ws/install/turtlesim/include/turtlesim/msg/detail/color__builder.hpp
[20.250s] -- Installing: /home/mayudong/ros2_ws/install/turtlesim/include/turtlesim/msg/detail/pose__builder.hpp
[20.250s] -- Installing: /home/mayudong/ros2_ws/install/turtlesim/include/turtlesim/msg/color.hpp
[20.251s] -- Up-to-date: /home/mayudong/ros2_ws/install/turtlesim/include/turtlesim/srv
[20.251s] -- Installing: /home/mayudong/ros2_ws/install/turtlesim/include/turtlesim/srv/teleport_absolute.hpp
[20.251s] -- Installing: /home/mayudong/ros2_ws/install/turtlesim/include/turtlesim/srv/set_pen.hpp
[20.251s] -- Installing: /home/mayudong/ros2_ws/install/turtlesim/include/turtlesim/srv/spawn.hpp
[20.251s] -- Up-to-date: /home/mayudong/ros2_ws/install/turtlesim/include/turtlesim/srv/detail
[20.251s] -- Installing: /home/mayudong/ros2_ws/install/turtlesim/include/turtlesim/srv/detail/kill__struct.hpp
[20.251s] -- Installing: /home/mayudong/ros2_ws/install/turtlesim/include/turtlesim/srv/detail/teleport_relative__struct.hpp
[20.251s] -- Installing: /home/mayudong/ros2_ws/install/turtlesim/include/turtlesim/srv/detail/teleport_absolute__struct.hpp
[20.251s] -- Installing: /home/mayudong/ros2_ws/install/turtlesim/include/turtlesim/srv/detail/teleport_relative__builder.hpp
[20.251s] -- Installing: /home/mayudong/ros2_ws/install/turtlesim/include/turtlesim/srv/detail/set_pen__struct.hpp
[20.251s] -- Installing: /home/mayudong/ros2_ws/install/turtlesim/include/turtlesim/srv/detail/spawn__traits.hpp
[20.251s] -- Installing: /home/mayudong/ros2_ws/install/turtlesim/include/turtlesim/srv/detail/kill__builder.hpp
[20.251s] -- Installing: /home/mayudong/ros2_ws/install/turtlesim/include/turtlesim/srv/detail/spawn__builder.hpp
[20.252s] -- Installing: /home/mayudong/ros2_ws/install/turtlesim/include/turtlesim/srv/detail/teleport_absolute__builder.hpp
[20.252s] -- Installing: /home/mayudong/ros2_ws/install/turtlesim/include/turtlesim/srv/detail/set_pen__traits.hpp
[20.252s] -- Installing: /home/mayudong/ros2_ws/install/turtlesim/include/turtlesim/srv/detail/teleport_relative__traits.hpp
[20.252s] -- Installing: /home/mayudong/ros2_ws/install/turtlesim/include/turtlesim/srv/detail/kill__traits.hpp
[20.252s] -- Installing: /home/mayudong/ros2_ws/install/turtlesim/include/turtlesim/srv/detail/teleport_absolute__traits.hpp
[20.252s] -- Installing: /home/mayudong/ros2_ws/install/turtlesim/include/turtlesim/srv/detail/spawn__struct.hpp
[20.252s] -- Installing: /home/mayudong/ros2_ws/install/turtlesim/include/turtlesim/srv/detail/set_pen__builder.hpp
[20.252s] -- Installing: /home/mayudong/ros2_ws/install/turtlesim/include/turtlesim/srv/kill.hpp
[20.252s] -- Installing: /home/mayudong/ros2_ws/install/turtlesim/include/turtlesim/srv/teleport_relative.hpp
[20.252s] -- Up-to-date: /home/mayudong/ros2_ws/install/turtlesim/include/turtlesim/action
[20.252s] -- Installing: /home/mayudong/ros2_ws/install/turtlesim/include/turtlesim/action/rotate_absolute.hpp
[20.252s] -- Up-to-date: /home/mayudong/ros2_ws/install/turtlesim/include/turtlesim/action/detail
[20.252s] -- Installing: /home/mayudong/ros2_ws/install/turtlesim/include/turtlesim/action/detail/rotate_absolute__builder.hpp
[20.252s] -- Installing: /home/mayudong/ros2_ws/install/turtlesim/include/turtlesim/action/detail/rotate_absolute__traits.hpp
[20.252s] -- Installing: /home/mayudong/ros2_ws/install/turtlesim/include/turtlesim/action/detail/rotate_absolute__struct.hpp
[20.252s] -- Up-to-date: /home/mayudong/ros2_ws/install/turtlesim/include/turtlesim
[20.252s] -- Up-to-date: /home/mayudong/ros2_ws/install/turtlesim/include/turtlesim/msg
[20.252s] -- Up-to-date: /home/mayudong/ros2_ws/install/turtlesim/include/turtlesim/msg/detail
[20.253s] -- Installing: /home/mayudong/ros2_ws/install/turtlesim/include/turtlesim/msg/detail/color__type_support.cpp
[20.253s] -- Installing: /home/mayudong/ros2_ws/install/turtlesim/include/turtlesim/msg/detail/pose__type_support.cpp
[20.253s] -- Installing: /home/mayudong/ros2_ws/install/turtlesim/include/turtlesim/msg/detail/pose__rosidl_typesupport_introspection_cpp.hpp
[20.253s] -- Installing: /home/mayudong/ros2_ws/install/turtlesim/include/turtlesim/msg/detail/color__rosidl_typesupport_introspection_cpp.hpp
[20.253s] -- Up-to-date: /home/mayudong/ros2_ws/install/turtlesim/include/turtlesim/srv
[20.253s] -- Up-to-date: /home/mayudong/ros2_ws/install/turtlesim/include/turtlesim/srv/detail
[20.253s] -- Installing: /home/mayudong/ros2_ws/install/turtlesim/include/turtlesim/srv/detail/kill__rosidl_typesupport_introspection_cpp.hpp
[20.253s] -- Installing: /home/mayudong/ros2_ws/install/turtlesim/include/turtlesim/srv/detail/set_pen__type_support.cpp
[20.253s] -- Installing: /home/mayudong/ros2_ws/install/turtlesim/include/turtlesim/srv/detail/set_pen__rosidl_typesupport_introspection_cpp.hpp
[20.253s] -- Installing: /home/mayudong/ros2_ws/install/turtlesim/include/turtlesim/srv/detail/teleport_absolute__rosidl_typesupport_introspection_cpp.hpp
[20.253s] -- Installing: /home/mayudong/ros2_ws/install/turtlesim/include/turtlesim/srv/detail/teleport_relative__rosidl_typesupport_introspection_cpp.hpp
[20.253s] -- Installing: /home/mayudong/ros2_ws/install/turtlesim/include/turtlesim/srv/detail/kill__type_support.cpp
[20.253s] -- Installing: /home/mayudong/ros2_ws/install/turtlesim/include/turtlesim/srv/detail/teleport_absolute__type_support.cpp
[20.253s] -- Installing: /home/mayudong/ros2_ws/install/turtlesim/include/turtlesim/srv/detail/spawn__type_support.cpp
[20.253s] -- Installing: /home/mayudong/ros2_ws/install/turtlesim/include/turtlesim/srv/detail/teleport_relative__type_support.cpp
[20.253s] -- Installing: /home/mayudong/ros2_ws/install/turtlesim/include/turtlesim/srv/detail/spawn__rosidl_typesupport_introspection_cpp.hpp
[20.253s] -- Up-to-date: /home/mayudong/ros2_ws/install/turtlesim/include/turtlesim/action
[20.253s] -- Up-to-date: /home/mayudong/ros2_ws/install/turtlesim/include/turtlesim/action/detail
[20.253s] -- Installing: /home/mayudong/ros2_ws/install/turtlesim/include/turtlesim/action/detail/rotate_absolute__type_support.cpp
[20.253s] -- Installing: /home/mayudong/ros2_ws/install/turtlesim/include/turtlesim/action/detail/rotate_absolute__rosidl_typesupport_introspection_cpp.hpp
[20.254s] -- Installing: /home/mayudong/ros2_ws/install/turtlesim/lib/libturtlesim__rosidl_typesupport_introspection_cpp.so
[20.254s] -- Set runtime path of "/home/mayudong/ros2_ws/install/turtlesim/lib/libturtlesim__rosidl_typesupport_introspection_cpp.so" to ""
[20.254s] -- Installing: /home/mayudong/ros2_ws/install/turtlesim/lib/libturtlesim__rosidl_typesupport_cpp.so
[20.254s] -- Set runtime path of "/home/mayudong/ros2_ws/install/turtlesim/lib/libturtlesim__rosidl_typesupport_cpp.so" to ""
[20.254s] -- Installing: /home/mayudong/ros2_ws/install/turtlesim/share/turtlesim/environment/pythonpath.sh
[20.254s] -- Installing: /home/mayudong/ros2_ws/install/turtlesim/share/turtlesim/environment/pythonpath.dsv
[20.254s] -- Installing: /home/mayudong/ros2_ws/install/turtlesim/lib/python3.8/site-packages/turtlesim/__init__.py
[20.278s] Compiling '/home/mayudong/ros2_ws/install/turtlesim/lib/python3.8/site-packages/turtlesim/__init__.py'...
[20.281s] -- Installing: /home/mayudong/ros2_ws/install/turtlesim/lib/python3.8/site-packages/turtlesim/action
[20.281s] -- Installing: /home/mayudong/ros2_ws/install/turtlesim/lib/python3.8/site-packages/turtlesim/action/_rotate_absolute.py
[20.281s] -- Installing: /home/mayudong/ros2_ws/install/turtlesim/lib/python3.8/site-packages/turtlesim/action/__init__.py
[20.282s] -- Installing: /home/mayudong/ros2_ws/install/turtlesim/lib/python3.8/site-packages/turtlesim/action/_rotate_absolute_s.c
[20.282s] -- Installing: /home/mayudong/ros2_ws/install/turtlesim/lib/python3.8/site-packages/turtlesim/msg
[20.282s] -- Installing: /home/mayudong/ros2_ws/install/turtlesim/lib/python3.8/site-packages/turtlesim/msg/_pose.py
[20.282s] -- Installing: /home/mayudong/ros2_ws/install/turtlesim/lib/python3.8/site-packages/turtlesim/msg/_color_s.c
[20.282s] -- Installing: /home/mayudong/ros2_ws/install/turtlesim/lib/python3.8/site-packages/turtlesim/msg/_color.py
[20.282s] -- Installing: /home/mayudong/ros2_ws/install/turtlesim/lib/python3.8/site-packages/turtlesim/msg/_pose_s.c
[20.282s] -- Installing: /home/mayudong/ros2_ws/install/turtlesim/lib/python3.8/site-packages/turtlesim/msg/__init__.py
[20.283s] -- Installing: /home/mayudong/ros2_ws/install/turtlesim/lib/python3.8/site-packages/turtlesim/srv
[20.283s] -- Installing: /home/mayudong/ros2_ws/install/turtlesim/lib/python3.8/site-packages/turtlesim/srv/_teleport_absolute_s.c
[20.283s] -- Installing: /home/mayudong/ros2_ws/install/turtlesim/lib/python3.8/site-packages/turtlesim/srv/_teleport_relative.py
[20.283s] -- Installing: /home/mayudong/ros2_ws/install/turtlesim/lib/python3.8/site-packages/turtlesim/srv/_set_pen.py
[20.283s] -- Installing: /home/mayudong/ros2_ws/install/turtlesim/lib/python3.8/site-packages/turtlesim/srv/_spawn.py
[20.283s] -- Installing: /home/mayudong/ros2_ws/install/turtlesim/lib/python3.8/site-packages/turtlesim/srv/_kill.py
[20.283s] -- Installing: /home/mayudong/ros2_ws/install/turtlesim/lib/python3.8/site-packages/turtlesim/srv/_set_pen_s.c
[20.283s] -- Installing: /home/mayudong/ros2_ws/install/turtlesim/lib/python3.8/site-packages/turtlesim/srv/_kill_s.c
[20.283s] -- Installing: /home/mayudong/ros2_ws/install/turtlesim/lib/python3.8/site-packages/turtlesim/srv/_teleport_absolute.py
[20.284s] -- Installing: /home/mayudong/ros2_ws/install/turtlesim/lib/python3.8/site-packages/turtlesim/srv/_teleport_relative_s.c
[20.284s] -- Installing: /home/mayudong/ros2_ws/install/turtlesim/lib/python3.8/site-packages/turtlesim/srv/_spawn_s.c
[20.284s] -- Installing: /home/mayudong/ros2_ws/install/turtlesim/lib/python3.8/site-packages/turtlesim/srv/__init__.py
[20.284s] -- Installing: /home/mayudong/ros2_ws/install/turtlesim/lib/python3.8/site-packages/turtlesim/turtlesim_s__rosidl_typesupport_fastrtps_c.cpython-38-x86_64-linux-gnu.so
[20.284s] -- Set runtime path of "/home/mayudong/ros2_ws/install/turtlesim/lib/python3.8/site-packages/turtlesim/turtlesim_s__rosidl_typesupport_fastrtps_c.cpython-38-x86_64-linux-gnu.so" to ""
[20.284s] -- Installing: /home/mayudong/ros2_ws/install/turtlesim/lib/python3.8/site-packages/turtlesim/turtlesim_s__rosidl_typesupport_introspection_c.cpython-38-x86_64-linux-gnu.so
[20.285s] -- Set runtime path of "/home/mayudong/ros2_ws/install/turtlesim/lib/python3.8/site-packages/turtlesim/turtlesim_s__rosidl_typesupport_introspection_c.cpython-38-x86_64-linux-gnu.so" to ""
[20.285s] -- Installing: /home/mayudong/ros2_ws/install/turtlesim/lib/python3.8/site-packages/turtlesim/turtlesim_s__rosidl_typesupport_c.cpython-38-x86_64-linux-gnu.so
[20.285s] -- Set runtime path of "/home/mayudong/ros2_ws/install/turtlesim/lib/python3.8/site-packages/turtlesim/turtlesim_s__rosidl_typesupport_c.cpython-38-x86_64-linux-gnu.so" to ""
[20.285s] -- Installing: /home/mayudong/ros2_ws/install/turtlesim/lib/libturtlesim__python.so
[20.286s] -- Set runtime path of "/home/mayudong/ros2_ws/install/turtlesim/lib/libturtlesim__python.so" to ""
[20.286s] -- Installing: /home/mayudong/ros2_ws/install/turtlesim/share/turtlesim/action/RotateAbsolute.idl
[20.286s] -- Installing: /home/mayudong/ros2_ws/install/turtlesim/share/turtlesim/msg/Color.idl
[20.286s] -- Installing: /home/mayudong/ros2_ws/install/turtlesim/share/turtlesim/msg/Pose.idl
[20.286s] -- Installing: /home/mayudong/ros2_ws/install/turtlesim/share/turtlesim/srv/Kill.idl
[20.286s] -- Installing: /home/mayudong/ros2_ws/install/turtlesim/share/turtlesim/srv/SetPen.idl
[20.287s] -- Installing: /home/mayudong/ros2_ws/install/turtlesim/share/turtlesim/srv/Spawn.idl
[20.287s] -- Installing: /home/mayudong/ros2_ws/install/turtlesim/share/turtlesim/srv/TeleportAbsolute.idl
[20.287s] -- Installing: /home/mayudong/ros2_ws/install/turtlesim/share/turtlesim/srv/TeleportRelative.idl
[20.287s] -- Installing: /home/mayudong/ros2_ws/install/turtlesim/share/turtlesim/action/RotateAbsolute.action
[20.287s] -- Installing: /home/mayudong/ros2_ws/install/turtlesim/share/turtlesim/msg/Color.msg
[20.288s] -- Installing: /home/mayudong/ros2_ws/install/turtlesim/share/turtlesim/msg/Pose.msg
[20.288s] -- Installing: /home/mayudong/ros2_ws/install/turtlesim/share/turtlesim/srv/Kill.srv
[20.288s] -- Installing: /home/mayudong/ros2_ws/install/turtlesim/share/turtlesim/srv/Kill_Request.msg
[20.288s] -- Installing: /home/mayudong/ros2_ws/install/turtlesim/share/turtlesim/srv/Kill_Response.msg
[20.288s] -- Installing: /home/mayudong/ros2_ws/install/turtlesim/share/turtlesim/srv/SetPen.srv
[20.288s] -- Installing: /home/mayudong/ros2_ws/install/turtlesim/share/turtlesim/srv/SetPen_Request.msg
[20.289s] -- Installing: /home/mayudong/ros2_ws/install/turtlesim/share/turtlesim/srv/SetPen_Response.msg
[20.289s] -- Installing: /home/mayudong/ros2_ws/install/turtlesim/share/turtlesim/srv/Spawn.srv
[20.289s] -- Installing: /home/mayudong/ros2_ws/install/turtlesim/share/turtlesim/srv/Spawn_Request.msg
[20.289s] -- Installing: /home/mayudong/ros2_ws/install/turtlesim/share/turtlesim/srv/Spawn_Response.msg
[20.289s] -- Installing: /home/mayudong/ros2_ws/install/turtlesim/share/turtlesim/srv/TeleportAbsolute.srv
[20.289s] -- Installing: /home/mayudong/ros2_ws/install/turtlesim/share/turtlesim/srv/TeleportAbsolute_Request.msg
[20.289s] -- Installing: /home/mayudong/ros2_ws/install/turtlesim/share/turtlesim/srv/TeleportAbsolute_Response.msg
[20.290s] -- Installing: /home/mayudong/ros2_ws/install/turtlesim/share/turtlesim/srv/TeleportRelative.srv
[20.290s] -- Installing: /home/mayudong/ros2_ws/install/turtlesim/share/turtlesim/srv/TeleportRelative_Request.msg
[20.290s] -- Installing: /home/mayudong/ros2_ws/install/turtlesim/share/turtlesim/srv/TeleportRelative_Response.msg
[20.290s] -- Installing: /home/mayudong/ros2_ws/install/turtlesim/lib/turtlesim/turtlesim_node
[20.293s] -- Set runtime path of "/home/mayudong/ros2_ws/install/turtlesim/lib/turtlesim/turtlesim_node" to ""
[20.293s] -- Installing: /home/mayudong/ros2_ws/install/turtlesim/lib/turtlesim/turtle_teleop_key
[20.294s] -- Set runtime path of "/home/mayudong/ros2_ws/install/turtlesim/lib/turtlesim/turtle_teleop_key" to ""
[20.294s] -- Installing: /home/mayudong/ros2_ws/install/turtlesim/lib/turtlesim/draw_square
[20.296s] -- Set runtime path of "/home/mayudong/ros2_ws/install/turtlesim/lib/turtlesim/draw_square" to ""
[20.296s] -- Installing: /home/mayudong/ros2_ws/install/turtlesim/lib/turtlesim/mimic
[20.298s] -- Set runtime path of "/home/mayudong/ros2_ws/install/turtlesim/lib/turtlesim/mimic" to ""
[20.298s] -- Installing: /home/mayudong/ros2_ws/install/turtlesim/share/turtlesim/images
[20.298s] -- Installing: /home/mayudong/ros2_ws/install/turtlesim/share/turtlesim/images/foxy.png
[20.298s] -- Installing: /home/mayudong/ros2_ws/install/turtlesim/share/turtlesim/images/crystal.png
[20.299s] -- Installing: /home/mayudong/ros2_ws/install/turtlesim/share/turtlesim/images/bouncy.png
[20.299s] -- Installing: /home/mayudong/ros2_ws/install/turtlesim/share/turtlesim/images/eloquent.png
[20.299s] -- Installing: /home/mayudong/ros2_ws/install/turtlesim/share/turtlesim/images/dashing.png
[20.299s] -- Installing: /home/mayudong/ros2_ws/install/turtlesim/share/turtlesim/images/ardent.png
[20.299s] -- Installing: /home/mayudong/ros2_ws/install/turtlesim/share/turtlesim/launch
[20.299s] -- Installing: /home/mayudong/ros2_ws/install/turtlesim/share/turtlesim/launch/multisim.launch.py
[20.299s] -- Installing: /home/mayudong/ros2_ws/install/turtlesim/share/ament_index/resource_index/package_run_dependencies/turtlesim
[20.299s] -- Installing: /home/mayudong/ros2_ws/install/turtlesim/share/ament_index/resource_index/parent_prefix_path/turtlesim
[20.300s] -- Installing: /home/mayudong/ros2_ws/install/turtlesim/share/turtlesim/environment/ament_prefix_path.sh
[20.300s] -- Installing: /home/mayudong/ros2_ws/install/turtlesim/share/turtlesim/environment/ament_prefix_path.dsv
[20.300s] -- Installing: /home/mayudong/ros2_ws/install/turtlesim/share/turtlesim/environment/path.sh
[20.300s] -- Installing: /home/mayudong/ros2_ws/install/turtlesim/share/turtlesim/environment/path.dsv
[20.300s] -- Installing: /home/mayudong/ros2_ws/install/turtlesim/share/turtlesim/local_setup.bash
[20.300s] -- Installing: /home/mayudong/ros2_ws/install/turtlesim/share/turtlesim/local_setup.sh
[20.300s] -- Installing: /home/mayudong/ros2_ws/install/turtlesim/share/turtlesim/local_setup.zsh
[20.301s] -- Installing: /home/mayudong/ros2_ws/install/turtlesim/share/turtlesim/local_setup.dsv
[20.301s] -- Installing: /home/mayudong/ros2_ws/install/turtlesim/share/turtlesim/package.dsv
[20.301s] -- Installing: /home/mayudong/ros2_ws/install/turtlesim/share/ament_index/resource_index/packages/turtlesim
[20.301s] -- Installing: /home/mayudong/ros2_ws/install/turtlesim/share/turtlesim/cmake/turtlesim__rosidl_generator_cExport.cmake
[20.301s] -- Installing: /home/mayudong/ros2_ws/install/turtlesim/share/turtlesim/cmake/turtlesim__rosidl_generator_cExport-noconfig.cmake
[20.301s] -- Installing: /home/mayudong/ros2_ws/install/turtlesim/share/turtlesim/cmake/turtlesim__rosidl_typesupport_introspection_cExport.cmake
[20.301s] -- Installing: /home/mayudong/ros2_ws/install/turtlesim/share/turtlesim/cmake/turtlesim__rosidl_typesupport_introspection_cExport-noconfig.cmake
[20.301s] -- Installing: /home/mayudong/ros2_ws/install/turtlesim/share/turtlesim/cmake/turtlesim__rosidl_typesupport_cExport.cmake
[20.302s] -- Installing: /home/mayudong/ros2_ws/install/turtlesim/share/turtlesim/cmake/turtlesim__rosidl_typesupport_cExport-noconfig.cmake
[20.302s] -- Installing: /home/mayudong/ros2_ws/install/turtlesim/share/turtlesim/cmake/turtlesim__rosidl_generator_cppExport.cmake
[20.302s] -- Installing: /home/mayudong/ros2_ws/install/turtlesim/share/turtlesim/cmake/turtlesim__rosidl_typesupport_introspection_cppExport.cmake
[20.302s] -- Installing: /home/mayudong/ros2_ws/install/turtlesim/share/turtlesim/cmake/turtlesim__rosidl_typesupport_introspection_cppExport-noconfig.cmake
[20.302s] -- Installing: /home/mayudong/ros2_ws/install/turtlesim/share/turtlesim/cmake/turtlesim__rosidl_typesupport_cppExport.cmake
[20.302s] -- Installing: /home/mayudong/ros2_ws/install/turtlesim/share/turtlesim/cmake/turtlesim__rosidl_typesupport_cppExport-noconfig.cmake
[20.303s] -- Installing: /home/mayudong/ros2_ws/install/turtlesim/share/turtlesim/cmake/rosidl_cmake-extras.cmake
[20.303s] -- Installing: /home/mayudong/ros2_ws/install/turtlesim/share/turtlesim/cmake/ament_cmake_export_dependencies-extras.cmake
[20.303s] -- Installing: /home/mayudong/ros2_ws/install/turtlesim/share/turtlesim/cmake/ament_cmake_export_libraries-extras.cmake
[20.303s] -- Installing: /home/mayudong/ros2_ws/install/turtlesim/share/turtlesim/cmake/ament_cmake_export_targets-extras.cmake
[20.303s] -- Installing: /home/mayudong/ros2_ws/install/turtlesim/share/turtlesim/cmake/ament_cmake_export_include_directories-extras.cmake
[20.303s] -- Installing: /home/mayudong/ros2_ws/install/turtlesim/share/turtlesim/cmake/rosidl_cmake_export_typesupport_libraries-extras.cmake
[20.303s] -- Installing: /home/mayudong/ros2_ws/install/turtlesim/share/turtlesim/cmake/rosidl_cmake_export_typesupport_targets-extras.cmake
[20.303s] -- Installing: /home/mayudong/ros2_ws/install/turtlesim/share/turtlesim/cmake/turtlesimConfig.cmake
[20.303s] -- Installing: /home/mayudong/ros2_ws/install/turtlesim/share/turtlesim/cmake/turtlesimConfig-version.cmake
[20.304s] -- Installing: /home/mayudong/ros2_ws/install/turtlesim/share/turtlesim/package.xml
[20.308s] Invoked command in '/home/mayudong/ros2_ws/build/turtlesim' returned '0': CMAKE_PREFIX_PATH=/opt/ros/foxy /usr/bin/cmake --install /home/mayudong/ros2_ws/build/turtlesim
