[0.019s] Invoking command in '/home/mayudong/ros2_ws/build/polygon_plugins': AMENT_PREFIX_PATH=/home/mayudong/ros2_ws/install/polygon_base:${AMENT_PREFIX_PATH} CMAKE_PREFIX_PATH=/home/mayudong/ros2_ws/install/polygon_base:/home/mayudong/ros2_ws/install/more_interfaces:/home/mayudong/ros2_ws/install/tutorial_interfaces:/home/mayudong/ros2_ws/install/cpp_srvcli:/home/mayudong/ros2_ws/install/cpp_pubsub:/home/mayudong/ros2_ws/install/my_package:/home/mayudong/ros2_ws/install/turtlesim:/home/mayudong/ros2_ws/install/examples_rclcpp_multithreaded_executor:/home/mayudong/ros2_ws/install/examples_rclcpp_minimal_timer:/home/mayudong/ros2_ws/install/examples_rclcpp_minimal_subscriber:/home/mayudong/ros2_ws/install/examples_rclcpp_minimal_service:/home/mayudong/ros2_ws/install/examples_rclcpp_minimal_publisher:/home/mayudong/ros2_ws/install/examples_rclcpp_minimal_composition:/home/mayudong/ros2_ws/install/examples_rclcpp_minimal_client:/home/mayudong/ros2_ws/install/examples_rclcpp_minimal_action_server:/home/mayudong/ros2_ws/install/examples_rclcpp_minimal_action_client:/home/mayudong/ros2_ws/install/examples_rclpy_minimal_subscriber:/home/mayudong/ros2_ws/install/examples_rclpy_minimal_service:/home/mayudong/ros2_ws/install/examples_rclpy_minimal_publisher:/home/mayudong/ros2_ws/install/examples_rclpy_minimal_client:/home/mayudong/ros2_ws/install/examples_rclpy_minimal_action_server:/home/mayudong/ros2_ws/install/examples_rclpy_minimal_action_client:/home/mayudong/ros2_ws/install/examples_rclpy_executors:/opt/ros/foxy /usr/bin/cmake --build /home/mayudong/ros2_ws/build/polygon_plugins -- -j6 -l6
[0.103s] [100%] Built target polygon_plugins
[0.116s] Invoked command in '/home/mayudong/ros2_ws/build/polygon_plugins' returned '0': AMENT_PREFIX_PATH=/home/mayudong/ros2_ws/install/polygon_base:${AMENT_PREFIX_PATH} CMAKE_PREFIX_PATH=/home/mayudong/ros2_ws/install/polygon_base:/home/mayudong/ros2_ws/install/more_interfaces:/home/mayudong/ros2_ws/install/tutorial_interfaces:/home/mayudong/ros2_ws/install/cpp_srvcli:/home/mayudong/ros2_ws/install/cpp_pubsub:/home/mayudong/ros2_ws/install/my_package:/home/mayudong/ros2_ws/install/turtlesim:/home/mayudong/ros2_ws/install/examples_rclcpp_multithreaded_executor:/home/mayudong/ros2_ws/install/examples_rclcpp_minimal_timer:/home/mayudong/ros2_ws/install/examples_rclcpp_minimal_subscriber:/home/mayudong/ros2_ws/install/examples_rclcpp_minimal_service:/home/mayudong/ros2_ws/install/examples_rclcpp_minimal_publisher:/home/mayudong/ros2_ws/install/examples_rclcpp_minimal_composition:/home/mayudong/ros2_ws/install/examples_rclcpp_minimal_client:/home/mayudong/ros2_ws/install/examples_rclcpp_minimal_action_server:/home/mayudong/ros2_ws/install/examples_rclcpp_minimal_action_client:/home/mayudong/ros2_ws/install/examples_rclpy_minimal_subscriber:/home/mayudong/ros2_ws/install/examples_rclpy_minimal_service:/home/mayudong/ros2_ws/install/examples_rclpy_minimal_publisher:/home/mayudong/ros2_ws/install/examples_rclpy_minimal_client:/home/mayudong/ros2_ws/install/examples_rclpy_minimal_action_server:/home/mayudong/ros2_ws/install/examples_rclpy_minimal_action_client:/home/mayudong/ros2_ws/install/examples_rclpy_executors:/opt/ros/foxy /usr/bin/cmake --build /home/mayudong/ros2_ws/build/polygon_plugins -- -j6 -l6
[0.156s] Invoking command in '/home/mayudong/ros2_ws/build/polygon_plugins': AMENT_PREFIX_PATH=/home/mayudong/ros2_ws/install/polygon_base:${AMENT_PREFIX_PATH} CMAKE_PREFIX_PATH=/home/mayudong/ros2_ws/install/polygon_base:/home/mayudong/ros2_ws/install/more_interfaces:/home/mayudong/ros2_ws/install/tutorial_interfaces:/home/mayudong/ros2_ws/install/cpp_srvcli:/home/mayudong/ros2_ws/install/cpp_pubsub:/home/mayudong/ros2_ws/install/my_package:/home/mayudong/ros2_ws/install/turtlesim:/home/mayudong/ros2_ws/install/examples_rclcpp_multithreaded_executor:/home/mayudong/ros2_ws/install/examples_rclcpp_minimal_timer:/home/mayudong/ros2_ws/install/examples_rclcpp_minimal_subscriber:/home/mayudong/ros2_ws/install/examples_rclcpp_minimal_service:/home/mayudong/ros2_ws/install/examples_rclcpp_minimal_publisher:/home/mayudong/ros2_ws/install/examples_rclcpp_minimal_composition:/home/mayudong/ros2_ws/install/examples_rclcpp_minimal_client:/home/mayudong/ros2_ws/install/examples_rclcpp_minimal_action_server:/home/mayudong/ros2_ws/install/examples_rclcpp_minimal_action_client:/home/mayudong/ros2_ws/install/examples_rclpy_minimal_subscriber:/home/mayudong/ros2_ws/install/examples_rclpy_minimal_service:/home/mayudong/ros2_ws/install/examples_rclpy_minimal_publisher:/home/mayudong/ros2_ws/install/examples_rclpy_minimal_client:/home/mayudong/ros2_ws/install/examples_rclpy_minimal_action_server:/home/mayudong/ros2_ws/install/examples_rclpy_minimal_action_client:/home/mayudong/ros2_ws/install/examples_rclpy_executors:/opt/ros/foxy /usr/bin/cmake --install /home/mayudong/ros2_ws/build/polygon_plugins
[0.164s] -- Install configuration: ""
[0.164s] -- Up-to-date: /home/mayudong/ros2_ws/install/polygon_plugins/share/polygon_plugins/plugins.xml
[0.164s] -- Up-to-date: /home/mayudong/ros2_ws/install/polygon_plugins/include
[0.164s] -- Up-to-date: /home/mayudong/ros2_ws/install/polygon_plugins/include/polygon_plugins
[0.164s] -- Up-to-date: /home/mayudong/ros2_ws/install/polygon_plugins/include/polygon_plugins/polygon_plugins.hpp
[0.165s] -- Up-to-date: /home/mayudong/ros2_ws/install/polygon_plugins/include/polygon_plugins/visibility_control.h
[0.165s] -- Up-to-date: /home/mayudong/ros2_ws/install/polygon_plugins/lib/libpolygon_plugins.so
[0.165s] -- Up-to-date: /home/mayudong/ros2_ws/install/polygon_plugins/share/polygon_plugins/environment/library_path.sh
[0.165s] -- Up-to-date: /home/mayudong/ros2_ws/install/polygon_plugins/share/polygon_plugins/environment/library_path.dsv
[0.166s] -- Up-to-date: /home/mayudong/ros2_ws/install/polygon_plugins/share/ament_index/resource_index/package_run_dependencies/polygon_plugins
[0.166s] -- Up-to-date: /home/mayudong/ros2_ws/install/polygon_plugins/share/ament_index/resource_index/parent_prefix_path/polygon_plugins
[0.166s] -- Up-to-date: /home/mayudong/ros2_ws/install/polygon_plugins/share/polygon_plugins/environment/ament_prefix_path.sh
[0.167s] -- Up-to-date: /home/mayudong/ros2_ws/install/polygon_plugins/share/polygon_plugins/environment/ament_prefix_path.dsv
[0.167s] -- Up-to-date: /home/mayudong/ros2_ws/install/polygon_plugins/share/polygon_plugins/environment/path.sh
[0.167s] -- Up-to-date: /home/mayudong/ros2_ws/install/polygon_plugins/share/polygon_plugins/environment/path.dsv
[0.167s] -- Up-to-date: /home/mayudong/ros2_ws/install/polygon_plugins/share/polygon_plugins/local_setup.bash
[0.167s] -- Up-to-date: /home/mayudong/ros2_ws/install/polygon_plugins/share/polygon_plugins/local_setup.sh
[0.167s] -- Up-to-date: /home/mayudong/ros2_ws/install/polygon_plugins/share/polygon_plugins/local_setup.zsh
[0.167s] -- Up-to-date: /home/mayudong/ros2_ws/install/polygon_plugins/share/polygon_plugins/local_setup.dsv
[0.167s] -- Up-to-date: /home/mayudong/ros2_ws/install/polygon_plugins/share/polygon_plugins/package.dsv
[0.167s] -- Up-to-date: /home/mayudong/ros2_ws/install/polygon_plugins/share/ament_index/resource_index/packages/polygon_plugins
[0.167s] -- Up-to-date: /home/mayudong/ros2_ws/install/polygon_plugins/share/ament_index/resource_index/polygon_base__pluginlib__plugin/polygon_plugins
[0.168s] -- Up-to-date: /home/mayudong/ros2_ws/install/polygon_plugins/share/polygon_plugins/cmake/export_polygon_pluginsExport.cmake
[0.168s] -- Up-to-date: /home/mayudong/ros2_ws/install/polygon_plugins/share/polygon_plugins/cmake/export_polygon_pluginsExport-noconfig.cmake
[0.169s] -- Up-to-date: /home/mayudong/ros2_ws/install/polygon_plugins/share/polygon_plugins/cmake/ament_cmake_export_include_directories-extras.cmake
[0.169s] -- Up-to-date: /home/mayudong/ros2_ws/install/polygon_plugins/share/polygon_plugins/cmake/ament_cmake_export_libraries-extras.cmake
[0.169s] -- Up-to-date: /home/mayudong/ros2_ws/install/polygon_plugins/share/polygon_plugins/cmake/ament_cmake_export_targets-extras.cmake
[0.169s] -- Up-to-date: /home/mayudong/ros2_ws/install/polygon_plugins/share/polygon_plugins/cmake/polygon_pluginsConfig.cmake
[0.170s] -- Up-to-date: /home/mayudong/ros2_ws/install/polygon_plugins/share/polygon_plugins/cmake/polygon_pluginsConfig-version.cmake
[0.170s] -- Up-to-date: /home/mayudong/ros2_ws/install/polygon_plugins/share/polygon_plugins/package.xml
[0.170s] Invoked command in '/home/mayudong/ros2_ws/build/polygon_plugins' returned '0': AMENT_PREFIX_PATH=/home/mayudong/ros2_ws/install/polygon_base:${AMENT_PREFIX_PATH} CMAKE_PREFIX_PATH=/home/mayudong/ros2_ws/install/polygon_base:/home/mayudong/ros2_ws/install/more_interfaces:/home/mayudong/ros2_ws/install/tutorial_interfaces:/home/mayudong/ros2_ws/install/cpp_srvcli:/home/mayudong/ros2_ws/install/cpp_pubsub:/home/mayudong/ros2_ws/install/my_package:/home/mayudong/ros2_ws/install/turtlesim:/home/mayudong/ros2_ws/install/examples_rclcpp_multithreaded_executor:/home/mayudong/ros2_ws/install/examples_rclcpp_minimal_timer:/home/mayudong/ros2_ws/install/examples_rclcpp_minimal_subscriber:/home/mayudong/ros2_ws/install/examples_rclcpp_minimal_service:/home/mayudong/ros2_ws/install/examples_rclcpp_minimal_publisher:/home/mayudong/ros2_ws/install/examples_rclcpp_minimal_composition:/home/mayudong/ros2_ws/install/examples_rclcpp_minimal_client:/home/mayudong/ros2_ws/install/examples_rclcpp_minimal_action_server:/home/mayudong/ros2_ws/install/examples_rclcpp_minimal_action_client:/home/mayudong/ros2_ws/install/examples_rclpy_minimal_subscriber:/home/mayudong/ros2_ws/install/examples_rclpy_minimal_service:/home/mayudong/ros2_ws/install/examples_rclpy_minimal_publisher:/home/mayudong/ros2_ws/install/examples_rclpy_minimal_client:/home/mayudong/ros2_ws/install/examples_rclpy_minimal_action_server:/home/mayudong/ros2_ws/install/examples_rclpy_minimal_action_client:/home/mayudong/ros2_ws/install/examples_rclpy_executors:/opt/ros/foxy /usr/bin/cmake --install /home/mayudong/ros2_ws/build/polygon_plugins
