[1.066s] Invoking command in '/home/mayudong/ros2_ws/build/examples_rclpy_minimal_client': PYTHONPATH=/home/mayudong/ros2_ws/build/examples_rclpy_minimal_client/prefix_override:/home/mayudong/ros2_ws/install/examples_rclpy_minimal_client/lib/python3.8/site-packages:${PYTHONPATH} /usr/bin/python3 setup.py develop --uninstall --editable --build-directory /home/mayudong/ros2_ws/build/examples_rclpy_minimal_client/build
[1.350s] running develop
[1.510s] Removing /home/mayudong/ros2_ws/install/examples_rclpy_minimal_client/lib/python3.8/site-packages/examples-rclpy-minimal-client.egg-link (link to .)
[1.714s] Invoked command in '/home/mayudong/ros2_ws/build/examples_rclpy_minimal_client' returned '0': PYTHONPATH=/home/mayudong/ros2_ws/build/examples_rclpy_minimal_client/prefix_override:/home/mayudong/ros2_ws/install/examples_rclpy_minimal_client/lib/python3.8/site-packages:${PYTHONPATH} /usr/bin/python3 setup.py develop --uninstall --editable --build-directory /home/mayudong/ros2_ws/build/examples_rclpy_minimal_client/build
[1.715s] Invoking command in '/home/mayudong/ros2_ws/src/examples/rclpy/services/minimal_client': PYTHONPATH=/home/mayudong/ros2_ws/build/examples_rclpy_minimal_client/prefix_override:/home/mayudong/ros2_ws/install/examples_rclpy_minimal_client/lib/python3.8/site-packages:${PYTHONPATH} /usr/bin/python3 setup.py egg_info --egg-base ../../../../../build/examples_rclpy_minimal_client build --build-base /home/mayudong/ros2_ws/build/examples_rclpy_minimal_client/build install --record /home/mayudong/ros2_ws/build/examples_rclpy_minimal_client/install.log --install-scripts $base/lib/examples_rclpy_minimal_client --single-version-externally-managed
[1.999s] running egg_info
[2.000s] writing ../../../../../build/examples_rclpy_minimal_client/examples_rclpy_minimal_client.egg-info/PKG-INFO
[2.001s] writing dependency_links to ../../../../../build/examples_rclpy_minimal_client/examples_rclpy_minimal_client.egg-info/dependency_links.txt
[2.001s] writing entry points to ../../../../../build/examples_rclpy_minimal_client/examples_rclpy_minimal_client.egg-info/entry_points.txt
[2.002s] writing requirements to ../../../../../build/examples_rclpy_minimal_client/examples_rclpy_minimal_client.egg-info/requires.txt
[2.003s] writing top-level names to ../../../../../build/examples_rclpy_minimal_client/examples_rclpy_minimal_client.egg-info/top_level.txt
[2.039s] reading manifest file '../../../../../build/examples_rclpy_minimal_client/examples_rclpy_minimal_client.egg-info/SOURCES.txt'
[2.041s] writing manifest file '../../../../../build/examples_rclpy_minimal_client/examples_rclpy_minimal_client.egg-info/SOURCES.txt'
[2.041s] running build
[2.041s] running build_py
[2.041s] creating /home/mayudong/ros2_ws/build/examples_rclpy_minimal_client/build
[2.041s] creating /home/mayudong/ros2_ws/build/examples_rclpy_minimal_client/build/lib
[2.041s] creating /home/mayudong/ros2_ws/build/examples_rclpy_minimal_client/build/lib/examples_rclpy_minimal_client
[2.042s] copying examples_rclpy_minimal_client/client_async.py -> /home/mayudong/ros2_ws/build/examples_rclpy_minimal_client/build/lib/examples_rclpy_minimal_client
[2.042s] copying examples_rclpy_minimal_client/client.py -> /home/mayudong/ros2_ws/build/examples_rclpy_minimal_client/build/lib/examples_rclpy_minimal_client
[2.042s] copying examples_rclpy_minimal_client/client_async_callback.py -> /home/mayudong/ros2_ws/build/examples_rclpy_minimal_client/build/lib/examples_rclpy_minimal_client
[2.042s] copying examples_rclpy_minimal_client/__init__.py -> /home/mayudong/ros2_ws/build/examples_rclpy_minimal_client/build/lib/examples_rclpy_minimal_client
[2.042s] copying examples_rclpy_minimal_client/client_async_member_function.py -> /home/mayudong/ros2_ws/build/examples_rclpy_minimal_client/build/lib/examples_rclpy_minimal_client
[2.042s] running install
[2.043s] running install_lib
[2.044s] creating /home/mayudong/ros2_ws/install/examples_rclpy_minimal_client/lib/python3.8/site-packages/examples_rclpy_minimal_client
[2.045s] copying /home/mayudong/ros2_ws/build/examples_rclpy_minimal_client/build/lib/examples_rclpy_minimal_client/client_async.py -> /home/mayudong/ros2_ws/install/examples_rclpy_minimal_client/lib/python3.8/site-packages/examples_rclpy_minimal_client
[2.045s] copying /home/mayudong/ros2_ws/build/examples_rclpy_minimal_client/build/lib/examples_rclpy_minimal_client/client.py -> /home/mayudong/ros2_ws/install/examples_rclpy_minimal_client/lib/python3.8/site-packages/examples_rclpy_minimal_client
[2.045s] copying /home/mayudong/ros2_ws/build/examples_rclpy_minimal_client/build/lib/examples_rclpy_minimal_client/client_async_callback.py -> /home/mayudong/ros2_ws/install/examples_rclpy_minimal_client/lib/python3.8/site-packages/examples_rclpy_minimal_client
[2.045s] copying /home/mayudong/ros2_ws/build/examples_rclpy_minimal_client/build/lib/examples_rclpy_minimal_client/__init__.py -> /home/mayudong/ros2_ws/install/examples_rclpy_minimal_client/lib/python3.8/site-packages/examples_rclpy_minimal_client
[2.045s] copying /home/mayudong/ros2_ws/build/examples_rclpy_minimal_client/build/lib/examples_rclpy_minimal_client/client_async_member_function.py -> /home/mayudong/ros2_ws/install/examples_rclpy_minimal_client/lib/python3.8/site-packages/examples_rclpy_minimal_client
[2.046s] byte-compiling /home/mayudong/ros2_ws/install/examples_rclpy_minimal_client/lib/python3.8/site-packages/examples_rclpy_minimal_client/client_async.py to client_async.cpython-38.pyc
[2.048s] byte-compiling /home/mayudong/ros2_ws/install/examples_rclpy_minimal_client/lib/python3.8/site-packages/examples_rclpy_minimal_client/client.py to client.cpython-38.pyc
[2.049s] byte-compiling /home/mayudong/ros2_ws/install/examples_rclpy_minimal_client/lib/python3.8/site-packages/examples_rclpy_minimal_client/client_async_callback.py to client_async_callback.cpython-38.pyc
[2.049s] byte-compiling /home/mayudong/ros2_ws/install/examples_rclpy_minimal_client/lib/python3.8/site-packages/examples_rclpy_minimal_client/__init__.py to __init__.cpython-38.pyc
[2.050s] byte-compiling /home/mayudong/ros2_ws/install/examples_rclpy_minimal_client/lib/python3.8/site-packages/examples_rclpy_minimal_client/client_async_member_function.py to client_async_member_function.cpython-38.pyc
[2.050s] running install_data
[2.051s] running install_egg_info
[2.053s] Copying ../../../../../build/examples_rclpy_minimal_client/examples_rclpy_minimal_client.egg-info to /home/mayudong/ros2_ws/install/examples_rclpy_minimal_client/lib/python3.8/site-packages/examples_rclpy_minimal_client-0.9.4-py3.8.egg-info
[2.054s] running install_scripts
[2.073s] Installing client script to /home/mayudong/ros2_ws/install/examples_rclpy_minimal_client/lib/examples_rclpy_minimal_client
[2.074s] Installing client_async script to /home/mayudong/ros2_ws/install/examples_rclpy_minimal_client/lib/examples_rclpy_minimal_client
[2.074s] Installing client_async_callback script to /home/mayudong/ros2_ws/install/examples_rclpy_minimal_client/lib/examples_rclpy_minimal_client
[2.075s] Installing client_async_member_function script to /home/mayudong/ros2_ws/install/examples_rclpy_minimal_client/lib/examples_rclpy_minimal_client
[2.075s] writing list of installed files to '/home/mayudong/ros2_ws/build/examples_rclpy_minimal_client/install.log'
[2.109s] Invoked command in '/home/mayudong/ros2_ws/src/examples/rclpy/services/minimal_client' returned '0': PYTHONPATH=/home/mayudong/ros2_ws/build/examples_rclpy_minimal_client/prefix_override:/home/mayudong/ros2_ws/install/examples_rclpy_minimal_client/lib/python3.8/site-packages:${PYTHONPATH} /usr/bin/python3 setup.py egg_info --egg-base ../../../../../build/examples_rclpy_minimal_client build --build-base /home/mayudong/ros2_ws/build/examples_rclpy_minimal_client/build install --record /home/mayudong/ros2_ws/build/examples_rclpy_minimal_client/install.log --install-scripts $base/lib/examples_rclpy_minimal_client --single-version-externally-managed
